[2023-10-05 19:34:21,597] {taskinstance.py:1159} INFO - Dependencies all met for <TaskInstance: sales_mart.get_report scheduled__2023-09-29T19:32:37.598184+00:00 [queued]>
[2023-10-05 19:34:21,608] {taskinstance.py:1159} INFO - Dependencies all met for <TaskInstance: sales_mart.get_report scheduled__2023-09-29T19:32:37.598184+00:00 [queued]>
[2023-10-05 19:34:21,609] {taskinstance.py:1356} INFO - 
--------------------------------------------------------------------------------
[2023-10-05 19:34:21,609] {taskinstance.py:1357} INFO - Starting attempt 1 of 1
[2023-10-05 19:34:21,610] {taskinstance.py:1358} INFO - 
--------------------------------------------------------------------------------
[2023-10-05 19:34:21,630] {taskinstance.py:1377} INFO - Executing <Task(PythonOperator): get_report> on 2023-09-29 19:32:37.598184+00:00
[2023-10-05 19:34:21,634] {standard_task_runner.py:52} INFO - Started process 1033 to run task
[2023-10-05 19:34:21,636] {standard_task_runner.py:79} INFO - Running: ['airflow', 'tasks', 'run', 'sales_mart', 'get_report', 'scheduled__2023-09-29T19:32:37.598184+00:00', '--job-id', '13', '--raw', '--subdir', 'DAGS_FOLDER/sprint3.py', '--cfg-path', '/tmp/tmp6irpjhat', '--error-file', '/tmp/tmpccjv264c']
[2023-10-05 19:34:21,637] {standard_task_runner.py:80} INFO - Job 13: Subtask get_report
[2023-10-05 19:34:21,710] {task_command.py:369} INFO - Running <TaskInstance: sales_mart.get_report scheduled__2023-09-29T19:32:37.598184+00:00 [running]> on host 8305c4468fa5
[2023-10-05 19:34:21,806] {taskinstance.py:1569} INFO - Exporting the following env vars:
AIRFLOW_CTX_DAG_EMAIL=student@example.com
AIRFLOW_CTX_DAG_OWNER=student
AIRFLOW_CTX_DAG_ID=sales_mart
AIRFLOW_CTX_TASK_ID=get_report
AIRFLOW_CTX_EXECUTION_DATE=2023-09-29T19:32:37.598184+00:00
AIRFLOW_CTX_TRY_NUMBER=1
AIRFLOW_CTX_DAG_RUN_ID=scheduled__2023-09-29T19:32:37.598184+00:00
[2023-10-05 19:34:21,807] {logging_mixin.py:115} INFO - Making request get_report
[2023-10-05 19:34:21,998] {logging_mixin.py:115} INFO - Response is b'{"task_id":"MjAyMy0xMC0wNVQxOTozNDowMglsa25fcG9wb3Y=","status":"RUNNING","data":{"report_id":null,"start_day":null,"end_date":null,"s3_path":{}}}'
[2023-10-05 19:34:32,167] {logging_mixin.py:115} INFO - Response is b'{"task_id":"MjAyMy0xMC0wNVQxOTozNDowMglsa25fcG9wb3Y=","status":"RUNNING","data":{"report_id":null,"start_day":null,"end_date":null,"s3_path":{}}}'
[2023-10-05 19:34:42,369] {logging_mixin.py:115} INFO - Response is b'{"task_id":"MjAyMy0xMC0wNVQxOTozNDowMglsa25fcG9wb3Y=","status":"RUNNING","data":{"report_id":null,"start_day":null,"end_date":null,"s3_path":{}}}'
[2023-10-05 19:34:52,520] {logging_mixin.py:115} INFO - Response is b'{"task_id":"MjAyMy0xMC0wNVQxOTozNDowMglsa25fcG9wb3Y=","status":"RUNNING","data":{"report_id":null,"start_day":null,"end_date":null,"s3_path":{}}}'
[2023-10-05 19:35:05,528] {logging_mixin.py:115} INFO - Response is b'{"task_id":"MjAyMy0xMC0wNVQxOTozNDowMglsa25fcG9wb3Y=","status":"SUCCESS","data":{"report_id":"TWpBeU15MHhNQzB3TlZReE9Ub3pORG93TWdsc2EyNWZjRzl3YjNZPQ==","start_day":"2023-09-05 00:00:00","end_date":"2023-09-27 00:00:00","s3_path":{"customer_research":"https://storage.yandexcloud.net/s3-sprint3/cohort_18/lkn_popov/project/TWpBeU15MHhNQzB3TlZReE9Ub3pORG93TWdsc2EyNWZjRzl3YjNZPQ==/customer_research.csv","user_order_log":"https://storage.yandexcloud.net/s3-sprint3/cohort_18/lkn_popov/project/TWpBeU15MHhNQzB3TlZReE9Ub3pORG93TWdsc2EyNWZjRzl3YjNZPQ==/user_order_log.csv","user_activity_log":"https://storage.yandexcloud.net/s3-sprint3/cohort_18/lkn_popov/project/TWpBeU15MHhNQzB3TlZReE9Ub3pORG93TWdsc2EyNWZjRzl3YjNZPQ==/user_activity_log.csv","price_log":"https://storage.yandexcloud.net/s3-sprint3/cohort_18/lkn_popov/project/TWpBeU15MHhNQzB3TlZReE9Ub3pORG93TWdsc2EyNWZjRzl3YjNZPQ==/price_log.csv"}}}'
[2023-10-05 19:35:05,575] {logging_mixin.py:115} INFO - Report_id=TWpBeU15MHhNQzB3TlZReE9Ub3pORG93TWdsc2EyNWZjRzl3YjNZPQ==
[2023-10-05 19:35:05,576] {python.py:173} INFO - Done. Returned value was: None
[2023-10-05 19:35:05,597] {taskinstance.py:1395} INFO - Marking task as SUCCESS. dag_id=sales_mart, task_id=get_report, execution_date=20230929T193237, start_date=20231005T193421, end_date=20231005T193505
[2023-10-05 19:35:05,642] {local_task_job.py:156} INFO - Task exited with return code 0
[2023-10-05 19:35:05,715] {local_task_job.py:273} INFO - 1 downstream tasks scheduled from follow-on schedule check
