[2023-10-07 12:28:50,111] {taskinstance.py:1159} INFO - Dependencies all met for <TaskInstance: sales_mart.get_report manual__2023-10-07T12:28:45.671748+00:00 [queued]>
[2023-10-07 12:28:50,117] {taskinstance.py:1159} INFO - Dependencies all met for <TaskInstance: sales_mart.get_report manual__2023-10-07T12:28:45.671748+00:00 [queued]>
[2023-10-07 12:28:50,118] {taskinstance.py:1356} INFO - 
--------------------------------------------------------------------------------
[2023-10-07 12:28:50,119] {taskinstance.py:1357} INFO - Starting attempt 1 of 1
[2023-10-07 12:28:50,119] {taskinstance.py:1358} INFO - 
--------------------------------------------------------------------------------
[2023-10-07 12:28:50,129] {taskinstance.py:1377} INFO - Executing <Task(PythonOperator): get_report> on 2023-10-07 12:28:45.671748+00:00
[2023-10-07 12:28:50,131] {standard_task_runner.py:52} INFO - Started process 2755 to run task
[2023-10-07 12:28:50,133] {standard_task_runner.py:79} INFO - Running: ['airflow', 'tasks', 'run', 'sales_mart', 'get_report', 'manual__2023-10-07T12:28:45.671748+00:00', '--job-id', '83', '--raw', '--subdir', 'DAGS_FOLDER/sprint3.py', '--cfg-path', '/tmp/tmp45lxa9i9', '--error-file', '/tmp/tmphhr9qhr5']
[2023-10-07 12:28:50,134] {standard_task_runner.py:80} INFO - Job 83: Subtask get_report
[2023-10-07 12:28:50,173] {task_command.py:369} INFO - Running <TaskInstance: sales_mart.get_report manual__2023-10-07T12:28:45.671748+00:00 [running]> on host d964b2b568e5
[2023-10-07 12:28:50,218] {taskinstance.py:1569} INFO - Exporting the following env vars:
AIRFLOW_CTX_DAG_EMAIL=student@example.com
AIRFLOW_CTX_DAG_OWNER=student
AIRFLOW_CTX_DAG_ID=sales_mart
AIRFLOW_CTX_TASK_ID=get_report
AIRFLOW_CTX_EXECUTION_DATE=2023-10-07T12:28:45.671748+00:00
AIRFLOW_CTX_TRY_NUMBER=1
AIRFLOW_CTX_DAG_RUN_ID=manual__2023-10-07T12:28:45.671748+00:00
[2023-10-07 12:28:50,219] {logging_mixin.py:115} INFO - Making request get_report
[2023-10-07 12:28:50,799] {logging_mixin.py:115} INFO - Response is b'{"task_id":"MjAyMy0xMC0wN1QxMjoyODo0OAlsa25fcG9wb3Y=","status":"RUNNING","data":{"report_id":null,"start_day":null,"end_date":null,"s3_path":{}}}'
[2023-10-07 12:29:01,096] {logging_mixin.py:115} INFO - Response is b'{"task_id":"MjAyMy0xMC0wN1QxMjoyODo0OAlsa25fcG9wb3Y=","status":"RUNNING","data":{"report_id":null,"start_day":null,"end_date":null,"s3_path":{}}}'
[2023-10-07 12:29:11,287] {logging_mixin.py:115} INFO - Response is b'{"task_id":"MjAyMy0xMC0wN1QxMjoyODo0OAlsa25fcG9wb3Y=","status":"RUNNING","data":{"report_id":null,"start_day":null,"end_date":null,"s3_path":{}}}'
[2023-10-07 12:29:21,459] {logging_mixin.py:115} INFO - Response is b'{"task_id":"MjAyMy0xMC0wN1QxMjoyODo0OAlsa25fcG9wb3Y=","status":"RUNNING","data":{"report_id":null,"start_day":null,"end_date":null,"s3_path":{}}}'
[2023-10-07 12:29:31,750] {logging_mixin.py:115} INFO - Response is b'{"task_id":"MjAyMy0xMC0wN1QxMjoyODo0OAlsa25fcG9wb3Y=","status":"RUNNING","data":{"report_id":null,"start_day":null,"end_date":null,"s3_path":{}}}'
[2023-10-07 12:29:41,883] {logging_mixin.py:115} INFO - Response is b'{"task_id":"MjAyMy0xMC0wN1QxMjoyODo0OAlsa25fcG9wb3Y=","status":"RUNNING","data":{"report_id":null,"start_day":null,"end_date":null,"s3_path":{}}}'
[2023-10-07 12:29:55,517] {logging_mixin.py:115} INFO - Response is b'{"task_id":"MjAyMy0xMC0wN1QxMjoyODo0OAlsa25fcG9wb3Y=","status":"SUCCESS","data":{"report_id":"TWpBeU15MHhNQzB3TjFReE1qb3lPRG8wT0Fsc2EyNWZjRzl3YjNZPQ==","start_day":"2023-09-07 00:00:00","end_date":"2023-09-29 00:00:00","s3_path":{"customer_research":"https://storage.yandexcloud.net/s3-sprint3/cohort_18/lkn_popov/project/TWpBeU15MHhNQzB3TjFReE1qb3lPRG8wT0Fsc2EyNWZjRzl3YjNZPQ==/customer_research.csv","user_order_log":"https://storage.yandexcloud.net/s3-sprint3/cohort_18/lkn_popov/project/TWpBeU15MHhNQzB3TjFReE1qb3lPRG8wT0Fsc2EyNWZjRzl3YjNZPQ==/user_order_log.csv","user_activity_log":"https://storage.yandexcloud.net/s3-sprint3/cohort_18/lkn_popov/project/TWpBeU15MHhNQzB3TjFReE1qb3lPRG8wT0Fsc2EyNWZjRzl3YjNZPQ==/user_activity_log.csv","price_log":"https://storage.yandexcloud.net/s3-sprint3/cohort_18/lkn_popov/project/TWpBeU15MHhNQzB3TjFReE1qb3lPRG8wT0Fsc2EyNWZjRzl3YjNZPQ==/price_log.csv"}}}'
[2023-10-07 12:29:55,528] {logging_mixin.py:115} INFO - Report_id=TWpBeU15MHhNQzB3TjFReE1qb3lPRG8wT0Fsc2EyNWZjRzl3YjNZPQ==
[2023-10-07 12:29:55,528] {python.py:173} INFO - Done. Returned value was: None
[2023-10-07 12:29:55,537] {taskinstance.py:1395} INFO - Marking task as SUCCESS. dag_id=sales_mart, task_id=get_report, execution_date=20231007T122845, start_date=20231007T122850, end_date=20231007T122955
[2023-10-07 12:29:55,558] {local_task_job.py:156} INFO - Task exited with return code 0
[2023-10-07 12:29:55,585] {local_task_job.py:273} INFO - 1 downstream tasks scheduled from follow-on schedule check
