[2023-10-07 12:58:20,598] {taskinstance.py:1159} INFO - Dependencies all met for <TaskInstance: sales_mart.generate_report scheduled__2023-10-01T12:57:59.807942+00:00 [queued]>
[2023-10-07 12:58:20,606] {taskinstance.py:1159} INFO - Dependencies all met for <TaskInstance: sales_mart.generate_report scheduled__2023-10-01T12:57:59.807942+00:00 [queued]>
[2023-10-07 12:58:20,606] {taskinstance.py:1356} INFO - 
--------------------------------------------------------------------------------
[2023-10-07 12:58:20,610] {taskinstance.py:1357} INFO - Starting attempt 1 of 1
[2023-10-07 12:58:20,611] {taskinstance.py:1358} INFO - 
--------------------------------------------------------------------------------
[2023-10-07 12:58:20,626] {taskinstance.py:1377} INFO - Executing <Task(PythonOperator): generate_report> on 2023-10-01 12:57:59.807942+00:00
[2023-10-07 12:58:20,629] {standard_task_runner.py:52} INFO - Started process 600 to run task
[2023-10-07 12:58:20,632] {standard_task_runner.py:79} INFO - Running: ['airflow', 'tasks', 'run', 'sales_mart', 'generate_report', 'scheduled__2023-10-01T12:57:59.807942+00:00', '--job-id', '4', '--raw', '--subdir', 'DAGS_FOLDER/sprint3 old.py', '--cfg-path', '/tmp/tmp5etrscnb', '--error-file', '/tmp/tmp96mp546q']
[2023-10-07 12:58:20,633] {standard_task_runner.py:80} INFO - Job 4: Subtask generate_report
[2023-10-07 12:58:20,710] {task_command.py:369} INFO - Running <TaskInstance: sales_mart.generate_report scheduled__2023-10-01T12:57:59.807942+00:00 [running]> on host 1af476629d92
[2023-10-07 12:58:20,789] {taskinstance.py:1569} INFO - Exporting the following env vars:
AIRFLOW_CTX_DAG_EMAIL=student@example.com
AIRFLOW_CTX_DAG_OWNER=student
AIRFLOW_CTX_DAG_ID=sales_mart
AIRFLOW_CTX_TASK_ID=generate_report
AIRFLOW_CTX_EXECUTION_DATE=2023-10-01T12:57:59.807942+00:00
AIRFLOW_CTX_TRY_NUMBER=1
AIRFLOW_CTX_DAG_RUN_ID=scheduled__2023-10-01T12:57:59.807942+00:00
[2023-10-07 12:58:20,791] {logging_mixin.py:115} INFO - Making request generate_report
[2023-10-07 12:58:21,096] {logging_mixin.py:115} INFO - Response is b'{"task_id":"MjAyMy0xMC0wN1QxMjo1ODoyMAlsa25fcG9wb3Y="}'
[2023-10-07 12:58:21,097] {python.py:173} INFO - Done. Returned value was: None
[2023-10-07 12:58:21,121] {taskinstance.py:1395} INFO - Marking task as SUCCESS. dag_id=sales_mart, task_id=generate_report, execution_date=20231001T125759, start_date=20231007T125820, end_date=20231007T125821
[2023-10-07 12:58:21,166] {local_task_job.py:156} INFO - Task exited with return code 0
[2023-10-07 12:58:21,204] {local_task_job.py:273} INFO - 1 downstream tasks scheduled from follow-on schedule check
