[2023-10-05 19:34:02,285] {taskinstance.py:1159} INFO - Dependencies all met for <TaskInstance: sales_mart.generate_report scheduled__2023-09-29T19:32:37.598184+00:00 [queued]>
[2023-10-05 19:34:02,302] {taskinstance.py:1159} INFO - Dependencies all met for <TaskInstance: sales_mart.generate_report scheduled__2023-09-29T19:32:37.598184+00:00 [queued]>
[2023-10-05 19:34:02,304] {taskinstance.py:1356} INFO - 
--------------------------------------------------------------------------------
[2023-10-05 19:34:02,304] {taskinstance.py:1357} INFO - Starting attempt 1 of 1
[2023-10-05 19:34:02,305] {taskinstance.py:1358} INFO - 
--------------------------------------------------------------------------------
[2023-10-05 19:34:02,333] {taskinstance.py:1377} INFO - Executing <Task(PythonOperator): generate_report> on 2023-09-29 19:32:37.598184+00:00
[2023-10-05 19:34:02,339] {standard_task_runner.py:52} INFO - Started process 912 to run task
[2023-10-05 19:34:02,343] {standard_task_runner.py:79} INFO - Running: ['airflow', 'tasks', 'run', 'sales_mart', 'generate_report', 'scheduled__2023-09-29T19:32:37.598184+00:00', '--job-id', '8', '--raw', '--subdir', 'DAGS_FOLDER/sprint3.py', '--cfg-path', '/tmp/tmpb9pmv1rp', '--error-file', '/tmp/tmpsr8xfq8w']
[2023-10-05 19:34:02,344] {standard_task_runner.py:80} INFO - Job 8: Subtask generate_report
[2023-10-05 19:34:02,442] {task_command.py:369} INFO - Running <TaskInstance: sales_mart.generate_report scheduled__2023-09-29T19:32:37.598184+00:00 [running]> on host 8305c4468fa5
[2023-10-05 19:34:02,533] {taskinstance.py:1569} INFO - Exporting the following env vars:
AIRFLOW_CTX_DAG_EMAIL=student@example.com
AIRFLOW_CTX_DAG_OWNER=student
AIRFLOW_CTX_DAG_ID=sales_mart
AIRFLOW_CTX_TASK_ID=generate_report
AIRFLOW_CTX_EXECUTION_DATE=2023-09-29T19:32:37.598184+00:00
AIRFLOW_CTX_TRY_NUMBER=1
AIRFLOW_CTX_DAG_RUN_ID=scheduled__2023-09-29T19:32:37.598184+00:00
[2023-10-05 19:34:02,534] {logging_mixin.py:115} INFO - Making request generate_report
[2023-10-05 19:34:02,872] {logging_mixin.py:115} INFO - Response is b'{"task_id":"MjAyMy0xMC0wNVQxOTozNDowMglsa25fcG9wb3Y="}'
[2023-10-05 19:34:02,874] {python.py:173} INFO - Done. Returned value was: None
[2023-10-05 19:34:02,901] {taskinstance.py:1395} INFO - Marking task as SUCCESS. dag_id=sales_mart, task_id=generate_report, execution_date=20230929T193237, start_date=20231005T193402, end_date=20231005T193402
[2023-10-05 19:34:02,960] {local_task_job.py:156} INFO - Task exited with return code 0
[2023-10-05 19:34:03,037] {local_task_job.py:273} INFO - 1 downstream tasks scheduled from follow-on schedule check
