[2023-10-07 12:21:25,126] {taskinstance.py:1159} INFO - Dependencies all met for <TaskInstance: sales_mart.get_report scheduled__2023-10-02T12:19:33.489881+00:00 [queued]>
[2023-10-07 12:21:25,132] {taskinstance.py:1159} INFO - Dependencies all met for <TaskInstance: sales_mart.get_report scheduled__2023-10-02T12:19:33.489881+00:00 [queued]>
[2023-10-07 12:21:25,132] {taskinstance.py:1356} INFO - 
--------------------------------------------------------------------------------
[2023-10-07 12:21:25,133] {taskinstance.py:1357} INFO - Starting attempt 1 of 1
[2023-10-07 12:21:25,133] {taskinstance.py:1358} INFO - 
--------------------------------------------------------------------------------
[2023-10-07 12:21:25,140] {taskinstance.py:1377} INFO - Executing <Task(PythonOperator): get_report> on 2023-10-02 12:19:33.489881+00:00
[2023-10-07 12:21:25,143] {standard_task_runner.py:52} INFO - Started process 877 to run task
[2023-10-07 12:21:25,145] {standard_task_runner.py:79} INFO - Running: ['airflow', 'tasks', 'run', 'sales_mart', 'get_report', 'scheduled__2023-10-02T12:19:33.489881+00:00', '--job-id', '13', '--raw', '--subdir', 'DAGS_FOLDER/sprint3.py', '--cfg-path', '/tmp/tmpokgghdoj', '--error-file', '/tmp/tmp14h61kdz']
[2023-10-07 12:21:25,145] {standard_task_runner.py:80} INFO - Job 13: Subtask get_report
[2023-10-07 12:21:25,179] {task_command.py:369} INFO - Running <TaskInstance: sales_mart.get_report scheduled__2023-10-02T12:19:33.489881+00:00 [running]> on host d964b2b568e5
[2023-10-07 12:21:25,217] {taskinstance.py:1569} INFO - Exporting the following env vars:
AIRFLOW_CTX_DAG_EMAIL=student@example.com
AIRFLOW_CTX_DAG_OWNER=student
AIRFLOW_CTX_DAG_ID=sales_mart
AIRFLOW_CTX_TASK_ID=get_report
AIRFLOW_CTX_EXECUTION_DATE=2023-10-02T12:19:33.489881+00:00
AIRFLOW_CTX_TRY_NUMBER=1
AIRFLOW_CTX_DAG_RUN_ID=scheduled__2023-10-02T12:19:33.489881+00:00
[2023-10-07 12:21:25,218] {logging_mixin.py:115} INFO - Making request get_report
[2023-10-07 12:21:25,350] {logging_mixin.py:115} INFO - Response is b'{"task_id":"MjAyMy0xMC0wN1QxMjoyMToxMglsa25fcG9wb3Y=","status":"RUNNING","data":{"report_id":null,"start_day":null,"end_date":null,"s3_path":{}}}'
[2023-10-07 12:21:35,455] {logging_mixin.py:115} INFO - Response is b'{"task_id":"MjAyMy0xMC0wN1QxMjoyMToxMglsa25fcG9wb3Y=","status":"RUNNING","data":{"report_id":null,"start_day":null,"end_date":null,"s3_path":{}}}'
[2023-10-07 12:21:45,578] {logging_mixin.py:115} INFO - Response is b'{"task_id":"MjAyMy0xMC0wN1QxMjoyMToxMglsa25fcG9wb3Y=","status":"RUNNING","data":{"report_id":null,"start_day":null,"end_date":null,"s3_path":{}}}'
[2023-10-07 12:21:55,736] {logging_mixin.py:115} INFO - Response is b'{"task_id":"MjAyMy0xMC0wN1QxMjoyMToxMglsa25fcG9wb3Y=","status":"RUNNING","data":{"report_id":null,"start_day":null,"end_date":null,"s3_path":{}}}'
[2023-10-07 12:22:05,906] {logging_mixin.py:115} INFO - Response is b'{"task_id":"MjAyMy0xMC0wN1QxMjoyMToxMglsa25fcG9wb3Y=","status":"RUNNING","data":{"report_id":null,"start_day":null,"end_date":null,"s3_path":{}}}'
[2023-10-07 12:22:19,011] {logging_mixin.py:115} INFO - Response is b'{"task_id":"MjAyMy0xMC0wN1QxMjoyMToxMglsa25fcG9wb3Y=","status":"SUCCESS","data":{"report_id":"TWpBeU15MHhNQzB3TjFReE1qb3lNVG94TWdsc2EyNWZjRzl3YjNZPQ==","start_day":"2023-09-07 00:00:00","end_date":"2023-09-29 00:00:00","s3_path":{"customer_research":"https://storage.yandexcloud.net/s3-sprint3/cohort_18/lkn_popov/project/TWpBeU15MHhNQzB3TjFReE1qb3lNVG94TWdsc2EyNWZjRzl3YjNZPQ==/customer_research.csv","user_order_log":"https://storage.yandexcloud.net/s3-sprint3/cohort_18/lkn_popov/project/TWpBeU15MHhNQzB3TjFReE1qb3lNVG94TWdsc2EyNWZjRzl3YjNZPQ==/user_order_log.csv","user_activity_log":"https://storage.yandexcloud.net/s3-sprint3/cohort_18/lkn_popov/project/TWpBeU15MHhNQzB3TjFReE1qb3lNVG94TWdsc2EyNWZjRzl3YjNZPQ==/user_activity_log.csv","price_log":"https://storage.yandexcloud.net/s3-sprint3/cohort_18/lkn_popov/project/TWpBeU15MHhNQzB3TjFReE1qb3lNVG94TWdsc2EyNWZjRzl3YjNZPQ==/price_log.csv"}}}'
[2023-10-07 12:22:19,023] {logging_mixin.py:115} INFO - Report_id=TWpBeU15MHhNQzB3TjFReE1qb3lNVG94TWdsc2EyNWZjRzl3YjNZPQ==
[2023-10-07 12:22:19,024] {python.py:173} INFO - Done. Returned value was: None
[2023-10-07 12:22:19,033] {taskinstance.py:1395} INFO - Marking task as SUCCESS. dag_id=sales_mart, task_id=get_report, execution_date=20231002T121933, start_date=20231007T122125, end_date=20231007T122219
[2023-10-07 12:22:19,066] {local_task_job.py:156} INFO - Task exited with return code 0
[2023-10-07 12:22:19,091] {local_task_job.py:273} INFO - 1 downstream tasks scheduled from follow-on schedule check
