[2023-10-05 19:27:47,090] {taskinstance.py:1159} INFO - Dependencies all met for <TaskInstance: sales_mart.get_report manual__2023-10-05T19:26:33.981196+00:00 [queued]>
[2023-10-05 19:27:47,105] {taskinstance.py:1159} INFO - Dependencies all met for <TaskInstance: sales_mart.get_report manual__2023-10-05T19:26:33.981196+00:00 [queued]>
[2023-10-05 19:27:47,106] {taskinstance.py:1356} INFO - 
--------------------------------------------------------------------------------
[2023-10-05 19:27:47,107] {taskinstance.py:1357} INFO - Starting attempt 1 of 1
[2023-10-05 19:27:47,108] {taskinstance.py:1358} INFO - 
--------------------------------------------------------------------------------
[2023-10-05 19:27:47,132] {taskinstance.py:1377} INFO - Executing <Task(PythonOperator): get_report> on 2023-10-05 19:26:33.981196+00:00
[2023-10-05 19:27:47,137] {standard_task_runner.py:52} INFO - Started process 827 to run task
[2023-10-05 19:27:47,141] {standard_task_runner.py:79} INFO - Running: ['airflow', 'tasks', 'run', 'sales_mart', 'get_report', 'manual__2023-10-05T19:26:33.981196+00:00', '--job-id', '7', '--raw', '--subdir', 'DAGS_FOLDER/sprint3.py', '--cfg-path', '/tmp/tmp62yu0136', '--error-file', '/tmp/tmpl8lkvyea']
[2023-10-05 19:27:47,142] {standard_task_runner.py:80} INFO - Job 7: Subtask get_report
[2023-10-05 19:27:47,226] {task_command.py:369} INFO - Running <TaskInstance: sales_mart.get_report manual__2023-10-05T19:26:33.981196+00:00 [running]> on host 329f0cdeb700
[2023-10-05 19:27:47,333] {taskinstance.py:1569} INFO - Exporting the following env vars:
AIRFLOW_CTX_DAG_EMAIL=student@example.com
AIRFLOW_CTX_DAG_OWNER=student
AIRFLOW_CTX_DAG_ID=sales_mart
AIRFLOW_CTX_TASK_ID=get_report
AIRFLOW_CTX_EXECUTION_DATE=2023-10-05T19:26:33.981196+00:00
AIRFLOW_CTX_TRY_NUMBER=1
AIRFLOW_CTX_DAG_RUN_ID=manual__2023-10-05T19:26:33.981196+00:00
[2023-10-05 19:27:47,334] {logging_mixin.py:115} INFO - Making request get_report
[2023-10-05 19:27:50,442] {logging_mixin.py:115} INFO - Response is b'{"task_id":"MjAyMy0xMC0wNVQxOToyNjo0Mglsa25fcG9wb3Y=","status":"SUCCESS","data":{"report_id":"TWpBeU15MHhNQzB3TlZReE9Ub3lOam8wTWdsc2EyNWZjRzl3YjNZPQ==","start_day":"2023-09-05 00:00:00","end_date":"2023-09-27 00:00:00","s3_path":{"customer_research":"https://storage.yandexcloud.net/s3-sprint3/cohort_18/lkn_popov/project/TWpBeU15MHhNQzB3TlZReE9Ub3lOam8wTWdsc2EyNWZjRzl3YjNZPQ==/customer_research.csv","user_order_log":"https://storage.yandexcloud.net/s3-sprint3/cohort_18/lkn_popov/project/TWpBeU15MHhNQzB3TlZReE9Ub3lOam8wTWdsc2EyNWZjRzl3YjNZPQ==/user_order_log.csv","user_activity_log":"https://storage.yandexcloud.net/s3-sprint3/cohort_18/lkn_popov/project/TWpBeU15MHhNQzB3TlZReE9Ub3lOam8wTWdsc2EyNWZjRzl3YjNZPQ==/user_activity_log.csv","price_log":"https://storage.yandexcloud.net/s3-sprint3/cohort_18/lkn_popov/project/TWpBeU15MHhNQzB3TlZReE9Ub3lOam8wTWdsc2EyNWZjRzl3YjNZPQ==/price_log.csv"}}}'
[2023-10-05 19:27:50,467] {logging_mixin.py:115} INFO - Report_id=TWpBeU15MHhNQzB3TlZReE9Ub3lOam8wTWdsc2EyNWZjRzl3YjNZPQ==
[2023-10-05 19:27:50,468] {python.py:173} INFO - Done. Returned value was: None
[2023-10-05 19:27:50,484] {taskinstance.py:1395} INFO - Marking task as SUCCESS. dag_id=sales_mart, task_id=get_report, execution_date=20231005T192633, start_date=20231005T192747, end_date=20231005T192750
[2023-10-05 19:27:50,534] {local_task_job.py:156} INFO - Task exited with return code 0
[2023-10-05 19:27:50,618] {local_task_job.py:273} INFO - 1 downstream tasks scheduled from follow-on schedule check
