[2023-10-05 18:47:48,769] {taskinstance.py:1159} INFO - Dependencies all met for <TaskInstance: sales_mart.generate_report scheduled__2023-09-28T18:47:26.124137+00:00 [queued]>
[2023-10-05 18:47:48,784] {taskinstance.py:1159} INFO - Dependencies all met for <TaskInstance: sales_mart.generate_report scheduled__2023-09-28T18:47:26.124137+00:00 [queued]>
[2023-10-05 18:47:48,785] {taskinstance.py:1356} INFO - 
--------------------------------------------------------------------------------
[2023-10-05 18:47:48,786] {taskinstance.py:1357} INFO - Starting attempt 1 of 1
[2023-10-05 18:47:48,786] {taskinstance.py:1358} INFO - 
--------------------------------------------------------------------------------
[2023-10-05 18:47:48,804] {taskinstance.py:1377} INFO - Executing <Task(PythonOperator): generate_report> on 2023-09-28 18:47:26.124137+00:00
[2023-10-05 18:47:48,808] {standard_task_runner.py:52} INFO - Started process 1295 to run task
[2023-10-05 18:47:48,813] {standard_task_runner.py:79} INFO - Running: ['airflow', 'tasks', 'run', 'sales_mart', 'generate_report', 'scheduled__2023-09-28T18:47:26.124137+00:00', '--job-id', '3', '--raw', '--subdir', 'DAGS_FOLDER/sprint3.py', '--cfg-path', '/tmp/tmp_4krq9xk', '--error-file', '/tmp/tmp52tfc6ya']
[2023-10-05 18:47:48,815] {standard_task_runner.py:80} INFO - Job 3: Subtask generate_report
[2023-10-05 18:47:48,917] {task_command.py:369} INFO - Running <TaskInstance: sales_mart.generate_report scheduled__2023-09-28T18:47:26.124137+00:00 [running]> on host 2026d982a63a
[2023-10-05 18:47:49,040] {taskinstance.py:1569} INFO - Exporting the following env vars:
AIRFLOW_CTX_DAG_EMAIL=student@example.com
AIRFLOW_CTX_DAG_OWNER=student
AIRFLOW_CTX_DAG_ID=sales_mart
AIRFLOW_CTX_TASK_ID=generate_report
AIRFLOW_CTX_EXECUTION_DATE=2023-09-28T18:47:26.124137+00:00
AIRFLOW_CTX_TRY_NUMBER=1
AIRFLOW_CTX_DAG_RUN_ID=scheduled__2023-09-28T18:47:26.124137+00:00
[2023-10-05 18:47:49,041] {logging_mixin.py:115} INFO - Making request generate_report
[2023-10-05 18:47:49,259] {logging_mixin.py:115} INFO - Response is b'{"task_id":"MjAyMy0xMC0wNVQxODo0Nzo0OAlsa25fcG9wb3Y="}'
[2023-10-05 18:47:49,261] {python.py:173} INFO - Done. Returned value was: None
[2023-10-05 18:47:49,286] {taskinstance.py:1395} INFO - Marking task as SUCCESS. dag_id=sales_mart, task_id=generate_report, execution_date=20230928T184726, start_date=20231005T184748, end_date=20231005T184749
[2023-10-05 18:47:49,348] {local_task_job.py:156} INFO - Task exited with return code 0
[2023-10-05 18:47:49,422] {local_task_job.py:273} INFO - 1 downstream tasks scheduled from follow-on schedule check
