[2023-10-07 12:15:59,361] {taskinstance.py:1159} INFO - Dependencies all met for <TaskInstance: sales_mart.update_d_customer manual__2023-10-07T12:14:42.741836+00:00 [queued]>
[2023-10-07 12:15:59,368] {taskinstance.py:1159} INFO - Dependencies all met for <TaskInstance: sales_mart.update_d_customer manual__2023-10-07T12:14:42.741836+00:00 [queued]>
[2023-10-07 12:15:59,369] {taskinstance.py:1356} INFO - 
--------------------------------------------------------------------------------
[2023-10-07 12:15:59,369] {taskinstance.py:1357} INFO - Starting attempt 1 of 1
[2023-10-07 12:15:59,370] {taskinstance.py:1358} INFO - 
--------------------------------------------------------------------------------
[2023-10-07 12:15:59,379] {taskinstance.py:1377} INFO - Executing <Task(PostgresOperator): update_d_customer> on 2023-10-07 12:14:42.741836+00:00
[2023-10-07 12:15:59,381] {standard_task_runner.py:52} INFO - Started process 4115 to run task
[2023-10-07 12:15:59,383] {standard_task_runner.py:79} INFO - Running: ['airflow', 'tasks', 'run', 'sales_mart', 'update_d_customer', 'manual__2023-10-07T12:14:42.741836+00:00', '--job-id', '96', '--raw', '--subdir', 'DAGS_FOLDER/sprint3.py', '--cfg-path', '/tmp/tmp263qnj87', '--error-file', '/tmp/tmpv2h8vx9k']
[2023-10-07 12:15:59,384] {standard_task_runner.py:80} INFO - Job 96: Subtask update_d_customer
[2023-10-07 12:15:59,422] {task_command.py:369} INFO - Running <TaskInstance: sales_mart.update_d_customer manual__2023-10-07T12:14:42.741836+00:00 [running]> on host 70ec72ace0d7
[2023-10-07 12:15:59,462] {taskinstance.py:1569} INFO - Exporting the following env vars:
AIRFLOW_CTX_DAG_EMAIL=student@example.com
AIRFLOW_CTX_DAG_OWNER=student
AIRFLOW_CTX_DAG_ID=sales_mart
AIRFLOW_CTX_TASK_ID=update_d_customer
AIRFLOW_CTX_EXECUTION_DATE=2023-10-07T12:14:42.741836+00:00
AIRFLOW_CTX_TRY_NUMBER=1
AIRFLOW_CTX_DAG_RUN_ID=manual__2023-10-07T12:14:42.741836+00:00
[2023-10-07 12:15:59,469] {base.py:68} INFO - Using connection ID 'postgresql_de' for task execution.
[2023-10-07 12:15:59,473] {sql.py:315} INFO - Running statement: insert into mart.d_customer (customer_id, first_name, last_name, city_id)
select customer_id, first_name, last_name, max(city_id) from staging.user_order_log
where customer_id not in (select customer_id from mart.d_customer)
group by customer_id, first_name, last_name, parameters: None
[2023-10-07 12:15:59,475] {sql.py:324} INFO - Rows affected: 0
[2023-10-07 12:15:59,486] {taskinstance.py:1395} INFO - Marking task as SUCCESS. dag_id=sales_mart, task_id=update_d_customer, execution_date=20231007T121442, start_date=20231007T121559, end_date=20231007T121559
[2023-10-07 12:15:59,516] {local_task_job.py:156} INFO - Task exited with return code 0
[2023-10-07 12:15:59,542] {local_task_job.py:273} INFO - 0 downstream tasks scheduled from follow-on schedule check
