[2023-10-07 13:02:13,522] {taskinstance.py:1159} INFO - Dependencies all met for <TaskInstance: sales_mart.get_increment scheduled__2023-10-04T12:57:59.807942+00:00 [queued]>
[2023-10-07 13:02:13,530] {taskinstance.py:1159} INFO - Dependencies all met for <TaskInstance: sales_mart.get_increment scheduled__2023-10-04T12:57:59.807942+00:00 [queued]>
[2023-10-07 13:02:13,531] {taskinstance.py:1356} INFO - 
--------------------------------------------------------------------------------
[2023-10-07 13:02:13,531] {taskinstance.py:1357} INFO - Starting attempt 1 of 1
[2023-10-07 13:02:13,532] {taskinstance.py:1358} INFO - 
--------------------------------------------------------------------------------
[2023-10-07 13:02:13,542] {taskinstance.py:1377} INFO - Executing <Task(PythonOperator): get_increment> on 2023-10-04 12:57:59.807942+00:00
[2023-10-07 13:02:13,546] {standard_task_runner.py:52} INFO - Started process 1364 to run task
[2023-10-07 13:02:13,547] {standard_task_runner.py:79} INFO - Running: ['airflow', 'tasks', 'run', 'sales_mart', 'get_increment', 'scheduled__2023-10-04T12:57:59.807942+00:00', '--job-id', '28', '--raw', '--subdir', 'DAGS_FOLDER/sprint3 old.py', '--cfg-path', '/tmp/tmpwp0_phk_', '--error-file', '/tmp/tmpdg731_uk']
[2023-10-07 13:02:13,548] {standard_task_runner.py:80} INFO - Job 28: Subtask get_increment
[2023-10-07 13:02:13,594] {task_command.py:369} INFO - Running <TaskInstance: sales_mart.get_increment scheduled__2023-10-04T12:57:59.807942+00:00 [running]> on host 1af476629d92
[2023-10-07 13:02:13,637] {taskinstance.py:1569} INFO - Exporting the following env vars:
AIRFLOW_CTX_DAG_EMAIL=student@example.com
AIRFLOW_CTX_DAG_OWNER=student
AIRFLOW_CTX_DAG_ID=sales_mart
AIRFLOW_CTX_TASK_ID=get_increment
AIRFLOW_CTX_EXECUTION_DATE=2023-10-04T12:57:59.807942+00:00
AIRFLOW_CTX_TRY_NUMBER=1
AIRFLOW_CTX_DAG_RUN_ID=scheduled__2023-10-04T12:57:59.807942+00:00
[2023-10-07 13:02:13,638] {logging_mixin.py:115} INFO - Making request get_increment
[2023-10-07 13:02:16,043] {logging_mixin.py:115} INFO - Response is b'{"report_id":"TWpBeU15MHhNQzB3TjFReE16b3dNRG8wTkFsc2EyNWZjRzl3YjNZPQ==","date":"2023-10-04 00:00:00","status":"SUCCESS","data":{"increment_id":"MjAyMy0xMC0wNFQwMDowMDowMAlUV3BCZVUxNU1IaE5RekIzVGpGUmVFMTZiM2ROUkc4d1RrRnNjMkV5TldaalJ6bDNZak5aUFE9PQ==","s3_path":{"customer_research_inc":"https://storage.yandexcloud.net/s3-sprint3/cohort_18/lkn_popov/project/MjAyMy0xMC0wNFQwMDowMDowMAlUV3BCZVUxNU1IaE5RekIzVGpGUmVFMTZiM2ROUkc4d1RrRnNjMkV5TldaalJ6bDNZak5aUFE9PQ==/customer_research_inc.csv","user_order_log_inc":"https://storage.yandexcloud.net/s3-sprint3/cohort_18/lkn_popov/project/MjAyMy0xMC0wNFQwMDowMDowMAlUV3BCZVUxNU1IaE5RekIzVGpGUmVFMTZiM2ROUkc4d1RrRnNjMkV5TldaalJ6bDNZak5aUFE9PQ==/user_order_log_inc.csv","user_activity_log_inc":"https://storage.yandexcloud.net/s3-sprint3/cohort_18/lkn_popov/project/MjAyMy0xMC0wNFQwMDowMDowMAlUV3BCZVUxNU1IaE5RekIzVGpGUmVFMTZiM2ROUkc4d1RrRnNjMkV5TldaalJ6bDNZak5aUFE9PQ==/user_activity_log_inc.csv","price_log_inc":"https://storage.yandexcloud.net/s3-sprint3/cohort_18/lkn_popov/project/TWpBeU15MHhNQzB3TjFReE16b3dNRG8wTkFsc2EyNWZjRzl3YjNZPQ==/price_log_inc.csv"}}}'
[2023-10-07 13:02:16,062] {logging_mixin.py:115} INFO - increment_id=MjAyMy0xMC0wNFQwMDowMDowMAlUV3BCZVUxNU1IaE5RekIzVGpGUmVFMTZiM2ROUkc4d1RrRnNjMkV5TldaalJ6bDNZak5aUFE9PQ==
[2023-10-07 13:02:16,063] {python.py:173} INFO - Done. Returned value was: None
[2023-10-07 13:02:16,072] {taskinstance.py:1395} INFO - Marking task as SUCCESS. dag_id=sales_mart, task_id=get_increment, execution_date=20231004T125759, start_date=20231007T130213, end_date=20231007T130216
[2023-10-07 13:02:16,091] {local_task_job.py:156} INFO - Task exited with return code 0
[2023-10-07 13:02:16,120] {local_task_job.py:273} INFO - 1 downstream tasks scheduled from follow-on schedule check
