[2023-10-07 12:15:57,903] {taskinstance.py:1159} INFO - Dependencies all met for <TaskInstance: sales_mart.update_d_item manual__2023-10-07T12:14:42.741836+00:00 [queued]>
[2023-10-07 12:15:57,909] {taskinstance.py:1159} INFO - Dependencies all met for <TaskInstance: sales_mart.update_d_item manual__2023-10-07T12:14:42.741836+00:00 [queued]>
[2023-10-07 12:15:57,909] {taskinstance.py:1356} INFO - 
--------------------------------------------------------------------------------
[2023-10-07 12:15:57,910] {taskinstance.py:1357} INFO - Starting attempt 1 of 1
[2023-10-07 12:15:57,910] {taskinstance.py:1358} INFO - 
--------------------------------------------------------------------------------
[2023-10-07 12:15:57,922] {taskinstance.py:1377} INFO - Executing <Task(PostgresOperator): update_d_item> on 2023-10-07 12:14:42.741836+00:00
[2023-10-07 12:15:57,924] {standard_task_runner.py:52} INFO - Started process 4091 to run task
[2023-10-07 12:15:57,926] {standard_task_runner.py:79} INFO - Running: ['airflow', 'tasks', 'run', 'sales_mart', 'update_d_item', 'manual__2023-10-07T12:14:42.741836+00:00', '--job-id', '95', '--raw', '--subdir', 'DAGS_FOLDER/sprint3.py', '--cfg-path', '/tmp/tmptdjrk4rq', '--error-file', '/tmp/tmpmt1n1pbh']
[2023-10-07 12:15:57,927] {standard_task_runner.py:80} INFO - Job 95: Subtask update_d_item
[2023-10-07 12:15:57,964] {task_command.py:369} INFO - Running <TaskInstance: sales_mart.update_d_item manual__2023-10-07T12:14:42.741836+00:00 [running]> on host 70ec72ace0d7
[2023-10-07 12:15:58,005] {taskinstance.py:1569} INFO - Exporting the following env vars:
AIRFLOW_CTX_DAG_EMAIL=student@example.com
AIRFLOW_CTX_DAG_OWNER=student
AIRFLOW_CTX_DAG_ID=sales_mart
AIRFLOW_CTX_TASK_ID=update_d_item
AIRFLOW_CTX_EXECUTION_DATE=2023-10-07T12:14:42.741836+00:00
AIRFLOW_CTX_TRY_NUMBER=1
AIRFLOW_CTX_DAG_RUN_ID=manual__2023-10-07T12:14:42.741836+00:00
[2023-10-07 12:15:58,011] {base.py:68} INFO - Using connection ID 'postgresql_de' for task execution.
[2023-10-07 12:15:58,015] {sql.py:315} INFO - Running statement: insert into mart.d_item (item_id, item_name)
select item_id, item_name from staging.user_order_log
where item_id not in (select item_id from mart.d_item)
group by item_id, item_name, parameters: None
[2023-10-07 12:15:58,017] {sql.py:324} INFO - Rows affected: 0
[2023-10-07 12:15:58,028] {taskinstance.py:1395} INFO - Marking task as SUCCESS. dag_id=sales_mart, task_id=update_d_item, execution_date=20231007T121442, start_date=20231007T121557, end_date=20231007T121558
[2023-10-07 12:15:58,060] {local_task_job.py:156} INFO - Task exited with return code 0
[2023-10-07 12:15:58,087] {local_task_job.py:273} INFO - 0 downstream tasks scheduled from follow-on schedule check
