[2023-10-07 08:23:17,365] {taskinstance.py:1159} INFO - Dependencies all met for <TaskInstance: sales_mart.update_d_city scheduled__2023-10-02T08:17:37.691037+00:00 [queued]>
[2023-10-07 08:23:17,372] {taskinstance.py:1159} INFO - Dependencies all met for <TaskInstance: sales_mart.update_d_city scheduled__2023-10-02T08:17:37.691037+00:00 [queued]>
[2023-10-07 08:23:17,373] {taskinstance.py:1356} INFO - 
--------------------------------------------------------------------------------
[2023-10-07 08:23:17,374] {taskinstance.py:1357} INFO - Starting attempt 1 of 1
[2023-10-07 08:23:17,375] {taskinstance.py:1358} INFO - 
--------------------------------------------------------------------------------
[2023-10-07 08:23:17,383] {taskinstance.py:1377} INFO - Executing <Task(PostgresOperator): update_d_city> on 2023-10-02 08:17:37.691037+00:00
[2023-10-07 08:23:17,386] {standard_task_runner.py:52} INFO - Started process 1866 to run task
[2023-10-07 08:23:17,387] {standard_task_runner.py:79} INFO - Running: ['airflow', 'tasks', 'run', 'sales_mart', 'update_d_city', 'scheduled__2023-10-02T08:17:37.691037+00:00', '--job-id', '48', '--raw', '--subdir', 'DAGS_FOLDER/sprint3.py', '--cfg-path', '/tmp/tmp0lxk6pi8', '--error-file', '/tmp/tmp8czdatlj']
[2023-10-07 08:23:17,389] {standard_task_runner.py:80} INFO - Job 48: Subtask update_d_city
[2023-10-07 08:23:17,425] {task_command.py:369} INFO - Running <TaskInstance: sales_mart.update_d_city scheduled__2023-10-02T08:17:37.691037+00:00 [running]> on host 36d9c57a9c84
[2023-10-07 08:23:17,469] {taskinstance.py:1569} INFO - Exporting the following env vars:
AIRFLOW_CTX_DAG_EMAIL=student@example.com
AIRFLOW_CTX_DAG_OWNER=student
AIRFLOW_CTX_DAG_ID=sales_mart
AIRFLOW_CTX_TASK_ID=update_d_city
AIRFLOW_CTX_EXECUTION_DATE=2023-10-02T08:17:37.691037+00:00
AIRFLOW_CTX_TRY_NUMBER=1
AIRFLOW_CTX_DAG_RUN_ID=scheduled__2023-10-02T08:17:37.691037+00:00
[2023-10-07 08:23:17,476] {base.py:68} INFO - Using connection ID 'postgresql_de' for task execution.
[2023-10-07 08:23:17,481] {sql.py:315} INFO - Running statement: insert into mart.d_city (city_id, city_name)
select city_id, city_name from staging.user_order_log
where city_id not in (select city_id from mart.d_city)
group by city_id, city_name;, parameters: None
[2023-10-07 08:23:17,483] {sql.py:324} INFO - Rows affected: 0
[2023-10-07 08:23:17,493] {taskinstance.py:1395} INFO - Marking task as SUCCESS. dag_id=sales_mart, task_id=update_d_city, execution_date=20231002T081737, start_date=20231007T082317, end_date=20231007T082317
[2023-10-07 08:23:17,520] {local_task_job.py:156} INFO - Task exited with return code 0
[2023-10-07 08:23:17,545] {local_task_job.py:273} INFO - 0 downstream tasks scheduled from follow-on schedule check
