[2023-10-07 12:24:06,126] {taskinstance.py:1159} INFO - Dependencies all met for <TaskInstance: sales_mart.update_d_city scheduled__2023-10-01T12:19:33.489881+00:00 [queued]>
[2023-10-07 12:24:06,132] {taskinstance.py:1159} INFO - Dependencies all met for <TaskInstance: sales_mart.update_d_city scheduled__2023-10-01T12:19:33.489881+00:00 [queued]>
[2023-10-07 12:24:06,133] {taskinstance.py:1356} INFO - 
--------------------------------------------------------------------------------
[2023-10-07 12:24:06,134] {taskinstance.py:1357} INFO - Starting attempt 1 of 1
[2023-10-07 12:24:06,135] {taskinstance.py:1358} INFO - 
--------------------------------------------------------------------------------
[2023-10-07 12:24:06,145] {taskinstance.py:1377} INFO - Executing <Task(PostgresOperator): update_d_city> on 2023-10-01 12:19:33.489881+00:00
[2023-10-07 12:24:06,148] {standard_task_runner.py:52} INFO - Started process 1626 to run task
[2023-10-07 12:24:06,149] {standard_task_runner.py:79} INFO - Running: ['airflow', 'tasks', 'run', 'sales_mart', 'update_d_city', 'scheduled__2023-10-01T12:19:33.489881+00:00', '--job-id', '40', '--raw', '--subdir', 'DAGS_FOLDER/sprint3.py', '--cfg-path', '/tmp/tmp298jzgrp', '--error-file', '/tmp/tmpaq9ok6k2']
[2023-10-07 12:24:06,150] {standard_task_runner.py:80} INFO - Job 40: Subtask update_d_city
[2023-10-07 12:24:06,190] {task_command.py:369} INFO - Running <TaskInstance: sales_mart.update_d_city scheduled__2023-10-01T12:19:33.489881+00:00 [running]> on host d964b2b568e5
[2023-10-07 12:24:06,234] {taskinstance.py:1569} INFO - Exporting the following env vars:
AIRFLOW_CTX_DAG_EMAIL=student@example.com
AIRFLOW_CTX_DAG_OWNER=student
AIRFLOW_CTX_DAG_ID=sales_mart
AIRFLOW_CTX_TASK_ID=update_d_city
AIRFLOW_CTX_EXECUTION_DATE=2023-10-01T12:19:33.489881+00:00
AIRFLOW_CTX_TRY_NUMBER=1
AIRFLOW_CTX_DAG_RUN_ID=scheduled__2023-10-01T12:19:33.489881+00:00
[2023-10-07 12:24:06,242] {base.py:68} INFO - Using connection ID 'postgresql_de' for task execution.
[2023-10-07 12:24:06,246] {sql.py:315} INFO - Running statement: insert into mart.d_city (city_id, city_name)
select city_id, city_name from staging.user_order_log
where city_id not in (select city_id from mart.d_city)
group by city_id, city_name;, parameters: None
[2023-10-07 12:24:06,248] {sql.py:324} INFO - Rows affected: 0
[2023-10-07 12:24:06,257] {taskinstance.py:1395} INFO - Marking task as SUCCESS. dag_id=sales_mart, task_id=update_d_city, execution_date=20231001T121933, start_date=20231007T122406, end_date=20231007T122406
[2023-10-07 12:24:06,284] {local_task_job.py:156} INFO - Task exited with return code 0
[2023-10-07 12:24:06,313] {local_task_job.py:273} INFO - 1 downstream tasks scheduled from follow-on schedule check
