[2023-10-05 18:47:55,822] {taskinstance.py:1159} INFO - Dependencies all met for <TaskInstance: sales_mart.get_report scheduled__2023-09-28T18:47:26.124137+00:00 [queued]>
[2023-10-05 18:47:55,841] {taskinstance.py:1159} INFO - Dependencies all met for <TaskInstance: sales_mart.get_report scheduled__2023-09-28T18:47:26.124137+00:00 [queued]>
[2023-10-05 18:47:55,842] {taskinstance.py:1356} INFO - 
--------------------------------------------------------------------------------
[2023-10-05 18:47:55,843] {taskinstance.py:1357} INFO - Starting attempt 1 of 1
[2023-10-05 18:47:55,844] {taskinstance.py:1358} INFO - 
--------------------------------------------------------------------------------
[2023-10-05 18:47:55,866] {taskinstance.py:1377} INFO - Executing <Task(PythonOperator): get_report> on 2023-09-28 18:47:26.124137+00:00
[2023-10-05 18:47:55,869] {standard_task_runner.py:52} INFO - Started process 1342 to run task
[2023-10-05 18:47:55,873] {standard_task_runner.py:79} INFO - Running: ['airflow', 'tasks', 'run', 'sales_mart', 'get_report', 'scheduled__2023-09-28T18:47:26.124137+00:00', '--job-id', '5', '--raw', '--subdir', 'DAGS_FOLDER/sprint3.py', '--cfg-path', '/tmp/tmp7ardga11', '--error-file', '/tmp/tmp83j69or_']
[2023-10-05 18:47:55,874] {standard_task_runner.py:80} INFO - Job 5: Subtask get_report
[2023-10-05 18:47:55,947] {task_command.py:369} INFO - Running <TaskInstance: sales_mart.get_report scheduled__2023-09-28T18:47:26.124137+00:00 [running]> on host 2026d982a63a
[2023-10-05 18:47:56,040] {taskinstance.py:1569} INFO - Exporting the following env vars:
AIRFLOW_CTX_DAG_EMAIL=student@example.com
AIRFLOW_CTX_DAG_OWNER=student
AIRFLOW_CTX_DAG_ID=sales_mart
AIRFLOW_CTX_TASK_ID=get_report
AIRFLOW_CTX_EXECUTION_DATE=2023-09-28T18:47:26.124137+00:00
AIRFLOW_CTX_TRY_NUMBER=1
AIRFLOW_CTX_DAG_RUN_ID=scheduled__2023-09-28T18:47:26.124137+00:00
[2023-10-05 18:47:56,042] {logging_mixin.py:115} INFO - Making request get_report
[2023-10-05 18:47:56,184] {logging_mixin.py:115} INFO - Response is b'{"task_id":"MjAyMy0xMC0wNVQxODo0Nzo0OAlsa25fcG9wb3Y=","status":"RUNNING","data":{"report_id":null,"start_day":null,"end_date":null,"s3_path":{}}}'
[2023-10-05 18:48:06,350] {logging_mixin.py:115} INFO - Response is b'{"task_id":"MjAyMy0xMC0wNVQxODo0Nzo0OAlsa25fcG9wb3Y=","status":"RUNNING","data":{"report_id":null,"start_day":null,"end_date":null,"s3_path":{}}}'
[2023-10-05 18:48:16,487] {logging_mixin.py:115} INFO - Response is b'{"task_id":"MjAyMy0xMC0wNVQxODo0Nzo0OAlsa25fcG9wb3Y=","status":"RUNNING","data":{"report_id":null,"start_day":null,"end_date":null,"s3_path":{}}}'
[2023-10-05 18:48:26,688] {logging_mixin.py:115} INFO - Response is b'{"task_id":"MjAyMy0xMC0wNVQxODo0Nzo0OAlsa25fcG9wb3Y=","status":"RUNNING","data":{"report_id":null,"start_day":null,"end_date":null,"s3_path":{}}}'
[2023-10-05 18:48:36,932] {logging_mixin.py:115} INFO - Response is b'{"task_id":"MjAyMy0xMC0wNVQxODo0Nzo0OAlsa25fcG9wb3Y=","status":"RUNNING","data":{"report_id":null,"start_day":null,"end_date":null,"s3_path":{}}}'
[2023-10-05 18:48:47,093] {logging_mixin.py:115} INFO - Response is b'{"task_id":"MjAyMy0xMC0wNVQxODo0Nzo0OAlsa25fcG9wb3Y=","status":"RUNNING","data":{"report_id":null,"start_day":null,"end_date":null,"s3_path":{}}}'
[2023-10-05 18:49:00,275] {logging_mixin.py:115} INFO - Response is b'{"task_id":"MjAyMy0xMC0wNVQxODo0Nzo0OAlsa25fcG9wb3Y=","status":"SUCCESS","data":{"report_id":"TWpBeU15MHhNQzB3TlZReE9EbzBOem8wT0Fsc2EyNWZjRzl3YjNZPQ==","start_day":"2023-09-05 00:00:00","end_date":"2023-09-27 00:00:00","s3_path":{"customer_research":"https://storage.yandexcloud.net/s3-sprint3/cohort_18/lkn_popov/project/TWpBeU15MHhNQzB3TlZReE9EbzBOem8wT0Fsc2EyNWZjRzl3YjNZPQ==/customer_research.csv","user_order_log":"https://storage.yandexcloud.net/s3-sprint3/cohort_18/lkn_popov/project/TWpBeU15MHhNQzB3TlZReE9EbzBOem8wT0Fsc2EyNWZjRzl3YjNZPQ==/user_order_log.csv","user_activity_log":"https://storage.yandexcloud.net/s3-sprint3/cohort_18/lkn_popov/project/TWpBeU15MHhNQzB3TlZReE9EbzBOem8wT0Fsc2EyNWZjRzl3YjNZPQ==/user_activity_log.csv","price_log":"https://storage.yandexcloud.net/s3-sprint3/cohort_18/lkn_popov/project/TWpBeU15MHhNQzB3TlZReE9EbzBOem8wT0Fsc2EyNWZjRzl3YjNZPQ==/price_log.csv"}}}'
[2023-10-05 18:49:00,320] {logging_mixin.py:115} INFO - Report_id=TWpBeU15MHhNQzB3TlZReE9EbzBOem8wT0Fsc2EyNWZjRzl3YjNZPQ==
[2023-10-05 18:49:00,322] {python.py:173} INFO - Done. Returned value was: None
[2023-10-05 18:49:00,340] {taskinstance.py:1395} INFO - Marking task as SUCCESS. dag_id=sales_mart, task_id=get_report, execution_date=20230928T184726, start_date=20231005T184755, end_date=20231005T184900
[2023-10-05 18:49:00,377] {local_task_job.py:156} INFO - Task exited with return code 0
[2023-10-05 18:49:00,444] {local_task_job.py:273} INFO - 1 downstream tasks scheduled from follow-on schedule check
