[2023-10-07 12:21:22,111] {taskinstance.py:1159} INFO - Dependencies all met for <TaskInstance: sales_mart.get_increment manual__2023-10-07T12:19:53.777693+00:00 [queued]>
[2023-10-07 12:21:22,117] {taskinstance.py:1159} INFO - Dependencies all met for <TaskInstance: sales_mart.get_increment manual__2023-10-07T12:19:53.777693+00:00 [queued]>
[2023-10-07 12:21:22,118] {taskinstance.py:1356} INFO - 
--------------------------------------------------------------------------------
[2023-10-07 12:21:22,119] {taskinstance.py:1357} INFO - Starting attempt 1 of 1
[2023-10-07 12:21:22,119] {taskinstance.py:1358} INFO - 
--------------------------------------------------------------------------------
[2023-10-07 12:21:22,127] {taskinstance.py:1377} INFO - Executing <Task(PythonOperator): get_increment> on 2023-10-07 12:19:53.777693+00:00
[2023-10-07 12:21:22,130] {standard_task_runner.py:52} INFO - Started process 830 to run task
[2023-10-07 12:21:22,131] {standard_task_runner.py:79} INFO - Running: ['airflow', 'tasks', 'run', 'sales_mart', 'get_increment', 'manual__2023-10-07T12:19:53.777693+00:00', '--job-id', '11', '--raw', '--subdir', 'DAGS_FOLDER/sprint3.py', '--cfg-path', '/tmp/tmpco4kc39d', '--error-file', '/tmp/tmp1yec5t6m']
[2023-10-07 12:21:22,132] {standard_task_runner.py:80} INFO - Job 11: Subtask get_increment
[2023-10-07 12:21:22,166] {task_command.py:369} INFO - Running <TaskInstance: sales_mart.get_increment manual__2023-10-07T12:19:53.777693+00:00 [running]> on host d964b2b568e5
[2023-10-07 12:21:22,201] {taskinstance.py:1569} INFO - Exporting the following env vars:
AIRFLOW_CTX_DAG_EMAIL=student@example.com
AIRFLOW_CTX_DAG_OWNER=student
AIRFLOW_CTX_DAG_ID=sales_mart
AIRFLOW_CTX_TASK_ID=get_increment
AIRFLOW_CTX_EXECUTION_DATE=2023-10-07T12:19:53.777693+00:00
AIRFLOW_CTX_TRY_NUMBER=1
AIRFLOW_CTX_DAG_RUN_ID=manual__2023-10-07T12:19:53.777693+00:00
[2023-10-07 12:21:22,202] {logging_mixin.py:115} INFO - Making request get_increment
[2023-10-07 12:21:22,336] {logging_mixin.py:115} INFO - Response is b'{"report_id":"TWpBeU15MHhNQzB3TjFReE1qb3hPVG8xT0Fsc2EyNWZjRzl3YjNZPQ==","date":"2023-10-07 00:00:00","status":"NOT FOUND","data":{"increment_id":null}}'
[2023-10-07 12:21:22,348] {logging_mixin.py:115} INFO - increment_id=None
[2023-10-07 12:21:22,349] {python.py:173} INFO - Done. Returned value was: None
[2023-10-07 12:21:22,357] {taskinstance.py:1395} INFO - Marking task as SUCCESS. dag_id=sales_mart, task_id=get_increment, execution_date=20231007T121953, start_date=20231007T122122, end_date=20231007T122122
[2023-10-07 12:21:22,385] {local_task_job.py:156} INFO - Task exited with return code 0
[2023-10-07 12:21:22,411] {local_task_job.py:273} INFO - 1 downstream tasks scheduled from follow-on schedule check
