[2023-10-07 12:14:46,136] {taskinstance.py:1159} INFO - Dependencies all met for <TaskInstance: sales_mart.get_report manual__2023-10-07T12:14:42.741836+00:00 [queued]>
[2023-10-07 12:14:46,142] {taskinstance.py:1159} INFO - Dependencies all met for <TaskInstance: sales_mart.get_report manual__2023-10-07T12:14:42.741836+00:00 [queued]>
[2023-10-07 12:14:46,143] {taskinstance.py:1356} INFO - 
--------------------------------------------------------------------------------
[2023-10-07 12:14:46,144] {taskinstance.py:1357} INFO - Starting attempt 1 of 1
[2023-10-07 12:14:46,145] {taskinstance.py:1358} INFO - 
--------------------------------------------------------------------------------
[2023-10-07 12:14:46,153] {taskinstance.py:1377} INFO - Executing <Task(PythonOperator): get_report> on 2023-10-07 12:14:42.741836+00:00
[2023-10-07 12:14:46,155] {standard_task_runner.py:52} INFO - Started process 3967 to run task
[2023-10-07 12:14:46,157] {standard_task_runner.py:79} INFO - Running: ['airflow', 'tasks', 'run', 'sales_mart', 'get_report', 'manual__2023-10-07T12:14:42.741836+00:00', '--job-id', '92', '--raw', '--subdir', 'DAGS_FOLDER/sprint3.py', '--cfg-path', '/tmp/tmpo0rj26jv', '--error-file', '/tmp/tmp3hxl133c']
[2023-10-07 12:14:46,158] {standard_task_runner.py:80} INFO - Job 92: Subtask get_report
[2023-10-07 12:14:46,193] {task_command.py:369} INFO - Running <TaskInstance: sales_mart.get_report manual__2023-10-07T12:14:42.741836+00:00 [running]> on host 70ec72ace0d7
[2023-10-07 12:14:46,235] {taskinstance.py:1569} INFO - Exporting the following env vars:
AIRFLOW_CTX_DAG_EMAIL=student@example.com
AIRFLOW_CTX_DAG_OWNER=student
AIRFLOW_CTX_DAG_ID=sales_mart
AIRFLOW_CTX_TASK_ID=get_report
AIRFLOW_CTX_EXECUTION_DATE=2023-10-07T12:14:42.741836+00:00
AIRFLOW_CTX_TRY_NUMBER=1
AIRFLOW_CTX_DAG_RUN_ID=manual__2023-10-07T12:14:42.741836+00:00
[2023-10-07 12:14:46,237] {logging_mixin.py:115} INFO - Making request get_report
[2023-10-07 12:14:46,384] {logging_mixin.py:115} INFO - Response is b'{"task_id":"MjAyMy0xMC0wN1QxMjoxNDo0NAlsa25fcG9wb3Y=","status":"RUNNING","data":{"report_id":null,"start_day":null,"end_date":null,"s3_path":{}}}'
[2023-10-07 12:14:56,870] {logging_mixin.py:115} INFO - Response is b'{"task_id":"MjAyMy0xMC0wN1QxMjoxNDo0NAlsa25fcG9wb3Y=","status":"RUNNING","data":{"report_id":null,"start_day":null,"end_date":null,"s3_path":{}}}'
[2023-10-07 12:15:07,018] {logging_mixin.py:115} INFO - Response is b'{"task_id":"MjAyMy0xMC0wN1QxMjoxNDo0NAlsa25fcG9wb3Y=","status":"RUNNING","data":{"report_id":null,"start_day":null,"end_date":null,"s3_path":{}}}'
[2023-10-07 12:15:18,380] {logging_mixin.py:115} INFO - Response is b'{"task_id":"MjAyMy0xMC0wN1QxMjoxNDo0NAlsa25fcG9wb3Y=","status":"RUNNING","data":{"report_id":null,"start_day":null,"end_date":null,"s3_path":{}}}'
[2023-10-07 12:15:28,575] {logging_mixin.py:115} INFO - Response is b'{"task_id":"MjAyMy0xMC0wN1QxMjoxNDo0NAlsa25fcG9wb3Y=","status":"RUNNING","data":{"report_id":null,"start_day":null,"end_date":null,"s3_path":{}}}'
[2023-10-07 12:15:39,467] {logging_mixin.py:115} INFO - Response is b'{"task_id":"MjAyMy0xMC0wN1QxMjoxNDo0NAlsa25fcG9wb3Y=","status":"RUNNING","data":{"report_id":null,"start_day":null,"end_date":null,"s3_path":{}}}'
[2023-10-07 12:15:52,589] {logging_mixin.py:115} INFO - Response is b'{"task_id":"MjAyMy0xMC0wN1QxMjoxNDo0NAlsa25fcG9wb3Y=","status":"SUCCESS","data":{"report_id":"TWpBeU15MHhNQzB3TjFReE1qb3hORG8wTkFsc2EyNWZjRzl3YjNZPQ==","start_day":"2023-09-07 00:00:00","end_date":"2023-09-29 00:00:00","s3_path":{"customer_research":"https://storage.yandexcloud.net/s3-sprint3/cohort_18/lkn_popov/project/TWpBeU15MHhNQzB3TjFReE1qb3hORG8wTkFsc2EyNWZjRzl3YjNZPQ==/customer_research.csv","user_order_log":"https://storage.yandexcloud.net/s3-sprint3/cohort_18/lkn_popov/project/TWpBeU15MHhNQzB3TjFReE1qb3hORG8wTkFsc2EyNWZjRzl3YjNZPQ==/user_order_log.csv","user_activity_log":"https://storage.yandexcloud.net/s3-sprint3/cohort_18/lkn_popov/project/TWpBeU15MHhNQzB3TjFReE1qb3hORG8wTkFsc2EyNWZjRzl3YjNZPQ==/user_activity_log.csv","price_log":"https://storage.yandexcloud.net/s3-sprint3/cohort_18/lkn_popov/project/TWpBeU15MHhNQzB3TjFReE1qb3hORG8wTkFsc2EyNWZjRzl3YjNZPQ==/price_log.csv"}}}'
[2023-10-07 12:15:52,603] {logging_mixin.py:115} INFO - Report_id=TWpBeU15MHhNQzB3TjFReE1qb3hORG8wTkFsc2EyNWZjRzl3YjNZPQ==
[2023-10-07 12:15:52,604] {python.py:173} INFO - Done. Returned value was: None
[2023-10-07 12:15:52,612] {taskinstance.py:1395} INFO - Marking task as SUCCESS. dag_id=sales_mart, task_id=get_report, execution_date=20231007T121442, start_date=20231007T121446, end_date=20231007T121552
[2023-10-07 12:15:52,660] {local_task_job.py:156} INFO - Task exited with return code 0
[2023-10-07 12:15:52,685] {local_task_job.py:273} INFO - 1 downstream tasks scheduled from follow-on schedule check
