[2023-10-07 11:14:03,046] {taskinstance.py:1159} INFO - Dependencies all met for <TaskInstance: sales_mart.generate_report scheduled__2023-10-02T11:12:45.809445+00:00 [queued]>
[2023-10-07 11:14:03,053] {taskinstance.py:1159} INFO - Dependencies all met for <TaskInstance: sales_mart.generate_report scheduled__2023-10-02T11:12:45.809445+00:00 [queued]>
[2023-10-07 11:14:03,054] {taskinstance.py:1356} INFO - 
--------------------------------------------------------------------------------
[2023-10-07 11:14:03,055] {taskinstance.py:1357} INFO - Starting attempt 1 of 1
[2023-10-07 11:14:03,055] {taskinstance.py:1358} INFO - 
--------------------------------------------------------------------------------
[2023-10-07 11:14:03,064] {taskinstance.py:1377} INFO - Executing <Task(PythonOperator): generate_report> on 2023-10-02 11:12:45.809445+00:00
[2023-10-07 11:14:03,067] {standard_task_runner.py:52} INFO - Started process 831 to run task
[2023-10-07 11:14:03,069] {standard_task_runner.py:79} INFO - Running: ['airflow', 'tasks', 'run', 'sales_mart', 'generate_report', 'scheduled__2023-10-02T11:12:45.809445+00:00', '--job-id', '6', '--raw', '--subdir', 'DAGS_FOLDER/sprint3.py', '--cfg-path', '/tmp/tmpxzn6mzcf', '--error-file', '/tmp/tmp6qsw75jw']
[2023-10-07 11:14:03,070] {standard_task_runner.py:80} INFO - Job 6: Subtask generate_report
[2023-10-07 11:14:03,106] {task_command.py:369} INFO - Running <TaskInstance: sales_mart.generate_report scheduled__2023-10-02T11:12:45.809445+00:00 [running]> on host 24f54d2755a2
[2023-10-07 11:14:03,144] {taskinstance.py:1569} INFO - Exporting the following env vars:
AIRFLOW_CTX_DAG_EMAIL=student@example.com
AIRFLOW_CTX_DAG_OWNER=student
AIRFLOW_CTX_DAG_ID=sales_mart
AIRFLOW_CTX_TASK_ID=generate_report
AIRFLOW_CTX_EXECUTION_DATE=2023-10-02T11:12:45.809445+00:00
AIRFLOW_CTX_TRY_NUMBER=1
AIRFLOW_CTX_DAG_RUN_ID=scheduled__2023-10-02T11:12:45.809445+00:00
[2023-10-07 11:14:03,145] {logging_mixin.py:115} INFO - Making request generate_report
[2023-10-07 11:14:03,382] {logging_mixin.py:115} INFO - Response is b'{"task_id":"MjAyMy0xMC0wN1QxMToxNDowMwlsa25fcG9wb3Y="}'
[2023-10-07 11:14:03,383] {python.py:173} INFO - Done. Returned value was: None
[2023-10-07 11:14:03,393] {taskinstance.py:1395} INFO - Marking task as SUCCESS. dag_id=sales_mart, task_id=generate_report, execution_date=20231002T111245, start_date=20231007T111403, end_date=20231007T111403
[2023-10-07 11:14:03,443] {local_task_job.py:156} INFO - Task exited with return code 0
[2023-10-07 11:14:03,473] {local_task_job.py:273} INFO - 1 downstream tasks scheduled from follow-on schedule check
