[2023-10-05 19:37:50,641] {taskinstance.py:1159} INFO - Dependencies all met for <TaskInstance: sales_mart.get_increment scheduled__2023-10-02T19:32:37.598184+00:00 [queued]>
[2023-10-05 19:37:50,655] {taskinstance.py:1159} INFO - Dependencies all met for <TaskInstance: sales_mart.get_increment scheduled__2023-10-02T19:32:37.598184+00:00 [queued]>
[2023-10-05 19:37:50,656] {taskinstance.py:1356} INFO - 
--------------------------------------------------------------------------------
[2023-10-05 19:37:50,657] {taskinstance.py:1357} INFO - Starting attempt 1 of 1
[2023-10-05 19:37:50,658] {taskinstance.py:1358} INFO - 
--------------------------------------------------------------------------------
[2023-10-05 19:37:50,681] {taskinstance.py:1377} INFO - Executing <Task(PythonOperator): get_increment> on 2023-10-02 19:32:37.598184+00:00
[2023-10-05 19:37:50,686] {standard_task_runner.py:52} INFO - Started process 1687 to run task
[2023-10-05 19:37:50,689] {standard_task_runner.py:79} INFO - Running: ['airflow', 'tasks', 'run', 'sales_mart', 'get_increment', 'scheduled__2023-10-02T19:32:37.598184+00:00', '--job-id', '36', '--raw', '--subdir', 'DAGS_FOLDER/sprint3.py', '--cfg-path', '/tmp/tmpls2a4zh0', '--error-file', '/tmp/tmper61681c']
[2023-10-05 19:37:50,691] {standard_task_runner.py:80} INFO - Job 36: Subtask get_increment
[2023-10-05 19:37:50,769] {task_command.py:369} INFO - Running <TaskInstance: sales_mart.get_increment scheduled__2023-10-02T19:32:37.598184+00:00 [running]> on host 8305c4468fa5
[2023-10-05 19:37:50,877] {taskinstance.py:1569} INFO - Exporting the following env vars:
AIRFLOW_CTX_DAG_EMAIL=student@example.com
AIRFLOW_CTX_DAG_OWNER=student
AIRFLOW_CTX_DAG_ID=sales_mart
AIRFLOW_CTX_TASK_ID=get_increment
AIRFLOW_CTX_EXECUTION_DATE=2023-10-02T19:32:37.598184+00:00
AIRFLOW_CTX_TRY_NUMBER=1
AIRFLOW_CTX_DAG_RUN_ID=scheduled__2023-10-02T19:32:37.598184+00:00
[2023-10-05 19:37:50,878] {logging_mixin.py:115} INFO - Making request get_increment
[2023-10-05 19:37:53,435] {logging_mixin.py:115} INFO - Response is b'{"report_id":"TWpBeU15MHhNQzB3TlZReE9Ub3pOVG8wTXdsc2EyNWZjRzl3YjNZPQ==","date":"2023-10-02 00:00:00","status":"SUCCESS","data":{"increment_id":"MjAyMy0xMC0wMlQwMDowMDowMAlUV3BCZVUxNU1IaE5RekIzVGxaUmVFOVViM3BPVkc4d1RYZHNjMkV5TldaalJ6bDNZak5aUFE9PQ==","s3_path":{"customer_research_inc":"https://storage.yandexcloud.net/s3-sprint3/cohort_18/lkn_popov/project/MjAyMy0xMC0wMlQwMDowMDowMAlUV3BCZVUxNU1IaE5RekIzVGxaUmVFOVViM3BPVkc4d1RYZHNjMkV5TldaalJ6bDNZak5aUFE9PQ==/customer_research_inc.csv","user_order_log_inc":"https://storage.yandexcloud.net/s3-sprint3/cohort_18/lkn_popov/project/MjAyMy0xMC0wMlQwMDowMDowMAlUV3BCZVUxNU1IaE5RekIzVGxaUmVFOVViM3BPVkc4d1RYZHNjMkV5TldaalJ6bDNZak5aUFE9PQ==/user_order_log_inc.csv","user_activity_log_inc":"https://storage.yandexcloud.net/s3-sprint3/cohort_18/lkn_popov/project/MjAyMy0xMC0wMlQwMDowMDowMAlUV3BCZVUxNU1IaE5RekIzVGxaUmVFOVViM3BPVkc4d1RYZHNjMkV5TldaalJ6bDNZak5aUFE9PQ==/user_activity_log_inc.csv","price_log_inc":"https://storage.yandexcloud.net/s3-sprint3/cohort_18/lkn_popov/project/TWpBeU15MHhNQzB3TlZReE9Ub3pOVG8wTXdsc2EyNWZjRzl3YjNZPQ==/price_log_inc.csv"}}}'
[2023-10-05 19:37:53,465] {logging_mixin.py:115} INFO - increment_id=MjAyMy0xMC0wMlQwMDowMDowMAlUV3BCZVUxNU1IaE5RekIzVGxaUmVFOVViM3BPVkc4d1RYZHNjMkV5TldaalJ6bDNZak5aUFE9PQ==
[2023-10-05 19:37:53,466] {python.py:173} INFO - Done. Returned value was: None
[2023-10-05 19:37:53,483] {taskinstance.py:1395} INFO - Marking task as SUCCESS. dag_id=sales_mart, task_id=get_increment, execution_date=20231002T193237, start_date=20231005T193750, end_date=20231005T193753
[2023-10-05 19:37:53,521] {local_task_job.py:156} INFO - Task exited with return code 0
[2023-10-05 19:37:53,583] {local_task_job.py:273} INFO - 1 downstream tasks scheduled from follow-on schedule check
