[2023-10-07 12:01:23,915] {taskinstance.py:1159} INFO - Dependencies all met for <TaskInstance: sales_mart.get_report manual__2023-10-07T12:01:19.539211+00:00 [queued]>
[2023-10-07 12:01:23,921] {taskinstance.py:1159} INFO - Dependencies all met for <TaskInstance: sales_mart.get_report manual__2023-10-07T12:01:19.539211+00:00 [queued]>
[2023-10-07 12:01:23,922] {taskinstance.py:1356} INFO - 
--------------------------------------------------------------------------------
[2023-10-07 12:01:23,923] {taskinstance.py:1357} INFO - Starting attempt 1 of 1
[2023-10-07 12:01:23,924] {taskinstance.py:1358} INFO - 
--------------------------------------------------------------------------------
[2023-10-07 12:01:23,932] {taskinstance.py:1377} INFO - Executing <Task(PythonOperator): get_report> on 2023-10-07 12:01:19.539211+00:00
[2023-10-07 12:01:23,934] {standard_task_runner.py:52} INFO - Started process 3109 to run task
[2023-10-07 12:01:23,936] {standard_task_runner.py:79} INFO - Running: ['airflow', 'tasks', 'run', 'sales_mart', 'get_report', 'manual__2023-10-07T12:01:19.539211+00:00', '--job-id', '71', '--raw', '--subdir', 'DAGS_FOLDER/sprint3.py', '--cfg-path', '/tmp/tmpk5l3swee', '--error-file', '/tmp/tmplx33iaho']
[2023-10-07 12:01:23,937] {standard_task_runner.py:80} INFO - Job 71: Subtask get_report
[2023-10-07 12:01:23,971] {task_command.py:369} INFO - Running <TaskInstance: sales_mart.get_report manual__2023-10-07T12:01:19.539211+00:00 [running]> on host 70ec72ace0d7
[2023-10-07 12:01:24,011] {taskinstance.py:1569} INFO - Exporting the following env vars:
AIRFLOW_CTX_DAG_EMAIL=student@example.com
AIRFLOW_CTX_DAG_OWNER=student
AIRFLOW_CTX_DAG_ID=sales_mart
AIRFLOW_CTX_TASK_ID=get_report
AIRFLOW_CTX_EXECUTION_DATE=2023-10-07T12:01:19.539211+00:00
AIRFLOW_CTX_TRY_NUMBER=1
AIRFLOW_CTX_DAG_RUN_ID=manual__2023-10-07T12:01:19.539211+00:00
[2023-10-07 12:01:24,012] {logging_mixin.py:115} INFO - Making request get_report
[2023-10-07 12:01:25,095] {logging_mixin.py:115} INFO - Response is b'{"task_id":"MjAyMy0xMC0wN1QxMjowMToyMglsa25fcG9wb3Y=","status":"RUNNING","data":{"report_id":null,"start_day":null,"end_date":null,"s3_path":{}}}'
[2023-10-07 12:01:35,697] {logging_mixin.py:115} INFO - Response is b'{"task_id":"MjAyMy0xMC0wN1QxMjowMToyMglsa25fcG9wb3Y=","status":"RUNNING","data":{"report_id":null,"start_day":null,"end_date":null,"s3_path":{}}}'
[2023-10-07 12:01:45,939] {logging_mixin.py:115} INFO - Response is b'{"task_id":"MjAyMy0xMC0wN1QxMjowMToyMglsa25fcG9wb3Y=","status":"RUNNING","data":{"report_id":null,"start_day":null,"end_date":null,"s3_path":{}}}'
[2023-10-07 12:01:56,072] {logging_mixin.py:115} INFO - Response is b'{"task_id":"MjAyMy0xMC0wN1QxMjowMToyMglsa25fcG9wb3Y=","status":"RUNNING","data":{"report_id":null,"start_day":null,"end_date":null,"s3_path":{}}}'
[2023-10-07 12:02:06,198] {logging_mixin.py:115} INFO - Response is b'{"task_id":"MjAyMy0xMC0wN1QxMjowMToyMglsa25fcG9wb3Y=","status":"RUNNING","data":{"report_id":null,"start_day":null,"end_date":null,"s3_path":{}}}'
[2023-10-07 12:02:16,349] {logging_mixin.py:115} INFO - Response is b'{"task_id":"MjAyMy0xMC0wN1QxMjowMToyMglsa25fcG9wb3Y=","status":"RUNNING","data":{"report_id":null,"start_day":null,"end_date":null,"s3_path":{}}}'
[2023-10-07 12:02:29,804] {logging_mixin.py:115} INFO - Response is b'{"task_id":"MjAyMy0xMC0wN1QxMjowMToyMglsa25fcG9wb3Y=","status":"SUCCESS","data":{"report_id":"TWpBeU15MHhNQzB3TjFReE1qb3dNVG95TWdsc2EyNWZjRzl3YjNZPQ==","start_day":"2023-09-07 00:00:00","end_date":"2023-09-29 00:00:00","s3_path":{"customer_research":"https://storage.yandexcloud.net/s3-sprint3/cohort_18/lkn_popov/project/TWpBeU15MHhNQzB3TjFReE1qb3dNVG95TWdsc2EyNWZjRzl3YjNZPQ==/customer_research.csv","user_order_log":"https://storage.yandexcloud.net/s3-sprint3/cohort_18/lkn_popov/project/TWpBeU15MHhNQzB3TjFReE1qb3dNVG95TWdsc2EyNWZjRzl3YjNZPQ==/user_order_log.csv","user_activity_log":"https://storage.yandexcloud.net/s3-sprint3/cohort_18/lkn_popov/project/TWpBeU15MHhNQzB3TjFReE1qb3dNVG95TWdsc2EyNWZjRzl3YjNZPQ==/user_activity_log.csv","price_log":"https://storage.yandexcloud.net/s3-sprint3/cohort_18/lkn_popov/project/TWpBeU15MHhNQzB3TjFReE1qb3dNVG95TWdsc2EyNWZjRzl3YjNZPQ==/price_log.csv"}}}'
[2023-10-07 12:02:29,817] {logging_mixin.py:115} INFO - Report_id=TWpBeU15MHhNQzB3TjFReE1qb3dNVG95TWdsc2EyNWZjRzl3YjNZPQ==
[2023-10-07 12:02:29,818] {python.py:173} INFO - Done. Returned value was: None
[2023-10-07 12:02:29,828] {taskinstance.py:1395} INFO - Marking task as SUCCESS. dag_id=sales_mart, task_id=get_report, execution_date=20231007T120119, start_date=20231007T120123, end_date=20231007T120229
[2023-10-07 12:02:29,850] {local_task_job.py:156} INFO - Task exited with return code 0
[2023-10-07 12:02:29,879] {local_task_job.py:273} INFO - 1 downstream tasks scheduled from follow-on schedule check
