[2023-10-05 19:06:31,960] {taskinstance.py:1159} INFO - Dependencies all met for <TaskInstance: sales_mart.generate_report manual__2023-10-05T19:06:29.531252+00:00 [queued]>
[2023-10-05 19:06:31,971] {taskinstance.py:1159} INFO - Dependencies all met for <TaskInstance: sales_mart.generate_report manual__2023-10-05T19:06:29.531252+00:00 [queued]>
[2023-10-05 19:06:31,972] {taskinstance.py:1356} INFO - 
--------------------------------------------------------------------------------
[2023-10-05 19:06:31,973] {taskinstance.py:1357} INFO - Starting attempt 1 of 1
[2023-10-05 19:06:31,974] {taskinstance.py:1358} INFO - 
--------------------------------------------------------------------------------
[2023-10-05 19:06:31,996] {taskinstance.py:1377} INFO - Executing <Task(PythonOperator): generate_report> on 2023-10-05 19:06:29.531252+00:00
[2023-10-05 19:06:32,001] {standard_task_runner.py:52} INFO - Started process 2512 to run task
[2023-10-05 19:06:32,005] {standard_task_runner.py:79} INFO - Running: ['airflow', 'tasks', 'run', 'sales_mart', 'generate_report', 'manual__2023-10-05T19:06:29.531252+00:00', '--job-id', '35', '--raw', '--subdir', 'DAGS_FOLDER/sprint3.py', '--cfg-path', '/tmp/tmp4ro_x7q5', '--error-file', '/tmp/tmpe9tuxvgz']
[2023-10-05 19:06:32,006] {standard_task_runner.py:80} INFO - Job 35: Subtask generate_report
[2023-10-05 19:06:32,072] {task_command.py:369} INFO - Running <TaskInstance: sales_mart.generate_report manual__2023-10-05T19:06:29.531252+00:00 [running]> on host 2026d982a63a
[2023-10-05 19:06:32,174] {taskinstance.py:1569} INFO - Exporting the following env vars:
AIRFLOW_CTX_DAG_EMAIL=student@example.com
AIRFLOW_CTX_DAG_OWNER=student
AIRFLOW_CTX_DAG_ID=sales_mart
AIRFLOW_CTX_TASK_ID=generate_report
AIRFLOW_CTX_EXECUTION_DATE=2023-10-05T19:06:29.531252+00:00
AIRFLOW_CTX_TRY_NUMBER=1
AIRFLOW_CTX_DAG_RUN_ID=manual__2023-10-05T19:06:29.531252+00:00
[2023-10-05 19:06:32,175] {logging_mixin.py:115} INFO - Making request generate_report
[2023-10-05 19:06:32,363] {logging_mixin.py:115} INFO - Response is b'{"task_id":"MjAyMy0xMC0wNVQxOTowNjozMglsa25fcG9wb3Y="}'
[2023-10-05 19:06:32,365] {python.py:173} INFO - Done. Returned value was: None
[2023-10-05 19:06:32,394] {taskinstance.py:1395} INFO - Marking task as SUCCESS. dag_id=sales_mart, task_id=generate_report, execution_date=20231005T190629, start_date=20231005T190631, end_date=20231005T190632
[2023-10-05 19:06:32,459] {local_task_job.py:156} INFO - Task exited with return code 0
[2023-10-05 19:06:32,512] {local_task_job.py:273} INFO - 1 downstream tasks scheduled from follow-on schedule check
