[2023-10-07 11:15:28,480] {taskinstance.py:1159} INFO - Dependencies all met for <TaskInstance: sales_mart.get_report scheduled__2023-10-04T11:12:45.809445+00:00 [queued]>
[2023-10-07 11:15:28,485] {taskinstance.py:1159} INFO - Dependencies all met for <TaskInstance: sales_mart.get_report scheduled__2023-10-04T11:12:45.809445+00:00 [queued]>
[2023-10-07 11:15:28,486] {taskinstance.py:1356} INFO - 
--------------------------------------------------------------------------------
[2023-10-07 11:15:28,487] {taskinstance.py:1357} INFO - Starting attempt 1 of 1
[2023-10-07 11:15:28,488] {taskinstance.py:1358} INFO - 
--------------------------------------------------------------------------------
[2023-10-07 11:15:28,496] {taskinstance.py:1377} INFO - Executing <Task(PythonOperator): get_report> on 2023-10-04 11:12:45.809445+00:00
[2023-10-07 11:15:28,499] {standard_task_runner.py:52} INFO - Started process 1188 to run task
[2023-10-07 11:15:28,500] {standard_task_runner.py:79} INFO - Running: ['airflow', 'tasks', 'run', 'sales_mart', 'get_report', 'scheduled__2023-10-04T11:12:45.809445+00:00', '--job-id', '19', '--raw', '--subdir', 'DAGS_FOLDER/sprint3.py', '--cfg-path', '/tmp/tmptkote1cd', '--error-file', '/tmp/tmpncy5x84v']
[2023-10-07 11:15:28,501] {standard_task_runner.py:80} INFO - Job 19: Subtask get_report
[2023-10-07 11:15:28,534] {task_command.py:369} INFO - Running <TaskInstance: sales_mart.get_report scheduled__2023-10-04T11:12:45.809445+00:00 [running]> on host 24f54d2755a2
[2023-10-07 11:15:28,572] {taskinstance.py:1569} INFO - Exporting the following env vars:
AIRFLOW_CTX_DAG_EMAIL=student@example.com
AIRFLOW_CTX_DAG_OWNER=student
AIRFLOW_CTX_DAG_ID=sales_mart
AIRFLOW_CTX_TASK_ID=get_report
AIRFLOW_CTX_EXECUTION_DATE=2023-10-04T11:12:45.809445+00:00
AIRFLOW_CTX_TRY_NUMBER=1
AIRFLOW_CTX_DAG_RUN_ID=scheduled__2023-10-04T11:12:45.809445+00:00
[2023-10-07 11:15:28,573] {logging_mixin.py:115} INFO - Making request get_report
[2023-10-07 11:15:28,665] {logging_mixin.py:115} INFO - Response is b'{"task_id":"MjAyMy0xMC0wN1QxMToxNToxNAlsa25fcG9wb3Y=","status":"RUNNING","data":{"report_id":null,"start_day":null,"end_date":null,"s3_path":{}}}'
[2023-10-07 11:15:38,781] {logging_mixin.py:115} INFO - Response is b'{"task_id":"MjAyMy0xMC0wN1QxMToxNToxNAlsa25fcG9wb3Y=","status":"RUNNING","data":{"report_id":null,"start_day":null,"end_date":null,"s3_path":{}}}'
[2023-10-07 11:15:48,881] {logging_mixin.py:115} INFO - Response is b'{"task_id":"MjAyMy0xMC0wN1QxMToxNToxNAlsa25fcG9wb3Y=","status":"RUNNING","data":{"report_id":null,"start_day":null,"end_date":null,"s3_path":{}}}'
[2023-10-07 11:15:59,041] {logging_mixin.py:115} INFO - Response is b'{"task_id":"MjAyMy0xMC0wN1QxMToxNToxNAlsa25fcG9wb3Y=","status":"RUNNING","data":{"report_id":null,"start_day":null,"end_date":null,"s3_path":{}}}'
[2023-10-07 11:16:09,195] {logging_mixin.py:115} INFO - Response is b'{"task_id":"MjAyMy0xMC0wN1QxMToxNToxNAlsa25fcG9wb3Y=","status":"RUNNING","data":{"report_id":null,"start_day":null,"end_date":null,"s3_path":{}}}'
[2023-10-07 11:16:22,072] {logging_mixin.py:115} INFO - Response is b'{"task_id":"MjAyMy0xMC0wN1QxMToxNToxNAlsa25fcG9wb3Y=","status":"SUCCESS","data":{"report_id":"TWpBeU15MHhNQzB3TjFReE1Ub3hOVG94TkFsc2EyNWZjRzl3YjNZPQ==","start_day":"2023-09-07 00:00:00","end_date":"2023-09-29 00:00:00","s3_path":{"customer_research":"https://storage.yandexcloud.net/s3-sprint3/cohort_18/lkn_popov/project/TWpBeU15MHhNQzB3TjFReE1Ub3hOVG94TkFsc2EyNWZjRzl3YjNZPQ==/customer_research.csv","user_order_log":"https://storage.yandexcloud.net/s3-sprint3/cohort_18/lkn_popov/project/TWpBeU15MHhNQzB3TjFReE1Ub3hOVG94TkFsc2EyNWZjRzl3YjNZPQ==/user_order_log.csv","user_activity_log":"https://storage.yandexcloud.net/s3-sprint3/cohort_18/lkn_popov/project/TWpBeU15MHhNQzB3TjFReE1Ub3hOVG94TkFsc2EyNWZjRzl3YjNZPQ==/user_activity_log.csv","price_log":"https://storage.yandexcloud.net/s3-sprint3/cohort_18/lkn_popov/project/TWpBeU15MHhNQzB3TjFReE1Ub3hOVG94TkFsc2EyNWZjRzl3YjNZPQ==/price_log.csv"}}}'
[2023-10-07 11:16:22,109] {logging_mixin.py:115} INFO - Report_id=TWpBeU15MHhNQzB3TjFReE1Ub3hOVG94TkFsc2EyNWZjRzl3YjNZPQ==
[2023-10-07 11:16:22,110] {python.py:173} INFO - Done. Returned value was: None
[2023-10-07 11:16:22,120] {taskinstance.py:1395} INFO - Marking task as SUCCESS. dag_id=sales_mart, task_id=get_report, execution_date=20231004T111245, start_date=20231007T111528, end_date=20231007T111622
[2023-10-07 11:16:22,139] {local_task_job.py:156} INFO - Task exited with return code 0
[2023-10-07 11:16:22,161] {local_task_job.py:273} INFO - 1 downstream tasks scheduled from follow-on schedule check
