[2023-10-07 12:22:23,602] {taskinstance.py:1159} INFO - Dependencies all met for <TaskInstance: sales_mart.check_incr scheduled__2023-09-30T12:19:33.489881+00:00 [queued]>
[2023-10-07 12:22:23,608] {taskinstance.py:1159} INFO - Dependencies all met for <TaskInstance: sales_mart.check_incr scheduled__2023-09-30T12:19:33.489881+00:00 [queued]>
[2023-10-07 12:22:23,609] {taskinstance.py:1356} INFO - 
--------------------------------------------------------------------------------
[2023-10-07 12:22:23,609] {taskinstance.py:1357} INFO - Starting attempt 1 of 1
[2023-10-07 12:22:23,610] {taskinstance.py:1358} INFO - 
--------------------------------------------------------------------------------
[2023-10-07 12:22:23,617] {taskinstance.py:1377} INFO - Executing <Task(BranchPythonOperator): check_incr> on 2023-09-30 12:19:33.489881+00:00
[2023-10-07 12:22:23,619] {standard_task_runner.py:52} INFO - Started process 966 to run task
[2023-10-07 12:22:23,621] {standard_task_runner.py:79} INFO - Running: ['airflow', 'tasks', 'run', 'sales_mart', 'check_incr', 'scheduled__2023-09-30T12:19:33.489881+00:00', '--job-id', '15', '--raw', '--subdir', 'DAGS_FOLDER/sprint3.py', '--cfg-path', '/tmp/tmpewr9_jdw', '--error-file', '/tmp/tmp5v9qf1_6']
[2023-10-07 12:22:23,622] {standard_task_runner.py:80} INFO - Job 15: Subtask check_incr
[2023-10-07 12:22:23,655] {task_command.py:369} INFO - Running <TaskInstance: sales_mart.check_incr scheduled__2023-09-30T12:19:33.489881+00:00 [running]> on host d964b2b568e5
[2023-10-07 12:22:23,692] {taskinstance.py:1569} INFO - Exporting the following env vars:
AIRFLOW_CTX_DAG_EMAIL=student@example.com
AIRFLOW_CTX_DAG_OWNER=student
AIRFLOW_CTX_DAG_ID=sales_mart
AIRFLOW_CTX_TASK_ID=check_incr
AIRFLOW_CTX_EXECUTION_DATE=2023-09-30T12:19:33.489881+00:00
AIRFLOW_CTX_TRY_NUMBER=1
AIRFLOW_CTX_DAG_RUN_ID=scheduled__2023-09-30T12:19:33.489881+00:00
[2023-10-07 12:22:23,699] {python.py:173} INFO - Done. Returned value was: ['dummy_l', 'update_d_item', 'update_d_customer', 'update_d_city', 'update_f_sales', 'update_f_customer_retention', 'upload_user_order_inc']
[2023-10-07 12:22:23,700] {skipmixin.py:140} INFO - Following branch ['dummy_l', 'update_d_item', 'update_d_customer', 'update_d_city', 'update_f_sales', 'update_f_customer_retention', 'upload_user_order_inc']
[2023-10-07 12:22:23,701] {skipmixin.py:175} INFO - Skipping tasks ['dummy']
[2023-10-07 12:22:23,730] {taskinstance.py:1395} INFO - Marking task as SUCCESS. dag_id=sales_mart, task_id=check_incr, execution_date=20230930T121933, start_date=20231007T122223, end_date=20231007T122223
[2023-10-07 12:22:23,753] {local_task_job.py:156} INFO - Task exited with return code 0
[2023-10-07 12:22:23,782] {local_task_job.py:273} INFO - 1 downstream tasks scheduled from follow-on schedule check
