[2023-10-05 19:32:48,329] {taskinstance.py:1159} INFO - Dependencies all met for <TaskInstance: sales_mart.generate_report scheduled__2023-09-27T19:32:37.598184+00:00 [queued]>
[2023-10-05 19:32:48,347] {taskinstance.py:1159} INFO - Dependencies all met for <TaskInstance: sales_mart.generate_report scheduled__2023-09-27T19:32:37.598184+00:00 [queued]>
[2023-10-05 19:32:48,348] {taskinstance.py:1356} INFO - 
--------------------------------------------------------------------------------
[2023-10-05 19:32:48,348] {taskinstance.py:1357} INFO - Starting attempt 1 of 1
[2023-10-05 19:32:48,349] {taskinstance.py:1358} INFO - 
--------------------------------------------------------------------------------
[2023-10-05 19:32:48,373] {taskinstance.py:1377} INFO - Executing <Task(PythonOperator): generate_report> on 2023-09-27 19:32:37.598184+00:00
[2023-10-05 19:32:48,414] {standard_task_runner.py:52} INFO - Started process 754 to run task
[2023-10-05 19:32:48,419] {standard_task_runner.py:79} INFO - Running: ['airflow', 'tasks', 'run', 'sales_mart', 'generate_report', 'scheduled__2023-09-27T19:32:37.598184+00:00', '--job-id', '3', '--raw', '--subdir', 'DAGS_FOLDER/sprint3.py', '--cfg-path', '/tmp/tmptkxzq11n', '--error-file', '/tmp/tmpp6la709h']
[2023-10-05 19:32:48,436] {standard_task_runner.py:80} INFO - Job 3: Subtask generate_report
[2023-10-05 19:32:48,550] {task_command.py:369} INFO - Running <TaskInstance: sales_mart.generate_report scheduled__2023-09-27T19:32:37.598184+00:00 [running]> on host 8305c4468fa5
[2023-10-05 19:32:48,652] {taskinstance.py:1569} INFO - Exporting the following env vars:
AIRFLOW_CTX_DAG_EMAIL=student@example.com
AIRFLOW_CTX_DAG_OWNER=student
AIRFLOW_CTX_DAG_ID=sales_mart
AIRFLOW_CTX_TASK_ID=generate_report
AIRFLOW_CTX_EXECUTION_DATE=2023-09-27T19:32:37.598184+00:00
AIRFLOW_CTX_TRY_NUMBER=1
AIRFLOW_CTX_DAG_RUN_ID=scheduled__2023-09-27T19:32:37.598184+00:00
[2023-10-05 19:32:48,653] {logging_mixin.py:115} INFO - Making request generate_report
[2023-10-05 19:32:49,446] {logging_mixin.py:115} INFO - Response is b'{"task_id":"MjAyMy0xMC0wNVQxOTozMjo0OQlsa25fcG9wb3Y="}'
[2023-10-05 19:32:49,448] {python.py:173} INFO - Done. Returned value was: None
[2023-10-05 19:32:49,479] {taskinstance.py:1395} INFO - Marking task as SUCCESS. dag_id=sales_mart, task_id=generate_report, execution_date=20230927T193237, start_date=20231005T193248, end_date=20231005T193249
[2023-10-05 19:32:49,536] {local_task_job.py:156} INFO - Task exited with return code 0
[2023-10-05 19:32:49,623] {local_task_job.py:273} INFO - 1 downstream tasks scheduled from follow-on schedule check
