[2023-10-07 08:18:05,282] {taskinstance.py:1159} INFO - Dependencies all met for <TaskInstance: sales_mart.generate_report scheduled__2023-09-30T08:17:37.691037+00:00 [queued]>
[2023-10-07 08:18:05,287] {taskinstance.py:1159} INFO - Dependencies all met for <TaskInstance: sales_mart.generate_report scheduled__2023-09-30T08:17:37.691037+00:00 [queued]>
[2023-10-07 08:18:05,288] {taskinstance.py:1356} INFO - 
--------------------------------------------------------------------------------
[2023-10-07 08:18:05,288] {taskinstance.py:1357} INFO - Starting attempt 1 of 1
[2023-10-07 08:18:05,289] {taskinstance.py:1358} INFO - 
--------------------------------------------------------------------------------
[2023-10-07 08:18:05,298] {taskinstance.py:1377} INFO - Executing <Task(PythonOperator): generate_report> on 2023-09-30 08:17:37.691037+00:00
[2023-10-07 08:18:05,300] {standard_task_runner.py:52} INFO - Started process 603 to run task
[2023-10-07 08:18:05,302] {standard_task_runner.py:79} INFO - Running: ['airflow', 'tasks', 'run', 'sales_mart', 'generate_report', 'scheduled__2023-09-30T08:17:37.691037+00:00', '--job-id', '3', '--raw', '--subdir', 'DAGS_FOLDER/sprint3.py', '--cfg-path', '/tmp/tmp027cjicd', '--error-file', '/tmp/tmphbo4crbi']
[2023-10-07 08:18:05,303] {standard_task_runner.py:80} INFO - Job 3: Subtask generate_report
[2023-10-07 08:18:05,337] {task_command.py:369} INFO - Running <TaskInstance: sales_mart.generate_report scheduled__2023-09-30T08:17:37.691037+00:00 [running]> on host 36d9c57a9c84
[2023-10-07 08:18:05,380] {taskinstance.py:1569} INFO - Exporting the following env vars:
AIRFLOW_CTX_DAG_EMAIL=student@example.com
AIRFLOW_CTX_DAG_OWNER=student
AIRFLOW_CTX_DAG_ID=sales_mart
AIRFLOW_CTX_TASK_ID=generate_report
AIRFLOW_CTX_EXECUTION_DATE=2023-09-30T08:17:37.691037+00:00
AIRFLOW_CTX_TRY_NUMBER=1
AIRFLOW_CTX_DAG_RUN_ID=scheduled__2023-09-30T08:17:37.691037+00:00
[2023-10-07 08:18:05,381] {logging_mixin.py:115} INFO - Making request generate_report
[2023-10-07 08:18:06,478] {logging_mixin.py:115} INFO - Response is b'{"task_id":"MjAyMy0xMC0wN1QwODoxODowNglsa25fcG9wb3Y="}'
[2023-10-07 08:18:06,478] {python.py:173} INFO - Done. Returned value was: None
[2023-10-07 08:18:06,487] {taskinstance.py:1395} INFO - Marking task as SUCCESS. dag_id=sales_mart, task_id=generate_report, execution_date=20230930T081737, start_date=20231007T081805, end_date=20231007T081806
[2023-10-07 08:18:06,520] {local_task_job.py:156} INFO - Task exited with return code 0
[2023-10-07 08:18:06,550] {local_task_job.py:273} INFO - 1 downstream tasks scheduled from follow-on schedule check
