[2023-10-07 11:43:34,387] {taskinstance.py:1159} INFO - Dependencies all met for <TaskInstance: sales_mart.get_increment manual__2023-10-07T11:42:24.050860+00:00 [queued]>
[2023-10-07 11:43:34,393] {taskinstance.py:1159} INFO - Dependencies all met for <TaskInstance: sales_mart.get_increment manual__2023-10-07T11:42:24.050860+00:00 [queued]>
[2023-10-07 11:43:34,394] {taskinstance.py:1356} INFO - 
--------------------------------------------------------------------------------
[2023-10-07 11:43:34,395] {taskinstance.py:1357} INFO - Starting attempt 1 of 1
[2023-10-07 11:43:34,395] {taskinstance.py:1358} INFO - 
--------------------------------------------------------------------------------
[2023-10-07 11:43:34,403] {taskinstance.py:1377} INFO - Executing <Task(PythonOperator): get_increment> on 2023-10-07 11:42:24.050860+00:00
[2023-10-07 11:43:34,406] {standard_task_runner.py:52} INFO - Started process 2110 to run task
[2023-10-07 11:43:34,408] {standard_task_runner.py:79} INFO - Running: ['airflow', 'tasks', 'run', 'sales_mart', 'get_increment', 'manual__2023-10-07T11:42:24.050860+00:00', '--job-id', '48', '--raw', '--subdir', 'DAGS_FOLDER/sprint3.py', '--cfg-path', '/tmp/tmpeenz5y9w', '--error-file', '/tmp/tmpavpgop26']
[2023-10-07 11:43:34,409] {standard_task_runner.py:80} INFO - Job 48: Subtask get_increment
[2023-10-07 11:43:34,445] {task_command.py:369} INFO - Running <TaskInstance: sales_mart.get_increment manual__2023-10-07T11:42:24.050860+00:00 [running]> on host 70ec72ace0d7
[2023-10-07 11:43:34,485] {taskinstance.py:1569} INFO - Exporting the following env vars:
AIRFLOW_CTX_DAG_EMAIL=student@example.com
AIRFLOW_CTX_DAG_OWNER=student
AIRFLOW_CTX_DAG_ID=sales_mart
AIRFLOW_CTX_TASK_ID=get_increment
AIRFLOW_CTX_EXECUTION_DATE=2023-10-07T11:42:24.050860+00:00
AIRFLOW_CTX_TRY_NUMBER=1
AIRFLOW_CTX_DAG_RUN_ID=manual__2023-10-07T11:42:24.050860+00:00
[2023-10-07 11:43:34,487] {logging_mixin.py:115} INFO - Making request get_increment
[2023-10-07 11:43:34,653] {logging_mixin.py:115} INFO - Response is b'{"report_id":"TWpBeU15MHhNQzB3TjFReE1UbzBNam95TlFsc2EyNWZjRzl3YjNZPQ==","date":"2023-10-07 00:00:00","status":"NOT FOUND","data":{"increment_id":null}}'
[2023-10-07 11:43:34,665] {logging_mixin.py:115} INFO - increment_id=None
[2023-10-07 11:43:34,665] {python.py:173} INFO - Done. Returned value was: None
[2023-10-07 11:43:34,674] {taskinstance.py:1395} INFO - Marking task as SUCCESS. dag_id=sales_mart, task_id=get_increment, execution_date=20231007T114224, start_date=20231007T114334, end_date=20231007T114334
[2023-10-07 11:43:34,702] {local_task_job.py:156} INFO - Task exited with return code 0
[2023-10-07 11:43:34,729] {local_task_job.py:273} INFO - 1 downstream tasks scheduled from follow-on schedule check
