[2023-10-07 13:00:44,607] {taskinstance.py:1159} INFO - Dependencies all met for <TaskInstance: sales_mart.generate_report scheduled__2023-10-04T12:57:59.807942+00:00 [queued]>
[2023-10-07 13:00:44,613] {taskinstance.py:1159} INFO - Dependencies all met for <TaskInstance: sales_mart.generate_report scheduled__2023-10-04T12:57:59.807942+00:00 [queued]>
[2023-10-07 13:00:44,614] {taskinstance.py:1356} INFO - 
--------------------------------------------------------------------------------
[2023-10-07 13:00:44,615] {taskinstance.py:1357} INFO - Starting attempt 1 of 1
[2023-10-07 13:00:44,616] {taskinstance.py:1358} INFO - 
--------------------------------------------------------------------------------
[2023-10-07 13:00:44,624] {taskinstance.py:1377} INFO - Executing <Task(PythonOperator): generate_report> on 2023-10-04 12:57:59.807942+00:00
[2023-10-07 13:00:44,628] {standard_task_runner.py:52} INFO - Started process 953 to run task
[2023-10-07 13:00:44,629] {standard_task_runner.py:79} INFO - Running: ['airflow', 'tasks', 'run', 'sales_mart', 'generate_report', 'scheduled__2023-10-04T12:57:59.807942+00:00', '--job-id', '14', '--raw', '--subdir', 'DAGS_FOLDER/sprint3 old.py', '--cfg-path', '/tmp/tmpg73r3c3j', '--error-file', '/tmp/tmpewve8o8w']
[2023-10-07 13:00:44,631] {standard_task_runner.py:80} INFO - Job 14: Subtask generate_report
[2023-10-07 13:00:44,671] {task_command.py:369} INFO - Running <TaskInstance: sales_mart.generate_report scheduled__2023-10-04T12:57:59.807942+00:00 [running]> on host 1af476629d92
[2023-10-07 13:00:44,713] {taskinstance.py:1569} INFO - Exporting the following env vars:
AIRFLOW_CTX_DAG_EMAIL=student@example.com
AIRFLOW_CTX_DAG_OWNER=student
AIRFLOW_CTX_DAG_ID=sales_mart
AIRFLOW_CTX_TASK_ID=generate_report
AIRFLOW_CTX_EXECUTION_DATE=2023-10-04T12:57:59.807942+00:00
AIRFLOW_CTX_TRY_NUMBER=1
AIRFLOW_CTX_DAG_RUN_ID=scheduled__2023-10-04T12:57:59.807942+00:00
[2023-10-07 13:00:44,714] {logging_mixin.py:115} INFO - Making request generate_report
[2023-10-07 13:00:45,059] {logging_mixin.py:115} INFO - Response is b'{"task_id":"MjAyMy0xMC0wN1QxMzowMDo0NAlsa25fcG9wb3Y="}'
[2023-10-07 13:00:45,060] {python.py:173} INFO - Done. Returned value was: None
[2023-10-07 13:00:45,069] {taskinstance.py:1395} INFO - Marking task as SUCCESS. dag_id=sales_mart, task_id=generate_report, execution_date=20231004T125759, start_date=20231007T130044, end_date=20231007T130045
[2023-10-07 13:00:45,084] {local_task_job.py:156} INFO - Task exited with return code 0
[2023-10-07 13:00:45,113] {local_task_job.py:273} INFO - 1 downstream tasks scheduled from follow-on schedule check
