[2023-10-07 08:21:57,433] {taskinstance.py:1159} INFO - Dependencies all met for <TaskInstance: sales_mart.update_d_city scheduled__2023-09-30T08:17:37.691037+00:00 [queued]>
[2023-10-07 08:21:57,439] {taskinstance.py:1159} INFO - Dependencies all met for <TaskInstance: sales_mart.update_d_city scheduled__2023-09-30T08:17:37.691037+00:00 [queued]>
[2023-10-07 08:21:57,440] {taskinstance.py:1356} INFO - 
--------------------------------------------------------------------------------
[2023-10-07 08:21:57,441] {taskinstance.py:1357} INFO - Starting attempt 1 of 1
[2023-10-07 08:21:57,442] {taskinstance.py:1358} INFO - 
--------------------------------------------------------------------------------
[2023-10-07 08:21:57,451] {taskinstance.py:1377} INFO - Executing <Task(PostgresOperator): update_d_city> on 2023-09-30 08:17:37.691037+00:00
[2023-10-07 08:21:57,454] {standard_task_runner.py:52} INFO - Started process 1337 to run task
[2023-10-07 08:21:57,456] {standard_task_runner.py:79} INFO - Running: ['airflow', 'tasks', 'run', 'sales_mart', 'update_d_city', 'scheduled__2023-09-30T08:17:37.691037+00:00', '--job-id', '28', '--raw', '--subdir', 'DAGS_FOLDER/sprint3.py', '--cfg-path', '/tmp/tmpx21vggdi', '--error-file', '/tmp/tmpnsr6k7t0']
[2023-10-07 08:21:57,457] {standard_task_runner.py:80} INFO - Job 28: Subtask update_d_city
[2023-10-07 08:21:57,491] {task_command.py:369} INFO - Running <TaskInstance: sales_mart.update_d_city scheduled__2023-09-30T08:17:37.691037+00:00 [running]> on host 36d9c57a9c84
[2023-10-07 08:21:57,526] {taskinstance.py:1569} INFO - Exporting the following env vars:
AIRFLOW_CTX_DAG_EMAIL=student@example.com
AIRFLOW_CTX_DAG_OWNER=student
AIRFLOW_CTX_DAG_ID=sales_mart
AIRFLOW_CTX_TASK_ID=update_d_city
AIRFLOW_CTX_EXECUTION_DATE=2023-09-30T08:17:37.691037+00:00
AIRFLOW_CTX_TRY_NUMBER=1
AIRFLOW_CTX_DAG_RUN_ID=scheduled__2023-09-30T08:17:37.691037+00:00
[2023-10-07 08:21:57,531] {base.py:68} INFO - Using connection ID 'postgresql_de' for task execution.
[2023-10-07 08:21:57,536] {sql.py:315} INFO - Running statement: insert into mart.d_city (city_id, city_name)
select city_id, city_name from staging.user_order_log
where city_id not in (select city_id from mart.d_city)
group by city_id, city_name;, parameters: None
[2023-10-07 08:21:57,545] {sql.py:324} INFO - Rows affected: 3
[2023-10-07 08:21:57,555] {taskinstance.py:1395} INFO - Marking task as SUCCESS. dag_id=sales_mart, task_id=update_d_city, execution_date=20230930T081737, start_date=20231007T082157, end_date=20231007T082157
[2023-10-07 08:21:57,589] {local_task_job.py:156} INFO - Task exited with return code 0
[2023-10-07 08:21:57,615] {local_task_job.py:273} INFO - 0 downstream tasks scheduled from follow-on schedule check
