[2023-10-07 12:03:45,515] {taskinstance.py:1159} INFO - Dependencies all met for <TaskInstance: sales_mart.get_report manual__2023-10-07T12:03:41.766037+00:00 [queued]>
[2023-10-07 12:03:45,520] {taskinstance.py:1159} INFO - Dependencies all met for <TaskInstance: sales_mart.get_report manual__2023-10-07T12:03:41.766037+00:00 [queued]>
[2023-10-07 12:03:45,521] {taskinstance.py:1356} INFO - 
--------------------------------------------------------------------------------
[2023-10-07 12:03:45,522] {taskinstance.py:1357} INFO - Starting attempt 1 of 1
[2023-10-07 12:03:45,523] {taskinstance.py:1358} INFO - 
--------------------------------------------------------------------------------
[2023-10-07 12:03:45,531] {taskinstance.py:1377} INFO - Executing <Task(PythonOperator): get_report> on 2023-10-07 12:03:41.766037+00:00
[2023-10-07 12:03:45,533] {standard_task_runner.py:52} INFO - Started process 3274 to run task
[2023-10-07 12:03:45,535] {standard_task_runner.py:79} INFO - Running: ['airflow', 'tasks', 'run', 'sales_mart', 'get_report', 'manual__2023-10-07T12:03:41.766037+00:00', '--job-id', '75', '--raw', '--subdir', 'DAGS_FOLDER/sprint3.py', '--cfg-path', '/tmp/tmp5v8x9u5t', '--error-file', '/tmp/tmp4xurk11w']
[2023-10-07 12:03:45,536] {standard_task_runner.py:80} INFO - Job 75: Subtask get_report
[2023-10-07 12:03:45,571] {task_command.py:369} INFO - Running <TaskInstance: sales_mart.get_report manual__2023-10-07T12:03:41.766037+00:00 [running]> on host 70ec72ace0d7
[2023-10-07 12:03:45,607] {taskinstance.py:1569} INFO - Exporting the following env vars:
AIRFLOW_CTX_DAG_EMAIL=student@example.com
AIRFLOW_CTX_DAG_OWNER=student
AIRFLOW_CTX_DAG_ID=sales_mart
AIRFLOW_CTX_TASK_ID=get_report
AIRFLOW_CTX_EXECUTION_DATE=2023-10-07T12:03:41.766037+00:00
AIRFLOW_CTX_TRY_NUMBER=1
AIRFLOW_CTX_DAG_RUN_ID=manual__2023-10-07T12:03:41.766037+00:00
[2023-10-07 12:03:45,608] {logging_mixin.py:115} INFO - Making request get_report
[2023-10-07 12:03:45,816] {logging_mixin.py:115} INFO - Response is b'{"task_id":"MjAyMy0xMC0wN1QxMjowMzo0NAlsa25fcG9wb3Y=","status":"RUNNING","data":{"report_id":null,"start_day":null,"end_date":null,"s3_path":{}}}'
[2023-10-07 12:03:56,257] {logging_mixin.py:115} INFO - Response is b'{"task_id":"MjAyMy0xMC0wN1QxMjowMzo0NAlsa25fcG9wb3Y=","status":"RUNNING","data":{"report_id":null,"start_day":null,"end_date":null,"s3_path":{}}}'
[2023-10-07 12:04:06,416] {logging_mixin.py:115} INFO - Response is b'{"task_id":"MjAyMy0xMC0wN1QxMjowMzo0NAlsa25fcG9wb3Y=","status":"RUNNING","data":{"report_id":null,"start_day":null,"end_date":null,"s3_path":{}}}'
[2023-10-07 12:04:16,569] {logging_mixin.py:115} INFO - Response is b'{"task_id":"MjAyMy0xMC0wN1QxMjowMzo0NAlsa25fcG9wb3Y=","status":"RUNNING","data":{"report_id":null,"start_day":null,"end_date":null,"s3_path":{}}}'
[2023-10-07 12:04:26,683] {logging_mixin.py:115} INFO - Response is b'{"task_id":"MjAyMy0xMC0wN1QxMjowMzo0NAlsa25fcG9wb3Y=","status":"RUNNING","data":{"report_id":null,"start_day":null,"end_date":null,"s3_path":{}}}'
[2023-10-07 12:04:37,228] {logging_mixin.py:115} INFO - Response is b'{"task_id":"MjAyMy0xMC0wN1QxMjowMzo0NAlsa25fcG9wb3Y=","status":"RUNNING","data":{"report_id":null,"start_day":null,"end_date":null,"s3_path":{}}}'
[2023-10-07 12:04:50,334] {logging_mixin.py:115} INFO - Response is b'{"task_id":"MjAyMy0xMC0wN1QxMjowMzo0NAlsa25fcG9wb3Y=","status":"SUCCESS","data":{"report_id":"TWpBeU15MHhNQzB3TjFReE1qb3dNem8wTkFsc2EyNWZjRzl3YjNZPQ==","start_day":"2023-09-07 00:00:00","end_date":"2023-09-29 00:00:00","s3_path":{"customer_research":"https://storage.yandexcloud.net/s3-sprint3/cohort_18/lkn_popov/project/TWpBeU15MHhNQzB3TjFReE1qb3dNem8wTkFsc2EyNWZjRzl3YjNZPQ==/customer_research.csv","user_order_log":"https://storage.yandexcloud.net/s3-sprint3/cohort_18/lkn_popov/project/TWpBeU15MHhNQzB3TjFReE1qb3dNem8wTkFsc2EyNWZjRzl3YjNZPQ==/user_order_log.csv","user_activity_log":"https://storage.yandexcloud.net/s3-sprint3/cohort_18/lkn_popov/project/TWpBeU15MHhNQzB3TjFReE1qb3dNem8wTkFsc2EyNWZjRzl3YjNZPQ==/user_activity_log.csv","price_log":"https://storage.yandexcloud.net/s3-sprint3/cohort_18/lkn_popov/project/TWpBeU15MHhNQzB3TjFReE1qb3dNem8wTkFsc2EyNWZjRzl3YjNZPQ==/price_log.csv"}}}'
[2023-10-07 12:04:50,348] {logging_mixin.py:115} INFO - Report_id=TWpBeU15MHhNQzB3TjFReE1qb3dNem8wTkFsc2EyNWZjRzl3YjNZPQ==
[2023-10-07 12:04:50,349] {python.py:173} INFO - Done. Returned value was: None
[2023-10-07 12:04:50,357] {taskinstance.py:1395} INFO - Marking task as SUCCESS. dag_id=sales_mart, task_id=get_report, execution_date=20231007T120341, start_date=20231007T120345, end_date=20231007T120450
[2023-10-07 12:04:50,370] {local_task_job.py:156} INFO - Task exited with return code 0
[2023-10-07 12:04:50,392] {local_task_job.py:273} INFO - 1 downstream tasks scheduled from follow-on schedule check
