[2023-10-07 12:16:00,839] {taskinstance.py:1159} INFO - Dependencies all met for <TaskInstance: sales_mart.update_d_city manual__2023-10-07T12:14:42.741836+00:00 [queued]>
[2023-10-07 12:16:00,845] {taskinstance.py:1159} INFO - Dependencies all met for <TaskInstance: sales_mart.update_d_city manual__2023-10-07T12:14:42.741836+00:00 [queued]>
[2023-10-07 12:16:00,846] {taskinstance.py:1356} INFO - 
--------------------------------------------------------------------------------
[2023-10-07 12:16:00,847] {taskinstance.py:1357} INFO - Starting attempt 1 of 1
[2023-10-07 12:16:00,847] {taskinstance.py:1358} INFO - 
--------------------------------------------------------------------------------
[2023-10-07 12:16:00,856] {taskinstance.py:1377} INFO - Executing <Task(PostgresOperator): update_d_city> on 2023-10-07 12:14:42.741836+00:00
[2023-10-07 12:16:00,859] {standard_task_runner.py:52} INFO - Started process 4140 to run task
[2023-10-07 12:16:00,861] {standard_task_runner.py:79} INFO - Running: ['airflow', 'tasks', 'run', 'sales_mart', 'update_d_city', 'manual__2023-10-07T12:14:42.741836+00:00', '--job-id', '97', '--raw', '--subdir', 'DAGS_FOLDER/sprint3.py', '--cfg-path', '/tmp/tmpokdmo_qn', '--error-file', '/tmp/tmp1fzo4agq']
[2023-10-07 12:16:00,862] {standard_task_runner.py:80} INFO - Job 97: Subtask update_d_city
[2023-10-07 12:16:00,898] {task_command.py:369} INFO - Running <TaskInstance: sales_mart.update_d_city manual__2023-10-07T12:14:42.741836+00:00 [running]> on host 70ec72ace0d7
[2023-10-07 12:16:00,936] {taskinstance.py:1569} INFO - Exporting the following env vars:
AIRFLOW_CTX_DAG_EMAIL=student@example.com
AIRFLOW_CTX_DAG_OWNER=student
AIRFLOW_CTX_DAG_ID=sales_mart
AIRFLOW_CTX_TASK_ID=update_d_city
AIRFLOW_CTX_EXECUTION_DATE=2023-10-07T12:14:42.741836+00:00
AIRFLOW_CTX_TRY_NUMBER=1
AIRFLOW_CTX_DAG_RUN_ID=manual__2023-10-07T12:14:42.741836+00:00
[2023-10-07 12:16:00,942] {base.py:68} INFO - Using connection ID 'postgresql_de' for task execution.
[2023-10-07 12:16:00,946] {sql.py:315} INFO - Running statement: insert into mart.d_city (city_id, city_name)
select city_id, city_name from staging.user_order_log
where city_id not in (select city_id from mart.d_city)
group by city_id, city_name;, parameters: None
[2023-10-07 12:16:00,948] {sql.py:324} INFO - Rows affected: 0
[2023-10-07 12:16:00,957] {taskinstance.py:1395} INFO - Marking task as SUCCESS. dag_id=sales_mart, task_id=update_d_city, execution_date=20231007T121442, start_date=20231007T121600, end_date=20231007T121600
[2023-10-07 12:16:00,994] {local_task_job.py:156} INFO - Task exited with return code 0
[2023-10-07 12:16:01,021] {local_task_job.py:273} INFO - 1 downstream tasks scheduled from follow-on schedule check
