[2023-10-07 12:57:18,265] {taskinstance.py:1159} INFO - Dependencies all met for <TaskInstance: sales_mart.check_incr manual__2023-10-07T12:55:56.754911+00:00 [queued]>
[2023-10-07 12:57:18,273] {taskinstance.py:1159} INFO - Dependencies all met for <TaskInstance: sales_mart.check_incr manual__2023-10-07T12:55:56.754911+00:00 [queued]>
[2023-10-07 12:57:18,273] {taskinstance.py:1356} INFO - 
--------------------------------------------------------------------------------
[2023-10-07 12:57:18,274] {taskinstance.py:1357} INFO - Starting attempt 1 of 1
[2023-10-07 12:57:18,275] {taskinstance.py:1358} INFO - 
--------------------------------------------------------------------------------
[2023-10-07 12:57:18,284] {taskinstance.py:1377} INFO - Executing <Task(BranchPythonOperator): check_incr> on 2023-10-07 12:55:56.754911+00:00
[2023-10-07 12:57:18,287] {standard_task_runner.py:52} INFO - Started process 3966 to run task
[2023-10-07 12:57:18,289] {standard_task_runner.py:79} INFO - Running: ['airflow', 'tasks', 'run', 'sales_mart', 'check_incr', 'manual__2023-10-07T12:55:56.754911+00:00', '--job-id', '109', '--raw', '--subdir', 'DAGS_FOLDER/sprint3 old.py', '--cfg-path', '/tmp/tmpx7o58ljz', '--error-file', '/tmp/tmprfxnj2hn']
[2023-10-07 12:57:18,289] {standard_task_runner.py:80} INFO - Job 109: Subtask check_incr
[2023-10-07 12:57:18,330] {task_command.py:369} INFO - Running <TaskInstance: sales_mart.check_incr manual__2023-10-07T12:55:56.754911+00:00 [running]> on host d964b2b568e5
[2023-10-07 12:57:18,376] {taskinstance.py:1569} INFO - Exporting the following env vars:
AIRFLOW_CTX_DAG_EMAIL=student@example.com
AIRFLOW_CTX_DAG_OWNER=student
AIRFLOW_CTX_DAG_ID=sales_mart
AIRFLOW_CTX_TASK_ID=check_incr
AIRFLOW_CTX_EXECUTION_DATE=2023-10-07T12:55:56.754911+00:00
AIRFLOW_CTX_TRY_NUMBER=1
AIRFLOW_CTX_DAG_RUN_ID=manual__2023-10-07T12:55:56.754911+00:00
[2023-10-07 12:57:18,385] {python.py:173} INFO - Done. Returned value was: ['dummy_l', 'update_d_item', 'update_d_customer', 'update_d_city', 'update_f_sales', 'update_f_customer_retention', 'dummy']
[2023-10-07 12:57:18,385] {skipmixin.py:140} INFO - Following branch ['dummy_l', 'update_d_item', 'update_d_customer', 'update_d_city', 'update_f_sales', 'update_f_customer_retention', 'dummy']
[2023-10-07 12:57:18,386] {skipmixin.py:175} INFO - Skipping tasks ['upload_user_order_inc']
[2023-10-07 12:57:18,421] {taskinstance.py:1395} INFO - Marking task as SUCCESS. dag_id=sales_mart, task_id=check_incr, execution_date=20231007T125556, start_date=20231007T125718, end_date=20231007T125718
[2023-10-07 12:57:18,462] {local_task_job.py:156} INFO - Task exited with return code 0
[2023-10-07 12:57:18,493] {local_task_job.py:273} INFO - 1 downstream tasks scheduled from follow-on schedule check
