[2023-10-05 19:30:54,473] {taskinstance.py:1159} INFO - Dependencies all met for <TaskInstance: sales_mart.get_report scheduled__2023-10-03T19:26:20.389129+00:00 [queued]>
[2023-10-05 19:30:54,485] {taskinstance.py:1159} INFO - Dependencies all met for <TaskInstance: sales_mart.get_report scheduled__2023-10-03T19:26:20.389129+00:00 [queued]>
[2023-10-05 19:30:54,485] {taskinstance.py:1356} INFO - 
--------------------------------------------------------------------------------
[2023-10-05 19:30:54,486] {taskinstance.py:1357} INFO - Starting attempt 1 of 1
[2023-10-05 19:30:54,487] {taskinstance.py:1358} INFO - 
--------------------------------------------------------------------------------
[2023-10-05 19:30:54,501] {taskinstance.py:1377} INFO - Executing <Task(PythonOperator): get_report> on 2023-10-03 19:26:20.389129+00:00
[2023-10-05 19:30:54,506] {standard_task_runner.py:52} INFO - Started process 1445 to run task
[2023-10-05 19:30:54,509] {standard_task_runner.py:79} INFO - Running: ['airflow', 'tasks', 'run', 'sales_mart', 'get_report', 'scheduled__2023-10-03T19:26:20.389129+00:00', '--job-id', '28', '--raw', '--subdir', 'DAGS_FOLDER/sprint3.py', '--cfg-path', '/tmp/tmph16mvlqx', '--error-file', '/tmp/tmp6ddp7ej9']
[2023-10-05 19:30:54,510] {standard_task_runner.py:80} INFO - Job 28: Subtask get_report
[2023-10-05 19:30:54,593] {task_command.py:369} INFO - Running <TaskInstance: sales_mart.get_report scheduled__2023-10-03T19:26:20.389129+00:00 [running]> on host 329f0cdeb700
[2023-10-05 19:30:54,691] {taskinstance.py:1569} INFO - Exporting the following env vars:
AIRFLOW_CTX_DAG_EMAIL=student@example.com
AIRFLOW_CTX_DAG_OWNER=student
AIRFLOW_CTX_DAG_ID=sales_mart
AIRFLOW_CTX_TASK_ID=get_report
AIRFLOW_CTX_EXECUTION_DATE=2023-10-03T19:26:20.389129+00:00
AIRFLOW_CTX_TRY_NUMBER=1
AIRFLOW_CTX_DAG_RUN_ID=scheduled__2023-10-03T19:26:20.389129+00:00
[2023-10-05 19:30:54,697] {logging_mixin.py:115} INFO - Making request get_report
[2023-10-05 19:30:54,877] {logging_mixin.py:115} INFO - Response is b'{"task_id":"MjAyMy0xMC0wNVQxOTozMDozMglsa25fcG9wb3Y=","status":"RUNNING","data":{"report_id":null,"start_day":null,"end_date":null,"s3_path":{}}}'
[2023-10-05 19:31:05,095] {logging_mixin.py:115} INFO - Response is b'{"task_id":"MjAyMy0xMC0wNVQxOTozMDozMglsa25fcG9wb3Y=","status":"RUNNING","data":{"report_id":null,"start_day":null,"end_date":null,"s3_path":{}}}'
[2023-10-05 19:31:15,269] {logging_mixin.py:115} INFO - Response is b'{"task_id":"MjAyMy0xMC0wNVQxOTozMDozMglsa25fcG9wb3Y=","status":"RUNNING","data":{"report_id":null,"start_day":null,"end_date":null,"s3_path":{}}}'
