[2023-10-07 12:21:12,793] {taskinstance.py:1159} INFO - Dependencies all met for <TaskInstance: sales_mart.generate_report scheduled__2023-10-02T12:19:33.489881+00:00 [queued]>
[2023-10-07 12:21:12,798] {taskinstance.py:1159} INFO - Dependencies all met for <TaskInstance: sales_mart.generate_report scheduled__2023-10-02T12:19:33.489881+00:00 [queued]>
[2023-10-07 12:21:12,799] {taskinstance.py:1356} INFO - 
--------------------------------------------------------------------------------
[2023-10-07 12:21:12,800] {taskinstance.py:1357} INFO - Starting attempt 1 of 1
[2023-10-07 12:21:12,801] {taskinstance.py:1358} INFO - 
--------------------------------------------------------------------------------
[2023-10-07 12:21:12,808] {taskinstance.py:1377} INFO - Executing <Task(PythonOperator): generate_report> on 2023-10-02 12:19:33.489881+00:00
[2023-10-07 12:21:12,811] {standard_task_runner.py:52} INFO - Started process 758 to run task
[2023-10-07 12:21:12,813] {standard_task_runner.py:79} INFO - Running: ['airflow', 'tasks', 'run', 'sales_mart', 'generate_report', 'scheduled__2023-10-02T12:19:33.489881+00:00', '--job-id', '8', '--raw', '--subdir', 'DAGS_FOLDER/sprint3.py', '--cfg-path', '/tmp/tmpyvftvrk5', '--error-file', '/tmp/tmpqjqo6ljh']
[2023-10-07 12:21:12,813] {standard_task_runner.py:80} INFO - Job 8: Subtask generate_report
[2023-10-07 12:21:12,848] {task_command.py:369} INFO - Running <TaskInstance: sales_mart.generate_report scheduled__2023-10-02T12:19:33.489881+00:00 [running]> on host d964b2b568e5
[2023-10-07 12:21:12,885] {taskinstance.py:1569} INFO - Exporting the following env vars:
AIRFLOW_CTX_DAG_EMAIL=student@example.com
AIRFLOW_CTX_DAG_OWNER=student
AIRFLOW_CTX_DAG_ID=sales_mart
AIRFLOW_CTX_TASK_ID=generate_report
AIRFLOW_CTX_EXECUTION_DATE=2023-10-02T12:19:33.489881+00:00
AIRFLOW_CTX_TRY_NUMBER=1
AIRFLOW_CTX_DAG_RUN_ID=scheduled__2023-10-02T12:19:33.489881+00:00
[2023-10-07 12:21:12,886] {logging_mixin.py:115} INFO - Making request generate_report
[2023-10-07 12:21:12,990] {logging_mixin.py:115} INFO - Response is b'{"task_id":"MjAyMy0xMC0wN1QxMjoyMToxMglsa25fcG9wb3Y="}'
[2023-10-07 12:21:12,990] {python.py:173} INFO - Done. Returned value was: None
[2023-10-07 12:21:13,000] {taskinstance.py:1395} INFO - Marking task as SUCCESS. dag_id=sales_mart, task_id=generate_report, execution_date=20231002T121933, start_date=20231007T122112, end_date=20231007T122113
[2023-10-07 12:21:13,026] {local_task_job.py:156} INFO - Task exited with return code 0
[2023-10-07 12:21:13,053] {local_task_job.py:273} INFO - 1 downstream tasks scheduled from follow-on schedule check
