[2023-10-07 12:22:20,253] {taskinstance.py:1159} INFO - Dependencies all met for <TaskInstance: sales_mart.get_increment scheduled__2023-10-01T12:19:33.489881+00:00 [queued]>
[2023-10-07 12:22:20,259] {taskinstance.py:1159} INFO - Dependencies all met for <TaskInstance: sales_mart.get_increment scheduled__2023-10-01T12:19:33.489881+00:00 [queued]>
[2023-10-07 12:22:20,260] {taskinstance.py:1356} INFO - 
--------------------------------------------------------------------------------
[2023-10-07 12:22:20,261] {taskinstance.py:1357} INFO - Starting attempt 1 of 1
[2023-10-07 12:22:20,262] {taskinstance.py:1358} INFO - 
--------------------------------------------------------------------------------
[2023-10-07 12:22:20,272] {taskinstance.py:1377} INFO - Executing <Task(PythonOperator): get_increment> on 2023-10-01 12:19:33.489881+00:00
[2023-10-07 12:22:20,274] {standard_task_runner.py:52} INFO - Started process 942 to run task
[2023-10-07 12:22:20,276] {standard_task_runner.py:79} INFO - Running: ['airflow', 'tasks', 'run', 'sales_mart', 'get_increment', 'scheduled__2023-10-01T12:19:33.489881+00:00', '--job-id', '14', '--raw', '--subdir', 'DAGS_FOLDER/sprint3.py', '--cfg-path', '/tmp/tmpohp4n_xo', '--error-file', '/tmp/tmp2vasiwmu']
[2023-10-07 12:22:20,277] {standard_task_runner.py:80} INFO - Job 14: Subtask get_increment
[2023-10-07 12:22:20,319] {task_command.py:369} INFO - Running <TaskInstance: sales_mart.get_increment scheduled__2023-10-01T12:19:33.489881+00:00 [running]> on host d964b2b568e5
[2023-10-07 12:22:20,360] {taskinstance.py:1569} INFO - Exporting the following env vars:
AIRFLOW_CTX_DAG_EMAIL=student@example.com
AIRFLOW_CTX_DAG_OWNER=student
AIRFLOW_CTX_DAG_ID=sales_mart
AIRFLOW_CTX_TASK_ID=get_increment
AIRFLOW_CTX_EXECUTION_DATE=2023-10-01T12:19:33.489881+00:00
AIRFLOW_CTX_TRY_NUMBER=1
AIRFLOW_CTX_DAG_RUN_ID=scheduled__2023-10-01T12:19:33.489881+00:00
[2023-10-07 12:22:20,361] {logging_mixin.py:115} INFO - Making request get_increment
[2023-10-07 12:22:22,335] {logging_mixin.py:115} INFO - Response is b'{"report_id":"TWpBeU15MHhNQzB3TjFReE1qb3lNRG93TUFsc2EyNWZjRzl3YjNZPQ==","date":"2023-10-01 00:00:00","status":"SUCCESS","data":{"increment_id":"MjAyMy0xMC0wMVQwMDowMDowMAlUV3BCZVUxNU1IaE5RekIzVGpGUmVFMXFiM2xOUkc5M1RVRnNjMkV5TldaalJ6bDNZak5aUFE9PQ==","s3_path":{"customer_research_inc":"https://storage.yandexcloud.net/s3-sprint3/cohort_18/lkn_popov/project/MjAyMy0xMC0wMVQwMDowMDowMAlUV3BCZVUxNU1IaE5RekIzVGpGUmVFMXFiM2xOUkc5M1RVRnNjMkV5TldaalJ6bDNZak5aUFE9PQ==/customer_research_inc.csv","user_order_log_inc":"https://storage.yandexcloud.net/s3-sprint3/cohort_18/lkn_popov/project/MjAyMy0xMC0wMVQwMDowMDowMAlUV3BCZVUxNU1IaE5RekIzVGpGUmVFMXFiM2xOUkc5M1RVRnNjMkV5TldaalJ6bDNZak5aUFE9PQ==/user_order_log_inc.csv","user_activity_log_inc":"https://storage.yandexcloud.net/s3-sprint3/cohort_18/lkn_popov/project/MjAyMy0xMC0wMVQwMDowMDowMAlUV3BCZVUxNU1IaE5RekIzVGpGUmVFMXFiM2xOUkc5M1RVRnNjMkV5TldaalJ6bDNZak5aUFE9PQ==/user_activity_log_inc.csv","price_log_inc":"https://storage.yandexcloud.net/s3-sprint3/cohort_18/lkn_popov/project/TWpBeU15MHhNQzB3TjFReE1qb3lNRG93TUFsc2EyNWZjRzl3YjNZPQ==/price_log_inc.csv"}}}'
[2023-10-07 12:22:22,348] {logging_mixin.py:115} INFO - increment_id=MjAyMy0xMC0wMVQwMDowMDowMAlUV3BCZVUxNU1IaE5RekIzVGpGUmVFMXFiM2xOUkc5M1RVRnNjMkV5TldaalJ6bDNZak5aUFE9PQ==
[2023-10-07 12:22:22,349] {python.py:173} INFO - Done. Returned value was: None
[2023-10-07 12:22:22,357] {taskinstance.py:1395} INFO - Marking task as SUCCESS. dag_id=sales_mart, task_id=get_increment, execution_date=20231001T121933, start_date=20231007T122220, end_date=20231007T122222
[2023-10-07 12:22:22,383] {local_task_job.py:156} INFO - Task exited with return code 0
[2023-10-07 12:22:22,410] {local_task_job.py:273} INFO - 1 downstream tasks scheduled from follow-on schedule check
