[2023-10-05 19:30:22,957] {taskinstance.py:1159} INFO - Dependencies all met for <TaskInstance: sales_mart.get_increment scheduled__2023-09-30T19:26:20.389129+00:00 [queued]>
[2023-10-05 19:30:22,973] {taskinstance.py:1159} INFO - Dependencies all met for <TaskInstance: sales_mart.get_increment scheduled__2023-09-30T19:26:20.389129+00:00 [queued]>
[2023-10-05 19:30:22,974] {taskinstance.py:1356} INFO - 
--------------------------------------------------------------------------------
[2023-10-05 19:30:22,975] {taskinstance.py:1357} INFO - Starting attempt 1 of 1
[2023-10-05 19:30:22,975] {taskinstance.py:1358} INFO - 
--------------------------------------------------------------------------------
[2023-10-05 19:30:23,002] {taskinstance.py:1377} INFO - Executing <Task(PythonOperator): get_increment> on 2023-09-30 19:26:20.389129+00:00
[2023-10-05 19:30:23,010] {standard_task_runner.py:52} INFO - Started process 1272 to run task
[2023-10-05 19:30:23,015] {standard_task_runner.py:79} INFO - Running: ['airflow', 'tasks', 'run', 'sales_mart', 'get_increment', 'scheduled__2023-09-30T19:26:20.389129+00:00', '--job-id', '21', '--raw', '--subdir', 'DAGS_FOLDER/sprint3.py', '--cfg-path', '/tmp/tmp3frmlc7r', '--error-file', '/tmp/tmpvv34a3lt']
[2023-10-05 19:30:23,016] {standard_task_runner.py:80} INFO - Job 21: Subtask get_increment
[2023-10-05 19:30:23,106] {task_command.py:369} INFO - Running <TaskInstance: sales_mart.get_increment scheduled__2023-09-30T19:26:20.389129+00:00 [running]> on host 329f0cdeb700
[2023-10-05 19:30:23,225] {taskinstance.py:1569} INFO - Exporting the following env vars:
AIRFLOW_CTX_DAG_EMAIL=student@example.com
AIRFLOW_CTX_DAG_OWNER=student
AIRFLOW_CTX_DAG_ID=sales_mart
AIRFLOW_CTX_TASK_ID=get_increment
AIRFLOW_CTX_EXECUTION_DATE=2023-09-30T19:26:20.389129+00:00
AIRFLOW_CTX_TRY_NUMBER=1
AIRFLOW_CTX_DAG_RUN_ID=scheduled__2023-09-30T19:26:20.389129+00:00
[2023-10-05 19:30:23,227] {logging_mixin.py:115} INFO - Making request get_increment
[2023-10-05 19:30:25,307] {logging_mixin.py:115} INFO - Response is b'{"report_id":"TWpBeU15MHhNQzB3TlZReE9Ub3lPRG93T0Fsc2EyNWZjRzl3YjNZPQ==","date":"2023-09-30 00:00:00","status":"SUCCESS","data":{"increment_id":"MjAyMy0wOS0zMFQwMDowMDowMAlUV3BCZVUxNU1IaE5RekIzVGxaUmVFOVViM2xQUkc5M1QwRnNjMkV5TldaalJ6bDNZak5aUFE9PQ==","s3_path":{"customer_research_inc":"https://storage.yandexcloud.net/s3-sprint3/cohort_18/lkn_popov/project/MjAyMy0wOS0zMFQwMDowMDowMAlUV3BCZVUxNU1IaE5RekIzVGxaUmVFOVViM2xQUkc5M1QwRnNjMkV5TldaalJ6bDNZak5aUFE9PQ==/customer_research_inc.csv","user_order_log_inc":"https://storage.yandexcloud.net/s3-sprint3/cohort_18/lkn_popov/project/MjAyMy0wOS0zMFQwMDowMDowMAlUV3BCZVUxNU1IaE5RekIzVGxaUmVFOVViM2xQUkc5M1QwRnNjMkV5TldaalJ6bDNZak5aUFE9PQ==/user_order_log_inc.csv","user_activity_log_inc":"https://storage.yandexcloud.net/s3-sprint3/cohort_18/lkn_popov/project/MjAyMy0wOS0zMFQwMDowMDowMAlUV3BCZVUxNU1IaE5RekIzVGxaUmVFOVViM2xQUkc5M1QwRnNjMkV5TldaalJ6bDNZak5aUFE9PQ==/user_activity_log_inc.csv","price_log_inc":"https://storage.yandexcloud.net/s3-sprint3/cohort_18/lkn_popov/project/TWpBeU15MHhNQzB3TlZReE9Ub3lPRG93T0Fsc2EyNWZjRzl3YjNZPQ==/price_log_inc.csv"}}}'
[2023-10-05 19:30:25,352] {logging_mixin.py:115} INFO - increment_id=MjAyMy0wOS0zMFQwMDowMDowMAlUV3BCZVUxNU1IaE5RekIzVGxaUmVFOVViM2xQUkc5M1QwRnNjMkV5TldaalJ6bDNZak5aUFE9PQ==
[2023-10-05 19:30:25,354] {python.py:173} INFO - Done. Returned value was: None
[2023-10-05 19:30:25,379] {taskinstance.py:1395} INFO - Marking task as SUCCESS. dag_id=sales_mart, task_id=get_increment, execution_date=20230930T192620, start_date=20231005T193022, end_date=20231005T193025
[2023-10-05 19:30:25,414] {local_task_job.py:156} INFO - Task exited with return code 0
[2023-10-05 19:30:25,483] {local_task_job.py:273} INFO - 1 downstream tasks scheduled from follow-on schedule check
