[2023-10-05 18:49:07,527] {taskinstance.py:1159} INFO - Dependencies all met for <TaskInstance: sales_mart.get_report scheduled__2023-09-29T18:47:26.124137+00:00 [queued]>
[2023-10-05 18:49:07,540] {taskinstance.py:1159} INFO - Dependencies all met for <TaskInstance: sales_mart.get_report scheduled__2023-09-29T18:47:26.124137+00:00 [queued]>
[2023-10-05 18:49:07,541] {taskinstance.py:1356} INFO - 
--------------------------------------------------------------------------------
[2023-10-05 18:49:07,541] {taskinstance.py:1357} INFO - Starting attempt 1 of 1
[2023-10-05 18:49:07,542] {taskinstance.py:1358} INFO - 
--------------------------------------------------------------------------------
[2023-10-05 18:49:07,566] {taskinstance.py:1377} INFO - Executing <Task(PythonOperator): get_report> on 2023-09-29 18:47:26.124137+00:00
[2023-10-05 18:49:07,571] {standard_task_runner.py:52} INFO - Started process 1439 to run task
[2023-10-05 18:49:07,575] {standard_task_runner.py:79} INFO - Running: ['airflow', 'tasks', 'run', 'sales_mart', 'get_report', 'scheduled__2023-09-29T18:47:26.124137+00:00', '--job-id', '7', '--raw', '--subdir', 'DAGS_FOLDER/sprint3.py', '--cfg-path', '/tmp/tmpxp0z59go', '--error-file', '/tmp/tmpt97_p7fy']
[2023-10-05 18:49:07,576] {standard_task_runner.py:80} INFO - Job 7: Subtask get_report
[2023-10-05 18:49:07,643] {task_command.py:369} INFO - Running <TaskInstance: sales_mart.get_report scheduled__2023-09-29T18:47:26.124137+00:00 [running]> on host 2026d982a63a
[2023-10-05 18:49:07,746] {taskinstance.py:1569} INFO - Exporting the following env vars:
AIRFLOW_CTX_DAG_EMAIL=student@example.com
AIRFLOW_CTX_DAG_OWNER=student
AIRFLOW_CTX_DAG_ID=sales_mart
AIRFLOW_CTX_TASK_ID=get_report
AIRFLOW_CTX_EXECUTION_DATE=2023-09-29T18:47:26.124137+00:00
AIRFLOW_CTX_TRY_NUMBER=1
AIRFLOW_CTX_DAG_RUN_ID=scheduled__2023-09-29T18:47:26.124137+00:00
[2023-10-05 18:49:07,748] {logging_mixin.py:115} INFO - Making request get_report
[2023-10-05 18:49:10,997] {logging_mixin.py:115} INFO - Response is b'{"task_id":"MjAyMy0xMC0wNVQxODo0Nzo1Mglsa25fcG9wb3Y=","status":"SUCCESS","data":{"report_id":"TWpBeU15MHhNQzB3TlZReE9EbzBOem8xTWdsc2EyNWZjRzl3YjNZPQ==","start_day":"2023-09-05 00:00:00","end_date":"2023-09-27 00:00:00","s3_path":{"customer_research":"https://storage.yandexcloud.net/s3-sprint3/cohort_18/lkn_popov/project/TWpBeU15MHhNQzB3TlZReE9EbzBOem8xTWdsc2EyNWZjRzl3YjNZPQ==/customer_research.csv","user_order_log":"https://storage.yandexcloud.net/s3-sprint3/cohort_18/lkn_popov/project/TWpBeU15MHhNQzB3TlZReE9EbzBOem8xTWdsc2EyNWZjRzl3YjNZPQ==/user_order_log.csv","user_activity_log":"https://storage.yandexcloud.net/s3-sprint3/cohort_18/lkn_popov/project/TWpBeU15MHhNQzB3TlZReE9EbzBOem8xTWdsc2EyNWZjRzl3YjNZPQ==/user_activity_log.csv","price_log":"https://storage.yandexcloud.net/s3-sprint3/cohort_18/lkn_popov/project/TWpBeU15MHhNQzB3TlZReE9EbzBOem8xTWdsc2EyNWZjRzl3YjNZPQ==/price_log.csv"}}}'
[2023-10-05 18:49:11,029] {logging_mixin.py:115} INFO - Report_id=TWpBeU15MHhNQzB3TlZReE9EbzBOem8xTWdsc2EyNWZjRzl3YjNZPQ==
[2023-10-05 18:49:11,030] {python.py:173} INFO - Done. Returned value was: None
[2023-10-05 18:49:11,047] {taskinstance.py:1395} INFO - Marking task as SUCCESS. dag_id=sales_mart, task_id=get_report, execution_date=20230929T184726, start_date=20231005T184907, end_date=20231005T184911
[2023-10-05 18:49:11,095] {local_task_job.py:156} INFO - Task exited with return code 0
[2023-10-05 18:49:11,176] {local_task_job.py:273} INFO - 1 downstream tasks scheduled from follow-on schedule check
