[2023-10-07 13:00:41,359] {taskinstance.py:1159} INFO - Dependencies all met for <TaskInstance: sales_mart.check_incr scheduled__2023-09-30T12:57:59.807942+00:00 [queued]>
[2023-10-07 13:00:41,364] {taskinstance.py:1159} INFO - Dependencies all met for <TaskInstance: sales_mart.check_incr scheduled__2023-09-30T12:57:59.807942+00:00 [queued]>
[2023-10-07 13:00:41,365] {taskinstance.py:1356} INFO - 
--------------------------------------------------------------------------------
[2023-10-07 13:00:41,365] {taskinstance.py:1357} INFO - Starting attempt 1 of 1
[2023-10-07 13:00:41,365] {taskinstance.py:1358} INFO - 
--------------------------------------------------------------------------------
[2023-10-07 13:00:41,374] {taskinstance.py:1377} INFO - Executing <Task(BranchPythonOperator): check_incr> on 2023-09-30 12:57:59.807942+00:00
[2023-10-07 13:00:41,377] {standard_task_runner.py:52} INFO - Started process 901 to run task
[2023-10-07 13:00:41,378] {standard_task_runner.py:79} INFO - Running: ['airflow', 'tasks', 'run', 'sales_mart', 'check_incr', 'scheduled__2023-09-30T12:57:59.807942+00:00', '--job-id', '12', '--raw', '--subdir', 'DAGS_FOLDER/sprint3 old.py', '--cfg-path', '/tmp/tmpehbc23nt', '--error-file', '/tmp/tmp9taci5_f']
[2023-10-07 13:00:41,379] {standard_task_runner.py:80} INFO - Job 12: Subtask check_incr
[2023-10-07 13:00:41,417] {task_command.py:369} INFO - Running <TaskInstance: sales_mart.check_incr scheduled__2023-09-30T12:57:59.807942+00:00 [running]> on host 1af476629d92
[2023-10-07 13:00:41,460] {taskinstance.py:1569} INFO - Exporting the following env vars:
AIRFLOW_CTX_DAG_EMAIL=student@example.com
AIRFLOW_CTX_DAG_OWNER=student
AIRFLOW_CTX_DAG_ID=sales_mart
AIRFLOW_CTX_TASK_ID=check_incr
AIRFLOW_CTX_EXECUTION_DATE=2023-09-30T12:57:59.807942+00:00
AIRFLOW_CTX_TRY_NUMBER=1
AIRFLOW_CTX_DAG_RUN_ID=scheduled__2023-09-30T12:57:59.807942+00:00
[2023-10-07 13:00:41,469] {python.py:173} INFO - Done. Returned value was: ['dummy_l', 'update_d_item', 'update_d_customer', 'update_d_city', 'update_f_sales', 'update_f_customer_retention', 'upload_user_order_inc']
[2023-10-07 13:00:41,469] {skipmixin.py:140} INFO - Following branch ['dummy_l', 'update_d_item', 'update_d_customer', 'update_d_city', 'update_f_sales', 'update_f_customer_retention', 'upload_user_order_inc']
[2023-10-07 13:00:41,470] {skipmixin.py:175} INFO - Skipping tasks ['dummy']
[2023-10-07 13:00:41,506] {taskinstance.py:1395} INFO - Marking task as SUCCESS. dag_id=sales_mart, task_id=check_incr, execution_date=20230930T125759, start_date=20231007T130041, end_date=20231007T130041
[2023-10-07 13:00:41,552] {local_task_job.py:156} INFO - Task exited with return code 0
[2023-10-07 13:00:41,578] {local_task_job.py:273} INFO - 0 downstream tasks scheduled from follow-on schedule check
