[2023-10-05 19:36:23,553] {taskinstance.py:1159} INFO - Dependencies all met for <TaskInstance: sales_mart.get_increment scheduled__2023-09-30T19:32:37.598184+00:00 [queued]>
[2023-10-05 19:36:23,566] {taskinstance.py:1159} INFO - Dependencies all met for <TaskInstance: sales_mart.get_increment scheduled__2023-09-30T19:32:37.598184+00:00 [queued]>
[2023-10-05 19:36:23,567] {taskinstance.py:1356} INFO - 
--------------------------------------------------------------------------------
[2023-10-05 19:36:23,567] {taskinstance.py:1357} INFO - Starting attempt 1 of 1
[2023-10-05 19:36:23,568] {taskinstance.py:1358} INFO - 
--------------------------------------------------------------------------------
[2023-10-05 19:36:23,593] {taskinstance.py:1377} INFO - Executing <Task(PythonOperator): get_increment> on 2023-09-30 19:32:37.598184+00:00
[2023-10-05 19:36:23,599] {standard_task_runner.py:52} INFO - Started process 1295 to run task
[2023-10-05 19:36:23,603] {standard_task_runner.py:79} INFO - Running: ['airflow', 'tasks', 'run', 'sales_mart', 'get_increment', 'scheduled__2023-09-30T19:32:37.598184+00:00', '--job-id', '21', '--raw', '--subdir', 'DAGS_FOLDER/sprint3.py', '--cfg-path', '/tmp/tmpdfi77lll', '--error-file', '/tmp/tmpv0b_wz55']
[2023-10-05 19:36:23,605] {standard_task_runner.py:80} INFO - Job 21: Subtask get_increment
[2023-10-05 19:36:23,680] {task_command.py:369} INFO - Running <TaskInstance: sales_mart.get_increment scheduled__2023-09-30T19:32:37.598184+00:00 [running]> on host 8305c4468fa5
[2023-10-05 19:36:23,770] {taskinstance.py:1569} INFO - Exporting the following env vars:
AIRFLOW_CTX_DAG_EMAIL=student@example.com
AIRFLOW_CTX_DAG_OWNER=student
AIRFLOW_CTX_DAG_ID=sales_mart
AIRFLOW_CTX_TASK_ID=get_increment
AIRFLOW_CTX_EXECUTION_DATE=2023-09-30T19:32:37.598184+00:00
AIRFLOW_CTX_TRY_NUMBER=1
AIRFLOW_CTX_DAG_RUN_ID=scheduled__2023-09-30T19:32:37.598184+00:00
[2023-10-05 19:36:23,772] {logging_mixin.py:115} INFO - Making request get_increment
[2023-10-05 19:36:25,681] {logging_mixin.py:115} INFO - Response is b'{"report_id":"TWpBeU15MHhNQzB3TlZReE9Ub3pORG94T0Fsc2EyNWZjRzl3YjNZPQ==","date":"2023-09-30 00:00:00","status":"SUCCESS","data":{"increment_id":"MjAyMy0wOS0zMFQwMDowMDowMAlUV3BCZVUxNU1IaE5RekIzVGxaUmVFOVViM3BPUkc5NFQwRnNjMkV5TldaalJ6bDNZak5aUFE9PQ==","s3_path":{"customer_research_inc":"https://storage.yandexcloud.net/s3-sprint3/cohort_18/lkn_popov/project/MjAyMy0wOS0zMFQwMDowMDowMAlUV3BCZVUxNU1IaE5RekIzVGxaUmVFOVViM3BPUkc5NFQwRnNjMkV5TldaalJ6bDNZak5aUFE9PQ==/customer_research_inc.csv","user_order_log_inc":"https://storage.yandexcloud.net/s3-sprint3/cohort_18/lkn_popov/project/MjAyMy0wOS0zMFQwMDowMDowMAlUV3BCZVUxNU1IaE5RekIzVGxaUmVFOVViM3BPUkc5NFQwRnNjMkV5TldaalJ6bDNZak5aUFE9PQ==/user_order_log_inc.csv","user_activity_log_inc":"https://storage.yandexcloud.net/s3-sprint3/cohort_18/lkn_popov/project/MjAyMy0wOS0zMFQwMDowMDowMAlUV3BCZVUxNU1IaE5RekIzVGxaUmVFOVViM3BPUkc5NFQwRnNjMkV5TldaalJ6bDNZak5aUFE9PQ==/user_activity_log_inc.csv","price_log_inc":"https://storage.yandexcloud.net/s3-sprint3/cohort_18/lkn_popov/project/TWpBeU15MHhNQzB3TlZReE9Ub3pORG94T0Fsc2EyNWZjRzl3YjNZPQ==/price_log_inc.csv"}}}'
[2023-10-05 19:36:25,714] {logging_mixin.py:115} INFO - increment_id=MjAyMy0wOS0zMFQwMDowMDowMAlUV3BCZVUxNU1IaE5RekIzVGxaUmVFOVViM3BPUkc5NFQwRnNjMkV5TldaalJ6bDNZak5aUFE9PQ==
[2023-10-05 19:36:25,715] {python.py:173} INFO - Done. Returned value was: None
[2023-10-05 19:36:25,733] {taskinstance.py:1395} INFO - Marking task as SUCCESS. dag_id=sales_mart, task_id=get_increment, execution_date=20230930T193237, start_date=20231005T193623, end_date=20231005T193625
[2023-10-05 19:36:25,793] {local_task_job.py:156} INFO - Task exited with return code 0
[2023-10-05 19:36:25,856] {local_task_job.py:273} INFO - 1 downstream tasks scheduled from follow-on schedule check
