[2023-10-05 19:09:40,375] {taskinstance.py:1159} INFO - Dependencies all met for <TaskInstance: sales_mart.generate_report manual__2023-10-05T19:09:37.867740+00:00 [queued]>
[2023-10-05 19:09:40,387] {taskinstance.py:1159} INFO - Dependencies all met for <TaskInstance: sales_mart.generate_report manual__2023-10-05T19:09:37.867740+00:00 [queued]>
[2023-10-05 19:09:40,387] {taskinstance.py:1356} INFO - 
--------------------------------------------------------------------------------
[2023-10-05 19:09:40,388] {taskinstance.py:1357} INFO - Starting attempt 1 of 1
[2023-10-05 19:09:40,389] {taskinstance.py:1358} INFO - 
--------------------------------------------------------------------------------
[2023-10-05 19:09:40,412] {taskinstance.py:1377} INFO - Executing <Task(PythonOperator): generate_report> on 2023-10-05 19:09:37.867740+00:00
[2023-10-05 19:09:40,416] {standard_task_runner.py:52} INFO - Started process 2659 to run task
[2023-10-05 19:09:40,421] {standard_task_runner.py:79} INFO - Running: ['airflow', 'tasks', 'run', 'sales_mart', 'generate_report', 'manual__2023-10-05T19:09:37.867740+00:00', '--job-id', '38', '--raw', '--subdir', 'DAGS_FOLDER/sprint3.py', '--cfg-path', '/tmp/tmpxv9nqzh9', '--error-file', '/tmp/tmpbq1mc_3b']
[2023-10-05 19:09:40,422] {standard_task_runner.py:80} INFO - Job 38: Subtask generate_report
[2023-10-05 19:09:40,523] {task_command.py:369} INFO - Running <TaskInstance: sales_mart.generate_report manual__2023-10-05T19:09:37.867740+00:00 [running]> on host 2026d982a63a
[2023-10-05 19:09:40,616] {taskinstance.py:1569} INFO - Exporting the following env vars:
AIRFLOW_CTX_DAG_EMAIL=student@example.com
AIRFLOW_CTX_DAG_OWNER=student
AIRFLOW_CTX_DAG_ID=sales_mart
AIRFLOW_CTX_TASK_ID=generate_report
AIRFLOW_CTX_EXECUTION_DATE=2023-10-05T19:09:37.867740+00:00
AIRFLOW_CTX_TRY_NUMBER=1
AIRFLOW_CTX_DAG_RUN_ID=manual__2023-10-05T19:09:37.867740+00:00
[2023-10-05 19:09:40,618] {logging_mixin.py:115} INFO - Making request generate_report
[2023-10-05 19:09:41,314] {logging_mixin.py:115} INFO - Response is b'{"task_id":"MjAyMy0xMC0wNVQxOTowOTo0MAlsa25fcG9wb3Y="}'
[2023-10-05 19:09:41,315] {python.py:173} INFO - Done. Returned value was: None
[2023-10-05 19:09:41,335] {taskinstance.py:1395} INFO - Marking task as SUCCESS. dag_id=sales_mart, task_id=generate_report, execution_date=20231005T190937, start_date=20231005T190940, end_date=20231005T190941
[2023-10-05 19:09:41,362] {local_task_job.py:156} INFO - Task exited with return code 0
[2023-10-05 19:09:41,413] {local_task_job.py:273} INFO - 1 downstream tasks scheduled from follow-on schedule check
