[2023-10-07 12:51:23,548] {taskinstance.py:1159} INFO - Dependencies all met for <TaskInstance: sales_mart.get_report manual__2023-10-07T12:51:19.432801+00:00 [queued]>
[2023-10-07 12:51:23,555] {taskinstance.py:1159} INFO - Dependencies all met for <TaskInstance: sales_mart.get_report manual__2023-10-07T12:51:19.432801+00:00 [queued]>
[2023-10-07 12:51:23,556] {taskinstance.py:1356} INFO - 
--------------------------------------------------------------------------------
[2023-10-07 12:51:23,556] {taskinstance.py:1357} INFO - Starting attempt 1 of 1
[2023-10-07 12:51:23,557] {taskinstance.py:1358} INFO - 
--------------------------------------------------------------------------------
[2023-10-07 12:51:23,564] {taskinstance.py:1377} INFO - Executing <Task(PythonOperator): get_report> on 2023-10-07 12:51:19.432801+00:00
[2023-10-07 12:51:23,567] {standard_task_runner.py:52} INFO - Started process 3368 to run task
[2023-10-07 12:51:23,569] {standard_task_runner.py:79} INFO - Running: ['airflow', 'tasks', 'run', 'sales_mart', 'get_report', 'manual__2023-10-07T12:51:19.432801+00:00', '--job-id', '92', '--raw', '--subdir', 'DAGS_FOLDER/sprint3 old.py', '--cfg-path', '/tmp/tmpqgzsd8fi', '--error-file', '/tmp/tmp0_d5mrq2']
[2023-10-07 12:51:23,570] {standard_task_runner.py:80} INFO - Job 92: Subtask get_report
[2023-10-07 12:51:23,608] {task_command.py:369} INFO - Running <TaskInstance: sales_mart.get_report manual__2023-10-07T12:51:19.432801+00:00 [running]> on host d964b2b568e5
[2023-10-07 12:51:23,649] {taskinstance.py:1569} INFO - Exporting the following env vars:
AIRFLOW_CTX_DAG_EMAIL=student@example.com
AIRFLOW_CTX_DAG_OWNER=student
AIRFLOW_CTX_DAG_ID=sales_mart
AIRFLOW_CTX_TASK_ID=get_report
AIRFLOW_CTX_EXECUTION_DATE=2023-10-07T12:51:19.432801+00:00
AIRFLOW_CTX_TRY_NUMBER=1
AIRFLOW_CTX_DAG_RUN_ID=manual__2023-10-07T12:51:19.432801+00:00
[2023-10-07 12:51:23,650] {logging_mixin.py:115} INFO - Making request get_report
[2023-10-07 12:51:24,620] {logging_mixin.py:115} INFO - Response is b'{"task_id":"MjAyMy0xMC0wN1QxMjo1MToyMQlsa25fcG9wb3Y=","status":"RUNNING","data":{"report_id":null,"start_day":null,"end_date":null,"s3_path":{}}}'
[2023-10-07 12:51:34,793] {logging_mixin.py:115} INFO - Response is b'{"task_id":"MjAyMy0xMC0wN1QxMjo1MToyMQlsa25fcG9wb3Y=","status":"RUNNING","data":{"report_id":null,"start_day":null,"end_date":null,"s3_path":{}}}'
[2023-10-07 12:51:45,445] {logging_mixin.py:115} INFO - Response is b'{"task_id":"MjAyMy0xMC0wN1QxMjo1MToyMQlsa25fcG9wb3Y=","status":"RUNNING","data":{"report_id":null,"start_day":null,"end_date":null,"s3_path":{}}}'
[2023-10-07 12:51:55,619] {logging_mixin.py:115} INFO - Response is b'{"task_id":"MjAyMy0xMC0wN1QxMjo1MToyMQlsa25fcG9wb3Y=","status":"RUNNING","data":{"report_id":null,"start_day":null,"end_date":null,"s3_path":{}}}'
[2023-10-07 12:52:05,787] {logging_mixin.py:115} INFO - Response is b'{"task_id":"MjAyMy0xMC0wN1QxMjo1MToyMQlsa25fcG9wb3Y=","status":"RUNNING","data":{"report_id":null,"start_day":null,"end_date":null,"s3_path":{}}}'
[2023-10-07 12:52:16,218] {logging_mixin.py:115} INFO - Response is b'{"task_id":"MjAyMy0xMC0wN1QxMjo1MToyMQlsa25fcG9wb3Y=","status":"RUNNING","data":{"report_id":null,"start_day":null,"end_date":null,"s3_path":{}}}'
[2023-10-07 12:52:29,305] {logging_mixin.py:115} INFO - Response is b'{"task_id":"MjAyMy0xMC0wN1QxMjo1MToyMQlsa25fcG9wb3Y=","status":"SUCCESS","data":{"report_id":"TWpBeU15MHhNQzB3TjFReE1qbzFNVG95TVFsc2EyNWZjRzl3YjNZPQ==","start_day":"2023-09-07 00:00:00","end_date":"2023-09-29 00:00:00","s3_path":{"customer_research":"https://storage.yandexcloud.net/s3-sprint3/cohort_18/lkn_popov/project/TWpBeU15MHhNQzB3TjFReE1qbzFNVG95TVFsc2EyNWZjRzl3YjNZPQ==/customer_research.csv","user_order_log":"https://storage.yandexcloud.net/s3-sprint3/cohort_18/lkn_popov/project/TWpBeU15MHhNQzB3TjFReE1qbzFNVG95TVFsc2EyNWZjRzl3YjNZPQ==/user_order_log.csv","user_activity_log":"https://storage.yandexcloud.net/s3-sprint3/cohort_18/lkn_popov/project/TWpBeU15MHhNQzB3TjFReE1qbzFNVG95TVFsc2EyNWZjRzl3YjNZPQ==/user_activity_log.csv","price_log":"https://storage.yandexcloud.net/s3-sprint3/cohort_18/lkn_popov/project/TWpBeU15MHhNQzB3TjFReE1qbzFNVG95TVFsc2EyNWZjRzl3YjNZPQ==/price_log.csv"}}}'
[2023-10-07 12:52:29,316] {logging_mixin.py:115} INFO - Report_id=TWpBeU15MHhNQzB3TjFReE1qbzFNVG95TVFsc2EyNWZjRzl3YjNZPQ==
[2023-10-07 12:52:29,317] {python.py:173} INFO - Done. Returned value was: None
[2023-10-07 12:52:29,327] {taskinstance.py:1395} INFO - Marking task as SUCCESS. dag_id=sales_mart, task_id=get_report, execution_date=20231007T125119, start_date=20231007T125123, end_date=20231007T125229
[2023-10-07 12:52:29,374] {local_task_job.py:156} INFO - Task exited with return code 0
[2023-10-07 12:52:29,403] {local_task_job.py:273} INFO - 1 downstream tasks scheduled from follow-on schedule check
