[2023-10-07 11:33:44,284] {taskinstance.py:1159} INFO - Dependencies all met for <TaskInstance: sales_mart.get_increment scheduled__2023-10-06T11:28:42.370831+00:00 [queued]>
[2023-10-07 11:33:44,290] {taskinstance.py:1159} INFO - Dependencies all met for <TaskInstance: sales_mart.get_increment scheduled__2023-10-06T11:28:42.370831+00:00 [queued]>
[2023-10-07 11:33:44,292] {taskinstance.py:1356} INFO - 
--------------------------------------------------------------------------------
[2023-10-07 11:33:44,293] {taskinstance.py:1357} INFO - Starting attempt 1 of 1
[2023-10-07 11:33:44,293] {taskinstance.py:1358} INFO - 
--------------------------------------------------------------------------------
[2023-10-07 11:33:44,301] {taskinstance.py:1377} INFO - Executing <Task(PythonOperator): get_increment> on 2023-10-06 11:28:42.370831+00:00
[2023-10-07 11:33:44,304] {standard_task_runner.py:52} INFO - Started process 1572 to run task
[2023-10-07 11:33:44,305] {standard_task_runner.py:79} INFO - Running: ['airflow', 'tasks', 'run', 'sales_mart', 'get_increment', 'scheduled__2023-10-06T11:28:42.370831+00:00', '--job-id', '36', '--raw', '--subdir', 'DAGS_FOLDER/sprint3.py', '--cfg-path', '/tmp/tmpmrpv6l70', '--error-file', '/tmp/tmp8jsc3tgd']
[2023-10-07 11:33:44,306] {standard_task_runner.py:80} INFO - Job 36: Subtask get_increment
[2023-10-07 11:33:44,344] {task_command.py:369} INFO - Running <TaskInstance: sales_mart.get_increment scheduled__2023-10-06T11:28:42.370831+00:00 [running]> on host 70ec72ace0d7
[2023-10-07 11:33:44,382] {taskinstance.py:1569} INFO - Exporting the following env vars:
AIRFLOW_CTX_DAG_EMAIL=student@example.com
AIRFLOW_CTX_DAG_OWNER=student
AIRFLOW_CTX_DAG_ID=sales_mart
AIRFLOW_CTX_TASK_ID=get_increment
AIRFLOW_CTX_EXECUTION_DATE=2023-10-06T11:28:42.370831+00:00
AIRFLOW_CTX_TRY_NUMBER=1
AIRFLOW_CTX_DAG_RUN_ID=scheduled__2023-10-06T11:28:42.370831+00:00
[2023-10-07 11:33:44,383] {logging_mixin.py:115} INFO - Making request get_increment
[2023-10-07 11:33:46,288] {logging_mixin.py:115} INFO - Response is b'{"report_id":"TWpBeU15MHhNQzB3TjFReE1Ub3pNam95T1Fsc2EyNWZjRzl3YjNZPQ==","date":"2023-10-06 00:00:00","status":"SUCCESS","data":{"increment_id":"MjAyMy0xMC0wNlQwMDowMDowMAlUV3BCZVUxNU1IaE5RekIzVGpGUmVFMVViM3BOYW05NVQxRnNjMkV5TldaalJ6bDNZak5aUFE9PQ==","s3_path":{"customer_research_inc":"https://storage.yandexcloud.net/s3-sprint3/cohort_18/lkn_popov/project/MjAyMy0xMC0wNlQwMDowMDowMAlUV3BCZVUxNU1IaE5RekIzVGpGUmVFMVViM3BOYW05NVQxRnNjMkV5TldaalJ6bDNZak5aUFE9PQ==/customer_research_inc.csv","user_order_log_inc":"https://storage.yandexcloud.net/s3-sprint3/cohort_18/lkn_popov/project/MjAyMy0xMC0wNlQwMDowMDowMAlUV3BCZVUxNU1IaE5RekIzVGpGUmVFMVViM3BOYW05NVQxRnNjMkV5TldaalJ6bDNZak5aUFE9PQ==/user_order_log_inc.csv","user_activity_log_inc":"https://storage.yandexcloud.net/s3-sprint3/cohort_18/lkn_popov/project/MjAyMy0xMC0wNlQwMDowMDowMAlUV3BCZVUxNU1IaE5RekIzVGpGUmVFMVViM3BOYW05NVQxRnNjMkV5TldaalJ6bDNZak5aUFE9PQ==/user_activity_log_inc.csv","price_log_inc":"https://storage.yandexcloud.net/s3-sprint3/cohort_18/lkn_popov/project/TWpBeU15MHhNQzB3TjFReE1Ub3pNam95T1Fsc2EyNWZjRzl3YjNZPQ==/price_log_inc.csv"}}}'
[2023-10-07 11:33:46,302] {logging_mixin.py:115} INFO - increment_id=MjAyMy0xMC0wNlQwMDowMDowMAlUV3BCZVUxNU1IaE5RekIzVGpGUmVFMVViM3BOYW05NVQxRnNjMkV5TldaalJ6bDNZak5aUFE9PQ==
[2023-10-07 11:33:46,303] {python.py:173} INFO - Done. Returned value was: None
[2023-10-07 11:33:46,313] {taskinstance.py:1395} INFO - Marking task as SUCCESS. dag_id=sales_mart, task_id=get_increment, execution_date=20231006T112842, start_date=20231007T113344, end_date=20231007T113346
[2023-10-07 11:33:46,328] {local_task_job.py:156} INFO - Task exited with return code 0
[2023-10-07 11:33:46,359] {local_task_job.py:273} INFO - 1 downstream tasks scheduled from follow-on schedule check
