[2023-10-07 08:07:00,431] {taskinstance.py:1159} INFO - Dependencies all met for <TaskInstance: sales_mart.generate_report scheduled__2023-10-02T08:05:25.664213+00:00 [queued]>
[2023-10-07 08:07:00,437] {taskinstance.py:1159} INFO - Dependencies all met for <TaskInstance: sales_mart.generate_report scheduled__2023-10-02T08:05:25.664213+00:00 [queued]>
[2023-10-07 08:07:00,438] {taskinstance.py:1356} INFO - 
--------------------------------------------------------------------------------
[2023-10-07 08:07:00,439] {taskinstance.py:1357} INFO - Starting attempt 1 of 1
[2023-10-07 08:07:00,439] {taskinstance.py:1358} INFO - 
--------------------------------------------------------------------------------
[2023-10-07 08:07:00,448] {taskinstance.py:1377} INFO - Executing <Task(PythonOperator): generate_report> on 2023-10-02 08:05:25.664213+00:00
[2023-10-07 08:07:00,451] {standard_task_runner.py:52} INFO - Started process 922 to run task
[2023-10-07 08:07:00,453] {standard_task_runner.py:79} INFO - Running: ['airflow', 'tasks', 'run', 'sales_mart', 'generate_report', 'scheduled__2023-10-02T08:05:25.664213+00:00', '--job-id', '8', '--raw', '--subdir', 'DAGS_FOLDER/sprint3.py', '--cfg-path', '/tmp/tmp0ljms30s', '--error-file', '/tmp/tmp7442xlt1']
[2023-10-07 08:07:00,454] {standard_task_runner.py:80} INFO - Job 8: Subtask generate_report
[2023-10-07 08:07:00,490] {task_command.py:369} INFO - Running <TaskInstance: sales_mart.generate_report scheduled__2023-10-02T08:05:25.664213+00:00 [running]> on host 219fbcc16ca0
[2023-10-07 08:07:00,530] {taskinstance.py:1569} INFO - Exporting the following env vars:
AIRFLOW_CTX_DAG_EMAIL=student@example.com
AIRFLOW_CTX_DAG_OWNER=student
AIRFLOW_CTX_DAG_ID=sales_mart
AIRFLOW_CTX_TASK_ID=generate_report
AIRFLOW_CTX_EXECUTION_DATE=2023-10-02T08:05:25.664213+00:00
AIRFLOW_CTX_TRY_NUMBER=1
AIRFLOW_CTX_DAG_RUN_ID=scheduled__2023-10-02T08:05:25.664213+00:00
[2023-10-07 08:07:00,531] {logging_mixin.py:115} INFO - Making request generate_report
[2023-10-07 08:07:00,686] {logging_mixin.py:115} INFO - Response is b'{"task_id":"MjAyMy0xMC0wN1QwODowNzowMAlsa25fcG9wb3Y="}'
[2023-10-07 08:07:00,686] {python.py:173} INFO - Done. Returned value was: None
[2023-10-07 08:07:00,696] {taskinstance.py:1395} INFO - Marking task as SUCCESS. dag_id=sales_mart, task_id=generate_report, execution_date=20231002T080525, start_date=20231007T080700, end_date=20231007T080700
[2023-10-07 08:07:00,707] {local_task_job.py:156} INFO - Task exited with return code 0
[2023-10-07 08:07:00,734] {local_task_job.py:273} INFO - 1 downstream tasks scheduled from follow-on schedule check
