[2023-10-05 19:27:56,022] {taskinstance.py:1159} INFO - Dependencies all met for <TaskInstance: sales_mart.get_report scheduled__2023-09-28T19:26:20.389129+00:00 [queued]>
[2023-10-05 19:27:56,034] {taskinstance.py:1159} INFO - Dependencies all met for <TaskInstance: sales_mart.get_report scheduled__2023-09-28T19:26:20.389129+00:00 [queued]>
[2023-10-05 19:27:56,035] {taskinstance.py:1356} INFO - 
--------------------------------------------------------------------------------
[2023-10-05 19:27:56,035] {taskinstance.py:1357} INFO - Starting attempt 1 of 1
[2023-10-05 19:27:56,036] {taskinstance.py:1358} INFO - 
--------------------------------------------------------------------------------
[2023-10-05 19:27:56,062] {taskinstance.py:1377} INFO - Executing <Task(PythonOperator): get_report> on 2023-09-28 19:26:20.389129+00:00
[2023-10-05 19:27:56,066] {standard_task_runner.py:52} INFO - Started process 877 to run task
[2023-10-05 19:27:56,071] {standard_task_runner.py:79} INFO - Running: ['airflow', 'tasks', 'run', 'sales_mart', 'get_report', 'scheduled__2023-09-28T19:26:20.389129+00:00', '--job-id', '9', '--raw', '--subdir', 'DAGS_FOLDER/sprint3.py', '--cfg-path', '/tmp/tmp6ymzmxd2', '--error-file', '/tmp/tmpdp4i3e2i']
[2023-10-05 19:27:56,072] {standard_task_runner.py:80} INFO - Job 9: Subtask get_report
[2023-10-05 19:27:56,135] {task_command.py:369} INFO - Running <TaskInstance: sales_mart.get_report scheduled__2023-09-28T19:26:20.389129+00:00 [running]> on host 329f0cdeb700
[2023-10-05 19:27:56,212] {taskinstance.py:1569} INFO - Exporting the following env vars:
AIRFLOW_CTX_DAG_EMAIL=student@example.com
AIRFLOW_CTX_DAG_OWNER=student
AIRFLOW_CTX_DAG_ID=sales_mart
AIRFLOW_CTX_TASK_ID=get_report
AIRFLOW_CTX_EXECUTION_DATE=2023-09-28T19:26:20.389129+00:00
AIRFLOW_CTX_TRY_NUMBER=1
AIRFLOW_CTX_DAG_RUN_ID=scheduled__2023-09-28T19:26:20.389129+00:00
[2023-10-05 19:27:56,213] {logging_mixin.py:115} INFO - Making request get_report
[2023-10-05 19:27:59,305] {logging_mixin.py:115} INFO - Response is b'{"task_id":"MjAyMy0xMC0wNVQxOToyNjo0NQlsa25fcG9wb3Y=","status":"SUCCESS","data":{"report_id":"TWpBeU15MHhNQzB3TlZReE9Ub3lOam8wTlFsc2EyNWZjRzl3YjNZPQ==","start_day":"2023-09-05 00:00:00","end_date":"2023-09-27 00:00:00","s3_path":{"customer_research":"https://storage.yandexcloud.net/s3-sprint3/cohort_18/lkn_popov/project/TWpBeU15MHhNQzB3TlZReE9Ub3lOam8wTlFsc2EyNWZjRzl3YjNZPQ==/customer_research.csv","user_order_log":"https://storage.yandexcloud.net/s3-sprint3/cohort_18/lkn_popov/project/TWpBeU15MHhNQzB3TlZReE9Ub3lOam8wTlFsc2EyNWZjRzl3YjNZPQ==/user_order_log.csv","user_activity_log":"https://storage.yandexcloud.net/s3-sprint3/cohort_18/lkn_popov/project/TWpBeU15MHhNQzB3TlZReE9Ub3lOam8wTlFsc2EyNWZjRzl3YjNZPQ==/user_activity_log.csv","price_log":"https://storage.yandexcloud.net/s3-sprint3/cohort_18/lkn_popov/project/TWpBeU15MHhNQzB3TlZReE9Ub3lOam8wTlFsc2EyNWZjRzl3YjNZPQ==/price_log.csv"}}}'
[2023-10-05 19:27:59,330] {logging_mixin.py:115} INFO - Report_id=TWpBeU15MHhNQzB3TlZReE9Ub3lOam8wTlFsc2EyNWZjRzl3YjNZPQ==
[2023-10-05 19:27:59,333] {python.py:173} INFO - Done. Returned value was: None
[2023-10-05 19:27:59,346] {taskinstance.py:1395} INFO - Marking task as SUCCESS. dag_id=sales_mart, task_id=get_report, execution_date=20230928T192620, start_date=20231005T192756, end_date=20231005T192759
[2023-10-05 19:27:59,383] {local_task_job.py:156} INFO - Task exited with return code 0
[2023-10-05 19:27:59,452] {local_task_job.py:273} INFO - 1 downstream tasks scheduled from follow-on schedule check
