[2023-10-07 08:19:37,930] {taskinstance.py:1159} INFO - Dependencies all met for <TaskInstance: sales_mart.get_report scheduled__2023-10-02T08:17:37.691037+00:00 [queued]>
[2023-10-07 08:19:37,935] {taskinstance.py:1159} INFO - Dependencies all met for <TaskInstance: sales_mart.get_report scheduled__2023-10-02T08:17:37.691037+00:00 [queued]>
[2023-10-07 08:19:37,936] {taskinstance.py:1356} INFO - 
--------------------------------------------------------------------------------
[2023-10-07 08:19:37,937] {taskinstance.py:1357} INFO - Starting attempt 1 of 1
[2023-10-07 08:19:37,937] {taskinstance.py:1358} INFO - 
--------------------------------------------------------------------------------
[2023-10-07 08:19:37,946] {taskinstance.py:1377} INFO - Executing <Task(PythonOperator): get_report> on 2023-10-02 08:17:37.691037+00:00
[2023-10-07 08:19:37,948] {standard_task_runner.py:52} INFO - Started process 892 to run task
[2023-10-07 08:19:37,950] {standard_task_runner.py:79} INFO - Running: ['airflow', 'tasks', 'run', 'sales_mart', 'get_report', 'scheduled__2023-10-02T08:17:37.691037+00:00', '--job-id', '13', '--raw', '--subdir', 'DAGS_FOLDER/sprint3.py', '--cfg-path', '/tmp/tmpfgxmsw35', '--error-file', '/tmp/tmp7n4rmbez']
[2023-10-07 08:19:37,951] {standard_task_runner.py:80} INFO - Job 13: Subtask get_report
[2023-10-07 08:19:37,986] {task_command.py:369} INFO - Running <TaskInstance: sales_mart.get_report scheduled__2023-10-02T08:17:37.691037+00:00 [running]> on host 36d9c57a9c84
[2023-10-07 08:19:38,028] {taskinstance.py:1569} INFO - Exporting the following env vars:
AIRFLOW_CTX_DAG_EMAIL=student@example.com
AIRFLOW_CTX_DAG_OWNER=student
AIRFLOW_CTX_DAG_ID=sales_mart
AIRFLOW_CTX_TASK_ID=get_report
AIRFLOW_CTX_EXECUTION_DATE=2023-10-02T08:17:37.691037+00:00
AIRFLOW_CTX_TRY_NUMBER=1
AIRFLOW_CTX_DAG_RUN_ID=scheduled__2023-10-02T08:17:37.691037+00:00
[2023-10-07 08:19:38,029] {logging_mixin.py:115} INFO - Making request get_report
[2023-10-07 08:19:38,164] {logging_mixin.py:115} INFO - Response is b'{"task_id":"MjAyMy0xMC0wN1QwODoxOToyNQlsa25fcG9wb3Y=","status":"RUNNING","data":{"report_id":null,"start_day":null,"end_date":null,"s3_path":{}}}'
[2023-10-07 08:19:48,323] {logging_mixin.py:115} INFO - Response is b'{"task_id":"MjAyMy0xMC0wN1QwODoxOToyNQlsa25fcG9wb3Y=","status":"RUNNING","data":{"report_id":null,"start_day":null,"end_date":null,"s3_path":{}}}'
[2023-10-07 08:19:58,493] {logging_mixin.py:115} INFO - Response is b'{"task_id":"MjAyMy0xMC0wN1QwODoxOToyNQlsa25fcG9wb3Y=","status":"RUNNING","data":{"report_id":null,"start_day":null,"end_date":null,"s3_path":{}}}'
[2023-10-07 08:20:08,660] {logging_mixin.py:115} INFO - Response is b'{"task_id":"MjAyMy0xMC0wN1QwODoxOToyNQlsa25fcG9wb3Y=","status":"RUNNING","data":{"report_id":null,"start_day":null,"end_date":null,"s3_path":{}}}'
[2023-10-07 08:20:18,806] {logging_mixin.py:115} INFO - Response is b'{"task_id":"MjAyMy0xMC0wN1QwODoxOToyNQlsa25fcG9wb3Y=","status":"RUNNING","data":{"report_id":null,"start_day":null,"end_date":null,"s3_path":{}}}'
[2023-10-07 08:20:32,305] {logging_mixin.py:115} INFO - Response is b'{"task_id":"MjAyMy0xMC0wN1QwODoxOToyNQlsa25fcG9wb3Y=","status":"SUCCESS","data":{"report_id":"TWpBeU15MHhNQzB3TjFRd09Eb3hPVG95TlFsc2EyNWZjRzl3YjNZPQ==","start_day":"2023-09-07 00:00:00","end_date":"2023-09-29 00:00:00","s3_path":{"customer_research":"https://storage.yandexcloud.net/s3-sprint3/cohort_18/lkn_popov/project/TWpBeU15MHhNQzB3TjFRd09Eb3hPVG95TlFsc2EyNWZjRzl3YjNZPQ==/customer_research.csv","user_order_log":"https://storage.yandexcloud.net/s3-sprint3/cohort_18/lkn_popov/project/TWpBeU15MHhNQzB3TjFRd09Eb3hPVG95TlFsc2EyNWZjRzl3YjNZPQ==/user_order_log.csv","user_activity_log":"https://storage.yandexcloud.net/s3-sprint3/cohort_18/lkn_popov/project/TWpBeU15MHhNQzB3TjFRd09Eb3hPVG95TlFsc2EyNWZjRzl3YjNZPQ==/user_activity_log.csv","price_log":"https://storage.yandexcloud.net/s3-sprint3/cohort_18/lkn_popov/project/TWpBeU15MHhNQzB3TjFRd09Eb3hPVG95TlFsc2EyNWZjRzl3YjNZPQ==/price_log.csv"}}}'
[2023-10-07 08:20:32,317] {logging_mixin.py:115} INFO - Report_id=TWpBeU15MHhNQzB3TjFRd09Eb3hPVG95TlFsc2EyNWZjRzl3YjNZPQ==
[2023-10-07 08:20:32,318] {python.py:173} INFO - Done. Returned value was: None
[2023-10-07 08:20:32,326] {taskinstance.py:1395} INFO - Marking task as SUCCESS. dag_id=sales_mart, task_id=get_report, execution_date=20231002T081737, start_date=20231007T081937, end_date=20231007T082032
[2023-10-07 08:20:32,360] {local_task_job.py:156} INFO - Task exited with return code 0
[2023-10-07 08:20:32,388] {local_task_job.py:273} INFO - 1 downstream tasks scheduled from follow-on schedule check
