[2023-10-07 11:58:39,283] {taskinstance.py:1159} INFO - Dependencies all met for <TaskInstance: sales_mart.get_increment manual__2023-10-07T11:57:29.356715+00:00 [queued]>
[2023-10-07 11:58:39,288] {taskinstance.py:1159} INFO - Dependencies all met for <TaskInstance: sales_mart.get_increment manual__2023-10-07T11:57:29.356715+00:00 [queued]>
[2023-10-07 11:58:39,289] {taskinstance.py:1356} INFO - 
--------------------------------------------------------------------------------
[2023-10-07 11:58:39,290] {taskinstance.py:1357} INFO - Starting attempt 1 of 1
[2023-10-07 11:58:39,290] {taskinstance.py:1358} INFO - 
--------------------------------------------------------------------------------
[2023-10-07 11:58:39,298] {taskinstance.py:1377} INFO - Executing <Task(PythonOperator): get_increment> on 2023-10-07 11:57:29.356715+00:00
[2023-10-07 11:58:39,301] {standard_task_runner.py:52} INFO - Started process 2995 to run task
[2023-10-07 11:58:39,302] {standard_task_runner.py:79} INFO - Running: ['airflow', 'tasks', 'run', 'sales_mart', 'get_increment', 'manual__2023-10-07T11:57:29.356715+00:00', '--job-id', '68', '--raw', '--subdir', 'DAGS_FOLDER/sprint3.py', '--cfg-path', '/tmp/tmpp43fmm5i', '--error-file', '/tmp/tmpvkr8hm9m']
[2023-10-07 11:58:39,303] {standard_task_runner.py:80} INFO - Job 68: Subtask get_increment
[2023-10-07 11:58:39,340] {task_command.py:369} INFO - Running <TaskInstance: sales_mart.get_increment manual__2023-10-07T11:57:29.356715+00:00 [running]> on host 70ec72ace0d7
[2023-10-07 11:58:39,379] {taskinstance.py:1569} INFO - Exporting the following env vars:
AIRFLOW_CTX_DAG_EMAIL=student@example.com
AIRFLOW_CTX_DAG_OWNER=student
AIRFLOW_CTX_DAG_ID=sales_mart
AIRFLOW_CTX_TASK_ID=get_increment
AIRFLOW_CTX_EXECUTION_DATE=2023-10-07T11:57:29.356715+00:00
AIRFLOW_CTX_TRY_NUMBER=1
AIRFLOW_CTX_DAG_RUN_ID=manual__2023-10-07T11:57:29.356715+00:00
[2023-10-07 11:58:39,380] {logging_mixin.py:115} INFO - Making request get_increment
[2023-10-07 11:58:39,911] {logging_mixin.py:115} INFO - Response is b'{"report_id":"TWpBeU15MHhNQzB3TjFReE1UbzFOem96TVFsc2EyNWZjRzl3YjNZPQ==","date":"2023-10-07 00:00:00","status":"NOT FOUND","data":{"increment_id":null}}'
[2023-10-07 11:58:39,923] {logging_mixin.py:115} INFO - increment_id=None
[2023-10-07 11:58:39,924] {python.py:173} INFO - Done. Returned value was: None
[2023-10-07 11:58:39,933] {taskinstance.py:1395} INFO - Marking task as SUCCESS. dag_id=sales_mart, task_id=get_increment, execution_date=20231007T115729, start_date=20231007T115839, end_date=20231007T115839
[2023-10-07 11:58:39,959] {local_task_job.py:156} INFO - Task exited with return code 0
[2023-10-07 11:58:39,988] {local_task_job.py:273} INFO - 1 downstream tasks scheduled from follow-on schedule check
