[2023-10-05 19:36:36,097] {taskinstance.py:1159} INFO - Dependencies all met for <TaskInstance: sales_mart.update_d_item scheduled__2023-09-28T19:32:37.598184+00:00 [queued]>
[2023-10-05 19:36:36,109] {taskinstance.py:1159} INFO - Dependencies all met for <TaskInstance: sales_mart.update_d_item scheduled__2023-09-28T19:32:37.598184+00:00 [queued]>
[2023-10-05 19:36:36,109] {taskinstance.py:1356} INFO - 
--------------------------------------------------------------------------------
[2023-10-05 19:36:36,110] {taskinstance.py:1357} INFO - Starting attempt 1 of 1
[2023-10-05 19:36:36,111] {taskinstance.py:1358} INFO - 
--------------------------------------------------------------------------------
[2023-10-05 19:36:36,135] {taskinstance.py:1377} INFO - Executing <Task(PostgresOperator): update_d_item> on 2023-09-28 19:32:37.598184+00:00
[2023-10-05 19:36:36,139] {standard_task_runner.py:52} INFO - Started process 1393 to run task
[2023-10-05 19:36:36,143] {standard_task_runner.py:79} INFO - Running: ['airflow', 'tasks', 'run', 'sales_mart', 'update_d_item', 'scheduled__2023-09-28T19:32:37.598184+00:00', '--job-id', '25', '--raw', '--subdir', 'DAGS_FOLDER/sprint3.py', '--cfg-path', '/tmp/tmp974ic_4k', '--error-file', '/tmp/tmptt79b271']
[2023-10-05 19:36:36,144] {standard_task_runner.py:80} INFO - Job 25: Subtask update_d_item
[2023-10-05 19:36:36,213] {task_command.py:369} INFO - Running <TaskInstance: sales_mart.update_d_item scheduled__2023-09-28T19:32:37.598184+00:00 [running]> on host 8305c4468fa5
[2023-10-05 19:36:36,292] {taskinstance.py:1569} INFO - Exporting the following env vars:
AIRFLOW_CTX_DAG_EMAIL=student@example.com
AIRFLOW_CTX_DAG_OWNER=student
AIRFLOW_CTX_DAG_ID=sales_mart
AIRFLOW_CTX_TASK_ID=update_d_item
AIRFLOW_CTX_EXECUTION_DATE=2023-09-28T19:32:37.598184+00:00
AIRFLOW_CTX_TRY_NUMBER=1
AIRFLOW_CTX_DAG_RUN_ID=scheduled__2023-09-28T19:32:37.598184+00:00
[2023-10-05 19:36:36,302] {base.py:68} INFO - Using connection ID 'postgresql_de' for task execution.
[2023-10-05 19:36:36,307] {sql.py:315} INFO - Running statement: insert into mart.d_item (item_id, item_name)
select item_id, item_name from staging.user_order_log
where item_id not in (select item_id from mart.d_item)
group by item_id, item_name, parameters: None
[2023-10-05 19:36:36,316] {sql.py:324} INFO - Rows affected: 12
[2023-10-05 19:36:36,330] {taskinstance.py:1395} INFO - Marking task as SUCCESS. dag_id=sales_mart, task_id=update_d_item, execution_date=20230928T193237, start_date=20231005T193636, end_date=20231005T193636
[2023-10-05 19:36:36,358] {local_task_job.py:156} INFO - Task exited with return code 0
[2023-10-05 19:36:36,407] {local_task_job.py:273} INFO - 1 downstream tasks scheduled from follow-on schedule check
