[2023-10-05 19:26:41,061] {taskinstance.py:1159} INFO - Dependencies all met for <TaskInstance: sales_mart.generate_report manual__2023-10-05T19:26:33.981196+00:00 [queued]>
[2023-10-05 19:26:41,078] {taskinstance.py:1159} INFO - Dependencies all met for <TaskInstance: sales_mart.generate_report manual__2023-10-05T19:26:33.981196+00:00 [queued]>
[2023-10-05 19:26:41,079] {taskinstance.py:1356} INFO - 
--------------------------------------------------------------------------------
[2023-10-05 19:26:41,080] {taskinstance.py:1357} INFO - Starting attempt 1 of 1
[2023-10-05 19:26:41,081] {taskinstance.py:1358} INFO - 
--------------------------------------------------------------------------------
[2023-10-05 19:26:41,112] {taskinstance.py:1377} INFO - Executing <Task(PythonOperator): generate_report> on 2023-10-05 19:26:33.981196+00:00
[2023-10-05 19:26:41,118] {standard_task_runner.py:52} INFO - Started process 716 to run task
[2023-10-05 19:26:41,123] {standard_task_runner.py:79} INFO - Running: ['airflow', 'tasks', 'run', 'sales_mart', 'generate_report', 'manual__2023-10-05T19:26:33.981196+00:00', '--job-id', '4', '--raw', '--subdir', 'DAGS_FOLDER/sprint3.py', '--cfg-path', '/tmp/tmpbw0mk1x1', '--error-file', '/tmp/tmp62i6e61j']
[2023-10-05 19:26:41,125] {standard_task_runner.py:80} INFO - Job 4: Subtask generate_report
[2023-10-05 19:26:41,224] {task_command.py:369} INFO - Running <TaskInstance: sales_mart.generate_report manual__2023-10-05T19:26:33.981196+00:00 [running]> on host 329f0cdeb700
[2023-10-05 19:26:41,319] {taskinstance.py:1569} INFO - Exporting the following env vars:
AIRFLOW_CTX_DAG_EMAIL=student@example.com
AIRFLOW_CTX_DAG_OWNER=student
AIRFLOW_CTX_DAG_ID=sales_mart
AIRFLOW_CTX_TASK_ID=generate_report
AIRFLOW_CTX_EXECUTION_DATE=2023-10-05T19:26:33.981196+00:00
AIRFLOW_CTX_TRY_NUMBER=1
AIRFLOW_CTX_DAG_RUN_ID=manual__2023-10-05T19:26:33.981196+00:00
[2023-10-05 19:26:41,321] {logging_mixin.py:115} INFO - Making request generate_report
[2023-10-05 19:26:42,448] {logging_mixin.py:115} INFO - Response is b'{"task_id":"MjAyMy0xMC0wNVQxOToyNjo0Mglsa25fcG9wb3Y="}'
[2023-10-05 19:26:42,450] {python.py:173} INFO - Done. Returned value was: None
[2023-10-05 19:26:42,483] {taskinstance.py:1395} INFO - Marking task as SUCCESS. dag_id=sales_mart, task_id=generate_report, execution_date=20231005T192633, start_date=20231005T192641, end_date=20231005T192642
[2023-10-05 19:26:42,546] {local_task_job.py:156} INFO - Task exited with return code 0
[2023-10-05 19:26:42,635] {local_task_job.py:273} INFO - 1 downstream tasks scheduled from follow-on schedule check
