[2023-10-07 13:01:02,557] {taskinstance.py:1159} INFO - Dependencies all met for <TaskInstance: sales_mart.get_report scheduled__2023-10-04T12:57:59.807942+00:00 [queued]>
[2023-10-07 13:01:02,563] {taskinstance.py:1159} INFO - Dependencies all met for <TaskInstance: sales_mart.get_report scheduled__2023-10-04T12:57:59.807942+00:00 [queued]>
[2023-10-07 13:01:02,564] {taskinstance.py:1356} INFO - 
--------------------------------------------------------------------------------
[2023-10-07 13:01:02,565] {taskinstance.py:1357} INFO - Starting attempt 1 of 1
[2023-10-07 13:01:02,565] {taskinstance.py:1358} INFO - 
--------------------------------------------------------------------------------
[2023-10-07 13:01:02,573] {taskinstance.py:1377} INFO - Executing <Task(PythonOperator): get_report> on 2023-10-04 12:57:59.807942+00:00
[2023-10-07 13:01:02,577] {standard_task_runner.py:52} INFO - Started process 1148 to run task
[2023-10-07 13:01:02,579] {standard_task_runner.py:79} INFO - Running: ['airflow', 'tasks', 'run', 'sales_mart', 'get_report', 'scheduled__2023-10-04T12:57:59.807942+00:00', '--job-id', '22', '--raw', '--subdir', 'DAGS_FOLDER/sprint3.py', '--cfg-path', '/tmp/tmpxyqyb6av', '--error-file', '/tmp/tmpfnh899_j']
[2023-10-07 13:01:02,579] {standard_task_runner.py:80} INFO - Job 22: Subtask get_report
[2023-10-07 13:01:02,616] {task_command.py:369} INFO - Running <TaskInstance: sales_mart.get_report scheduled__2023-10-04T12:57:59.807942+00:00 [running]> on host 1af476629d92
[2023-10-07 13:01:02,657] {taskinstance.py:1569} INFO - Exporting the following env vars:
AIRFLOW_CTX_DAG_EMAIL=student@example.com
AIRFLOW_CTX_DAG_OWNER=student
AIRFLOW_CTX_DAG_ID=sales_mart
AIRFLOW_CTX_TASK_ID=get_report
AIRFLOW_CTX_EXECUTION_DATE=2023-10-04T12:57:59.807942+00:00
AIRFLOW_CTX_TRY_NUMBER=1
AIRFLOW_CTX_DAG_RUN_ID=scheduled__2023-10-04T12:57:59.807942+00:00
[2023-10-07 13:01:02,658] {logging_mixin.py:115} INFO - Making request get_report
[2023-10-07 13:01:02,884] {logging_mixin.py:115} INFO - Response is b'{"task_id":"MjAyMy0xMC0wN1QxMzowMDo0NAlsa25fcG9wb3Y=","status":"RUNNING","data":{"report_id":null,"start_day":null,"end_date":null,"s3_path":{}}}'
[2023-10-07 13:01:13,044] {logging_mixin.py:115} INFO - Response is b'{"task_id":"MjAyMy0xMC0wN1QxMzowMDo0NAlsa25fcG9wb3Y=","status":"RUNNING","data":{"report_id":null,"start_day":null,"end_date":null,"s3_path":{}}}'
[2023-10-07 13:01:23,284] {logging_mixin.py:115} INFO - Response is b'{"task_id":"MjAyMy0xMC0wN1QxMzowMDo0NAlsa25fcG9wb3Y=","status":"RUNNING","data":{"report_id":null,"start_day":null,"end_date":null,"s3_path":{}}}'
[2023-10-07 13:01:33,569] {logging_mixin.py:115} INFO - Response is b'{"task_id":"MjAyMy0xMC0wN1QxMzowMDo0NAlsa25fcG9wb3Y=","status":"RUNNING","data":{"report_id":null,"start_day":null,"end_date":null,"s3_path":{}}}'
[2023-10-07 13:01:43,811] {logging_mixin.py:115} INFO - Response is b'{"task_id":"MjAyMy0xMC0wN1QxMzowMDo0NAlsa25fcG9wb3Y=","status":"RUNNING","data":{"report_id":null,"start_day":null,"end_date":null,"s3_path":{}}}'
[2023-10-07 13:01:56,944] {logging_mixin.py:115} INFO - Response is b'{"task_id":"MjAyMy0xMC0wN1QxMzowMDo0NAlsa25fcG9wb3Y=","status":"SUCCESS","data":{"report_id":"TWpBeU15MHhNQzB3TjFReE16b3dNRG8wTkFsc2EyNWZjRzl3YjNZPQ==","start_day":"2023-09-07 00:00:00","end_date":"2023-09-29 00:00:00","s3_path":{"customer_research":"https://storage.yandexcloud.net/s3-sprint3/cohort_18/lkn_popov/project/TWpBeU15MHhNQzB3TjFReE16b3dNRG8wTkFsc2EyNWZjRzl3YjNZPQ==/customer_research.csv","user_order_log":"https://storage.yandexcloud.net/s3-sprint3/cohort_18/lkn_popov/project/TWpBeU15MHhNQzB3TjFReE16b3dNRG8wTkFsc2EyNWZjRzl3YjNZPQ==/user_order_log.csv","user_activity_log":"https://storage.yandexcloud.net/s3-sprint3/cohort_18/lkn_popov/project/TWpBeU15MHhNQzB3TjFReE16b3dNRG8wTkFsc2EyNWZjRzl3YjNZPQ==/user_activity_log.csv","price_log":"https://storage.yandexcloud.net/s3-sprint3/cohort_18/lkn_popov/project/TWpBeU15MHhNQzB3TjFReE16b3dNRG8wTkFsc2EyNWZjRzl3YjNZPQ==/price_log.csv"}}}'
[2023-10-07 13:01:56,958] {logging_mixin.py:115} INFO - Report_id=TWpBeU15MHhNQzB3TjFReE16b3dNRG8wTkFsc2EyNWZjRzl3YjNZPQ==
[2023-10-07 13:01:56,959] {python.py:173} INFO - Done. Returned value was: None
[2023-10-07 13:01:56,970] {taskinstance.py:1395} INFO - Marking task as SUCCESS. dag_id=sales_mart, task_id=get_report, execution_date=20231004T125759, start_date=20231007T130102, end_date=20231007T130156
[2023-10-07 13:01:56,990] {local_task_job.py:156} INFO - Task exited with return code 0
[2023-10-07 13:01:57,020] {local_task_job.py:273} INFO - 1 downstream tasks scheduled from follow-on schedule check
