[2023-10-05 19:17:50,356] {taskinstance.py:1159} INFO - Dependencies all met for <TaskInstance: sales_mart.get_report manual__2023-10-05T19:17:43.581273+00:00 [queued]>
[2023-10-05 19:17:50,370] {taskinstance.py:1159} INFO - Dependencies all met for <TaskInstance: sales_mart.get_report manual__2023-10-05T19:17:43.581273+00:00 [queued]>
[2023-10-05 19:17:50,371] {taskinstance.py:1356} INFO - 
--------------------------------------------------------------------------------
[2023-10-05 19:17:50,372] {taskinstance.py:1357} INFO - Starting attempt 1 of 1
[2023-10-05 19:17:50,373] {taskinstance.py:1358} INFO - 
--------------------------------------------------------------------------------
[2023-10-05 19:17:50,396] {taskinstance.py:1377} INFO - Executing <Task(PythonOperator): get_report> on 2023-10-05 19:17:43.581273+00:00
[2023-10-05 19:17:50,400] {standard_task_runner.py:52} INFO - Started process 2989 to run task
[2023-10-05 19:17:50,404] {standard_task_runner.py:79} INFO - Running: ['airflow', 'tasks', 'run', 'sales_mart', 'get_report', 'manual__2023-10-05T19:17:43.581273+00:00', '--job-id', '45', '--raw', '--subdir', 'DAGS_FOLDER/sprint3.py', '--cfg-path', '/tmp/tmpqbyaxoz2', '--error-file', '/tmp/tmpb0mgorci']
[2023-10-05 19:17:50,405] {standard_task_runner.py:80} INFO - Job 45: Subtask get_report
[2023-10-05 19:17:50,496] {task_command.py:369} INFO - Running <TaskInstance: sales_mart.get_report manual__2023-10-05T19:17:43.581273+00:00 [running]> on host 2026d982a63a
[2023-10-05 19:17:50,608] {taskinstance.py:1569} INFO - Exporting the following env vars:
AIRFLOW_CTX_DAG_EMAIL=student@example.com
AIRFLOW_CTX_DAG_OWNER=student
AIRFLOW_CTX_DAG_ID=sales_mart
AIRFLOW_CTX_TASK_ID=get_report
AIRFLOW_CTX_EXECUTION_DATE=2023-10-05T19:17:43.581273+00:00
AIRFLOW_CTX_TRY_NUMBER=1
AIRFLOW_CTX_DAG_RUN_ID=manual__2023-10-05T19:17:43.581273+00:00
[2023-10-05 19:17:50,609] {logging_mixin.py:115} INFO - Making request get_report
[2023-10-05 19:17:51,157] {logging_mixin.py:115} INFO - Response is b'{"task_id":"MjAyMy0xMC0wNVQxOToxNzo0Nwlsa25fcG9wb3Y=","status":"RUNNING","data":{"report_id":null,"start_day":null,"end_date":null,"s3_path":{}}}'
[2023-10-05 19:18:01,531] {logging_mixin.py:115} INFO - Response is b'{"task_id":"MjAyMy0xMC0wNVQxOToxNzo0Nwlsa25fcG9wb3Y=","status":"RUNNING","data":{"report_id":null,"start_day":null,"end_date":null,"s3_path":{}}}'
[2023-10-05 19:18:12,151] {logging_mixin.py:115} INFO - Response is b'{"task_id":"MjAyMy0xMC0wNVQxOToxNzo0Nwlsa25fcG9wb3Y=","status":"RUNNING","data":{"report_id":null,"start_day":null,"end_date":null,"s3_path":{}}}'
[2023-10-05 19:18:22,819] {logging_mixin.py:115} INFO - Response is b'{"task_id":"MjAyMy0xMC0wNVQxOToxNzo0Nwlsa25fcG9wb3Y=","status":"RUNNING","data":{"report_id":null,"start_day":null,"end_date":null,"s3_path":{}}}'
[2023-10-05 19:18:32,990] {logging_mixin.py:115} INFO - Response is b'{"task_id":"MjAyMy0xMC0wNVQxOToxNzo0Nwlsa25fcG9wb3Y=","status":"RUNNING","data":{"report_id":null,"start_day":null,"end_date":null,"s3_path":{}}}'
[2023-10-05 19:18:43,171] {logging_mixin.py:115} INFO - Response is b'{"task_id":"MjAyMy0xMC0wNVQxOToxNzo0Nwlsa25fcG9wb3Y=","status":"RUNNING","data":{"report_id":null,"start_day":null,"end_date":null,"s3_path":{}}}'
[2023-10-05 19:18:56,589] {logging_mixin.py:115} INFO - Response is b'{"task_id":"MjAyMy0xMC0wNVQxOToxNzo0Nwlsa25fcG9wb3Y=","status":"SUCCESS","data":{"report_id":"TWpBeU15MHhNQzB3TlZReE9Ub3hOem8wTndsc2EyNWZjRzl3YjNZPQ==","start_day":"2023-09-05 00:00:00","end_date":"2023-09-27 00:00:00","s3_path":{"customer_research":"https://storage.yandexcloud.net/s3-sprint3/cohort_18/lkn_popov/project/TWpBeU15MHhNQzB3TlZReE9Ub3hOem8wTndsc2EyNWZjRzl3YjNZPQ==/customer_research.csv","user_order_log":"https://storage.yandexcloud.net/s3-sprint3/cohort_18/lkn_popov/project/TWpBeU15MHhNQzB3TlZReE9Ub3hOem8wTndsc2EyNWZjRzl3YjNZPQ==/user_order_log.csv","user_activity_log":"https://storage.yandexcloud.net/s3-sprint3/cohort_18/lkn_popov/project/TWpBeU15MHhNQzB3TlZReE9Ub3hOem8wTndsc2EyNWZjRzl3YjNZPQ==/user_activity_log.csv","price_log":"https://storage.yandexcloud.net/s3-sprint3/cohort_18/lkn_popov/project/TWpBeU15MHhNQzB3TlZReE9Ub3hOem8wTndsc2EyNWZjRzl3YjNZPQ==/price_log.csv"}}}'
[2023-10-05 19:18:56,635] {logging_mixin.py:115} INFO - Report_id=TWpBeU15MHhNQzB3TlZReE9Ub3hOem8wTndsc2EyNWZjRzl3YjNZPQ==
[2023-10-05 19:18:56,637] {python.py:173} INFO - Done. Returned value was: None
[2023-10-05 19:18:56,656] {taskinstance.py:1395} INFO - Marking task as SUCCESS. dag_id=sales_mart, task_id=get_report, execution_date=20231005T191743, start_date=20231005T191750, end_date=20231005T191856
[2023-10-05 19:18:56,719] {local_task_job.py:156} INFO - Task exited with return code 0
[2023-10-05 19:18:56,778] {local_task_job.py:273} INFO - 1 downstream tasks scheduled from follow-on schedule check
