[2023-10-07 08:21:51,312] {taskinstance.py:1159} INFO - Dependencies all met for <TaskInstance: sales_mart.get_increment scheduled__2023-10-03T08:17:37.691037+00:00 [queued]>
[2023-10-07 08:21:51,318] {taskinstance.py:1159} INFO - Dependencies all met for <TaskInstance: sales_mart.get_increment scheduled__2023-10-03T08:17:37.691037+00:00 [queued]>
[2023-10-07 08:21:51,319] {taskinstance.py:1356} INFO - 
--------------------------------------------------------------------------------
[2023-10-07 08:21:51,319] {taskinstance.py:1357} INFO - Starting attempt 1 of 1
[2023-10-07 08:21:51,320] {taskinstance.py:1358} INFO - 
--------------------------------------------------------------------------------
[2023-10-07 08:21:51,327] {taskinstance.py:1377} INFO - Executing <Task(PythonOperator): get_increment> on 2023-10-03 08:17:37.691037+00:00
[2023-10-07 08:21:51,329] {standard_task_runner.py:52} INFO - Started process 1266 to run task
[2023-10-07 08:21:51,331] {standard_task_runner.py:79} INFO - Running: ['airflow', 'tasks', 'run', 'sales_mart', 'get_increment', 'scheduled__2023-10-03T08:17:37.691037+00:00', '--job-id', '25', '--raw', '--subdir', 'DAGS_FOLDER/sprint3.py', '--cfg-path', '/tmp/tmpup6v4hzj', '--error-file', '/tmp/tmp_w9bqnt0']
[2023-10-07 08:21:51,332] {standard_task_runner.py:80} INFO - Job 25: Subtask get_increment
[2023-10-07 08:21:51,366] {task_command.py:369} INFO - Running <TaskInstance: sales_mart.get_increment scheduled__2023-10-03T08:17:37.691037+00:00 [running]> on host 36d9c57a9c84
[2023-10-07 08:21:51,404] {taskinstance.py:1569} INFO - Exporting the following env vars:
AIRFLOW_CTX_DAG_EMAIL=student@example.com
AIRFLOW_CTX_DAG_OWNER=student
AIRFLOW_CTX_DAG_ID=sales_mart
AIRFLOW_CTX_TASK_ID=get_increment
AIRFLOW_CTX_EXECUTION_DATE=2023-10-03T08:17:37.691037+00:00
AIRFLOW_CTX_TRY_NUMBER=1
AIRFLOW_CTX_DAG_RUN_ID=scheduled__2023-10-03T08:17:37.691037+00:00
[2023-10-07 08:21:51,405] {logging_mixin.py:115} INFO - Making request get_increment
[2023-10-07 08:21:53,359] {logging_mixin.py:115} INFO - Response is b'{"report_id":"TWpBeU15MHhNQzB3TjFRd09Eb3hPVG96Tmdsc2EyNWZjRzl3YjNZPQ==","date":"2023-10-03 00:00:00","status":"SUCCESS","data":{"increment_id":"MjAyMy0xMC0wM1QwMDowMDowMAlUV3BCZVUxNU1IaE5RekIzVGpGUmQwOUViM2hQVkc5NlRtZHNjMkV5TldaalJ6bDNZak5aUFE9PQ==","s3_path":{"customer_research_inc":"https://storage.yandexcloud.net/s3-sprint3/cohort_18/lkn_popov/project/MjAyMy0xMC0wM1QwMDowMDowMAlUV3BCZVUxNU1IaE5RekIzVGpGUmQwOUViM2hQVkc5NlRtZHNjMkV5TldaalJ6bDNZak5aUFE9PQ==/customer_research_inc.csv","user_order_log_inc":"https://storage.yandexcloud.net/s3-sprint3/cohort_18/lkn_popov/project/MjAyMy0xMC0wM1QwMDowMDowMAlUV3BCZVUxNU1IaE5RekIzVGpGUmQwOUViM2hQVkc5NlRtZHNjMkV5TldaalJ6bDNZak5aUFE9PQ==/user_order_log_inc.csv","user_activity_log_inc":"https://storage.yandexcloud.net/s3-sprint3/cohort_18/lkn_popov/project/MjAyMy0xMC0wM1QwMDowMDowMAlUV3BCZVUxNU1IaE5RekIzVGpGUmQwOUViM2hQVkc5NlRtZHNjMkV5TldaalJ6bDNZak5aUFE9PQ==/user_activity_log_inc.csv","price_log_inc":"https://storage.yandexcloud.net/s3-sprint3/cohort_18/lkn_popov/project/TWpBeU15MHhNQzB3TjFRd09Eb3hPVG96Tmdsc2EyNWZjRzl3YjNZPQ==/price_log_inc.csv"}}}'
[2023-10-07 08:21:53,370] {logging_mixin.py:115} INFO - increment_id=MjAyMy0xMC0wM1QwMDowMDowMAlUV3BCZVUxNU1IaE5RekIzVGpGUmQwOUViM2hQVkc5NlRtZHNjMkV5TldaalJ6bDNZak5aUFE9PQ==
[2023-10-07 08:21:53,371] {python.py:173} INFO - Done. Returned value was: None
[2023-10-07 08:21:53,380] {taskinstance.py:1395} INFO - Marking task as SUCCESS. dag_id=sales_mart, task_id=get_increment, execution_date=20231003T081737, start_date=20231007T082151, end_date=20231007T082153
[2023-10-07 08:21:53,431] {local_task_job.py:156} INFO - Task exited with return code 0
[2023-10-07 08:21:53,460] {local_task_job.py:273} INFO - 1 downstream tasks scheduled from follow-on schedule check
