[2023-10-07 11:12:53,662] {taskinstance.py:1159} INFO - Dependencies all met for <TaskInstance: sales_mart.generate_report scheduled__2023-10-01T11:12:45.809445+00:00 [queued]>
[2023-10-07 11:12:53,668] {taskinstance.py:1159} INFO - Dependencies all met for <TaskInstance: sales_mart.generate_report scheduled__2023-10-01T11:12:45.809445+00:00 [queued]>
[2023-10-07 11:12:53,669] {taskinstance.py:1356} INFO - 
--------------------------------------------------------------------------------
[2023-10-07 11:12:53,669] {taskinstance.py:1357} INFO - Starting attempt 1 of 1
[2023-10-07 11:12:53,670] {taskinstance.py:1358} INFO - 
--------------------------------------------------------------------------------
[2023-10-07 11:12:53,679] {taskinstance.py:1377} INFO - Executing <Task(PythonOperator): generate_report> on 2023-10-01 11:12:45.809445+00:00
[2023-10-07 11:12:53,682] {standard_task_runner.py:52} INFO - Started process 737 to run task
[2023-10-07 11:12:53,683] {standard_task_runner.py:79} INFO - Running: ['airflow', 'tasks', 'run', 'sales_mart', 'generate_report', 'scheduled__2023-10-01T11:12:45.809445+00:00', '--job-id', '4', '--raw', '--subdir', 'DAGS_FOLDER/sprint3.py', '--cfg-path', '/tmp/tmp6ybzwlb4', '--error-file', '/tmp/tmp79m4qxow']
[2023-10-07 11:12:53,684] {standard_task_runner.py:80} INFO - Job 4: Subtask generate_report
[2023-10-07 11:12:53,719] {task_command.py:369} INFO - Running <TaskInstance: sales_mart.generate_report scheduled__2023-10-01T11:12:45.809445+00:00 [running]> on host 24f54d2755a2
[2023-10-07 11:12:53,755] {taskinstance.py:1569} INFO - Exporting the following env vars:
AIRFLOW_CTX_DAG_EMAIL=student@example.com
AIRFLOW_CTX_DAG_OWNER=student
AIRFLOW_CTX_DAG_ID=sales_mart
AIRFLOW_CTX_TASK_ID=generate_report
AIRFLOW_CTX_EXECUTION_DATE=2023-10-01T11:12:45.809445+00:00
AIRFLOW_CTX_TRY_NUMBER=1
AIRFLOW_CTX_DAG_RUN_ID=scheduled__2023-10-01T11:12:45.809445+00:00
[2023-10-07 11:12:53,756] {logging_mixin.py:115} INFO - Making request generate_report
[2023-10-07 11:12:54,803] {logging_mixin.py:115} INFO - Response is b'{"task_id":"MjAyMy0xMC0wN1QxMToxMjo1NAlsa25fcG9wb3Y="}'
[2023-10-07 11:12:54,804] {python.py:173} INFO - Done. Returned value was: None
[2023-10-07 11:12:54,816] {taskinstance.py:1395} INFO - Marking task as SUCCESS. dag_id=sales_mart, task_id=generate_report, execution_date=20231001T111245, start_date=20231007T111253, end_date=20231007T111254
[2023-10-07 11:12:54,863] {local_task_job.py:156} INFO - Task exited with return code 0
[2023-10-07 11:12:54,894] {local_task_job.py:273} INFO - 1 downstream tasks scheduled from follow-on schedule check
