[2023-10-07 12:25:25,939] {taskinstance.py:1159} INFO - Dependencies all met for <TaskInstance: sales_mart.check_incr scheduled__2023-10-06T12:19:33.489881+00:00 [queued]>
[2023-10-07 12:25:25,947] {taskinstance.py:1159} INFO - Dependencies all met for <TaskInstance: sales_mart.check_incr scheduled__2023-10-06T12:19:33.489881+00:00 [queued]>
[2023-10-07 12:25:25,947] {taskinstance.py:1356} INFO - 
--------------------------------------------------------------------------------
[2023-10-07 12:25:25,948] {taskinstance.py:1357} INFO - Starting attempt 1 of 1
[2023-10-07 12:25:25,948] {taskinstance.py:1358} INFO - 
--------------------------------------------------------------------------------
[2023-10-07 12:25:25,957] {taskinstance.py:1377} INFO - Executing <Task(BranchPythonOperator): check_incr> on 2023-10-06 12:19:33.489881+00:00
[2023-10-07 12:25:25,960] {standard_task_runner.py:52} INFO - Started process 2174 to run task
[2023-10-07 12:25:25,962] {standard_task_runner.py:79} INFO - Running: ['airflow', 'tasks', 'run', 'sales_mart', 'check_incr', 'scheduled__2023-10-06T12:19:33.489881+00:00', '--job-id', '61', '--raw', '--subdir', 'DAGS_FOLDER/sprint3.py', '--cfg-path', '/tmp/tmp52ogj_xz', '--error-file', '/tmp/tmphz3ygwdf']
[2023-10-07 12:25:25,963] {standard_task_runner.py:80} INFO - Job 61: Subtask check_incr
[2023-10-07 12:25:26,000] {task_command.py:369} INFO - Running <TaskInstance: sales_mart.check_incr scheduled__2023-10-06T12:19:33.489881+00:00 [running]> on host d964b2b568e5
[2023-10-07 12:25:26,044] {taskinstance.py:1569} INFO - Exporting the following env vars:
AIRFLOW_CTX_DAG_EMAIL=student@example.com
AIRFLOW_CTX_DAG_OWNER=student
AIRFLOW_CTX_DAG_ID=sales_mart
AIRFLOW_CTX_TASK_ID=check_incr
AIRFLOW_CTX_EXECUTION_DATE=2023-10-06T12:19:33.489881+00:00
AIRFLOW_CTX_TRY_NUMBER=1
AIRFLOW_CTX_DAG_RUN_ID=scheduled__2023-10-06T12:19:33.489881+00:00
[2023-10-07 12:25:26,052] {python.py:173} INFO - Done. Returned value was: ['dummy_l', 'update_d_item', 'update_d_customer', 'update_d_city', 'update_f_sales', 'update_f_customer_retention', 'upload_user_order_inc']
[2023-10-07 12:25:26,053] {skipmixin.py:140} INFO - Following branch ['dummy_l', 'update_d_item', 'update_d_customer', 'update_d_city', 'update_f_sales', 'update_f_customer_retention', 'upload_user_order_inc']
[2023-10-07 12:25:26,054] {skipmixin.py:175} INFO - Skipping tasks ['dummy']
[2023-10-07 12:25:26,095] {taskinstance.py:1395} INFO - Marking task as SUCCESS. dag_id=sales_mart, task_id=check_incr, execution_date=20231006T121933, start_date=20231007T122525, end_date=20231007T122526
[2023-10-07 12:25:26,136] {local_task_job.py:156} INFO - Task exited with return code 0
[2023-10-07 12:25:26,170] {local_task_job.py:273} INFO - 1 downstream tasks scheduled from follow-on schedule check
