[2023-10-07 08:22:23,269] {taskinstance.py:1159} INFO - Dependencies all met for <TaskInstance: sales_mart.update_f_sales manual__2023-10-07T08:18:03.159973+00:00 [queued]>
[2023-10-07 08:22:23,275] {taskinstance.py:1159} INFO - Dependencies all met for <TaskInstance: sales_mart.update_f_sales manual__2023-10-07T08:18:03.159973+00:00 [queued]>
[2023-10-07 08:22:23,276] {taskinstance.py:1356} INFO - 
--------------------------------------------------------------------------------
[2023-10-07 08:22:23,276] {taskinstance.py:1357} INFO - Starting attempt 1 of 1
[2023-10-07 08:22:23,277] {taskinstance.py:1358} INFO - 
--------------------------------------------------------------------------------
[2023-10-07 08:22:23,285] {taskinstance.py:1377} INFO - Executing <Task(PostgresOperator): update_f_sales> on 2023-10-07 08:18:03.159973+00:00
[2023-10-07 08:22:23,287] {standard_task_runner.py:52} INFO - Started process 1704 to run task
[2023-10-07 08:22:23,289] {standard_task_runner.py:79} INFO - Running: ['airflow', 'tasks', 'run', 'sales_mart', 'update_f_sales', 'manual__2023-10-07T08:18:03.159973+00:00', '--job-id', '43', '--raw', '--subdir', 'DAGS_FOLDER/sprint3.py', '--cfg-path', '/tmp/tmpbmjudlf6', '--error-file', '/tmp/tmpg8v_pa5d']
[2023-10-07 08:22:23,290] {standard_task_runner.py:80} INFO - Job 43: Subtask update_f_sales
[2023-10-07 08:22:23,325] {task_command.py:369} INFO - Running <TaskInstance: sales_mart.update_f_sales manual__2023-10-07T08:18:03.159973+00:00 [running]> on host 36d9c57a9c84
[2023-10-07 08:22:23,362] {taskinstance.py:1569} INFO - Exporting the following env vars:
AIRFLOW_CTX_DAG_EMAIL=student@example.com
AIRFLOW_CTX_DAG_OWNER=student
AIRFLOW_CTX_DAG_ID=sales_mart
AIRFLOW_CTX_TASK_ID=update_f_sales
AIRFLOW_CTX_EXECUTION_DATE=2023-10-07T08:18:03.159973+00:00
AIRFLOW_CTX_TRY_NUMBER=1
AIRFLOW_CTX_DAG_RUN_ID=manual__2023-10-07T08:18:03.159973+00:00
[2023-10-07 08:22:23,369] {base.py:68} INFO - Using connection ID 'postgresql_de' for task execution.
[2023-10-07 08:22:23,373] {sql.py:315} INFO - Running statement: insert into mart.f_sales (date_id, item_id, customer_id, city_id, quantity, payment_amount,"status")
select 
    dc.date_id
    ,uol.item_id
    ,uol.customer_id
    ,uol.city_id
    ,uol.quantity
    ,case 
        when uol."status" = 'refunded'
        then -uol.payment_amount 
        else uol.payment_amount 
    end as payment_amount
    ,uol."status"
from staging.user_order_log uol
left join mart.d_calendar as dc on uol.date_time::Date = dc.date_actual
where uol.date_time::Date = '2023-10-07';, parameters: {'date': ('{{ ds }}',)}
[2023-10-07 08:22:23,374] {sql.py:324} INFO - Rows affected: 0
[2023-10-07 08:22:23,383] {taskinstance.py:1395} INFO - Marking task as SUCCESS. dag_id=sales_mart, task_id=update_f_sales, execution_date=20231007T081803, start_date=20231007T082223, end_date=20231007T082223
[2023-10-07 08:22:23,423] {local_task_job.py:156} INFO - Task exited with return code 0
[2023-10-07 08:22:23,459] {local_task_job.py:273} INFO - 0 downstream tasks scheduled from follow-on schedule check
