[2023-10-07 13:02:06,962] {taskinstance.py:1159} INFO - Dependencies all met for <TaskInstance: sales_mart.generate_report scheduled__2023-10-06T12:57:59.807942+00:00 [queued]>
[2023-10-07 13:02:06,969] {taskinstance.py:1159} INFO - Dependencies all met for <TaskInstance: sales_mart.generate_report scheduled__2023-10-06T12:57:59.807942+00:00 [queued]>
[2023-10-07 13:02:06,969] {taskinstance.py:1356} INFO - 
--------------------------------------------------------------------------------
[2023-10-07 13:02:06,970] {taskinstance.py:1357} INFO - Starting attempt 1 of 1
[2023-10-07 13:02:06,971] {taskinstance.py:1358} INFO - 
--------------------------------------------------------------------------------
[2023-10-07 13:02:06,979] {taskinstance.py:1377} INFO - Executing <Task(PythonOperator): generate_report> on 2023-10-06 12:57:59.807942+00:00
[2023-10-07 13:02:06,982] {standard_task_runner.py:52} INFO - Started process 1316 to run task
[2023-10-07 13:02:06,984] {standard_task_runner.py:79} INFO - Running: ['airflow', 'tasks', 'run', 'sales_mart', 'generate_report', 'scheduled__2023-10-06T12:57:59.807942+00:00', '--job-id', '26', '--raw', '--subdir', 'DAGS_FOLDER/sprint3 old.py', '--cfg-path', '/tmp/tmp57xjyfcq', '--error-file', '/tmp/tmpawfxl8sd']
[2023-10-07 13:02:06,985] {standard_task_runner.py:80} INFO - Job 26: Subtask generate_report
[2023-10-07 13:02:07,022] {task_command.py:369} INFO - Running <TaskInstance: sales_mart.generate_report scheduled__2023-10-06T12:57:59.807942+00:00 [running]> on host 1af476629d92
[2023-10-07 13:02:07,066] {taskinstance.py:1569} INFO - Exporting the following env vars:
AIRFLOW_CTX_DAG_EMAIL=student@example.com
AIRFLOW_CTX_DAG_OWNER=student
AIRFLOW_CTX_DAG_ID=sales_mart
AIRFLOW_CTX_TASK_ID=generate_report
AIRFLOW_CTX_EXECUTION_DATE=2023-10-06T12:57:59.807942+00:00
AIRFLOW_CTX_TRY_NUMBER=1
AIRFLOW_CTX_DAG_RUN_ID=scheduled__2023-10-06T12:57:59.807942+00:00
[2023-10-07 13:02:07,067] {logging_mixin.py:115} INFO - Making request generate_report
[2023-10-07 13:02:07,300] {logging_mixin.py:115} INFO - Response is b'{"task_id":"MjAyMy0xMC0wN1QxMzowMjowNwlsa25fcG9wb3Y="}'
[2023-10-07 13:02:07,301] {python.py:173} INFO - Done. Returned value was: None
[2023-10-07 13:02:07,311] {taskinstance.py:1395} INFO - Marking task as SUCCESS. dag_id=sales_mart, task_id=generate_report, execution_date=20231006T125759, start_date=20231007T130206, end_date=20231007T130207
[2023-10-07 13:02:07,357] {local_task_job.py:156} INFO - Task exited with return code 0
[2023-10-07 13:02:07,387] {local_task_job.py:273} INFO - 1 downstream tasks scheduled from follow-on schedule check
