[2023-10-07 08:22:24,755] {taskinstance.py:1159} INFO - Dependencies all met for <TaskInstance: sales_mart.get_report scheduled__2023-10-06T08:17:37.691037+00:00 [queued]>
[2023-10-07 08:22:24,762] {taskinstance.py:1159} INFO - Dependencies all met for <TaskInstance: sales_mart.get_report scheduled__2023-10-06T08:17:37.691037+00:00 [queued]>
[2023-10-07 08:22:24,763] {taskinstance.py:1356} INFO - 
--------------------------------------------------------------------------------
[2023-10-07 08:22:24,764] {taskinstance.py:1357} INFO - Starting attempt 1 of 1
[2023-10-07 08:22:24,764] {taskinstance.py:1358} INFO - 
--------------------------------------------------------------------------------
[2023-10-07 08:22:24,772] {taskinstance.py:1377} INFO - Executing <Task(PythonOperator): get_report> on 2023-10-06 08:17:37.691037+00:00
[2023-10-07 08:22:24,776] {standard_task_runner.py:52} INFO - Started process 1728 to run task
[2023-10-07 08:22:24,777] {standard_task_runner.py:79} INFO - Running: ['airflow', 'tasks', 'run', 'sales_mart', 'get_report', 'scheduled__2023-10-06T08:17:37.691037+00:00', '--job-id', '44', '--raw', '--subdir', 'DAGS_FOLDER/sprint3.py', '--cfg-path', '/tmp/tmpkokjoauu', '--error-file', '/tmp/tmpraf1bs18']
[2023-10-07 08:22:24,778] {standard_task_runner.py:80} INFO - Job 44: Subtask get_report
[2023-10-07 08:22:24,816] {task_command.py:369} INFO - Running <TaskInstance: sales_mart.get_report scheduled__2023-10-06T08:17:37.691037+00:00 [running]> on host 36d9c57a9c84
[2023-10-07 08:22:24,854] {taskinstance.py:1569} INFO - Exporting the following env vars:
AIRFLOW_CTX_DAG_EMAIL=student@example.com
AIRFLOW_CTX_DAG_OWNER=student
AIRFLOW_CTX_DAG_ID=sales_mart
AIRFLOW_CTX_TASK_ID=get_report
AIRFLOW_CTX_EXECUTION_DATE=2023-10-06T08:17:37.691037+00:00
AIRFLOW_CTX_TRY_NUMBER=1
AIRFLOW_CTX_DAG_RUN_ID=scheduled__2023-10-06T08:17:37.691037+00:00
[2023-10-07 08:22:24,855] {logging_mixin.py:115} INFO - Making request get_report
[2023-10-07 08:22:25,020] {logging_mixin.py:115} INFO - Response is b'{"task_id":"MjAyMy0xMC0wN1QwODoyMjowNQlsa25fcG9wb3Y=","status":"RUNNING","data":{"report_id":null,"start_day":null,"end_date":null,"s3_path":{}}}'
[2023-10-07 08:22:35,578] {logging_mixin.py:115} INFO - Response is b'{"task_id":"MjAyMy0xMC0wN1QwODoyMjowNQlsa25fcG9wb3Y=","status":"RUNNING","data":{"report_id":null,"start_day":null,"end_date":null,"s3_path":{}}}'
[2023-10-07 08:22:45,767] {logging_mixin.py:115} INFO - Response is b'{"task_id":"MjAyMy0xMC0wN1QwODoyMjowNQlsa25fcG9wb3Y=","status":"RUNNING","data":{"report_id":null,"start_day":null,"end_date":null,"s3_path":{}}}'
[2023-10-07 08:22:55,938] {logging_mixin.py:115} INFO - Response is b'{"task_id":"MjAyMy0xMC0wN1QwODoyMjowNQlsa25fcG9wb3Y=","status":"RUNNING","data":{"report_id":null,"start_day":null,"end_date":null,"s3_path":{}}}'
[2023-10-07 08:23:09,706] {logging_mixin.py:115} INFO - Response is b'{"task_id":"MjAyMy0xMC0wN1QwODoyMjowNQlsa25fcG9wb3Y=","status":"SUCCESS","data":{"report_id":"TWpBeU15MHhNQzB3TjFRd09Eb3lNam93TlFsc2EyNWZjRzl3YjNZPQ==","start_day":"2023-09-07 00:00:00","end_date":"2023-09-29 00:00:00","s3_path":{"customer_research":"https://storage.yandexcloud.net/s3-sprint3/cohort_18/lkn_popov/project/TWpBeU15MHhNQzB3TjFRd09Eb3lNam93TlFsc2EyNWZjRzl3YjNZPQ==/customer_research.csv","user_order_log":"https://storage.yandexcloud.net/s3-sprint3/cohort_18/lkn_popov/project/TWpBeU15MHhNQzB3TjFRd09Eb3lNam93TlFsc2EyNWZjRzl3YjNZPQ==/user_order_log.csv","user_activity_log":"https://storage.yandexcloud.net/s3-sprint3/cohort_18/lkn_popov/project/TWpBeU15MHhNQzB3TjFRd09Eb3lNam93TlFsc2EyNWZjRzl3YjNZPQ==/user_activity_log.csv","price_log":"https://storage.yandexcloud.net/s3-sprint3/cohort_18/lkn_popov/project/TWpBeU15MHhNQzB3TjFRd09Eb3lNam93TlFsc2EyNWZjRzl3YjNZPQ==/price_log.csv"}}}'
[2023-10-07 08:23:09,718] {logging_mixin.py:115} INFO - Report_id=TWpBeU15MHhNQzB3TjFRd09Eb3lNam93TlFsc2EyNWZjRzl3YjNZPQ==
[2023-10-07 08:23:09,719] {python.py:173} INFO - Done. Returned value was: None
[2023-10-07 08:23:09,728] {taskinstance.py:1395} INFO - Marking task as SUCCESS. dag_id=sales_mart, task_id=get_report, execution_date=20231006T081737, start_date=20231007T082224, end_date=20231007T082309
[2023-10-07 08:23:09,756] {local_task_job.py:156} INFO - Task exited with return code 0
[2023-10-07 08:23:09,781] {local_task_job.py:273} INFO - 1 downstream tasks scheduled from follow-on schedule check
