[2023-10-07 11:42:27,237] {taskinstance.py:1159} INFO - Dependencies all met for <TaskInstance: sales_mart.get_report manual__2023-10-07T11:42:24.050860+00:00 [queued]>
[2023-10-07 11:42:27,244] {taskinstance.py:1159} INFO - Dependencies all met for <TaskInstance: sales_mart.get_report manual__2023-10-07T11:42:24.050860+00:00 [queued]>
[2023-10-07 11:42:27,244] {taskinstance.py:1356} INFO - 
--------------------------------------------------------------------------------
[2023-10-07 11:42:27,245] {taskinstance.py:1357} INFO - Starting attempt 1 of 1
[2023-10-07 11:42:27,245] {taskinstance.py:1358} INFO - 
--------------------------------------------------------------------------------
[2023-10-07 11:42:27,255] {taskinstance.py:1377} INFO - Executing <Task(PythonOperator): get_report> on 2023-10-07 11:42:24.050860+00:00
[2023-10-07 11:42:27,258] {standard_task_runner.py:52} INFO - Started process 2037 to run task
[2023-10-07 11:42:27,259] {standard_task_runner.py:79} INFO - Running: ['airflow', 'tasks', 'run', 'sales_mart', 'get_report', 'manual__2023-10-07T11:42:24.050860+00:00', '--job-id', '47', '--raw', '--subdir', 'DAGS_FOLDER/sprint3.py', '--cfg-path', '/tmp/tmpqlha5mhr', '--error-file', '/tmp/tmpptf___70']
[2023-10-07 11:42:27,260] {standard_task_runner.py:80} INFO - Job 47: Subtask get_report
[2023-10-07 11:42:27,298] {task_command.py:369} INFO - Running <TaskInstance: sales_mart.get_report manual__2023-10-07T11:42:24.050860+00:00 [running]> on host 70ec72ace0d7
[2023-10-07 11:42:27,343] {taskinstance.py:1569} INFO - Exporting the following env vars:
AIRFLOW_CTX_DAG_EMAIL=student@example.com
AIRFLOW_CTX_DAG_OWNER=student
AIRFLOW_CTX_DAG_ID=sales_mart
AIRFLOW_CTX_TASK_ID=get_report
AIRFLOW_CTX_EXECUTION_DATE=2023-10-07T11:42:24.050860+00:00
AIRFLOW_CTX_TRY_NUMBER=1
AIRFLOW_CTX_DAG_RUN_ID=manual__2023-10-07T11:42:24.050860+00:00
[2023-10-07 11:42:27,344] {logging_mixin.py:115} INFO - Making request get_report
[2023-10-07 11:42:27,463] {logging_mixin.py:115} INFO - Response is b'{"task_id":"MjAyMy0xMC0wN1QxMTo0MjoyNQlsa25fcG9wb3Y=","status":"RUNNING","data":{"report_id":null,"start_day":null,"end_date":null,"s3_path":{}}}'
[2023-10-07 11:42:37,957] {logging_mixin.py:115} INFO - Response is b'{"task_id":"MjAyMy0xMC0wN1QxMTo0MjoyNQlsa25fcG9wb3Y=","status":"RUNNING","data":{"report_id":null,"start_day":null,"end_date":null,"s3_path":{}}}'
[2023-10-07 11:42:48,919] {logging_mixin.py:115} INFO - Response is b'{"task_id":"MjAyMy0xMC0wN1QxMTo0MjoyNQlsa25fcG9wb3Y=","status":"RUNNING","data":{"report_id":null,"start_day":null,"end_date":null,"s3_path":{}}}'
[2023-10-07 11:42:59,071] {logging_mixin.py:115} INFO - Response is b'{"task_id":"MjAyMy0xMC0wN1QxMTo0MjoyNQlsa25fcG9wb3Y=","status":"RUNNING","data":{"report_id":null,"start_day":null,"end_date":null,"s3_path":{}}}'
[2023-10-07 11:43:09,190] {logging_mixin.py:115} INFO - Response is b'{"task_id":"MjAyMy0xMC0wN1QxMTo0MjoyNQlsa25fcG9wb3Y=","status":"RUNNING","data":{"report_id":null,"start_day":null,"end_date":null,"s3_path":{}}}'
[2023-10-07 11:43:19,388] {logging_mixin.py:115} INFO - Response is b'{"task_id":"MjAyMy0xMC0wN1QxMTo0MjoyNQlsa25fcG9wb3Y=","status":"RUNNING","data":{"report_id":null,"start_day":null,"end_date":null,"s3_path":{}}}'
[2023-10-07 11:43:33,089] {logging_mixin.py:115} INFO - Response is b'{"task_id":"MjAyMy0xMC0wN1QxMTo0MjoyNQlsa25fcG9wb3Y=","status":"SUCCESS","data":{"report_id":"TWpBeU15MHhNQzB3TjFReE1UbzBNam95TlFsc2EyNWZjRzl3YjNZPQ==","start_day":"2023-09-07 00:00:00","end_date":"2023-09-29 00:00:00","s3_path":{"customer_research":"https://storage.yandexcloud.net/s3-sprint3/cohort_18/lkn_popov/project/TWpBeU15MHhNQzB3TjFReE1UbzBNam95TlFsc2EyNWZjRzl3YjNZPQ==/customer_research.csv","user_order_log":"https://storage.yandexcloud.net/s3-sprint3/cohort_18/lkn_popov/project/TWpBeU15MHhNQzB3TjFReE1UbzBNam95TlFsc2EyNWZjRzl3YjNZPQ==/user_order_log.csv","user_activity_log":"https://storage.yandexcloud.net/s3-sprint3/cohort_18/lkn_popov/project/TWpBeU15MHhNQzB3TjFReE1UbzBNam95TlFsc2EyNWZjRzl3YjNZPQ==/user_activity_log.csv","price_log":"https://storage.yandexcloud.net/s3-sprint3/cohort_18/lkn_popov/project/TWpBeU15MHhNQzB3TjFReE1UbzBNam95TlFsc2EyNWZjRzl3YjNZPQ==/price_log.csv"}}}'
[2023-10-07 11:43:33,103] {logging_mixin.py:115} INFO - Report_id=TWpBeU15MHhNQzB3TjFReE1UbzBNam95TlFsc2EyNWZjRzl3YjNZPQ==
[2023-10-07 11:43:33,104] {python.py:173} INFO - Done. Returned value was: None
[2023-10-07 11:43:33,112] {taskinstance.py:1395} INFO - Marking task as SUCCESS. dag_id=sales_mart, task_id=get_report, execution_date=20231007T114224, start_date=20231007T114227, end_date=20231007T114333
[2023-10-07 11:43:33,153] {local_task_job.py:156} INFO - Task exited with return code 0
[2023-10-07 11:43:33,178] {local_task_job.py:273} INFO - 1 downstream tasks scheduled from follow-on schedule check
