[2023-10-07 12:12:51,203] {taskinstance.py:1159} INFO - Dependencies all met for <TaskInstance: sales_mart.update_d_item manual__2023-10-07T12:11:37.339054+00:00 [queued]>
[2023-10-07 12:12:51,209] {taskinstance.py:1159} INFO - Dependencies all met for <TaskInstance: sales_mart.update_d_item manual__2023-10-07T12:11:37.339054+00:00 [queued]>
[2023-10-07 12:12:51,210] {taskinstance.py:1356} INFO - 
--------------------------------------------------------------------------------
[2023-10-07 12:12:51,210] {taskinstance.py:1357} INFO - Starting attempt 1 of 1
[2023-10-07 12:12:51,211] {taskinstance.py:1358} INFO - 
--------------------------------------------------------------------------------
[2023-10-07 12:12:51,220] {taskinstance.py:1377} INFO - Executing <Task(PostgresOperator): update_d_item> on 2023-10-07 12:11:37.339054+00:00
[2023-10-07 12:12:51,222] {standard_task_runner.py:52} INFO - Started process 3795 to run task
[2023-10-07 12:12:51,224] {standard_task_runner.py:79} INFO - Running: ['airflow', 'tasks', 'run', 'sales_mart', 'update_d_item', 'manual__2023-10-07T12:11:37.339054+00:00', '--job-id', '86', '--raw', '--subdir', 'DAGS_FOLDER/sprint3.py', '--cfg-path', '/tmp/tmpp0ep14fb', '--error-file', '/tmp/tmpxer2mih_']
[2023-10-07 12:12:51,225] {standard_task_runner.py:80} INFO - Job 86: Subtask update_d_item
[2023-10-07 12:12:51,260] {task_command.py:369} INFO - Running <TaskInstance: sales_mart.update_d_item manual__2023-10-07T12:11:37.339054+00:00 [running]> on host 70ec72ace0d7
[2023-10-07 12:12:51,298] {taskinstance.py:1569} INFO - Exporting the following env vars:
AIRFLOW_CTX_DAG_EMAIL=student@example.com
AIRFLOW_CTX_DAG_OWNER=student
AIRFLOW_CTX_DAG_ID=sales_mart
AIRFLOW_CTX_TASK_ID=update_d_item
AIRFLOW_CTX_EXECUTION_DATE=2023-10-07T12:11:37.339054+00:00
AIRFLOW_CTX_TRY_NUMBER=1
AIRFLOW_CTX_DAG_RUN_ID=manual__2023-10-07T12:11:37.339054+00:00
[2023-10-07 12:12:51,305] {base.py:68} INFO - Using connection ID 'postgresql_de' for task execution.
[2023-10-07 12:12:51,309] {sql.py:315} INFO - Running statement: insert into mart.d_item (item_id, item_name)
select item_id, item_name from staging.user_order_log
where item_id not in (select item_id from mart.d_item)
group by item_id, item_name, parameters: None
[2023-10-07 12:12:51,311] {sql.py:324} INFO - Rows affected: 0
[2023-10-07 12:12:51,320] {taskinstance.py:1395} INFO - Marking task as SUCCESS. dag_id=sales_mart, task_id=update_d_item, execution_date=20231007T121137, start_date=20231007T121251, end_date=20231007T121251
[2023-10-07 12:12:51,357] {local_task_job.py:156} INFO - Task exited with return code 0
[2023-10-07 12:12:51,384] {local_task_job.py:273} INFO - 0 downstream tasks scheduled from follow-on schedule check
