[2023-10-07 11:40:07,633] {taskinstance.py:1159} INFO - Dependencies all met for <TaskInstance: sales_mart.generate_report manual__2023-10-07T11:40:06.345182+00:00 [queued]>
[2023-10-07 11:40:07,639] {taskinstance.py:1159} INFO - Dependencies all met for <TaskInstance: sales_mart.generate_report manual__2023-10-07T11:40:06.345182+00:00 [queued]>
[2023-10-07 11:40:07,640] {taskinstance.py:1356} INFO - 
--------------------------------------------------------------------------------
[2023-10-07 11:40:07,641] {taskinstance.py:1357} INFO - Starting attempt 1 of 1
[2023-10-07 11:40:07,642] {taskinstance.py:1358} INFO - 
--------------------------------------------------------------------------------
[2023-10-07 11:40:07,649] {taskinstance.py:1377} INFO - Executing <Task(PythonOperator): generate_report> on 2023-10-07 11:40:06.345182+00:00
[2023-10-07 11:40:07,651] {standard_task_runner.py:52} INFO - Started process 1841 to run task
[2023-10-07 11:40:07,653] {standard_task_runner.py:79} INFO - Running: ['airflow', 'tasks', 'run', 'sales_mart', 'generate_report', 'manual__2023-10-07T11:40:06.345182+00:00', '--job-id', '42', '--raw', '--subdir', 'DAGS_FOLDER/sprint3.py', '--cfg-path', '/tmp/tmpf2virf16', '--error-file', '/tmp/tmp71ziacje']
[2023-10-07 11:40:07,654] {standard_task_runner.py:80} INFO - Job 42: Subtask generate_report
[2023-10-07 11:40:07,690] {task_command.py:369} INFO - Running <TaskInstance: sales_mart.generate_report manual__2023-10-07T11:40:06.345182+00:00 [running]> on host 70ec72ace0d7
[2023-10-07 11:40:07,730] {taskinstance.py:1569} INFO - Exporting the following env vars:
AIRFLOW_CTX_DAG_EMAIL=student@example.com
AIRFLOW_CTX_DAG_OWNER=student
AIRFLOW_CTX_DAG_ID=sales_mart
AIRFLOW_CTX_TASK_ID=generate_report
AIRFLOW_CTX_EXECUTION_DATE=2023-10-07T11:40:06.345182+00:00
AIRFLOW_CTX_TRY_NUMBER=1
AIRFLOW_CTX_DAG_RUN_ID=manual__2023-10-07T11:40:06.345182+00:00
[2023-10-07 11:40:07,732] {logging_mixin.py:115} INFO - Making request generate_report
[2023-10-07 11:40:08,814] {logging_mixin.py:115} INFO - Response is b'{"task_id":"MjAyMy0xMC0wN1QxMTo0MDowOAlsa25fcG9wb3Y="}'
[2023-10-07 11:40:08,815] {python.py:173} INFO - Done. Returned value was: None
[2023-10-07 11:40:08,825] {taskinstance.py:1395} INFO - Marking task as SUCCESS. dag_id=sales_mart, task_id=generate_report, execution_date=20231007T114006, start_date=20231007T114007, end_date=20231007T114008
[2023-10-07 11:40:08,870] {local_task_job.py:156} INFO - Task exited with return code 0
[2023-10-07 11:40:08,890] {dagrun.py:647} WARNING - Failed to get task '<TaskInstance: sales_mart.dummy_t manual__2023-10-07T11:40:06.345182+00:00 [success]>' for dag 'sales_mart'. Marking it as removed.
[2023-10-07 11:40:08,892] {dagrun.py:647} WARNING - Failed to get task '<TaskInstance: sales_mart.dummy_s manual__2023-10-07T11:40:06.345182+00:00 [success]>' for dag 'sales_mart'. Marking it as removed.
[2023-10-07 11:40:08,900] {local_task_job.py:273} INFO - 1 downstream tasks scheduled from follow-on schedule check
