[2023-10-05 19:30:51,165] {taskinstance.py:1159} INFO - Dependencies all met for <TaskInstance: sales_mart.generate_report scheduled__2023-10-04T19:26:20.389129+00:00 [queued]>
[2023-10-05 19:30:51,176] {taskinstance.py:1159} INFO - Dependencies all met for <TaskInstance: sales_mart.generate_report scheduled__2023-10-04T19:26:20.389129+00:00 [queued]>
[2023-10-05 19:30:51,178] {taskinstance.py:1356} INFO - 
--------------------------------------------------------------------------------
[2023-10-05 19:30:51,181] {taskinstance.py:1357} INFO - Starting attempt 1 of 1
[2023-10-05 19:30:51,182] {taskinstance.py:1358} INFO - 
--------------------------------------------------------------------------------
[2023-10-05 19:30:51,203] {taskinstance.py:1377} INFO - Executing <Task(PythonOperator): generate_report> on 2023-10-04 19:26:20.389129+00:00
[2023-10-05 19:30:51,209] {standard_task_runner.py:52} INFO - Started process 1422 to run task
[2023-10-05 19:30:51,212] {standard_task_runner.py:79} INFO - Running: ['airflow', 'tasks', 'run', 'sales_mart', 'generate_report', 'scheduled__2023-10-04T19:26:20.389129+00:00', '--job-id', '27', '--raw', '--subdir', 'DAGS_FOLDER/sprint3.py', '--cfg-path', '/tmp/tmpv31fs3bv', '--error-file', '/tmp/tmpvj7p50k0']
[2023-10-05 19:30:51,219] {standard_task_runner.py:80} INFO - Job 27: Subtask generate_report
[2023-10-05 19:30:51,284] {task_command.py:369} INFO - Running <TaskInstance: sales_mart.generate_report scheduled__2023-10-04T19:26:20.389129+00:00 [running]> on host 329f0cdeb700
[2023-10-05 19:30:51,357] {taskinstance.py:1569} INFO - Exporting the following env vars:
AIRFLOW_CTX_DAG_EMAIL=student@example.com
AIRFLOW_CTX_DAG_OWNER=student
AIRFLOW_CTX_DAG_ID=sales_mart
AIRFLOW_CTX_TASK_ID=generate_report
AIRFLOW_CTX_EXECUTION_DATE=2023-10-04T19:26:20.389129+00:00
AIRFLOW_CTX_TRY_NUMBER=1
AIRFLOW_CTX_DAG_RUN_ID=scheduled__2023-10-04T19:26:20.389129+00:00
[2023-10-05 19:30:51,358] {logging_mixin.py:115} INFO - Making request generate_report
[2023-10-05 19:30:51,684] {logging_mixin.py:115} INFO - Response is b'{"task_id":"MjAyMy0xMC0wNVQxOTozMDo1MQlsa25fcG9wb3Y="}'
[2023-10-05 19:30:51,686] {python.py:173} INFO - Done. Returned value was: None
[2023-10-05 19:30:51,706] {taskinstance.py:1395} INFO - Marking task as SUCCESS. dag_id=sales_mart, task_id=generate_report, execution_date=20231004T192620, start_date=20231005T193051, end_date=20231005T193051
[2023-10-05 19:30:51,754] {local_task_job.py:156} INFO - Task exited with return code 0
[2023-10-05 19:30:51,817] {local_task_job.py:273} INFO - 1 downstream tasks scheduled from follow-on schedule check
