[2023-10-07 11:29:58,846] {taskinstance.py:1159} INFO - Dependencies all met for <TaskInstance: sales_mart.generate_report scheduled__2023-10-02T11:28:42.370831+00:00 [queued]>
[2023-10-07 11:29:58,851] {taskinstance.py:1159} INFO - Dependencies all met for <TaskInstance: sales_mart.generate_report scheduled__2023-10-02T11:28:42.370831+00:00 [queued]>
[2023-10-07 11:29:58,852] {taskinstance.py:1356} INFO - 
--------------------------------------------------------------------------------
[2023-10-07 11:29:58,853] {taskinstance.py:1357} INFO - Starting attempt 1 of 1
[2023-10-07 11:29:58,854] {taskinstance.py:1358} INFO - 
--------------------------------------------------------------------------------
[2023-10-07 11:29:58,863] {taskinstance.py:1377} INFO - Executing <Task(PythonOperator): generate_report> on 2023-10-02 11:28:42.370831+00:00
[2023-10-07 11:29:58,865] {standard_task_runner.py:52} INFO - Started process 762 to run task
[2023-10-07 11:29:58,867] {standard_task_runner.py:79} INFO - Running: ['airflow', 'tasks', 'run', 'sales_mart', 'generate_report', 'scheduled__2023-10-02T11:28:42.370831+00:00', '--job-id', '8', '--raw', '--subdir', 'DAGS_FOLDER/sprint3.py', '--cfg-path', '/tmp/tmpona98ms7', '--error-file', '/tmp/tmpr79t7slp']
[2023-10-07 11:29:58,868] {standard_task_runner.py:80} INFO - Job 8: Subtask generate_report
[2023-10-07 11:29:58,903] {task_command.py:369} INFO - Running <TaskInstance: sales_mart.generate_report scheduled__2023-10-02T11:28:42.370831+00:00 [running]> on host 70ec72ace0d7
[2023-10-07 11:29:58,940] {taskinstance.py:1569} INFO - Exporting the following env vars:
AIRFLOW_CTX_DAG_EMAIL=student@example.com
AIRFLOW_CTX_DAG_OWNER=student
AIRFLOW_CTX_DAG_ID=sales_mart
AIRFLOW_CTX_TASK_ID=generate_report
AIRFLOW_CTX_EXECUTION_DATE=2023-10-02T11:28:42.370831+00:00
AIRFLOW_CTX_TRY_NUMBER=1
AIRFLOW_CTX_DAG_RUN_ID=scheduled__2023-10-02T11:28:42.370831+00:00
[2023-10-07 11:29:58,941] {logging_mixin.py:115} INFO - Making request generate_report
[2023-10-07 11:29:59,188] {logging_mixin.py:115} INFO - Response is b'{"task_id":"MjAyMy0xMC0wN1QxMToyOTo1OAlsa25fcG9wb3Y="}'
[2023-10-07 11:29:59,189] {python.py:173} INFO - Done. Returned value was: None
[2023-10-07 11:29:59,199] {taskinstance.py:1395} INFO - Marking task as SUCCESS. dag_id=sales_mart, task_id=generate_report, execution_date=20231002T112842, start_date=20231007T112958, end_date=20231007T112959
[2023-10-07 11:29:59,241] {local_task_job.py:156} INFO - Task exited with return code 0
[2023-10-07 11:29:59,269] {local_task_job.py:273} INFO - 1 downstream tasks scheduled from follow-on schedule check
