[2023-10-07 12:21:14,238] {taskinstance.py:1159} INFO - Dependencies all met for <TaskInstance: sales_mart.get_report scheduled__2023-10-01T12:19:33.489881+00:00 [queued]>
[2023-10-07 12:21:14,244] {taskinstance.py:1159} INFO - Dependencies all met for <TaskInstance: sales_mart.get_report scheduled__2023-10-01T12:19:33.489881+00:00 [queued]>
[2023-10-07 12:21:14,244] {taskinstance.py:1356} INFO - 
--------------------------------------------------------------------------------
[2023-10-07 12:21:14,245] {taskinstance.py:1357} INFO - Starting attempt 1 of 1
[2023-10-07 12:21:14,246] {taskinstance.py:1358} INFO - 
--------------------------------------------------------------------------------
[2023-10-07 12:21:14,255] {taskinstance.py:1377} INFO - Executing <Task(PythonOperator): get_report> on 2023-10-01 12:19:33.489881+00:00
[2023-10-07 12:21:14,257] {standard_task_runner.py:52} INFO - Started process 781 to run task
[2023-10-07 12:21:14,259] {standard_task_runner.py:79} INFO - Running: ['airflow', 'tasks', 'run', 'sales_mart', 'get_report', 'scheduled__2023-10-01T12:19:33.489881+00:00', '--job-id', '9', '--raw', '--subdir', 'DAGS_FOLDER/sprint3.py', '--cfg-path', '/tmp/tmpd7df_bxf', '--error-file', '/tmp/tmpplel_dz9']
[2023-10-07 12:21:14,260] {standard_task_runner.py:80} INFO - Job 9: Subtask get_report
[2023-10-07 12:21:14,294] {task_command.py:369} INFO - Running <TaskInstance: sales_mart.get_report scheduled__2023-10-01T12:19:33.489881+00:00 [running]> on host d964b2b568e5
[2023-10-07 12:21:14,330] {taskinstance.py:1569} INFO - Exporting the following env vars:
AIRFLOW_CTX_DAG_EMAIL=student@example.com
AIRFLOW_CTX_DAG_OWNER=student
AIRFLOW_CTX_DAG_ID=sales_mart
AIRFLOW_CTX_TASK_ID=get_report
AIRFLOW_CTX_EXECUTION_DATE=2023-10-01T12:19:33.489881+00:00
AIRFLOW_CTX_TRY_NUMBER=1
AIRFLOW_CTX_DAG_RUN_ID=scheduled__2023-10-01T12:19:33.489881+00:00
[2023-10-07 12:21:14,331] {logging_mixin.py:115} INFO - Making request get_report
[2023-10-07 12:21:17,656] {logging_mixin.py:115} INFO - Response is b'{"task_id":"MjAyMy0xMC0wN1QxMjoyMDowMAlsa25fcG9wb3Y=","status":"SUCCESS","data":{"report_id":"TWpBeU15MHhNQzB3TjFReE1qb3lNRG93TUFsc2EyNWZjRzl3YjNZPQ==","start_day":"2023-09-07 00:00:00","end_date":"2023-09-29 00:00:00","s3_path":{"customer_research":"https://storage.yandexcloud.net/s3-sprint3/cohort_18/lkn_popov/project/TWpBeU15MHhNQzB3TjFReE1qb3lNRG93TUFsc2EyNWZjRzl3YjNZPQ==/customer_research.csv","user_order_log":"https://storage.yandexcloud.net/s3-sprint3/cohort_18/lkn_popov/project/TWpBeU15MHhNQzB3TjFReE1qb3lNRG93TUFsc2EyNWZjRzl3YjNZPQ==/user_order_log.csv","user_activity_log":"https://storage.yandexcloud.net/s3-sprint3/cohort_18/lkn_popov/project/TWpBeU15MHhNQzB3TjFReE1qb3lNRG93TUFsc2EyNWZjRzl3YjNZPQ==/user_activity_log.csv","price_log":"https://storage.yandexcloud.net/s3-sprint3/cohort_18/lkn_popov/project/TWpBeU15MHhNQzB3TjFReE1qb3lNRG93TUFsc2EyNWZjRzl3YjNZPQ==/price_log.csv"}}}'
[2023-10-07 12:21:17,668] {logging_mixin.py:115} INFO - Report_id=TWpBeU15MHhNQzB3TjFReE1qb3lNRG93TUFsc2EyNWZjRzl3YjNZPQ==
[2023-10-07 12:21:17,669] {python.py:173} INFO - Done. Returned value was: None
[2023-10-07 12:21:17,677] {taskinstance.py:1395} INFO - Marking task as SUCCESS. dag_id=sales_mart, task_id=get_report, execution_date=20231001T121933, start_date=20231007T122114, end_date=20231007T122117
[2023-10-07 12:21:17,695] {local_task_job.py:156} INFO - Task exited with return code 0
[2023-10-07 12:21:17,721] {local_task_job.py:273} INFO - 1 downstream tasks scheduled from follow-on schedule check
