[2023-10-07 12:30:01,210] {taskinstance.py:1159} INFO - Dependencies all met for <TaskInstance: sales_mart.update_d_item manual__2023-10-07T12:28:45.671748+00:00 [queued]>
[2023-10-07 12:30:01,219] {taskinstance.py:1159} INFO - Dependencies all met for <TaskInstance: sales_mart.update_d_item manual__2023-10-07T12:28:45.671748+00:00 [queued]>
[2023-10-07 12:30:01,219] {taskinstance.py:1356} INFO - 
--------------------------------------------------------------------------------
[2023-10-07 12:30:01,220] {taskinstance.py:1357} INFO - Starting attempt 1 of 1
[2023-10-07 12:30:01,220] {taskinstance.py:1358} INFO - 
--------------------------------------------------------------------------------
[2023-10-07 12:30:01,230] {taskinstance.py:1377} INFO - Executing <Task(PostgresOperator): update_d_item> on 2023-10-07 12:28:45.671748+00:00
[2023-10-07 12:30:01,233] {standard_task_runner.py:52} INFO - Started process 2878 to run task
[2023-10-07 12:30:01,235] {standard_task_runner.py:79} INFO - Running: ['airflow', 'tasks', 'run', 'sales_mart', 'update_d_item', 'manual__2023-10-07T12:28:45.671748+00:00', '--job-id', '86', '--raw', '--subdir', 'DAGS_FOLDER/sprint3.py', '--cfg-path', '/tmp/tmpefgn9e_v', '--error-file', '/tmp/tmprrvlx32d']
[2023-10-07 12:30:01,236] {standard_task_runner.py:80} INFO - Job 86: Subtask update_d_item
[2023-10-07 12:30:01,278] {task_command.py:369} INFO - Running <TaskInstance: sales_mart.update_d_item manual__2023-10-07T12:28:45.671748+00:00 [running]> on host d964b2b568e5
[2023-10-07 12:30:01,327] {taskinstance.py:1569} INFO - Exporting the following env vars:
AIRFLOW_CTX_DAG_EMAIL=student@example.com
AIRFLOW_CTX_DAG_OWNER=student
AIRFLOW_CTX_DAG_ID=sales_mart
AIRFLOW_CTX_TASK_ID=update_d_item
AIRFLOW_CTX_EXECUTION_DATE=2023-10-07T12:28:45.671748+00:00
AIRFLOW_CTX_TRY_NUMBER=1
AIRFLOW_CTX_DAG_RUN_ID=manual__2023-10-07T12:28:45.671748+00:00
[2023-10-07 12:30:01,335] {base.py:68} INFO - Using connection ID 'postgresql_de' for task execution.
[2023-10-07 12:30:01,339] {sql.py:315} INFO - Running statement: insert into mart.d_item (item_id, item_name)
select item_id, item_name from staging.user_order_log
where item_id not in (select item_id from mart.d_item)
group by item_id, item_name, parameters: None
[2023-10-07 12:30:01,341] {sql.py:324} INFO - Rows affected: 0
[2023-10-07 12:30:01,352] {taskinstance.py:1395} INFO - Marking task as SUCCESS. dag_id=sales_mart, task_id=update_d_item, execution_date=20231007T122845, start_date=20231007T123001, end_date=20231007T123001
[2023-10-07 12:30:01,368] {local_task_job.py:156} INFO - Task exited with return code 0
[2023-10-07 12:30:01,396] {local_task_job.py:273} INFO - 0 downstream tasks scheduled from follow-on schedule check
