[2023-10-05 18:50:26,109] {taskinstance.py:1159} INFO - Dependencies all met for <TaskInstance: sales_mart.generate_report scheduled__2023-10-01T18:47:26.124137+00:00 [queued]>
[2023-10-05 18:50:26,130] {taskinstance.py:1159} INFO - Dependencies all met for <TaskInstance: sales_mart.generate_report scheduled__2023-10-01T18:47:26.124137+00:00 [queued]>
[2023-10-05 18:50:26,131] {taskinstance.py:1356} INFO - 
--------------------------------------------------------------------------------
[2023-10-05 18:50:26,132] {taskinstance.py:1357} INFO - Starting attempt 1 of 1
[2023-10-05 18:50:26,133] {taskinstance.py:1358} INFO - 
--------------------------------------------------------------------------------
[2023-10-05 18:50:26,160] {taskinstance.py:1377} INFO - Executing <Task(PythonOperator): generate_report> on 2023-10-01 18:47:26.124137+00:00
[2023-10-05 18:50:26,165] {standard_task_runner.py:52} INFO - Started process 1603 to run task
[2023-10-05 18:50:26,169] {standard_task_runner.py:79} INFO - Running: ['airflow', 'tasks', 'run', 'sales_mart', 'generate_report', 'scheduled__2023-10-01T18:47:26.124137+00:00', '--job-id', '12', '--raw', '--subdir', 'DAGS_FOLDER/sprint3.py', '--cfg-path', '/tmp/tmpti0r7u2b', '--error-file', '/tmp/tmpgacsr_u5']
[2023-10-05 18:50:26,171] {standard_task_runner.py:80} INFO - Job 12: Subtask generate_report
[2023-10-05 18:50:26,260] {task_command.py:369} INFO - Running <TaskInstance: sales_mart.generate_report scheduled__2023-10-01T18:47:26.124137+00:00 [running]> on host 2026d982a63a
[2023-10-05 18:50:26,380] {taskinstance.py:1569} INFO - Exporting the following env vars:
AIRFLOW_CTX_DAG_EMAIL=student@example.com
AIRFLOW_CTX_DAG_OWNER=student
AIRFLOW_CTX_DAG_ID=sales_mart
AIRFLOW_CTX_TASK_ID=generate_report
AIRFLOW_CTX_EXECUTION_DATE=2023-10-01T18:47:26.124137+00:00
AIRFLOW_CTX_TRY_NUMBER=1
AIRFLOW_CTX_DAG_RUN_ID=scheduled__2023-10-01T18:47:26.124137+00:00
[2023-10-05 18:50:26,381] {logging_mixin.py:115} INFO - Making request generate_report
[2023-10-05 18:50:26,538] {logging_mixin.py:115} INFO - Response is b'{"task_id":"MjAyMy0xMC0wNVQxODo1MDoyNglsa25fcG9wb3Y="}'
[2023-10-05 18:50:26,539] {python.py:173} INFO - Done. Returned value was: None
[2023-10-05 18:50:26,554] {taskinstance.py:1395} INFO - Marking task as SUCCESS. dag_id=sales_mart, task_id=generate_report, execution_date=20231001T184726, start_date=20231005T185026, end_date=20231005T185026
[2023-10-05 18:50:26,582] {local_task_job.py:156} INFO - Task exited with return code 0
[2023-10-05 18:50:26,636] {local_task_job.py:273} INFO - 1 downstream tasks scheduled from follow-on schedule check
