[2023-10-07 08:23:18,791] {taskinstance.py:1159} INFO - Dependencies all met for <TaskInstance: sales_mart.update_d_item scheduled__2023-10-02T08:17:37.691037+00:00 [queued]>
[2023-10-07 08:23:18,797] {taskinstance.py:1159} INFO - Dependencies all met for <TaskInstance: sales_mart.update_d_item scheduled__2023-10-02T08:17:37.691037+00:00 [queued]>
[2023-10-07 08:23:18,798] {taskinstance.py:1356} INFO - 
--------------------------------------------------------------------------------
[2023-10-07 08:23:18,798] {taskinstance.py:1357} INFO - Starting attempt 1 of 1
[2023-10-07 08:23:18,799] {taskinstance.py:1358} INFO - 
--------------------------------------------------------------------------------
[2023-10-07 08:23:18,806] {taskinstance.py:1377} INFO - Executing <Task(PostgresOperator): update_d_item> on 2023-10-02 08:17:37.691037+00:00
[2023-10-07 08:23:18,809] {standard_task_runner.py:52} INFO - Started process 1891 to run task
[2023-10-07 08:23:18,811] {standard_task_runner.py:79} INFO - Running: ['airflow', 'tasks', 'run', 'sales_mart', 'update_d_item', 'scheduled__2023-10-02T08:17:37.691037+00:00', '--job-id', '49', '--raw', '--subdir', 'DAGS_FOLDER/sprint3.py', '--cfg-path', '/tmp/tmpbcii3oeh', '--error-file', '/tmp/tmpycvl9wlh']
[2023-10-07 08:23:18,812] {standard_task_runner.py:80} INFO - Job 49: Subtask update_d_item
[2023-10-07 08:23:18,850] {task_command.py:369} INFO - Running <TaskInstance: sales_mart.update_d_item scheduled__2023-10-02T08:17:37.691037+00:00 [running]> on host 36d9c57a9c84
[2023-10-07 08:23:18,889] {taskinstance.py:1569} INFO - Exporting the following env vars:
AIRFLOW_CTX_DAG_EMAIL=student@example.com
AIRFLOW_CTX_DAG_OWNER=student
AIRFLOW_CTX_DAG_ID=sales_mart
AIRFLOW_CTX_TASK_ID=update_d_item
AIRFLOW_CTX_EXECUTION_DATE=2023-10-02T08:17:37.691037+00:00
AIRFLOW_CTX_TRY_NUMBER=1
AIRFLOW_CTX_DAG_RUN_ID=scheduled__2023-10-02T08:17:37.691037+00:00
[2023-10-07 08:23:18,895] {base.py:68} INFO - Using connection ID 'postgresql_de' for task execution.
[2023-10-07 08:23:18,898] {sql.py:315} INFO - Running statement: insert into mart.d_item (item_id, item_name)
select item_id, item_name from staging.user_order_log
where item_id not in (select item_id from mart.d_item)
group by item_id, item_name, parameters: None
[2023-10-07 08:23:18,900] {sql.py:324} INFO - Rows affected: 0
[2023-10-07 08:23:18,909] {taskinstance.py:1395} INFO - Marking task as SUCCESS. dag_id=sales_mart, task_id=update_d_item, execution_date=20231002T081737, start_date=20231007T082318, end_date=20231007T082318
[2023-10-07 08:23:18,944] {local_task_job.py:156} INFO - Task exited with return code 0
[2023-10-07 08:23:18,969] {local_task_job.py:273} INFO - 0 downstream tasks scheduled from follow-on schedule check
