[2023-10-07 12:58:17,720] {taskinstance.py:1159} INFO - Dependencies all met for <TaskInstance: sales_mart.generate_report scheduled__2023-09-30T12:57:59.807942+00:00 [queued]>
[2023-10-07 12:58:17,728] {taskinstance.py:1159} INFO - Dependencies all met for <TaskInstance: sales_mart.generate_report scheduled__2023-09-30T12:57:59.807942+00:00 [queued]>
[2023-10-07 12:58:17,728] {taskinstance.py:1356} INFO - 
--------------------------------------------------------------------------------
[2023-10-07 12:58:17,729] {taskinstance.py:1357} INFO - Starting attempt 1 of 1
[2023-10-07 12:58:17,729] {taskinstance.py:1358} INFO - 
--------------------------------------------------------------------------------
[2023-10-07 12:58:17,738] {taskinstance.py:1377} INFO - Executing <Task(PythonOperator): generate_report> on 2023-09-30 12:57:59.807942+00:00
[2023-10-07 12:58:17,740] {standard_task_runner.py:52} INFO - Started process 484 to run task
[2023-10-07 12:58:17,743] {standard_task_runner.py:79} INFO - Running: ['airflow', 'tasks', 'run', 'sales_mart', 'generate_report', 'scheduled__2023-09-30T12:57:59.807942+00:00', '--job-id', '3', '--raw', '--subdir', 'DAGS_FOLDER/sprint3 old.py', '--cfg-path', '/tmp/tmpybd81697', '--error-file', '/tmp/tmpcbxa35nw']
[2023-10-07 12:58:17,743] {standard_task_runner.py:80} INFO - Job 3: Subtask generate_report
[2023-10-07 12:58:17,792] {task_command.py:369} INFO - Running <TaskInstance: sales_mart.generate_report scheduled__2023-09-30T12:57:59.807942+00:00 [running]> on host 1af476629d92
[2023-10-07 12:58:17,855] {taskinstance.py:1569} INFO - Exporting the following env vars:
AIRFLOW_CTX_DAG_EMAIL=student@example.com
AIRFLOW_CTX_DAG_OWNER=student
AIRFLOW_CTX_DAG_ID=sales_mart
AIRFLOW_CTX_TASK_ID=generate_report
AIRFLOW_CTX_EXECUTION_DATE=2023-09-30T12:57:59.807942+00:00
AIRFLOW_CTX_TRY_NUMBER=1
AIRFLOW_CTX_DAG_RUN_ID=scheduled__2023-09-30T12:57:59.807942+00:00
[2023-10-07 12:58:17,856] {logging_mixin.py:115} INFO - Making request generate_report
[2023-10-07 12:58:18,675] {logging_mixin.py:115} INFO - Response is b'{"task_id":"MjAyMy0xMC0wN1QxMjo1ODoxOAlsa25fcG9wb3Y="}'
[2023-10-07 12:58:18,676] {python.py:173} INFO - Done. Returned value was: None
[2023-10-07 12:58:18,691] {taskinstance.py:1395} INFO - Marking task as SUCCESS. dag_id=sales_mart, task_id=generate_report, execution_date=20230930T125759, start_date=20231007T125817, end_date=20231007T125818
[2023-10-07 12:58:18,718] {local_task_job.py:156} INFO - Task exited with return code 0
[2023-10-07 12:58:18,758] {local_task_job.py:273} INFO - 1 downstream tasks scheduled from follow-on schedule check
