[2023-10-05 19:38:36,318] {taskinstance.py:1159} INFO - Dependencies all met for <TaskInstance: sales_mart.update_d_city scheduled__2023-10-01T19:32:37.598184+00:00 [queued]>
[2023-10-05 19:38:36,335] {taskinstance.py:1159} INFO - Dependencies all met for <TaskInstance: sales_mart.update_d_city scheduled__2023-10-01T19:32:37.598184+00:00 [queued]>
[2023-10-05 19:38:36,336] {taskinstance.py:1356} INFO - 
--------------------------------------------------------------------------------
[2023-10-05 19:38:36,337] {taskinstance.py:1357} INFO - Starting attempt 1 of 1
[2023-10-05 19:38:36,338] {taskinstance.py:1358} INFO - 
--------------------------------------------------------------------------------
[2023-10-05 19:38:36,367] {taskinstance.py:1377} INFO - Executing <Task(PostgresOperator): update_d_city> on 2023-10-01 19:32:37.598184+00:00
[2023-10-05 19:38:36,376] {standard_task_runner.py:52} INFO - Started process 1918 to run task
[2023-10-05 19:38:36,381] {standard_task_runner.py:79} INFO - Running: ['airflow', 'tasks', 'run', 'sales_mart', 'update_d_city', 'scheduled__2023-10-01T19:32:37.598184+00:00', '--job-id', '45', '--raw', '--subdir', 'DAGS_FOLDER/sprint3.py', '--cfg-path', '/tmp/tmp2dno_crz', '--error-file', '/tmp/tmpacv8uufe']
[2023-10-05 19:38:36,383] {standard_task_runner.py:80} INFO - Job 45: Subtask update_d_city
[2023-10-05 19:38:36,495] {task_command.py:369} INFO - Running <TaskInstance: sales_mart.update_d_city scheduled__2023-10-01T19:32:37.598184+00:00 [running]> on host 8305c4468fa5
[2023-10-05 19:38:36,611] {taskinstance.py:1569} INFO - Exporting the following env vars:
AIRFLOW_CTX_DAG_EMAIL=student@example.com
AIRFLOW_CTX_DAG_OWNER=student
AIRFLOW_CTX_DAG_ID=sales_mart
AIRFLOW_CTX_TASK_ID=update_d_city
AIRFLOW_CTX_EXECUTION_DATE=2023-10-01T19:32:37.598184+00:00
AIRFLOW_CTX_TRY_NUMBER=1
AIRFLOW_CTX_DAG_RUN_ID=scheduled__2023-10-01T19:32:37.598184+00:00
[2023-10-05 19:38:36,624] {base.py:68} INFO - Using connection ID 'postgresql_de' for task execution.
[2023-10-05 19:38:36,631] {sql.py:315} INFO - Running statement: insert into mart.d_city (city_id, city_name)
select city_id, city_name from staging.user_order_log
where city_id not in (select city_id from mart.d_city)
group by city_id, city_name;, parameters: None
[2023-10-05 19:38:36,634] {sql.py:324} INFO - Rows affected: 0
[2023-10-05 19:38:36,650] {taskinstance.py:1395} INFO - Marking task as SUCCESS. dag_id=sales_mart, task_id=update_d_city, execution_date=20231001T193237, start_date=20231005T193836, end_date=20231005T193836
[2023-10-05 19:38:36,677] {local_task_job.py:156} INFO - Task exited with return code 0
[2023-10-05 19:38:36,724] {local_task_job.py:273} INFO - 0 downstream tasks scheduled from follow-on schedule check
