[2023-10-07 11:17:46,935] {taskinstance.py:1159} INFO - Dependencies all met for <TaskInstance: sales_mart.check_incr scheduled__2023-10-05T11:12:45.809445+00:00 [queued]>
[2023-10-07 11:17:46,941] {taskinstance.py:1159} INFO - Dependencies all met for <TaskInstance: sales_mart.check_incr scheduled__2023-10-05T11:12:45.809445+00:00 [queued]>
[2023-10-07 11:17:46,942] {taskinstance.py:1356} INFO - 
--------------------------------------------------------------------------------
[2023-10-07 11:17:46,942] {taskinstance.py:1357} INFO - Starting attempt 1 of 1
[2023-10-07 11:17:46,943] {taskinstance.py:1358} INFO - 
--------------------------------------------------------------------------------
[2023-10-07 11:17:46,951] {taskinstance.py:1377} INFO - Executing <Task(BranchPythonOperator): check_incr> on 2023-10-05 11:12:45.809445+00:00
[2023-10-07 11:17:46,953] {standard_task_runner.py:52} INFO - Started process 1614 to run task
[2023-10-07 11:17:46,955] {standard_task_runner.py:79} INFO - Running: ['airflow', 'tasks', 'run', 'sales_mart', 'check_incr', 'scheduled__2023-10-05T11:12:45.809445+00:00', '--job-id', '33', '--raw', '--subdir', 'DAGS_FOLDER/sprint3.py', '--cfg-path', '/tmp/tmp573ulz73', '--error-file', '/tmp/tmp6fn5h6r0']
[2023-10-07 11:17:46,956] {standard_task_runner.py:80} INFO - Job 33: Subtask check_incr
[2023-10-07 11:17:46,993] {task_command.py:369} INFO - Running <TaskInstance: sales_mart.check_incr scheduled__2023-10-05T11:12:45.809445+00:00 [running]> on host 24f54d2755a2
[2023-10-07 11:17:47,035] {taskinstance.py:1569} INFO - Exporting the following env vars:
AIRFLOW_CTX_DAG_EMAIL=student@example.com
AIRFLOW_CTX_DAG_OWNER=student
AIRFLOW_CTX_DAG_ID=sales_mart
AIRFLOW_CTX_TASK_ID=check_incr
AIRFLOW_CTX_EXECUTION_DATE=2023-10-05T11:12:45.809445+00:00
AIRFLOW_CTX_TRY_NUMBER=1
AIRFLOW_CTX_DAG_RUN_ID=scheduled__2023-10-05T11:12:45.809445+00:00
[2023-10-07 11:17:47,042] {python.py:173} INFO - Done. Returned value was: upload_user_order_inc
[2023-10-07 11:17:47,042] {skipmixin.py:140} INFO - Following branch upload_user_order_inc
[2023-10-07 11:17:47,043] {skipmixin.py:175} INFO - Skipping tasks ['dummy_t']
[2023-10-07 11:17:47,072] {taskinstance.py:1395} INFO - Marking task as SUCCESS. dag_id=sales_mart, task_id=check_incr, execution_date=20231005T111245, start_date=20231007T111746, end_date=20231007T111747
[2023-10-07 11:17:47,088] {local_task_job.py:156} INFO - Task exited with return code 0
[2023-10-07 11:17:47,116] {local_task_job.py:273} INFO - 1 downstream tasks scheduled from follow-on schedule check
