[2023-10-05 19:30:41,863] {taskinstance.py:1159} INFO - Dependencies all met for <TaskInstance: sales_mart.get_increment scheduled__2023-10-01T19:26:20.389129+00:00 [queued]>
[2023-10-05 19:30:41,881] {taskinstance.py:1159} INFO - Dependencies all met for <TaskInstance: sales_mart.get_increment scheduled__2023-10-01T19:26:20.389129+00:00 [queued]>
[2023-10-05 19:30:41,882] {taskinstance.py:1356} INFO - 
--------------------------------------------------------------------------------
[2023-10-05 19:30:41,883] {taskinstance.py:1357} INFO - Starting attempt 1 of 1
[2023-10-05 19:30:41,884] {taskinstance.py:1358} INFO - 
--------------------------------------------------------------------------------
[2023-10-05 19:30:41,911] {taskinstance.py:1377} INFO - Executing <Task(PythonOperator): get_increment> on 2023-10-01 19:26:20.389129+00:00
[2023-10-05 19:30:41,918] {standard_task_runner.py:52} INFO - Started process 1372 to run task
[2023-10-05 19:30:41,921] {standard_task_runner.py:79} INFO - Running: ['airflow', 'tasks', 'run', 'sales_mart', 'get_increment', 'scheduled__2023-10-01T19:26:20.389129+00:00', '--job-id', '25', '--raw', '--subdir', 'DAGS_FOLDER/sprint3.py', '--cfg-path', '/tmp/tmpe26pp8aa', '--error-file', '/tmp/tmpkktn_lqj']
[2023-10-05 19:30:41,923] {standard_task_runner.py:80} INFO - Job 25: Subtask get_increment
[2023-10-05 19:30:41,995] {task_command.py:369} INFO - Running <TaskInstance: sales_mart.get_increment scheduled__2023-10-01T19:26:20.389129+00:00 [running]> on host 329f0cdeb700
[2023-10-05 19:30:42,085] {taskinstance.py:1569} INFO - Exporting the following env vars:
AIRFLOW_CTX_DAG_EMAIL=student@example.com
AIRFLOW_CTX_DAG_OWNER=student
AIRFLOW_CTX_DAG_ID=sales_mart
AIRFLOW_CTX_TASK_ID=get_increment
AIRFLOW_CTX_EXECUTION_DATE=2023-10-01T19:26:20.389129+00:00
AIRFLOW_CTX_TRY_NUMBER=1
AIRFLOW_CTX_DAG_RUN_ID=scheduled__2023-10-01T19:26:20.389129+00:00
[2023-10-05 19:30:42,087] {logging_mixin.py:115} INFO - Making request get_increment
[2023-10-05 19:30:44,075] {logging_mixin.py:115} INFO - Response is b'{"report_id":"TWpBeU15MHhNQzB3TlZReE9Ub3lPVG94TkFsc2EyNWZjRzl3YjNZPQ==","date":"2023-10-01 00:00:00","status":"SUCCESS","data":{"increment_id":"MjAyMy0xMC0wMVQwMDowMDowMAlUV3BCZVUxNU1IaE5RekIzVGxaUmVFOVViM2xQVkc5NFRrRnNjMkV5TldaalJ6bDNZak5aUFE9PQ==","s3_path":{"customer_research_inc":"https://storage.yandexcloud.net/s3-sprint3/cohort_18/lkn_popov/project/MjAyMy0xMC0wMVQwMDowMDowMAlUV3BCZVUxNU1IaE5RekIzVGxaUmVFOVViM2xQVkc5NFRrRnNjMkV5TldaalJ6bDNZak5aUFE9PQ==/customer_research_inc.csv","user_order_log_inc":"https://storage.yandexcloud.net/s3-sprint3/cohort_18/lkn_popov/project/MjAyMy0xMC0wMVQwMDowMDowMAlUV3BCZVUxNU1IaE5RekIzVGxaUmVFOVViM2xQVkc5NFRrRnNjMkV5TldaalJ6bDNZak5aUFE9PQ==/user_order_log_inc.csv","user_activity_log_inc":"https://storage.yandexcloud.net/s3-sprint3/cohort_18/lkn_popov/project/MjAyMy0xMC0wMVQwMDowMDowMAlUV3BCZVUxNU1IaE5RekIzVGxaUmVFOVViM2xQVkc5NFRrRnNjMkV5TldaalJ6bDNZak5aUFE9PQ==/user_activity_log_inc.csv","price_log_inc":"https://storage.yandexcloud.net/s3-sprint3/cohort_18/lkn_popov/project/TWpBeU15MHhNQzB3TlZReE9Ub3lPVG94TkFsc2EyNWZjRzl3YjNZPQ==/price_log_inc.csv"}}}'
[2023-10-05 19:30:44,111] {logging_mixin.py:115} INFO - increment_id=MjAyMy0xMC0wMVQwMDowMDowMAlUV3BCZVUxNU1IaE5RekIzVGxaUmVFOVViM2xQVkc5NFRrRnNjMkV5TldaalJ6bDNZak5aUFE9PQ==
[2023-10-05 19:30:44,112] {python.py:173} INFO - Done. Returned value was: None
[2023-10-05 19:30:44,135] {taskinstance.py:1395} INFO - Marking task as SUCCESS. dag_id=sales_mart, task_id=get_increment, execution_date=20231001T192620, start_date=20231005T193041, end_date=20231005T193044
[2023-10-05 19:30:44,192] {local_task_job.py:156} INFO - Task exited with return code 0
[2023-10-05 19:30:44,261] {local_task_job.py:273} INFO - 1 downstream tasks scheduled from follow-on schedule check
