[2023-10-07 12:59:39,556] {taskinstance.py:1159} INFO - Dependencies all met for <TaskInstance: sales_mart.generate_report scheduled__2023-10-03T12:57:59.807942+00:00 [queued]>
[2023-10-07 12:59:39,564] {taskinstance.py:1159} INFO - Dependencies all met for <TaskInstance: sales_mart.generate_report scheduled__2023-10-03T12:57:59.807942+00:00 [queued]>
[2023-10-07 12:59:39,565] {taskinstance.py:1356} INFO - 
--------------------------------------------------------------------------------
[2023-10-07 12:59:39,565] {taskinstance.py:1357} INFO - Starting attempt 1 of 1
[2023-10-07 12:59:39,566] {taskinstance.py:1358} INFO - 
--------------------------------------------------------------------------------
[2023-10-07 12:59:39,574] {taskinstance.py:1377} INFO - Executing <Task(PythonOperator): generate_report> on 2023-10-03 12:57:59.807942+00:00
[2023-10-07 12:59:39,578] {standard_task_runner.py:52} INFO - Started process 782 to run task
[2023-10-07 12:59:39,580] {standard_task_runner.py:79} INFO - Running: ['airflow', 'tasks', 'run', 'sales_mart', 'generate_report', 'scheduled__2023-10-03T12:57:59.807942+00:00', '--job-id', '9', '--raw', '--subdir', 'DAGS_FOLDER/sprint3 old.py', '--cfg-path', '/tmp/tmp8zz5i_re', '--error-file', '/tmp/tmpka1fhziy']
[2023-10-07 12:59:39,581] {standard_task_runner.py:80} INFO - Job 9: Subtask generate_report
[2023-10-07 12:59:39,620] {task_command.py:369} INFO - Running <TaskInstance: sales_mart.generate_report scheduled__2023-10-03T12:57:59.807942+00:00 [running]> on host 1af476629d92
[2023-10-07 12:59:39,665] {taskinstance.py:1569} INFO - Exporting the following env vars:
AIRFLOW_CTX_DAG_EMAIL=student@example.com
AIRFLOW_CTX_DAG_OWNER=student
AIRFLOW_CTX_DAG_ID=sales_mart
AIRFLOW_CTX_TASK_ID=generate_report
AIRFLOW_CTX_EXECUTION_DATE=2023-10-03T12:57:59.807942+00:00
AIRFLOW_CTX_TRY_NUMBER=1
AIRFLOW_CTX_DAG_RUN_ID=scheduled__2023-10-03T12:57:59.807942+00:00
[2023-10-07 12:59:39,666] {logging_mixin.py:115} INFO - Making request generate_report
[2023-10-07 12:59:39,886] {logging_mixin.py:115} INFO - Response is b'{"task_id":"MjAyMy0xMC0wN1QxMjo1OTozOQlsa25fcG9wb3Y="}'
[2023-10-07 12:59:39,886] {python.py:173} INFO - Done. Returned value was: None
[2023-10-07 12:59:39,896] {taskinstance.py:1395} INFO - Marking task as SUCCESS. dag_id=sales_mart, task_id=generate_report, execution_date=20231003T125759, start_date=20231007T125939, end_date=20231007T125939
[2023-10-07 12:59:39,913] {local_task_job.py:156} INFO - Task exited with return code 0
[2023-10-07 12:59:39,946] {local_task_job.py:273} INFO - 1 downstream tasks scheduled from follow-on schedule check
