[2023-10-05 19:37:20,314] {taskinstance.py:1159} INFO - Dependencies all met for <TaskInstance: sales_mart.generate_report scheduled__2023-10-04T19:32:37.598184+00:00 [queued]>
[2023-10-05 19:37:20,327] {taskinstance.py:1159} INFO - Dependencies all met for <TaskInstance: sales_mart.generate_report scheduled__2023-10-04T19:32:37.598184+00:00 [queued]>
[2023-10-05 19:37:20,328] {taskinstance.py:1356} INFO - 
--------------------------------------------------------------------------------
[2023-10-05 19:37:20,329] {taskinstance.py:1357} INFO - Starting attempt 1 of 1
[2023-10-05 19:37:20,329] {taskinstance.py:1358} INFO - 
--------------------------------------------------------------------------------
[2023-10-05 19:37:20,355] {taskinstance.py:1377} INFO - Executing <Task(PythonOperator): generate_report> on 2023-10-04 19:32:37.598184+00:00
[2023-10-05 19:37:20,360] {standard_task_runner.py:52} INFO - Started process 1623 to run task
[2023-10-05 19:37:20,364] {standard_task_runner.py:79} INFO - Running: ['airflow', 'tasks', 'run', 'sales_mart', 'generate_report', 'scheduled__2023-10-04T19:32:37.598184+00:00', '--job-id', '34', '--raw', '--subdir', 'DAGS_FOLDER/sprint3.py', '--cfg-path', '/tmp/tmpydrrmgf2', '--error-file', '/tmp/tmp3qwdrv0h']
[2023-10-05 19:37:20,366] {standard_task_runner.py:80} INFO - Job 34: Subtask generate_report
[2023-10-05 19:37:20,455] {task_command.py:369} INFO - Running <TaskInstance: sales_mart.generate_report scheduled__2023-10-04T19:32:37.598184+00:00 [running]> on host 8305c4468fa5
[2023-10-05 19:37:20,554] {taskinstance.py:1569} INFO - Exporting the following env vars:
AIRFLOW_CTX_DAG_EMAIL=student@example.com
AIRFLOW_CTX_DAG_OWNER=student
AIRFLOW_CTX_DAG_ID=sales_mart
AIRFLOW_CTX_TASK_ID=generate_report
AIRFLOW_CTX_EXECUTION_DATE=2023-10-04T19:32:37.598184+00:00
AIRFLOW_CTX_TRY_NUMBER=1
AIRFLOW_CTX_DAG_RUN_ID=scheduled__2023-10-04T19:32:37.598184+00:00
[2023-10-05 19:37:20,555] {logging_mixin.py:115} INFO - Making request generate_report
[2023-10-05 19:37:20,746] {logging_mixin.py:115} INFO - Response is b'{"task_id":"MjAyMy0xMC0wNVQxOTozNzoyMAlsa25fcG9wb3Y="}'
[2023-10-05 19:37:20,747] {python.py:173} INFO - Done. Returned value was: None
[2023-10-05 19:37:20,772] {taskinstance.py:1395} INFO - Marking task as SUCCESS. dag_id=sales_mart, task_id=generate_report, execution_date=20231004T193237, start_date=20231005T193720, end_date=20231005T193720
[2023-10-05 19:37:20,834] {local_task_job.py:156} INFO - Task exited with return code 0
[2023-10-05 19:37:20,906] {local_task_job.py:273} INFO - 1 downstream tasks scheduled from follow-on schedule check
