[2023-10-05 19:38:39,478] {taskinstance.py:1159} INFO - Dependencies all met for <TaskInstance: sales_mart.update_d_item scheduled__2023-10-01T19:32:37.598184+00:00 [queued]>
[2023-10-05 19:38:39,497] {taskinstance.py:1159} INFO - Dependencies all met for <TaskInstance: sales_mart.update_d_item scheduled__2023-10-01T19:32:37.598184+00:00 [queued]>
[2023-10-05 19:38:39,498] {taskinstance.py:1356} INFO - 
--------------------------------------------------------------------------------
[2023-10-05 19:38:39,499] {taskinstance.py:1357} INFO - Starting attempt 1 of 1
[2023-10-05 19:38:39,500] {taskinstance.py:1358} INFO - 
--------------------------------------------------------------------------------
[2023-10-05 19:38:39,530] {taskinstance.py:1377} INFO - Executing <Task(PostgresOperator): update_d_item> on 2023-10-01 19:32:37.598184+00:00
[2023-10-05 19:38:39,536] {standard_task_runner.py:52} INFO - Started process 1942 to run task
[2023-10-05 19:38:39,541] {standard_task_runner.py:79} INFO - Running: ['airflow', 'tasks', 'run', 'sales_mart', 'update_d_item', 'scheduled__2023-10-01T19:32:37.598184+00:00', '--job-id', '46', '--raw', '--subdir', 'DAGS_FOLDER/sprint3.py', '--cfg-path', '/tmp/tmp8_lf8gz9', '--error-file', '/tmp/tmps96vfvo0']
[2023-10-05 19:38:39,542] {standard_task_runner.py:80} INFO - Job 46: Subtask update_d_item
[2023-10-05 19:38:39,653] {task_command.py:369} INFO - Running <TaskInstance: sales_mart.update_d_item scheduled__2023-10-01T19:32:37.598184+00:00 [running]> on host 8305c4468fa5
[2023-10-05 19:38:39,779] {taskinstance.py:1569} INFO - Exporting the following env vars:
AIRFLOW_CTX_DAG_EMAIL=student@example.com
AIRFLOW_CTX_DAG_OWNER=student
AIRFLOW_CTX_DAG_ID=sales_mart
AIRFLOW_CTX_TASK_ID=update_d_item
AIRFLOW_CTX_EXECUTION_DATE=2023-10-01T19:32:37.598184+00:00
AIRFLOW_CTX_TRY_NUMBER=1
AIRFLOW_CTX_DAG_RUN_ID=scheduled__2023-10-01T19:32:37.598184+00:00
[2023-10-05 19:38:39,799] {base.py:68} INFO - Using connection ID 'postgresql_de' for task execution.
[2023-10-05 19:38:39,807] {sql.py:315} INFO - Running statement: insert into mart.d_item (item_id, item_name)
select item_id, item_name from staging.user_order_log
where item_id not in (select item_id from mart.d_item)
group by item_id, item_name, parameters: None
[2023-10-05 19:38:39,810] {sql.py:324} INFO - Rows affected: 0
[2023-10-05 19:38:39,833] {taskinstance.py:1395} INFO - Marking task as SUCCESS. dag_id=sales_mart, task_id=update_d_item, execution_date=20231001T193237, start_date=20231005T193839, end_date=20231005T193839
[2023-10-05 19:38:39,876] {local_task_job.py:156} INFO - Task exited with return code 0
[2023-10-05 19:38:39,920] {local_task_job.py:273} INFO - 0 downstream tasks scheduled from follow-on schedule check
