[2023-10-07 12:25:29,197] {taskinstance.py:1159} INFO - Dependencies all met for <TaskInstance: sales_mart.update_d_item scheduled__2023-10-04T12:19:33.489881+00:00 [queued]>
[2023-10-07 12:25:29,204] {taskinstance.py:1159} INFO - Dependencies all met for <TaskInstance: sales_mart.update_d_item scheduled__2023-10-04T12:19:33.489881+00:00 [queued]>
[2023-10-07 12:25:29,205] {taskinstance.py:1356} INFO - 
--------------------------------------------------------------------------------
[2023-10-07 12:25:29,205] {taskinstance.py:1357} INFO - Starting attempt 1 of 1
[2023-10-07 12:25:29,206] {taskinstance.py:1358} INFO - 
--------------------------------------------------------------------------------
[2023-10-07 12:25:29,214] {taskinstance.py:1377} INFO - Executing <Task(PostgresOperator): update_d_item> on 2023-10-04 12:19:33.489881+00:00
[2023-10-07 12:25:29,218] {standard_task_runner.py:52} INFO - Started process 2226 to run task
[2023-10-07 12:25:29,221] {standard_task_runner.py:79} INFO - Running: ['airflow', 'tasks', 'run', 'sales_mart', 'update_d_item', 'scheduled__2023-10-04T12:19:33.489881+00:00', '--job-id', '63', '--raw', '--subdir', 'DAGS_FOLDER/sprint3.py', '--cfg-path', '/tmp/tmp8_bqcdzn', '--error-file', '/tmp/tmpj26gtjbt']
[2023-10-07 12:25:29,222] {standard_task_runner.py:80} INFO - Job 63: Subtask update_d_item
[2023-10-07 12:25:29,266] {task_command.py:369} INFO - Running <TaskInstance: sales_mart.update_d_item scheduled__2023-10-04T12:19:33.489881+00:00 [running]> on host d964b2b568e5
[2023-10-07 12:25:29,311] {taskinstance.py:1569} INFO - Exporting the following env vars:
AIRFLOW_CTX_DAG_EMAIL=student@example.com
AIRFLOW_CTX_DAG_OWNER=student
AIRFLOW_CTX_DAG_ID=sales_mart
AIRFLOW_CTX_TASK_ID=update_d_item
AIRFLOW_CTX_EXECUTION_DATE=2023-10-04T12:19:33.489881+00:00
AIRFLOW_CTX_TRY_NUMBER=1
AIRFLOW_CTX_DAG_RUN_ID=scheduled__2023-10-04T12:19:33.489881+00:00
[2023-10-07 12:25:29,318] {base.py:68} INFO - Using connection ID 'postgresql_de' for task execution.
[2023-10-07 12:25:29,322] {sql.py:315} INFO - Running statement: insert into mart.d_item (item_id, item_name)
select item_id, item_name from staging.user_order_log
where item_id not in (select item_id from mart.d_item)
group by item_id, item_name, parameters: None
[2023-10-07 12:25:29,324] {sql.py:324} INFO - Rows affected: 0
[2023-10-07 12:25:29,334] {taskinstance.py:1395} INFO - Marking task as SUCCESS. dag_id=sales_mart, task_id=update_d_item, execution_date=20231004T121933, start_date=20231007T122529, end_date=20231007T122529
[2023-10-07 12:25:29,353] {local_task_job.py:156} INFO - Task exited with return code 0
[2023-10-07 12:25:29,381] {local_task_job.py:273} INFO - 0 downstream tasks scheduled from follow-on schedule check
