[2023-10-07 11:32:26,473] {taskinstance.py:1159} INFO - Dependencies all met for <TaskInstance: sales_mart.check_incr scheduled__2023-10-02T11:28:42.370831+00:00 [queued]>
[2023-10-07 11:32:26,479] {taskinstance.py:1159} INFO - Dependencies all met for <TaskInstance: sales_mart.check_incr scheduled__2023-10-02T11:28:42.370831+00:00 [queued]>
[2023-10-07 11:32:26,480] {taskinstance.py:1356} INFO - 
--------------------------------------------------------------------------------
[2023-10-07 11:32:26,481] {taskinstance.py:1357} INFO - Starting attempt 1 of 1
[2023-10-07 11:32:26,481] {taskinstance.py:1358} INFO - 
--------------------------------------------------------------------------------
[2023-10-07 11:32:26,489] {taskinstance.py:1377} INFO - Executing <Task(BranchPythonOperator): check_incr> on 2023-10-02 11:28:42.370831+00:00
[2023-10-07 11:32:26,491] {standard_task_runner.py:52} INFO - Started process 1259 to run task
[2023-10-07 11:32:26,493] {standard_task_runner.py:79} INFO - Running: ['airflow', 'tasks', 'run', 'sales_mart', 'check_incr', 'scheduled__2023-10-02T11:28:42.370831+00:00', '--job-id', '25', '--raw', '--subdir', 'DAGS_FOLDER/sprint3.py', '--cfg-path', '/tmp/tmp9zot98t0', '--error-file', '/tmp/tmpr2gbezs4']
[2023-10-07 11:32:26,494] {standard_task_runner.py:80} INFO - Job 25: Subtask check_incr
[2023-10-07 11:32:26,527] {task_command.py:369} INFO - Running <TaskInstance: sales_mart.check_incr scheduled__2023-10-02T11:28:42.370831+00:00 [running]> on host 70ec72ace0d7
[2023-10-07 11:32:26,564] {taskinstance.py:1569} INFO - Exporting the following env vars:
AIRFLOW_CTX_DAG_EMAIL=student@example.com
AIRFLOW_CTX_DAG_OWNER=student
AIRFLOW_CTX_DAG_ID=sales_mart
AIRFLOW_CTX_TASK_ID=check_incr
AIRFLOW_CTX_EXECUTION_DATE=2023-10-02T11:28:42.370831+00:00
AIRFLOW_CTX_TRY_NUMBER=1
AIRFLOW_CTX_DAG_RUN_ID=scheduled__2023-10-02T11:28:42.370831+00:00
[2023-10-07 11:32:26,571] {python.py:173} INFO - Done. Returned value was: upload_user_order_inc
[2023-10-07 11:32:26,572] {skipmixin.py:140} INFO - Following branch upload_user_order_inc
[2023-10-07 11:32:26,573] {skipmixin.py:175} INFO - Skipping tasks ['dummy_t']
[2023-10-07 11:32:26,604] {taskinstance.py:1395} INFO - Marking task as SUCCESS. dag_id=sales_mart, task_id=check_incr, execution_date=20231002T112842, start_date=20231007T113226, end_date=20231007T113226
[2023-10-07 11:32:26,626] {local_task_job.py:156} INFO - Task exited with return code 0
[2023-10-07 11:32:26,656] {local_task_job.py:273} INFO - 1 downstream tasks scheduled from follow-on schedule check
