[2023-10-07 13:01:00,833] {taskinstance.py:1159} INFO - Dependencies all met for <TaskInstance: sales_mart.generate_report scheduled__2023-10-05T12:57:59.807942+00:00 [queued]>
[2023-10-07 13:01:00,838] {taskinstance.py:1159} INFO - Dependencies all met for <TaskInstance: sales_mart.generate_report scheduled__2023-10-05T12:57:59.807942+00:00 [queued]>
[2023-10-07 13:01:00,839] {taskinstance.py:1356} INFO - 
--------------------------------------------------------------------------------
[2023-10-07 13:01:00,840] {taskinstance.py:1357} INFO - Starting attempt 1 of 1
[2023-10-07 13:01:00,840] {taskinstance.py:1358} INFO - 
--------------------------------------------------------------------------------
[2023-10-07 13:01:00,847] {taskinstance.py:1377} INFO - Executing <Task(PythonOperator): generate_report> on 2023-10-05 12:57:59.807942+00:00
[2023-10-07 13:01:00,850] {standard_task_runner.py:52} INFO - Started process 1125 to run task
[2023-10-07 13:01:00,852] {standard_task_runner.py:79} INFO - Running: ['airflow', 'tasks', 'run', 'sales_mart', 'generate_report', 'scheduled__2023-10-05T12:57:59.807942+00:00', '--job-id', '21', '--raw', '--subdir', 'DAGS_FOLDER/sprint3.py', '--cfg-path', '/tmp/tmpmhik9cln', '--error-file', '/tmp/tmprugbzoyq']
[2023-10-07 13:01:00,853] {standard_task_runner.py:80} INFO - Job 21: Subtask generate_report
[2023-10-07 13:01:00,891] {task_command.py:369} INFO - Running <TaskInstance: sales_mart.generate_report scheduled__2023-10-05T12:57:59.807942+00:00 [running]> on host 1af476629d92
[2023-10-07 13:01:00,933] {taskinstance.py:1569} INFO - Exporting the following env vars:
AIRFLOW_CTX_DAG_EMAIL=student@example.com
AIRFLOW_CTX_DAG_OWNER=student
AIRFLOW_CTX_DAG_ID=sales_mart
AIRFLOW_CTX_TASK_ID=generate_report
AIRFLOW_CTX_EXECUTION_DATE=2023-10-05T12:57:59.807942+00:00
AIRFLOW_CTX_TRY_NUMBER=1
AIRFLOW_CTX_DAG_RUN_ID=scheduled__2023-10-05T12:57:59.807942+00:00
[2023-10-07 13:01:00,934] {logging_mixin.py:115} INFO - Making request generate_report
[2023-10-07 13:01:01,217] {logging_mixin.py:115} INFO - Response is b'{"task_id":"MjAyMy0xMC0wN1QxMzowMTowMQlsa25fcG9wb3Y="}'
[2023-10-07 13:01:01,217] {python.py:173} INFO - Done. Returned value was: None
[2023-10-07 13:01:01,226] {taskinstance.py:1395} INFO - Marking task as SUCCESS. dag_id=sales_mart, task_id=generate_report, execution_date=20231005T125759, start_date=20231007T130100, end_date=20231007T130101
[2023-10-07 13:01:01,267] {local_task_job.py:156} INFO - Task exited with return code 0
[2023-10-07 13:01:01,288] {dagrun.py:647} WARNING - Failed to get task '<TaskInstance: sales_mart.check_incr scheduled__2023-10-05T12:57:59.807942+00:00 [None]>' for dag 'sales_mart'. Marking it as removed.
[2023-10-07 13:01:01,290] {dagrun.py:647} WARNING - Failed to get task '<TaskInstance: sales_mart.dummy scheduled__2023-10-05T12:57:59.807942+00:00 [None]>' for dag 'sales_mart'. Marking it as removed.
[2023-10-07 13:01:01,292] {dagrun.py:647} WARNING - Failed to get task '<TaskInstance: sales_mart.dummy_l scheduled__2023-10-05T12:57:59.807942+00:00 [None]>' for dag 'sales_mart'. Marking it as removed.
[2023-10-07 13:01:01,299] {local_task_job.py:273} INFO - 1 downstream tasks scheduled from follow-on schedule check
