[2023-10-07 11:31:15,842] {taskinstance.py:1159} INFO - Dependencies all met for <TaskInstance: sales_mart.get_report scheduled__2023-10-03T11:28:42.370831+00:00 [queued]>
[2023-10-07 11:31:15,848] {taskinstance.py:1159} INFO - Dependencies all met for <TaskInstance: sales_mart.get_report scheduled__2023-10-03T11:28:42.370831+00:00 [queued]>
[2023-10-07 11:31:15,849] {taskinstance.py:1356} INFO - 
--------------------------------------------------------------------------------
[2023-10-07 11:31:15,850] {taskinstance.py:1357} INFO - Starting attempt 1 of 1
[2023-10-07 11:31:15,850] {taskinstance.py:1358} INFO - 
--------------------------------------------------------------------------------
[2023-10-07 11:31:15,859] {taskinstance.py:1377} INFO - Executing <Task(PythonOperator): get_report> on 2023-10-03 11:28:42.370831+00:00
[2023-10-07 11:31:15,861] {standard_task_runner.py:52} INFO - Started process 1045 to run task
[2023-10-07 11:31:15,863] {standard_task_runner.py:79} INFO - Running: ['airflow', 'tasks', 'run', 'sales_mart', 'get_report', 'scheduled__2023-10-03T11:28:42.370831+00:00', '--job-id', '18', '--raw', '--subdir', 'DAGS_FOLDER/sprint3.py', '--cfg-path', '/tmp/tmpk7vmr3jl', '--error-file', '/tmp/tmpq5n4k17f']
[2023-10-07 11:31:15,864] {standard_task_runner.py:80} INFO - Job 18: Subtask get_report
[2023-10-07 11:31:15,899] {task_command.py:369} INFO - Running <TaskInstance: sales_mart.get_report scheduled__2023-10-03T11:28:42.370831+00:00 [running]> on host 70ec72ace0d7
[2023-10-07 11:31:15,937] {taskinstance.py:1569} INFO - Exporting the following env vars:
AIRFLOW_CTX_DAG_EMAIL=student@example.com
AIRFLOW_CTX_DAG_OWNER=student
AIRFLOW_CTX_DAG_ID=sales_mart
AIRFLOW_CTX_TASK_ID=get_report
AIRFLOW_CTX_EXECUTION_DATE=2023-10-03T11:28:42.370831+00:00
AIRFLOW_CTX_TRY_NUMBER=1
AIRFLOW_CTX_DAG_RUN_ID=scheduled__2023-10-03T11:28:42.370831+00:00
[2023-10-07 11:31:15,938] {logging_mixin.py:115} INFO - Making request get_report
[2023-10-07 11:31:19,262] {logging_mixin.py:115} INFO - Response is b'{"task_id":"MjAyMy0xMC0wN1QxMTozMDoxMAlsa25fcG9wb3Y=","status":"SUCCESS","data":{"report_id":"TWpBeU15MHhNQzB3TjFReE1Ub3pNRG94TUFsc2EyNWZjRzl3YjNZPQ==","start_day":"2023-09-07 00:00:00","end_date":"2023-09-29 00:00:00","s3_path":{"customer_research":"https://storage.yandexcloud.net/s3-sprint3/cohort_18/lkn_popov/project/TWpBeU15MHhNQzB3TjFReE1Ub3pNRG94TUFsc2EyNWZjRzl3YjNZPQ==/customer_research.csv","user_order_log":"https://storage.yandexcloud.net/s3-sprint3/cohort_18/lkn_popov/project/TWpBeU15MHhNQzB3TjFReE1Ub3pNRG94TUFsc2EyNWZjRzl3YjNZPQ==/user_order_log.csv","user_activity_log":"https://storage.yandexcloud.net/s3-sprint3/cohort_18/lkn_popov/project/TWpBeU15MHhNQzB3TjFReE1Ub3pNRG94TUFsc2EyNWZjRzl3YjNZPQ==/user_activity_log.csv","price_log":"https://storage.yandexcloud.net/s3-sprint3/cohort_18/lkn_popov/project/TWpBeU15MHhNQzB3TjFReE1Ub3pNRG94TUFsc2EyNWZjRzl3YjNZPQ==/price_log.csv"}}}'
[2023-10-07 11:31:19,275] {logging_mixin.py:115} INFO - Report_id=TWpBeU15MHhNQzB3TjFReE1Ub3pNRG94TUFsc2EyNWZjRzl3YjNZPQ==
[2023-10-07 11:31:19,276] {python.py:173} INFO - Done. Returned value was: None
[2023-10-07 11:31:19,285] {taskinstance.py:1395} INFO - Marking task as SUCCESS. dag_id=sales_mart, task_id=get_report, execution_date=20231003T112842, start_date=20231007T113115, end_date=20231007T113119
[2023-10-07 11:31:19,334] {local_task_job.py:156} INFO - Task exited with return code 0
[2023-10-07 11:31:19,361] {local_task_job.py:273} INFO - 1 downstream tasks scheduled from follow-on schedule check
