[2023-10-07 11:15:26,874] {taskinstance.py:1159} INFO - Dependencies all met for <TaskInstance: sales_mart.generate_report scheduled__2023-10-05T11:12:45.809445+00:00 [queued]>
[2023-10-07 11:15:26,880] {taskinstance.py:1159} INFO - Dependencies all met for <TaskInstance: sales_mart.generate_report scheduled__2023-10-05T11:12:45.809445+00:00 [queued]>
[2023-10-07 11:15:26,881] {taskinstance.py:1356} INFO - 
--------------------------------------------------------------------------------
[2023-10-07 11:15:26,882] {taskinstance.py:1357} INFO - Starting attempt 1 of 1
[2023-10-07 11:15:26,883] {taskinstance.py:1358} INFO - 
--------------------------------------------------------------------------------
[2023-10-07 11:15:26,892] {taskinstance.py:1377} INFO - Executing <Task(PythonOperator): generate_report> on 2023-10-05 11:12:45.809445+00:00
[2023-10-07 11:15:26,895] {standard_task_runner.py:52} INFO - Started process 1165 to run task
[2023-10-07 11:15:26,897] {standard_task_runner.py:79} INFO - Running: ['airflow', 'tasks', 'run', 'sales_mart', 'generate_report', 'scheduled__2023-10-05T11:12:45.809445+00:00', '--job-id', '18', '--raw', '--subdir', 'DAGS_FOLDER/sprint3.py', '--cfg-path', '/tmp/tmpth35rucv', '--error-file', '/tmp/tmpauq4yhyp']
[2023-10-07 11:15:26,898] {standard_task_runner.py:80} INFO - Job 18: Subtask generate_report
[2023-10-07 11:15:26,935] {task_command.py:369} INFO - Running <TaskInstance: sales_mart.generate_report scheduled__2023-10-05T11:12:45.809445+00:00 [running]> on host 24f54d2755a2
[2023-10-07 11:15:26,973] {taskinstance.py:1569} INFO - Exporting the following env vars:
AIRFLOW_CTX_DAG_EMAIL=student@example.com
AIRFLOW_CTX_DAG_OWNER=student
AIRFLOW_CTX_DAG_ID=sales_mart
AIRFLOW_CTX_TASK_ID=generate_report
AIRFLOW_CTX_EXECUTION_DATE=2023-10-05T11:12:45.809445+00:00
AIRFLOW_CTX_TRY_NUMBER=1
AIRFLOW_CTX_DAG_RUN_ID=scheduled__2023-10-05T11:12:45.809445+00:00
[2023-10-07 11:15:26,974] {logging_mixin.py:115} INFO - Making request generate_report
[2023-10-07 11:15:27,172] {logging_mixin.py:115} INFO - Response is b'{"task_id":"MjAyMy0xMC0wN1QxMToxNToyNglsa25fcG9wb3Y="}'
[2023-10-07 11:15:27,173] {python.py:173} INFO - Done. Returned value was: None
[2023-10-07 11:15:27,182] {taskinstance.py:1395} INFO - Marking task as SUCCESS. dag_id=sales_mart, task_id=generate_report, execution_date=20231005T111245, start_date=20231007T111526, end_date=20231007T111527
[2023-10-07 11:15:27,191] {local_task_job.py:156} INFO - Task exited with return code 0
[2023-10-07 11:15:27,216] {local_task_job.py:273} INFO - 1 downstream tasks scheduled from follow-on schedule check
