[2023-10-07 12:24:03,305] {taskinstance.py:1159} INFO - Dependencies all met for <TaskInstance: sales_mart.update_d_item scheduled__2023-10-01T12:19:33.489881+00:00 [queued]>
[2023-10-07 12:24:03,312] {taskinstance.py:1159} INFO - Dependencies all met for <TaskInstance: sales_mart.update_d_item scheduled__2023-10-01T12:19:33.489881+00:00 [queued]>
[2023-10-07 12:24:03,313] {taskinstance.py:1356} INFO - 
--------------------------------------------------------------------------------
[2023-10-07 12:24:03,315] {taskinstance.py:1357} INFO - Starting attempt 1 of 1
[2023-10-07 12:24:03,316] {taskinstance.py:1358} INFO - 
--------------------------------------------------------------------------------
[2023-10-07 12:24:03,324] {taskinstance.py:1377} INFO - Executing <Task(PostgresOperator): update_d_item> on 2023-10-01 12:19:33.489881+00:00
[2023-10-07 12:24:03,327] {standard_task_runner.py:52} INFO - Started process 1578 to run task
[2023-10-07 12:24:03,328] {standard_task_runner.py:79} INFO - Running: ['airflow', 'tasks', 'run', 'sales_mart', 'update_d_item', 'scheduled__2023-10-01T12:19:33.489881+00:00', '--job-id', '38', '--raw', '--subdir', 'DAGS_FOLDER/sprint3.py', '--cfg-path', '/tmp/tmpbphmg76g', '--error-file', '/tmp/tmpdmw12alr']
[2023-10-07 12:24:03,330] {standard_task_runner.py:80} INFO - Job 38: Subtask update_d_item
[2023-10-07 12:24:03,365] {task_command.py:369} INFO - Running <TaskInstance: sales_mart.update_d_item scheduled__2023-10-01T12:19:33.489881+00:00 [running]> on host d964b2b568e5
[2023-10-07 12:24:03,401] {taskinstance.py:1569} INFO - Exporting the following env vars:
AIRFLOW_CTX_DAG_EMAIL=student@example.com
AIRFLOW_CTX_DAG_OWNER=student
AIRFLOW_CTX_DAG_ID=sales_mart
AIRFLOW_CTX_TASK_ID=update_d_item
AIRFLOW_CTX_EXECUTION_DATE=2023-10-01T12:19:33.489881+00:00
AIRFLOW_CTX_TRY_NUMBER=1
AIRFLOW_CTX_DAG_RUN_ID=scheduled__2023-10-01T12:19:33.489881+00:00
[2023-10-07 12:24:03,408] {base.py:68} INFO - Using connection ID 'postgresql_de' for task execution.
[2023-10-07 12:24:03,412] {sql.py:315} INFO - Running statement: insert into mart.d_item (item_id, item_name)
select item_id, item_name from staging.user_order_log
where item_id not in (select item_id from mart.d_item)
group by item_id, item_name, parameters: None
[2023-10-07 12:24:03,414] {sql.py:324} INFO - Rows affected: 0
[2023-10-07 12:24:03,422] {taskinstance.py:1395} INFO - Marking task as SUCCESS. dag_id=sales_mart, task_id=update_d_item, execution_date=20231001T121933, start_date=20231007T122403, end_date=20231007T122403
[2023-10-07 12:24:03,462] {local_task_job.py:156} INFO - Task exited with return code 0
[2023-10-07 12:24:03,491] {local_task_job.py:273} INFO - 0 downstream tasks scheduled from follow-on schedule check
