[2023-10-07 08:05:45,825] {taskinstance.py:1159} INFO - Dependencies all met for <TaskInstance: sales_mart.generate_report scheduled__2023-10-01T08:05:25.664213+00:00 [queued]>
[2023-10-07 08:05:45,831] {taskinstance.py:1159} INFO - Dependencies all met for <TaskInstance: sales_mart.generate_report scheduled__2023-10-01T08:05:25.664213+00:00 [queued]>
[2023-10-07 08:05:45,831] {taskinstance.py:1356} INFO - 
--------------------------------------------------------------------------------
[2023-10-07 08:05:45,832] {taskinstance.py:1357} INFO - Starting attempt 1 of 1
[2023-10-07 08:05:45,833] {taskinstance.py:1358} INFO - 
--------------------------------------------------------------------------------
[2023-10-07 08:05:45,841] {taskinstance.py:1377} INFO - Executing <Task(PythonOperator): generate_report> on 2023-10-01 08:05:25.664213+00:00
[2023-10-07 08:05:45,844] {standard_task_runner.py:52} INFO - Started process 801 to run task
[2023-10-07 08:05:45,845] {standard_task_runner.py:79} INFO - Running: ['airflow', 'tasks', 'run', 'sales_mart', 'generate_report', 'scheduled__2023-10-01T08:05:25.664213+00:00', '--job-id', '5', '--raw', '--subdir', 'DAGS_FOLDER/sprint3.py', '--cfg-path', '/tmp/tmp3x0k5sao', '--error-file', '/tmp/tmppj_1i7yc']
[2023-10-07 08:05:45,846] {standard_task_runner.py:80} INFO - Job 5: Subtask generate_report
[2023-10-07 08:05:45,882] {task_command.py:369} INFO - Running <TaskInstance: sales_mart.generate_report scheduled__2023-10-01T08:05:25.664213+00:00 [running]> on host 219fbcc16ca0
[2023-10-07 08:05:45,919] {taskinstance.py:1569} INFO - Exporting the following env vars:
AIRFLOW_CTX_DAG_EMAIL=student@example.com
AIRFLOW_CTX_DAG_OWNER=student
AIRFLOW_CTX_DAG_ID=sales_mart
AIRFLOW_CTX_TASK_ID=generate_report
AIRFLOW_CTX_EXECUTION_DATE=2023-10-01T08:05:25.664213+00:00
AIRFLOW_CTX_TRY_NUMBER=1
AIRFLOW_CTX_DAG_RUN_ID=scheduled__2023-10-01T08:05:25.664213+00:00
[2023-10-07 08:05:45,920] {logging_mixin.py:115} INFO - Making request generate_report
[2023-10-07 08:05:47,235] {logging_mixin.py:115} INFO - Response is b'{"task_id":"MjAyMy0xMC0wN1QwODowNTo0Nwlsa25fcG9wb3Y="}'
[2023-10-07 08:05:47,236] {python.py:173} INFO - Done. Returned value was: None
[2023-10-07 08:05:47,246] {taskinstance.py:1395} INFO - Marking task as SUCCESS. dag_id=sales_mart, task_id=generate_report, execution_date=20231001T080525, start_date=20231007T080545, end_date=20231007T080547
[2023-10-07 08:05:47,267] {local_task_job.py:156} INFO - Task exited with return code 0
[2023-10-07 08:05:47,294] {local_task_job.py:273} INFO - 1 downstream tasks scheduled from follow-on schedule check
