[2023-10-07 08:24:45,242] {taskinstance.py:1159} INFO - Dependencies all met for <TaskInstance: sales_mart.check_incr manual__2023-10-07T08:23:34.489254+00:00 [queued]>
[2023-10-07 08:24:45,247] {taskinstance.py:1159} INFO - Dependencies all met for <TaskInstance: sales_mart.check_incr manual__2023-10-07T08:23:34.489254+00:00 [queued]>
[2023-10-07 08:24:45,248] {taskinstance.py:1356} INFO - 
--------------------------------------------------------------------------------
[2023-10-07 08:24:45,249] {taskinstance.py:1357} INFO - Starting attempt 1 of 1
[2023-10-07 08:24:45,249] {taskinstance.py:1358} INFO - 
--------------------------------------------------------------------------------
[2023-10-07 08:24:45,257] {taskinstance.py:1377} INFO - Executing <Task(BranchPythonOperator): check_incr> on 2023-10-07 08:23:34.489254+00:00
[2023-10-07 08:24:45,260] {standard_task_runner.py:52} INFO - Started process 2086 to run task
[2023-10-07 08:24:45,261] {standard_task_runner.py:79} INFO - Running: ['airflow', 'tasks', 'run', 'sales_mart', 'check_incr', 'manual__2023-10-07T08:23:34.489254+00:00', '--job-id', '55', '--raw', '--subdir', 'DAGS_FOLDER/sprint3.py', '--cfg-path', '/tmp/tmpq973p1aj', '--error-file', '/tmp/tmpo_mx86d8']
[2023-10-07 08:24:45,263] {standard_task_runner.py:80} INFO - Job 55: Subtask check_incr
[2023-10-07 08:24:45,298] {task_command.py:369} INFO - Running <TaskInstance: sales_mart.check_incr manual__2023-10-07T08:23:34.489254+00:00 [running]> on host 36d9c57a9c84
[2023-10-07 08:24:45,341] {taskinstance.py:1569} INFO - Exporting the following env vars:
AIRFLOW_CTX_DAG_EMAIL=student@example.com
AIRFLOW_CTX_DAG_OWNER=student
AIRFLOW_CTX_DAG_ID=sales_mart
AIRFLOW_CTX_TASK_ID=check_incr
AIRFLOW_CTX_EXECUTION_DATE=2023-10-07T08:23:34.489254+00:00
AIRFLOW_CTX_TRY_NUMBER=1
AIRFLOW_CTX_DAG_RUN_ID=manual__2023-10-07T08:23:34.489254+00:00
[2023-10-07 08:24:45,348] {python.py:173} INFO - Done. Returned value was: dummy_t
[2023-10-07 08:24:45,349] {skipmixin.py:140} INFO - Following branch dummy_t
[2023-10-07 08:24:45,350] {skipmixin.py:175} INFO - Skipping tasks ['upload_user_order_inc']
[2023-10-07 08:24:45,380] {taskinstance.py:1395} INFO - Marking task as SUCCESS. dag_id=sales_mart, task_id=check_incr, execution_date=20231007T082334, start_date=20231007T082445, end_date=20231007T082445
[2023-10-07 08:24:45,395] {local_task_job.py:156} INFO - Task exited with return code 0
[2023-10-07 08:24:45,426] {local_task_job.py:273} INFO - 1 downstream tasks scheduled from follow-on schedule check
