[2023-10-07 08:09:27,365] {taskinstance.py:1159} INFO - Dependencies all met for <TaskInstance: sales_mart.generate_report scheduled__2023-10-06T08:05:25.664213+00:00 [queued]>
[2023-10-07 08:09:27,371] {taskinstance.py:1159} INFO - Dependencies all met for <TaskInstance: sales_mart.generate_report scheduled__2023-10-06T08:05:25.664213+00:00 [queued]>
[2023-10-07 08:09:27,372] {taskinstance.py:1356} INFO - 
--------------------------------------------------------------------------------
[2023-10-07 08:09:27,373] {taskinstance.py:1357} INFO - Starting attempt 1 of 1
[2023-10-07 08:09:27,374] {taskinstance.py:1358} INFO - 
--------------------------------------------------------------------------------
[2023-10-07 08:09:27,381] {taskinstance.py:1377} INFO - Executing <Task(PythonOperator): generate_report> on 2023-10-06 08:05:25.664213+00:00
[2023-10-07 08:09:27,385] {standard_task_runner.py:52} INFO - Started process 1379 to run task
[2023-10-07 08:09:27,386] {standard_task_runner.py:79} INFO - Running: ['airflow', 'tasks', 'run', 'sales_mart', 'generate_report', 'scheduled__2023-10-06T08:05:25.664213+00:00', '--job-id', '24', '--raw', '--subdir', 'DAGS_FOLDER/sprint3.py', '--cfg-path', '/tmp/tmpo03cso6_', '--error-file', '/tmp/tmpq6x75jh1']
[2023-10-07 08:09:27,387] {standard_task_runner.py:80} INFO - Job 24: Subtask generate_report
[2023-10-07 08:09:27,421] {task_command.py:369} INFO - Running <TaskInstance: sales_mart.generate_report scheduled__2023-10-06T08:05:25.664213+00:00 [running]> on host 219fbcc16ca0
[2023-10-07 08:09:27,458] {taskinstance.py:1569} INFO - Exporting the following env vars:
AIRFLOW_CTX_DAG_EMAIL=student@example.com
AIRFLOW_CTX_DAG_OWNER=student
AIRFLOW_CTX_DAG_ID=sales_mart
AIRFLOW_CTX_TASK_ID=generate_report
AIRFLOW_CTX_EXECUTION_DATE=2023-10-06T08:05:25.664213+00:00
AIRFLOW_CTX_TRY_NUMBER=1
AIRFLOW_CTX_DAG_RUN_ID=scheduled__2023-10-06T08:05:25.664213+00:00
[2023-10-07 08:09:27,459] {logging_mixin.py:115} INFO - Making request generate_report
[2023-10-07 08:09:27,625] {logging_mixin.py:115} INFO - Response is b'{"task_id":"MjAyMy0xMC0wN1QwODowOToyNwlsa25fcG9wb3Y="}'
[2023-10-07 08:09:27,625] {python.py:173} INFO - Done. Returned value was: None
[2023-10-07 08:09:27,634] {taskinstance.py:1395} INFO - Marking task as SUCCESS. dag_id=sales_mart, task_id=generate_report, execution_date=20231006T080525, start_date=20231007T080927, end_date=20231007T080927
[2023-10-07 08:09:27,681] {local_task_job.py:156} INFO - Task exited with return code 0
[2023-10-07 08:09:27,717] {local_task_job.py:273} INFO - 1 downstream tasks scheduled from follow-on schedule check
