[2023-10-07 11:12:56,079] {taskinstance.py:1159} INFO - Dependencies all met for <TaskInstance: sales_mart.get_report scheduled__2023-09-30T11:12:45.809445+00:00 [queued]>
[2023-10-07 11:12:56,085] {taskinstance.py:1159} INFO - Dependencies all met for <TaskInstance: sales_mart.get_report scheduled__2023-09-30T11:12:45.809445+00:00 [queued]>
[2023-10-07 11:12:56,086] {taskinstance.py:1356} INFO - 
--------------------------------------------------------------------------------
[2023-10-07 11:12:56,087] {taskinstance.py:1357} INFO - Starting attempt 1 of 1
[2023-10-07 11:12:56,088] {taskinstance.py:1358} INFO - 
--------------------------------------------------------------------------------
[2023-10-07 11:12:56,097] {taskinstance.py:1377} INFO - Executing <Task(PythonOperator): get_report> on 2023-09-30 11:12:45.809445+00:00
[2023-10-07 11:12:56,100] {standard_task_runner.py:52} INFO - Started process 760 to run task
[2023-10-07 11:12:56,101] {standard_task_runner.py:79} INFO - Running: ['airflow', 'tasks', 'run', 'sales_mart', 'get_report', 'scheduled__2023-09-30T11:12:45.809445+00:00', '--job-id', '5', '--raw', '--subdir', 'DAGS_FOLDER/sprint3.py', '--cfg-path', '/tmp/tmpoild6u9l', '--error-file', '/tmp/tmpf1o40biz']
[2023-10-07 11:12:56,102] {standard_task_runner.py:80} INFO - Job 5: Subtask get_report
[2023-10-07 11:12:56,144] {task_command.py:369} INFO - Running <TaskInstance: sales_mart.get_report scheduled__2023-09-30T11:12:45.809445+00:00 [running]> on host 24f54d2755a2
[2023-10-07 11:12:56,183] {taskinstance.py:1569} INFO - Exporting the following env vars:
AIRFLOW_CTX_DAG_EMAIL=student@example.com
AIRFLOW_CTX_DAG_OWNER=student
AIRFLOW_CTX_DAG_ID=sales_mart
AIRFLOW_CTX_TASK_ID=get_report
AIRFLOW_CTX_EXECUTION_DATE=2023-09-30T11:12:45.809445+00:00
AIRFLOW_CTX_TRY_NUMBER=1
AIRFLOW_CTX_DAG_RUN_ID=scheduled__2023-09-30T11:12:45.809445+00:00
[2023-10-07 11:12:56,184] {logging_mixin.py:115} INFO - Making request get_report
[2023-10-07 11:12:57,324] {logging_mixin.py:115} INFO - Response is b'{"task_id":"MjAyMy0xMC0wN1QxMToxMjo1Mglsa25fcG9wb3Y=","status":"RUNNING","data":{"report_id":null,"start_day":null,"end_date":null,"s3_path":{}}}'
[2023-10-07 11:13:07,461] {logging_mixin.py:115} INFO - Response is b'{"task_id":"MjAyMy0xMC0wN1QxMToxMjo1Mglsa25fcG9wb3Y=","status":"RUNNING","data":{"report_id":null,"start_day":null,"end_date":null,"s3_path":{}}}'
[2023-10-07 11:13:17,947] {logging_mixin.py:115} INFO - Response is b'{"task_id":"MjAyMy0xMC0wN1QxMToxMjo1Mglsa25fcG9wb3Y=","status":"RUNNING","data":{"report_id":null,"start_day":null,"end_date":null,"s3_path":{}}}'
[2023-10-07 11:13:28,106] {logging_mixin.py:115} INFO - Response is b'{"task_id":"MjAyMy0xMC0wN1QxMToxMjo1Mglsa25fcG9wb3Y=","status":"RUNNING","data":{"report_id":null,"start_day":null,"end_date":null,"s3_path":{}}}'
[2023-10-07 11:13:38,227] {logging_mixin.py:115} INFO - Response is b'{"task_id":"MjAyMy0xMC0wN1QxMToxMjo1Mglsa25fcG9wb3Y=","status":"RUNNING","data":{"report_id":null,"start_day":null,"end_date":null,"s3_path":{}}}'
[2023-10-07 11:13:48,348] {logging_mixin.py:115} INFO - Response is b'{"task_id":"MjAyMy0xMC0wN1QxMToxMjo1Mglsa25fcG9wb3Y=","status":"RUNNING","data":{"report_id":null,"start_day":null,"end_date":null,"s3_path":{}}}'
[2023-10-07 11:14:01,566] {logging_mixin.py:115} INFO - Response is b'{"task_id":"MjAyMy0xMC0wN1QxMToxMjo1Mglsa25fcG9wb3Y=","status":"SUCCESS","data":{"report_id":"TWpBeU15MHhNQzB3TjFReE1Ub3hNam8xTWdsc2EyNWZjRzl3YjNZPQ==","start_day":"2023-09-07 00:00:00","end_date":"2023-09-29 00:00:00","s3_path":{"customer_research":"https://storage.yandexcloud.net/s3-sprint3/cohort_18/lkn_popov/project/TWpBeU15MHhNQzB3TjFReE1Ub3hNam8xTWdsc2EyNWZjRzl3YjNZPQ==/customer_research.csv","user_order_log":"https://storage.yandexcloud.net/s3-sprint3/cohort_18/lkn_popov/project/TWpBeU15MHhNQzB3TjFReE1Ub3hNam8xTWdsc2EyNWZjRzl3YjNZPQ==/user_order_log.csv","user_activity_log":"https://storage.yandexcloud.net/s3-sprint3/cohort_18/lkn_popov/project/TWpBeU15MHhNQzB3TjFReE1Ub3hNam8xTWdsc2EyNWZjRzl3YjNZPQ==/user_activity_log.csv","price_log":"https://storage.yandexcloud.net/s3-sprint3/cohort_18/lkn_popov/project/TWpBeU15MHhNQzB3TjFReE1Ub3hNam8xTWdsc2EyNWZjRzl3YjNZPQ==/price_log.csv"}}}'
[2023-10-07 11:14:01,578] {logging_mixin.py:115} INFO - Report_id=TWpBeU15MHhNQzB3TjFReE1Ub3hNam8xTWdsc2EyNWZjRzl3YjNZPQ==
[2023-10-07 11:14:01,579] {python.py:173} INFO - Done. Returned value was: None
[2023-10-07 11:14:01,588] {taskinstance.py:1395} INFO - Marking task as SUCCESS. dag_id=sales_mart, task_id=get_report, execution_date=20230930T111245, start_date=20231007T111256, end_date=20231007T111401
[2023-10-07 11:14:01,620] {local_task_job.py:156} INFO - Task exited with return code 0
[2023-10-07 11:14:01,646] {local_task_job.py:273} INFO - 1 downstream tasks scheduled from follow-on schedule check
