[2023-10-07 12:22:26,426] {taskinstance.py:1159} INFO - Dependencies all met for <TaskInstance: sales_mart.generate_report scheduled__2023-10-04T12:19:33.489881+00:00 [queued]>
[2023-10-07 12:22:26,432] {taskinstance.py:1159} INFO - Dependencies all met for <TaskInstance: sales_mart.generate_report scheduled__2023-10-04T12:19:33.489881+00:00 [queued]>
[2023-10-07 12:22:26,433] {taskinstance.py:1356} INFO - 
--------------------------------------------------------------------------------
[2023-10-07 12:22:26,434] {taskinstance.py:1357} INFO - Starting attempt 1 of 1
[2023-10-07 12:22:26,434] {taskinstance.py:1358} INFO - 
--------------------------------------------------------------------------------
[2023-10-07 12:22:26,442] {taskinstance.py:1377} INFO - Executing <Task(PythonOperator): generate_report> on 2023-10-04 12:19:33.489881+00:00
[2023-10-07 12:22:26,445] {standard_task_runner.py:52} INFO - Started process 1018 to run task
[2023-10-07 12:22:26,446] {standard_task_runner.py:79} INFO - Running: ['airflow', 'tasks', 'run', 'sales_mart', 'generate_report', 'scheduled__2023-10-04T12:19:33.489881+00:00', '--job-id', '17', '--raw', '--subdir', 'DAGS_FOLDER/sprint3.py', '--cfg-path', '/tmp/tmpye4d2usr', '--error-file', '/tmp/tmpqir1gzz1']
[2023-10-07 12:22:26,447] {standard_task_runner.py:80} INFO - Job 17: Subtask generate_report
[2023-10-07 12:22:26,480] {task_command.py:369} INFO - Running <TaskInstance: sales_mart.generate_report scheduled__2023-10-04T12:19:33.489881+00:00 [running]> on host d964b2b568e5
[2023-10-07 12:22:26,518] {taskinstance.py:1569} INFO - Exporting the following env vars:
AIRFLOW_CTX_DAG_EMAIL=student@example.com
AIRFLOW_CTX_DAG_OWNER=student
AIRFLOW_CTX_DAG_ID=sales_mart
AIRFLOW_CTX_TASK_ID=generate_report
AIRFLOW_CTX_EXECUTION_DATE=2023-10-04T12:19:33.489881+00:00
AIRFLOW_CTX_TRY_NUMBER=1
AIRFLOW_CTX_DAG_RUN_ID=scheduled__2023-10-04T12:19:33.489881+00:00
[2023-10-07 12:22:26,519] {logging_mixin.py:115} INFO - Making request generate_report
[2023-10-07 12:22:26,666] {logging_mixin.py:115} INFO - Response is b'{"task_id":"MjAyMy0xMC0wN1QxMjoyMjoyNglsa25fcG9wb3Y="}'
[2023-10-07 12:22:26,667] {python.py:173} INFO - Done. Returned value was: None
[2023-10-07 12:22:26,675] {taskinstance.py:1395} INFO - Marking task as SUCCESS. dag_id=sales_mart, task_id=generate_report, execution_date=20231004T121933, start_date=20231007T122226, end_date=20231007T122226
[2023-10-07 12:22:26,699] {local_task_job.py:156} INFO - Task exited with return code 0
[2023-10-07 12:22:26,724] {local_task_job.py:273} INFO - 1 downstream tasks scheduled from follow-on schedule check
