[2023-10-05 18:47:52,689] {taskinstance.py:1159} INFO - Dependencies all met for <TaskInstance: sales_mart.generate_report scheduled__2023-09-29T18:47:26.124137+00:00 [queued]>
[2023-10-05 18:47:52,706] {taskinstance.py:1159} INFO - Dependencies all met for <TaskInstance: sales_mart.generate_report scheduled__2023-09-29T18:47:26.124137+00:00 [queued]>
[2023-10-05 18:47:52,707] {taskinstance.py:1356} INFO - 
--------------------------------------------------------------------------------
[2023-10-05 18:47:52,708] {taskinstance.py:1357} INFO - Starting attempt 1 of 1
[2023-10-05 18:47:52,709] {taskinstance.py:1358} INFO - 
--------------------------------------------------------------------------------
[2023-10-05 18:47:52,734] {taskinstance.py:1377} INFO - Executing <Task(PythonOperator): generate_report> on 2023-09-29 18:47:26.124137+00:00
[2023-10-05 18:47:52,738] {standard_task_runner.py:52} INFO - Started process 1319 to run task
[2023-10-05 18:47:52,744] {standard_task_runner.py:79} INFO - Running: ['airflow', 'tasks', 'run', 'sales_mart', 'generate_report', 'scheduled__2023-09-29T18:47:26.124137+00:00', '--job-id', '4', '--raw', '--subdir', 'DAGS_FOLDER/sprint3.py', '--cfg-path', '/tmp/tmpw4zfbl14', '--error-file', '/tmp/tmp687gtava']
[2023-10-05 18:47:52,746] {standard_task_runner.py:80} INFO - Job 4: Subtask generate_report
[2023-10-05 18:47:52,850] {task_command.py:369} INFO - Running <TaskInstance: sales_mart.generate_report scheduled__2023-09-29T18:47:26.124137+00:00 [running]> on host 2026d982a63a
[2023-10-05 18:47:52,956] {taskinstance.py:1569} INFO - Exporting the following env vars:
AIRFLOW_CTX_DAG_EMAIL=student@example.com
AIRFLOW_CTX_DAG_OWNER=student
AIRFLOW_CTX_DAG_ID=sales_mart
AIRFLOW_CTX_TASK_ID=generate_report
AIRFLOW_CTX_EXECUTION_DATE=2023-09-29T18:47:26.124137+00:00
AIRFLOW_CTX_TRY_NUMBER=1
AIRFLOW_CTX_DAG_RUN_ID=scheduled__2023-09-29T18:47:26.124137+00:00
[2023-10-05 18:47:52,957] {logging_mixin.py:115} INFO - Making request generate_report
[2023-10-05 18:47:53,103] {logging_mixin.py:115} INFO - Response is b'{"task_id":"MjAyMy0xMC0wNVQxODo0Nzo1Mglsa25fcG9wb3Y="}'
[2023-10-05 18:47:53,106] {python.py:173} INFO - Done. Returned value was: None
[2023-10-05 18:47:53,128] {taskinstance.py:1395} INFO - Marking task as SUCCESS. dag_id=sales_mart, task_id=generate_report, execution_date=20230929T184726, start_date=20231005T184752, end_date=20231005T184753
[2023-10-05 18:47:53,159] {local_task_job.py:156} INFO - Task exited with return code 0
[2023-10-05 18:47:53,222] {local_task_job.py:273} INFO - 1 downstream tasks scheduled from follow-on schedule check
