[2023-10-07 12:59:29,291] {taskinstance.py:1159} INFO - Dependencies all met for <TaskInstance: sales_mart.generate_report scheduled__2023-10-02T12:57:59.807942+00:00 [queued]>
[2023-10-07 12:59:29,298] {taskinstance.py:1159} INFO - Dependencies all met for <TaskInstance: sales_mart.generate_report scheduled__2023-10-02T12:57:59.807942+00:00 [queued]>
[2023-10-07 12:59:29,299] {taskinstance.py:1356} INFO - 
--------------------------------------------------------------------------------
[2023-10-07 12:59:29,299] {taskinstance.py:1357} INFO - Starting attempt 1 of 1
[2023-10-07 12:59:29,299] {taskinstance.py:1358} INFO - 
--------------------------------------------------------------------------------
[2023-10-07 12:59:29,307] {taskinstance.py:1377} INFO - Executing <Task(PythonOperator): generate_report> on 2023-10-02 12:57:59.807942+00:00
[2023-10-07 12:59:29,310] {standard_task_runner.py:52} INFO - Started process 708 to run task
[2023-10-07 12:59:29,312] {standard_task_runner.py:79} INFO - Running: ['airflow', 'tasks', 'run', 'sales_mart', 'generate_report', 'scheduled__2023-10-02T12:57:59.807942+00:00', '--job-id', '6', '--raw', '--subdir', 'DAGS_FOLDER/sprint3.py', '--cfg-path', '/tmp/tmppp2ir6ep', '--error-file', '/tmp/tmpyq6b9fiw']
[2023-10-07 12:59:29,313] {standard_task_runner.py:80} INFO - Job 6: Subtask generate_report
[2023-10-07 12:59:29,352] {task_command.py:369} INFO - Running <TaskInstance: sales_mart.generate_report scheduled__2023-10-02T12:57:59.807942+00:00 [running]> on host 1af476629d92
[2023-10-07 12:59:29,392] {taskinstance.py:1569} INFO - Exporting the following env vars:
AIRFLOW_CTX_DAG_EMAIL=student@example.com
AIRFLOW_CTX_DAG_OWNER=student
AIRFLOW_CTX_DAG_ID=sales_mart
AIRFLOW_CTX_TASK_ID=generate_report
AIRFLOW_CTX_EXECUTION_DATE=2023-10-02T12:57:59.807942+00:00
AIRFLOW_CTX_TRY_NUMBER=1
AIRFLOW_CTX_DAG_RUN_ID=scheduled__2023-10-02T12:57:59.807942+00:00
[2023-10-07 12:59:29,393] {logging_mixin.py:115} INFO - Making request generate_report
[2023-10-07 12:59:29,593] {logging_mixin.py:115} INFO - Response is b'{"task_id":"MjAyMy0xMC0wN1QxMjo1OToyOQlsa25fcG9wb3Y="}'
[2023-10-07 12:59:29,593] {python.py:173} INFO - Done. Returned value was: None
[2023-10-07 12:59:29,603] {taskinstance.py:1395} INFO - Marking task as SUCCESS. dag_id=sales_mart, task_id=generate_report, execution_date=20231002T125759, start_date=20231007T125929, end_date=20231007T125929
[2023-10-07 12:59:29,646] {local_task_job.py:156} INFO - Task exited with return code 0
[2023-10-07 12:59:29,669] {dagrun.py:647} WARNING - Failed to get task '<TaskInstance: sales_mart.check_incr scheduled__2023-10-02T12:57:59.807942+00:00 [None]>' for dag 'sales_mart'. Marking it as removed.
[2023-10-07 12:59:29,671] {dagrun.py:647} WARNING - Failed to get task '<TaskInstance: sales_mart.dummy scheduled__2023-10-02T12:57:59.807942+00:00 [None]>' for dag 'sales_mart'. Marking it as removed.
[2023-10-07 12:59:29,672] {dagrun.py:647} WARNING - Failed to get task '<TaskInstance: sales_mart.dummy_l scheduled__2023-10-02T12:57:59.807942+00:00 [None]>' for dag 'sales_mart'. Marking it as removed.
[2023-10-07 12:59:29,681] {local_task_job.py:273} INFO - 1 downstream tasks scheduled from follow-on schedule check
