[2023-10-07 12:22:40,528] {taskinstance.py:1159} INFO - Dependencies all met for <TaskInstance: sales_mart.get_report scheduled__2023-10-04T12:19:33.489881+00:00 [queued]>
[2023-10-07 12:22:40,535] {taskinstance.py:1159} INFO - Dependencies all met for <TaskInstance: sales_mart.get_report scheduled__2023-10-04T12:19:33.489881+00:00 [queued]>
[2023-10-07 12:22:40,536] {taskinstance.py:1356} INFO - 
--------------------------------------------------------------------------------
[2023-10-07 12:22:40,537] {taskinstance.py:1357} INFO - Starting attempt 1 of 1
[2023-10-07 12:22:40,537] {taskinstance.py:1358} INFO - 
--------------------------------------------------------------------------------
[2023-10-07 12:22:40,546] {taskinstance.py:1377} INFO - Executing <Task(PythonOperator): get_report> on 2023-10-04 12:19:33.489881+00:00
[2023-10-07 12:22:40,549] {standard_task_runner.py:52} INFO - Started process 1167 to run task
[2023-10-07 12:22:40,550] {standard_task_runner.py:79} INFO - Running: ['airflow', 'tasks', 'run', 'sales_mart', 'get_report', 'scheduled__2023-10-04T12:19:33.489881+00:00', '--job-id', '23', '--raw', '--subdir', 'DAGS_FOLDER/sprint3.py', '--cfg-path', '/tmp/tmp13_9hc6v', '--error-file', '/tmp/tmpbuvj2as3']
[2023-10-07 12:22:40,552] {standard_task_runner.py:80} INFO - Job 23: Subtask get_report
[2023-10-07 12:22:40,590] {task_command.py:369} INFO - Running <TaskInstance: sales_mart.get_report scheduled__2023-10-04T12:19:33.489881+00:00 [running]> on host d964b2b568e5
[2023-10-07 12:22:40,629] {taskinstance.py:1569} INFO - Exporting the following env vars:
AIRFLOW_CTX_DAG_EMAIL=student@example.com
AIRFLOW_CTX_DAG_OWNER=student
AIRFLOW_CTX_DAG_ID=sales_mart
AIRFLOW_CTX_TASK_ID=get_report
AIRFLOW_CTX_EXECUTION_DATE=2023-10-04T12:19:33.489881+00:00
AIRFLOW_CTX_TRY_NUMBER=1
AIRFLOW_CTX_DAG_RUN_ID=scheduled__2023-10-04T12:19:33.489881+00:00
[2023-10-07 12:22:40,630] {logging_mixin.py:115} INFO - Making request get_report
[2023-10-07 12:22:40,800] {logging_mixin.py:115} INFO - Response is b'{"task_id":"MjAyMy0xMC0wN1QxMjoyMjoyNglsa25fcG9wb3Y=","status":"RUNNING","data":{"report_id":null,"start_day":null,"end_date":null,"s3_path":{}}}'
[2023-10-07 12:22:50,928] {logging_mixin.py:115} INFO - Response is b'{"task_id":"MjAyMy0xMC0wN1QxMjoyMjoyNglsa25fcG9wb3Y=","status":"RUNNING","data":{"report_id":null,"start_day":null,"end_date":null,"s3_path":{}}}'
[2023-10-07 12:23:01,083] {logging_mixin.py:115} INFO - Response is b'{"task_id":"MjAyMy0xMC0wN1QxMjoyMjoyNglsa25fcG9wb3Y=","status":"RUNNING","data":{"report_id":null,"start_day":null,"end_date":null,"s3_path":{}}}'
[2023-10-07 12:23:11,240] {logging_mixin.py:115} INFO - Response is b'{"task_id":"MjAyMy0xMC0wN1QxMjoyMjoyNglsa25fcG9wb3Y=","status":"RUNNING","data":{"report_id":null,"start_day":null,"end_date":null,"s3_path":{}}}'
[2023-10-07 12:23:21,677] {logging_mixin.py:115} INFO - Response is b'{"task_id":"MjAyMy0xMC0wN1QxMjoyMjoyNglsa25fcG9wb3Y=","status":"RUNNING","data":{"report_id":null,"start_day":null,"end_date":null,"s3_path":{}}}'
[2023-10-07 12:23:35,116] {logging_mixin.py:115} INFO - Response is b'{"task_id":"MjAyMy0xMC0wN1QxMjoyMjoyNglsa25fcG9wb3Y=","status":"SUCCESS","data":{"report_id":"TWpBeU15MHhNQzB3TjFReE1qb3lNam95Tmdsc2EyNWZjRzl3YjNZPQ==","start_day":"2023-09-07 00:00:00","end_date":"2023-09-29 00:00:00","s3_path":{"customer_research":"https://storage.yandexcloud.net/s3-sprint3/cohort_18/lkn_popov/project/TWpBeU15MHhNQzB3TjFReE1qb3lNam95Tmdsc2EyNWZjRzl3YjNZPQ==/customer_research.csv","user_order_log":"https://storage.yandexcloud.net/s3-sprint3/cohort_18/lkn_popov/project/TWpBeU15MHhNQzB3TjFReE1qb3lNam95Tmdsc2EyNWZjRzl3YjNZPQ==/user_order_log.csv","user_activity_log":"https://storage.yandexcloud.net/s3-sprint3/cohort_18/lkn_popov/project/TWpBeU15MHhNQzB3TjFReE1qb3lNam95Tmdsc2EyNWZjRzl3YjNZPQ==/user_activity_log.csv","price_log":"https://storage.yandexcloud.net/s3-sprint3/cohort_18/lkn_popov/project/TWpBeU15MHhNQzB3TjFReE1qb3lNam95Tmdsc2EyNWZjRzl3YjNZPQ==/price_log.csv"}}}'
[2023-10-07 12:23:35,130] {logging_mixin.py:115} INFO - Report_id=TWpBeU15MHhNQzB3TjFReE1qb3lNam95Tmdsc2EyNWZjRzl3YjNZPQ==
[2023-10-07 12:23:35,131] {python.py:173} INFO - Done. Returned value was: None
[2023-10-07 12:23:35,138] {taskinstance.py:1395} INFO - Marking task as SUCCESS. dag_id=sales_mart, task_id=get_report, execution_date=20231004T121933, start_date=20231007T122240, end_date=20231007T122335
[2023-10-07 12:23:35,174] {local_task_job.py:156} INFO - Task exited with return code 0
[2023-10-07 12:23:35,202] {local_task_job.py:273} INFO - 1 downstream tasks scheduled from follow-on schedule check
