[2023-10-07 11:33:41,077] {taskinstance.py:1159} INFO - Dependencies all met for <TaskInstance: sales_mart.check_incr scheduled__2023-10-04T11:28:42.370831+00:00 [queued]>
[2023-10-07 11:33:41,084] {taskinstance.py:1159} INFO - Dependencies all met for <TaskInstance: sales_mart.check_incr scheduled__2023-10-04T11:28:42.370831+00:00 [queued]>
[2023-10-07 11:33:41,084] {taskinstance.py:1356} INFO - 
--------------------------------------------------------------------------------
[2023-10-07 11:33:41,085] {taskinstance.py:1357} INFO - Starting attempt 1 of 1
[2023-10-07 11:33:41,086] {taskinstance.py:1358} INFO - 
--------------------------------------------------------------------------------
[2023-10-07 11:33:41,094] {taskinstance.py:1377} INFO - Executing <Task(BranchPythonOperator): check_incr> on 2023-10-04 11:28:42.370831+00:00
[2023-10-07 11:33:41,097] {standard_task_runner.py:52} INFO - Started process 1521 to run task
[2023-10-07 11:33:41,099] {standard_task_runner.py:79} INFO - Running: ['airflow', 'tasks', 'run', 'sales_mart', 'check_incr', 'scheduled__2023-10-04T11:28:42.370831+00:00', '--job-id', '34', '--raw', '--subdir', 'DAGS_FOLDER/sprint3.py', '--cfg-path', '/tmp/tmpszkpr4gn', '--error-file', '/tmp/tmpan15ozyw']
[2023-10-07 11:33:41,100] {standard_task_runner.py:80} INFO - Job 34: Subtask check_incr
[2023-10-07 11:33:41,135] {task_command.py:369} INFO - Running <TaskInstance: sales_mart.check_incr scheduled__2023-10-04T11:28:42.370831+00:00 [running]> on host 70ec72ace0d7
[2023-10-07 11:33:41,173] {taskinstance.py:1569} INFO - Exporting the following env vars:
AIRFLOW_CTX_DAG_EMAIL=student@example.com
AIRFLOW_CTX_DAG_OWNER=student
AIRFLOW_CTX_DAG_ID=sales_mart
AIRFLOW_CTX_TASK_ID=check_incr
AIRFLOW_CTX_EXECUTION_DATE=2023-10-04T11:28:42.370831+00:00
AIRFLOW_CTX_TRY_NUMBER=1
AIRFLOW_CTX_DAG_RUN_ID=scheduled__2023-10-04T11:28:42.370831+00:00
[2023-10-07 11:33:41,180] {python.py:173} INFO - Done. Returned value was: upload_user_order_inc
[2023-10-07 11:33:41,181] {skipmixin.py:140} INFO - Following branch upload_user_order_inc
[2023-10-07 11:33:41,182] {skipmixin.py:175} INFO - Skipping tasks ['dummy_t']
[2023-10-07 11:33:41,212] {taskinstance.py:1395} INFO - Marking task as SUCCESS. dag_id=sales_mart, task_id=check_incr, execution_date=20231004T112842, start_date=20231007T113341, end_date=20231007T113341
[2023-10-07 11:33:41,232] {local_task_job.py:156} INFO - Task exited with return code 0
[2023-10-07 11:33:41,263] {local_task_job.py:273} INFO - 1 downstream tasks scheduled from follow-on schedule check
