[2023-10-07 08:22:00,105] {taskinstance.py:1159} INFO - Dependencies all met for <TaskInstance: sales_mart.update_d_item scheduled__2023-09-30T08:17:37.691037+00:00 [queued]>
[2023-10-07 08:22:00,111] {taskinstance.py:1159} INFO - Dependencies all met for <TaskInstance: sales_mart.update_d_item scheduled__2023-09-30T08:17:37.691037+00:00 [queued]>
[2023-10-07 08:22:00,112] {taskinstance.py:1356} INFO - 
--------------------------------------------------------------------------------
[2023-10-07 08:22:00,113] {taskinstance.py:1357} INFO - Starting attempt 1 of 1
[2023-10-07 08:22:00,114] {taskinstance.py:1358} INFO - 
--------------------------------------------------------------------------------
[2023-10-07 08:22:00,123] {taskinstance.py:1377} INFO - Executing <Task(PostgresOperator): update_d_item> on 2023-09-30 08:17:37.691037+00:00
[2023-10-07 08:22:00,126] {standard_task_runner.py:52} INFO - Started process 1386 to run task
[2023-10-07 08:22:00,127] {standard_task_runner.py:79} INFO - Running: ['airflow', 'tasks', 'run', 'sales_mart', 'update_d_item', 'scheduled__2023-09-30T08:17:37.691037+00:00', '--job-id', '30', '--raw', '--subdir', 'DAGS_FOLDER/sprint3.py', '--cfg-path', '/tmp/tmpselpt65m', '--error-file', '/tmp/tmp98m7_g4z']
[2023-10-07 08:22:00,128] {standard_task_runner.py:80} INFO - Job 30: Subtask update_d_item
[2023-10-07 08:22:00,164] {task_command.py:369} INFO - Running <TaskInstance: sales_mart.update_d_item scheduled__2023-09-30T08:17:37.691037+00:00 [running]> on host 36d9c57a9c84
[2023-10-07 08:22:00,200] {taskinstance.py:1569} INFO - Exporting the following env vars:
AIRFLOW_CTX_DAG_EMAIL=student@example.com
AIRFLOW_CTX_DAG_OWNER=student
AIRFLOW_CTX_DAG_ID=sales_mart
AIRFLOW_CTX_TASK_ID=update_d_item
AIRFLOW_CTX_EXECUTION_DATE=2023-09-30T08:17:37.691037+00:00
AIRFLOW_CTX_TRY_NUMBER=1
AIRFLOW_CTX_DAG_RUN_ID=scheduled__2023-09-30T08:17:37.691037+00:00
[2023-10-07 08:22:00,207] {base.py:68} INFO - Using connection ID 'postgresql_de' for task execution.
[2023-10-07 08:22:00,210] {sql.py:315} INFO - Running statement: insert into mart.d_item (item_id, item_name)
select item_id, item_name from staging.user_order_log
where item_id not in (select item_id from mart.d_item)
group by item_id, item_name, parameters: None
[2023-10-07 08:22:00,217] {sql.py:324} INFO - Rows affected: 12
[2023-10-07 08:22:00,227] {taskinstance.py:1395} INFO - Marking task as SUCCESS. dag_id=sales_mart, task_id=update_d_item, execution_date=20230930T081737, start_date=20231007T082200, end_date=20231007T082200
[2023-10-07 08:22:00,261] {local_task_job.py:156} INFO - Task exited with return code 0
[2023-10-07 08:22:00,287] {local_task_job.py:273} INFO - 1 downstream tasks scheduled from follow-on schedule check
