[2023-10-07 11:31:11,353] {taskinstance.py:1159} INFO - Dependencies all met for <TaskInstance: sales_mart.check_incr scheduled__2023-09-30T11:28:42.370831+00:00 [queued]>
[2023-10-07 11:31:11,360] {taskinstance.py:1159} INFO - Dependencies all met for <TaskInstance: sales_mart.check_incr scheduled__2023-09-30T11:28:42.370831+00:00 [queued]>
[2023-10-07 11:31:11,361] {taskinstance.py:1356} INFO - 
--------------------------------------------------------------------------------
[2023-10-07 11:31:11,361] {taskinstance.py:1357} INFO - Starting attempt 1 of 1
[2023-10-07 11:31:11,362] {taskinstance.py:1358} INFO - 
--------------------------------------------------------------------------------
[2023-10-07 11:31:11,369] {taskinstance.py:1377} INFO - Executing <Task(BranchPythonOperator): check_incr> on 2023-09-30 11:28:42.370831+00:00
[2023-10-07 11:31:11,372] {standard_task_runner.py:52} INFO - Started process 969 to run task
[2023-10-07 11:31:11,373] {standard_task_runner.py:79} INFO - Running: ['airflow', 'tasks', 'run', 'sales_mart', 'check_incr', 'scheduled__2023-09-30T11:28:42.370831+00:00', '--job-id', '15', '--raw', '--subdir', 'DAGS_FOLDER/sprint3.py', '--cfg-path', '/tmp/tmp6oahquf5', '--error-file', '/tmp/tmp_tom40ks']
[2023-10-07 11:31:11,374] {standard_task_runner.py:80} INFO - Job 15: Subtask check_incr
[2023-10-07 11:31:11,409] {task_command.py:369} INFO - Running <TaskInstance: sales_mart.check_incr scheduled__2023-09-30T11:28:42.370831+00:00 [running]> on host 70ec72ace0d7
[2023-10-07 11:31:11,448] {taskinstance.py:1569} INFO - Exporting the following env vars:
AIRFLOW_CTX_DAG_EMAIL=student@example.com
AIRFLOW_CTX_DAG_OWNER=student
AIRFLOW_CTX_DAG_ID=sales_mart
AIRFLOW_CTX_TASK_ID=check_incr
AIRFLOW_CTX_EXECUTION_DATE=2023-09-30T11:28:42.370831+00:00
AIRFLOW_CTX_TRY_NUMBER=1
AIRFLOW_CTX_DAG_RUN_ID=scheduled__2023-09-30T11:28:42.370831+00:00
[2023-10-07 11:31:11,455] {python.py:173} INFO - Done. Returned value was: upload_user_order_inc
[2023-10-07 11:31:11,456] {skipmixin.py:140} INFO - Following branch upload_user_order_inc
[2023-10-07 11:31:11,456] {skipmixin.py:175} INFO - Skipping tasks ['dummy_t']
[2023-10-07 11:31:11,487] {taskinstance.py:1395} INFO - Marking task as SUCCESS. dag_id=sales_mart, task_id=check_incr, execution_date=20230930T112842, start_date=20231007T113111, end_date=20231007T113111
[2023-10-07 11:31:11,507] {local_task_job.py:156} INFO - Task exited with return code 0
[2023-10-07 11:31:11,538] {local_task_job.py:273} INFO - 1 downstream tasks scheduled from follow-on schedule check
