[2023-10-07 11:32:29,479] {taskinstance.py:1159} INFO - Dependencies all met for <TaskInstance: sales_mart.generate_report scheduled__2023-10-06T11:28:42.370831+00:00 [queued]>
[2023-10-07 11:32:29,485] {taskinstance.py:1159} INFO - Dependencies all met for <TaskInstance: sales_mart.generate_report scheduled__2023-10-06T11:28:42.370831+00:00 [queued]>
[2023-10-07 11:32:29,485] {taskinstance.py:1356} INFO - 
--------------------------------------------------------------------------------
[2023-10-07 11:32:29,486] {taskinstance.py:1357} INFO - Starting attempt 1 of 1
[2023-10-07 11:32:29,487] {taskinstance.py:1358} INFO - 
--------------------------------------------------------------------------------
[2023-10-07 11:32:29,496] {taskinstance.py:1377} INFO - Executing <Task(PythonOperator): generate_report> on 2023-10-06 11:28:42.370831+00:00
[2023-10-07 11:32:29,499] {standard_task_runner.py:52} INFO - Started process 1310 to run task
[2023-10-07 11:32:29,500] {standard_task_runner.py:79} INFO - Running: ['airflow', 'tasks', 'run', 'sales_mart', 'generate_report', 'scheduled__2023-10-06T11:28:42.370831+00:00', '--job-id', '27', '--raw', '--subdir', 'DAGS_FOLDER/sprint3.py', '--cfg-path', '/tmp/tmpm3un6tui', '--error-file', '/tmp/tmpaxy944jv']
[2023-10-07 11:32:29,501] {standard_task_runner.py:80} INFO - Job 27: Subtask generate_report
[2023-10-07 11:32:29,537] {task_command.py:369} INFO - Running <TaskInstance: sales_mart.generate_report scheduled__2023-10-06T11:28:42.370831+00:00 [running]> on host 70ec72ace0d7
[2023-10-07 11:32:29,572] {taskinstance.py:1569} INFO - Exporting the following env vars:
AIRFLOW_CTX_DAG_EMAIL=student@example.com
AIRFLOW_CTX_DAG_OWNER=student
AIRFLOW_CTX_DAG_ID=sales_mart
AIRFLOW_CTX_TASK_ID=generate_report
AIRFLOW_CTX_EXECUTION_DATE=2023-10-06T11:28:42.370831+00:00
AIRFLOW_CTX_TRY_NUMBER=1
AIRFLOW_CTX_DAG_RUN_ID=scheduled__2023-10-06T11:28:42.370831+00:00
[2023-10-07 11:32:29,573] {logging_mixin.py:115} INFO - Making request generate_report
[2023-10-07 11:32:29,727] {logging_mixin.py:115} INFO - Response is b'{"task_id":"MjAyMy0xMC0wN1QxMTozMjoyOQlsa25fcG9wb3Y="}'
[2023-10-07 11:32:29,728] {python.py:173} INFO - Done. Returned value was: None
[2023-10-07 11:32:29,736] {taskinstance.py:1395} INFO - Marking task as SUCCESS. dag_id=sales_mart, task_id=generate_report, execution_date=20231006T112842, start_date=20231007T113229, end_date=20231007T113229
[2023-10-07 11:32:29,755] {local_task_job.py:156} INFO - Task exited with return code 0
[2023-10-07 11:32:29,782] {local_task_job.py:273} INFO - 1 downstream tasks scheduled from follow-on schedule check
