[2023-10-07 12:24:10,524] {taskinstance.py:1159} INFO - Dependencies all met for <TaskInstance: sales_mart.get_report scheduled__2023-10-06T12:19:33.489881+00:00 [queued]>
[2023-10-07 12:24:10,530] {taskinstance.py:1159} INFO - Dependencies all met for <TaskInstance: sales_mart.get_report scheduled__2023-10-06T12:19:33.489881+00:00 [queued]>
[2023-10-07 12:24:10,531] {taskinstance.py:1356} INFO - 
--------------------------------------------------------------------------------
[2023-10-07 12:24:10,532] {taskinstance.py:1357} INFO - Starting attempt 1 of 1
[2023-10-07 12:24:10,532] {taskinstance.py:1358} INFO - 
--------------------------------------------------------------------------------
[2023-10-07 12:24:10,541] {taskinstance.py:1377} INFO - Executing <Task(PythonOperator): get_report> on 2023-10-06 12:19:33.489881+00:00
[2023-10-07 12:24:10,545] {standard_task_runner.py:52} INFO - Started process 1699 to run task
[2023-10-07 12:24:10,546] {standard_task_runner.py:79} INFO - Running: ['airflow', 'tasks', 'run', 'sales_mart', 'get_report', 'scheduled__2023-10-06T12:19:33.489881+00:00', '--job-id', '43', '--raw', '--subdir', 'DAGS_FOLDER/sprint3.py', '--cfg-path', '/tmp/tmpscde6enh', '--error-file', '/tmp/tmpk8u88ibw']
[2023-10-07 12:24:10,547] {standard_task_runner.py:80} INFO - Job 43: Subtask get_report
[2023-10-07 12:24:10,582] {task_command.py:369} INFO - Running <TaskInstance: sales_mart.get_report scheduled__2023-10-06T12:19:33.489881+00:00 [running]> on host d964b2b568e5
[2023-10-07 12:24:10,619] {taskinstance.py:1569} INFO - Exporting the following env vars:
AIRFLOW_CTX_DAG_EMAIL=student@example.com
AIRFLOW_CTX_DAG_OWNER=student
AIRFLOW_CTX_DAG_ID=sales_mart
AIRFLOW_CTX_TASK_ID=get_report
AIRFLOW_CTX_EXECUTION_DATE=2023-10-06T12:19:33.489881+00:00
AIRFLOW_CTX_TRY_NUMBER=1
AIRFLOW_CTX_DAG_RUN_ID=scheduled__2023-10-06T12:19:33.489881+00:00
[2023-10-07 12:24:10,620] {logging_mixin.py:115} INFO - Making request get_report
[2023-10-07 12:24:10,779] {logging_mixin.py:115} INFO - Response is b'{"task_id":"MjAyMy0xMC0wN1QxMjoyMzo1MQlsa25fcG9wb3Y=","status":"RUNNING","data":{"report_id":null,"start_day":null,"end_date":null,"s3_path":{}}}'
[2023-10-07 12:24:21,101] {logging_mixin.py:115} INFO - Response is b'{"task_id":"MjAyMy0xMC0wN1QxMjoyMzo1MQlsa25fcG9wb3Y=","status":"RUNNING","data":{"report_id":null,"start_day":null,"end_date":null,"s3_path":{}}}'
[2023-10-07 12:24:31,261] {logging_mixin.py:115} INFO - Response is b'{"task_id":"MjAyMy0xMC0wN1QxMjoyMzo1MQlsa25fcG9wb3Y=","status":"RUNNING","data":{"report_id":null,"start_day":null,"end_date":null,"s3_path":{}}}'
[2023-10-07 12:24:41,430] {logging_mixin.py:115} INFO - Response is b'{"task_id":"MjAyMy0xMC0wN1QxMjoyMzo1MQlsa25fcG9wb3Y=","status":"RUNNING","data":{"report_id":null,"start_day":null,"end_date":null,"s3_path":{}}}'
[2023-10-07 12:24:54,136] {logging_mixin.py:115} INFO - Response is b'{"task_id":"MjAyMy0xMC0wN1QxMjoyMzo1MQlsa25fcG9wb3Y=","status":"SUCCESS","data":{"report_id":"TWpBeU15MHhNQzB3TjFReE1qb3lNem8xTVFsc2EyNWZjRzl3YjNZPQ==","start_day":"2023-09-07 00:00:00","end_date":"2023-09-29 00:00:00","s3_path":{"customer_research":"https://storage.yandexcloud.net/s3-sprint3/cohort_18/lkn_popov/project/TWpBeU15MHhNQzB3TjFReE1qb3lNem8xTVFsc2EyNWZjRzl3YjNZPQ==/customer_research.csv","user_order_log":"https://storage.yandexcloud.net/s3-sprint3/cohort_18/lkn_popov/project/TWpBeU15MHhNQzB3TjFReE1qb3lNem8xTVFsc2EyNWZjRzl3YjNZPQ==/user_order_log.csv","user_activity_log":"https://storage.yandexcloud.net/s3-sprint3/cohort_18/lkn_popov/project/TWpBeU15MHhNQzB3TjFReE1qb3lNem8xTVFsc2EyNWZjRzl3YjNZPQ==/user_activity_log.csv","price_log":"https://storage.yandexcloud.net/s3-sprint3/cohort_18/lkn_popov/project/TWpBeU15MHhNQzB3TjFReE1qb3lNem8xTVFsc2EyNWZjRzl3YjNZPQ==/price_log.csv"}}}'
[2023-10-07 12:24:54,150] {logging_mixin.py:115} INFO - Report_id=TWpBeU15MHhNQzB3TjFReE1qb3lNem8xTVFsc2EyNWZjRzl3YjNZPQ==
[2023-10-07 12:24:54,151] {python.py:173} INFO - Done. Returned value was: None
[2023-10-07 12:24:54,161] {taskinstance.py:1395} INFO - Marking task as SUCCESS. dag_id=sales_mart, task_id=get_report, execution_date=20231006T121933, start_date=20231007T122410, end_date=20231007T122454
[2023-10-07 12:24:54,210] {local_task_job.py:156} INFO - Task exited with return code 0
[2023-10-07 12:24:54,240] {local_task_job.py:273} INFO - 1 downstream tasks scheduled from follow-on schedule check
