[2023-10-07 13:00:51,597] {taskinstance.py:1159} INFO - Dependencies all met for <TaskInstance: sales_mart.get_increment scheduled__2023-10-02T12:57:59.807942+00:00 [queued]>
[2023-10-07 13:00:51,603] {taskinstance.py:1159} INFO - Dependencies all met for <TaskInstance: sales_mart.get_increment scheduled__2023-10-02T12:57:59.807942+00:00 [queued]>
[2023-10-07 13:00:51,604] {taskinstance.py:1356} INFO - 
--------------------------------------------------------------------------------
[2023-10-07 13:00:51,604] {taskinstance.py:1357} INFO - Starting attempt 1 of 1
[2023-10-07 13:00:51,605] {taskinstance.py:1358} INFO - 
--------------------------------------------------------------------------------
[2023-10-07 13:00:51,613] {taskinstance.py:1377} INFO - Executing <Task(PythonOperator): get_increment> on 2023-10-02 12:57:59.807942+00:00
[2023-10-07 13:00:51,616] {standard_task_runner.py:52} INFO - Started process 1000 to run task
[2023-10-07 13:00:51,618] {standard_task_runner.py:79} INFO - Running: ['airflow', 'tasks', 'run', 'sales_mart', 'get_increment', 'scheduled__2023-10-02T12:57:59.807942+00:00', '--job-id', '16', '--raw', '--subdir', 'DAGS_FOLDER/sprint3 old.py', '--cfg-path', '/tmp/tmpapu11kq8', '--error-file', '/tmp/tmpa5jbjb0i']
[2023-10-07 13:00:51,619] {standard_task_runner.py:80} INFO - Job 16: Subtask get_increment
[2023-10-07 13:00:51,656] {task_command.py:369} INFO - Running <TaskInstance: sales_mart.get_increment scheduled__2023-10-02T12:57:59.807942+00:00 [running]> on host 1af476629d92
[2023-10-07 13:00:51,697] {taskinstance.py:1569} INFO - Exporting the following env vars:
AIRFLOW_CTX_DAG_EMAIL=student@example.com
AIRFLOW_CTX_DAG_OWNER=student
AIRFLOW_CTX_DAG_ID=sales_mart
AIRFLOW_CTX_TASK_ID=get_increment
AIRFLOW_CTX_EXECUTION_DATE=2023-10-02T12:57:59.807942+00:00
AIRFLOW_CTX_TRY_NUMBER=1
AIRFLOW_CTX_DAG_RUN_ID=scheduled__2023-10-02T12:57:59.807942+00:00
[2023-10-07 13:00:51,698] {logging_mixin.py:115} INFO - Making request get_increment
[2023-10-07 13:00:53,576] {logging_mixin.py:115} INFO - Response is b'{"report_id":"TWpBeU15MHhNQzB3TjFReE1qbzFPVG95T1Fsc2EyNWZjRzl3YjNZPQ==","date":"2023-10-02 00:00:00","status":"SUCCESS","data":{"increment_id":"MjAyMy0xMC0wMlQwMDowMDowMAlUV3BCZVUxNU1IaE5RekIzVGpGUmVFMXFiekZQVkc5NVQxRnNjMkV5TldaalJ6bDNZak5aUFE9PQ==","s3_path":{"customer_research_inc":"https://storage.yandexcloud.net/s3-sprint3/cohort_18/lkn_popov/project/MjAyMy0xMC0wMlQwMDowMDowMAlUV3BCZVUxNU1IaE5RekIzVGpGUmVFMXFiekZQVkc5NVQxRnNjMkV5TldaalJ6bDNZak5aUFE9PQ==/customer_research_inc.csv","user_order_log_inc":"https://storage.yandexcloud.net/s3-sprint3/cohort_18/lkn_popov/project/MjAyMy0xMC0wMlQwMDowMDowMAlUV3BCZVUxNU1IaE5RekIzVGpGUmVFMXFiekZQVkc5NVQxRnNjMkV5TldaalJ6bDNZak5aUFE9PQ==/user_order_log_inc.csv","user_activity_log_inc":"https://storage.yandexcloud.net/s3-sprint3/cohort_18/lkn_popov/project/MjAyMy0xMC0wMlQwMDowMDowMAlUV3BCZVUxNU1IaE5RekIzVGpGUmVFMXFiekZQVkc5NVQxRnNjMkV5TldaalJ6bDNZak5aUFE9PQ==/user_activity_log_inc.csv","price_log_inc":"https://storage.yandexcloud.net/s3-sprint3/cohort_18/lkn_popov/project/TWpBeU15MHhNQzB3TjFReE1qbzFPVG95T1Fsc2EyNWZjRzl3YjNZPQ==/price_log_inc.csv"}}}'
[2023-10-07 13:00:53,588] {logging_mixin.py:115} INFO - increment_id=MjAyMy0xMC0wMlQwMDowMDowMAlUV3BCZVUxNU1IaE5RekIzVGpGUmVFMXFiekZQVkc5NVQxRnNjMkV5TldaalJ6bDNZak5aUFE9PQ==
[2023-10-07 13:00:53,589] {python.py:173} INFO - Done. Returned value was: None
[2023-10-07 13:00:53,598] {taskinstance.py:1395} INFO - Marking task as SUCCESS. dag_id=sales_mart, task_id=get_increment, execution_date=20231002T125759, start_date=20231007T130051, end_date=20231007T130053
[2023-10-07 13:00:53,638] {local_task_job.py:156} INFO - Task exited with return code 0
[2023-10-07 13:00:53,666] {local_task_job.py:273} INFO - 1 downstream tasks scheduled from follow-on schedule check
