[2023-10-07 08:20:39,825] {taskinstance.py:1159} INFO - Dependencies all met for <TaskInstance: sales_mart.generate_report scheduled__2023-10-04T08:17:37.691037+00:00 [queued]>
[2023-10-07 08:20:39,831] {taskinstance.py:1159} INFO - Dependencies all met for <TaskInstance: sales_mart.generate_report scheduled__2023-10-04T08:17:37.691037+00:00 [queued]>
[2023-10-07 08:20:39,832] {taskinstance.py:1356} INFO - 
--------------------------------------------------------------------------------
[2023-10-07 08:20:39,833] {taskinstance.py:1357} INFO - Starting attempt 1 of 1
[2023-10-07 08:20:39,834] {taskinstance.py:1358} INFO - 
--------------------------------------------------------------------------------
[2023-10-07 08:20:39,841] {taskinstance.py:1377} INFO - Executing <Task(PythonOperator): generate_report> on 2023-10-04 08:17:37.691037+00:00
[2023-10-07 08:20:39,844] {standard_task_runner.py:52} INFO - Started process 1025 to run task
[2023-10-07 08:20:39,846] {standard_task_runner.py:79} INFO - Running: ['airflow', 'tasks', 'run', 'sales_mart', 'generate_report', 'scheduled__2023-10-04T08:17:37.691037+00:00', '--job-id', '17', '--raw', '--subdir', 'DAGS_FOLDER/sprint3.py', '--cfg-path', '/tmp/tmpu7gxodrm', '--error-file', '/tmp/tmpu37e03w2']
[2023-10-07 08:20:39,846] {standard_task_runner.py:80} INFO - Job 17: Subtask generate_report
[2023-10-07 08:20:39,883] {task_command.py:369} INFO - Running <TaskInstance: sales_mart.generate_report scheduled__2023-10-04T08:17:37.691037+00:00 [running]> on host 36d9c57a9c84
[2023-10-07 08:20:39,918] {taskinstance.py:1569} INFO - Exporting the following env vars:
AIRFLOW_CTX_DAG_EMAIL=student@example.com
AIRFLOW_CTX_DAG_OWNER=student
AIRFLOW_CTX_DAG_ID=sales_mart
AIRFLOW_CTX_TASK_ID=generate_report
AIRFLOW_CTX_EXECUTION_DATE=2023-10-04T08:17:37.691037+00:00
AIRFLOW_CTX_TRY_NUMBER=1
AIRFLOW_CTX_DAG_RUN_ID=scheduled__2023-10-04T08:17:37.691037+00:00
[2023-10-07 08:20:39,919] {logging_mixin.py:115} INFO - Making request generate_report
[2023-10-07 08:20:40,068] {logging_mixin.py:115} INFO - Response is b'{"task_id":"MjAyMy0xMC0wN1QwODoyMDozOQlsa25fcG9wb3Y="}'
[2023-10-07 08:20:40,068] {python.py:173} INFO - Done. Returned value was: None
[2023-10-07 08:20:40,077] {taskinstance.py:1395} INFO - Marking task as SUCCESS. dag_id=sales_mart, task_id=generate_report, execution_date=20231004T081737, start_date=20231007T082039, end_date=20231007T082040
[2023-10-07 08:20:40,100] {local_task_job.py:156} INFO - Task exited with return code 0
[2023-10-07 08:20:40,129] {local_task_job.py:273} INFO - 1 downstream tasks scheduled from follow-on schedule check
