[2023-10-07 11:15:16,186] {taskinstance.py:1159} INFO - Dependencies all met for <TaskInstance: sales_mart.get_report scheduled__2023-10-03T11:12:45.809445+00:00 [queued]>
[2023-10-07 11:15:16,192] {taskinstance.py:1159} INFO - Dependencies all met for <TaskInstance: sales_mart.get_report scheduled__2023-10-03T11:12:45.809445+00:00 [queued]>
[2023-10-07 11:15:16,193] {taskinstance.py:1356} INFO - 
--------------------------------------------------------------------------------
[2023-10-07 11:15:16,194] {taskinstance.py:1357} INFO - Starting attempt 1 of 1
[2023-10-07 11:15:16,195] {taskinstance.py:1358} INFO - 
--------------------------------------------------------------------------------
[2023-10-07 11:15:16,203] {taskinstance.py:1377} INFO - Executing <Task(PythonOperator): get_report> on 2023-10-03 11:12:45.809445+00:00
[2023-10-07 11:15:16,206] {standard_task_runner.py:52} INFO - Started process 1063 to run task
[2023-10-07 11:15:16,208] {standard_task_runner.py:79} INFO - Running: ['airflow', 'tasks', 'run', 'sales_mart', 'get_report', 'scheduled__2023-10-03T11:12:45.809445+00:00', '--job-id', '14', '--raw', '--subdir', 'DAGS_FOLDER/sprint3.py', '--cfg-path', '/tmp/tmpbvasdu64', '--error-file', '/tmp/tmpmzowsw94']
[2023-10-07 11:15:16,209] {standard_task_runner.py:80} INFO - Job 14: Subtask get_report
[2023-10-07 11:15:16,242] {task_command.py:369} INFO - Running <TaskInstance: sales_mart.get_report scheduled__2023-10-03T11:12:45.809445+00:00 [running]> on host 24f54d2755a2
[2023-10-07 11:15:16,279] {taskinstance.py:1569} INFO - Exporting the following env vars:
AIRFLOW_CTX_DAG_EMAIL=student@example.com
AIRFLOW_CTX_DAG_OWNER=student
AIRFLOW_CTX_DAG_ID=sales_mart
AIRFLOW_CTX_TASK_ID=get_report
AIRFLOW_CTX_EXECUTION_DATE=2023-10-03T11:12:45.809445+00:00
AIRFLOW_CTX_TRY_NUMBER=1
AIRFLOW_CTX_DAG_RUN_ID=scheduled__2023-10-03T11:12:45.809445+00:00
[2023-10-07 11:15:16,280] {logging_mixin.py:115} INFO - Making request get_report
[2023-10-07 11:15:19,152] {logging_mixin.py:115} INFO - Response is b'{"task_id":"MjAyMy0xMC0wN1QxMToxNDoxMglsa25fcG9wb3Y=","status":"SUCCESS","data":{"report_id":"TWpBeU15MHhNQzB3TjFReE1Ub3hORG94TWdsc2EyNWZjRzl3YjNZPQ==","start_day":"2023-09-07 00:00:00","end_date":"2023-09-29 00:00:00","s3_path":{"customer_research":"https://storage.yandexcloud.net/s3-sprint3/cohort_18/lkn_popov/project/TWpBeU15MHhNQzB3TjFReE1Ub3hORG94TWdsc2EyNWZjRzl3YjNZPQ==/customer_research.csv","user_order_log":"https://storage.yandexcloud.net/s3-sprint3/cohort_18/lkn_popov/project/TWpBeU15MHhNQzB3TjFReE1Ub3hORG94TWdsc2EyNWZjRzl3YjNZPQ==/user_order_log.csv","user_activity_log":"https://storage.yandexcloud.net/s3-sprint3/cohort_18/lkn_popov/project/TWpBeU15MHhNQzB3TjFReE1Ub3hORG94TWdsc2EyNWZjRzl3YjNZPQ==/user_activity_log.csv","price_log":"https://storage.yandexcloud.net/s3-sprint3/cohort_18/lkn_popov/project/TWpBeU15MHhNQzB3TjFReE1Ub3hORG94TWdsc2EyNWZjRzl3YjNZPQ==/price_log.csv"}}}'
[2023-10-07 11:15:19,166] {logging_mixin.py:115} INFO - Report_id=TWpBeU15MHhNQzB3TjFReE1Ub3hORG94TWdsc2EyNWZjRzl3YjNZPQ==
[2023-10-07 11:15:19,167] {python.py:173} INFO - Done. Returned value was: None
[2023-10-07 11:15:19,175] {taskinstance.py:1395} INFO - Marking task as SUCCESS. dag_id=sales_mart, task_id=get_report, execution_date=20231003T111245, start_date=20231007T111516, end_date=20231007T111519
[2023-10-07 11:15:19,205] {local_task_job.py:156} INFO - Task exited with return code 0
[2023-10-07 11:15:19,236] {local_task_job.py:273} INFO - 1 downstream tasks scheduled from follow-on schedule check
