[2023-10-07 11:41:16,767] {taskinstance.py:1159} INFO - Dependencies all met for <TaskInstance: sales_mart.get_increment manual__2023-10-07T11:40:06.345182+00:00 [queued]>
[2023-10-07 11:41:16,773] {taskinstance.py:1159} INFO - Dependencies all met for <TaskInstance: sales_mart.get_increment manual__2023-10-07T11:40:06.345182+00:00 [queued]>
[2023-10-07 11:41:16,774] {taskinstance.py:1356} INFO - 
--------------------------------------------------------------------------------
[2023-10-07 11:41:16,775] {taskinstance.py:1357} INFO - Starting attempt 1 of 1
[2023-10-07 11:41:16,775] {taskinstance.py:1358} INFO - 
--------------------------------------------------------------------------------
[2023-10-07 11:41:16,783] {taskinstance.py:1377} INFO - Executing <Task(PythonOperator): get_increment> on 2023-10-07 11:40:06.345182+00:00
[2023-10-07 11:41:16,785] {standard_task_runner.py:52} INFO - Started process 1941 to run task
[2023-10-07 11:41:16,787] {standard_task_runner.py:79} INFO - Running: ['airflow', 'tasks', 'run', 'sales_mart', 'get_increment', 'manual__2023-10-07T11:40:06.345182+00:00', '--job-id', '44', '--raw', '--subdir', 'DAGS_FOLDER/sprint3.py', '--cfg-path', '/tmp/tmpew66qe2o', '--error-file', '/tmp/tmp3aqx0hcr']
[2023-10-07 11:41:16,788] {standard_task_runner.py:80} INFO - Job 44: Subtask get_increment
[2023-10-07 11:41:16,824] {task_command.py:369} INFO - Running <TaskInstance: sales_mart.get_increment manual__2023-10-07T11:40:06.345182+00:00 [running]> on host 70ec72ace0d7
[2023-10-07 11:41:16,864] {taskinstance.py:1569} INFO - Exporting the following env vars:
AIRFLOW_CTX_DAG_EMAIL=student@example.com
AIRFLOW_CTX_DAG_OWNER=student
AIRFLOW_CTX_DAG_ID=sales_mart
AIRFLOW_CTX_TASK_ID=get_increment
AIRFLOW_CTX_EXECUTION_DATE=2023-10-07T11:40:06.345182+00:00
AIRFLOW_CTX_TRY_NUMBER=1
AIRFLOW_CTX_DAG_RUN_ID=manual__2023-10-07T11:40:06.345182+00:00
[2023-10-07 11:41:16,865] {logging_mixin.py:115} INFO - Making request get_increment
[2023-10-07 11:41:17,564] {logging_mixin.py:115} INFO - Response is b'{"report_id":"TWpBeU15MHhNQzB3TjFReE1UbzBNRG93T0Fsc2EyNWZjRzl3YjNZPQ==","date":"2023-10-07 00:00:00","status":"NOT FOUND","data":{"increment_id":null}}'
[2023-10-07 11:41:17,577] {logging_mixin.py:115} INFO - increment_id=None
[2023-10-07 11:41:17,578] {python.py:173} INFO - Done. Returned value was: None
[2023-10-07 11:41:17,586] {taskinstance.py:1395} INFO - Marking task as SUCCESS. dag_id=sales_mart, task_id=get_increment, execution_date=20231007T114006, start_date=20231007T114116, end_date=20231007T114117
[2023-10-07 11:41:17,605] {local_task_job.py:156} INFO - Task exited with return code 0
[2023-10-07 11:41:17,630] {local_task_job.py:273} INFO - 1 downstream tasks scheduled from follow-on schedule check
