[2023-10-07 11:16:23,370] {taskinstance.py:1159} INFO - Dependencies all met for <TaskInstance: sales_mart.get_increment scheduled__2023-10-03T11:12:45.809445+00:00 [queued]>
[2023-10-07 11:16:23,377] {taskinstance.py:1159} INFO - Dependencies all met for <TaskInstance: sales_mart.get_increment scheduled__2023-10-03T11:12:45.809445+00:00 [queued]>
[2023-10-07 11:16:23,378] {taskinstance.py:1356} INFO - 
--------------------------------------------------------------------------------
[2023-10-07 11:16:23,378] {taskinstance.py:1357} INFO - Starting attempt 1 of 1
[2023-10-07 11:16:23,379] {taskinstance.py:1358} INFO - 
--------------------------------------------------------------------------------
[2023-10-07 11:16:23,389] {taskinstance.py:1377} INFO - Executing <Task(PythonOperator): get_increment> on 2023-10-03 11:12:45.809445+00:00
[2023-10-07 11:16:23,392] {standard_task_runner.py:52} INFO - Started process 1251 to run task
[2023-10-07 11:16:23,394] {standard_task_runner.py:79} INFO - Running: ['airflow', 'tasks', 'run', 'sales_mart', 'get_increment', 'scheduled__2023-10-03T11:12:45.809445+00:00', '--job-id', '20', '--raw', '--subdir', 'DAGS_FOLDER/sprint3.py', '--cfg-path', '/tmp/tmpoluxhtgd', '--error-file', '/tmp/tmp8l3ve15i']
[2023-10-07 11:16:23,395] {standard_task_runner.py:80} INFO - Job 20: Subtask get_increment
[2023-10-07 11:16:23,432] {task_command.py:369} INFO - Running <TaskInstance: sales_mart.get_increment scheduled__2023-10-03T11:12:45.809445+00:00 [running]> on host 24f54d2755a2
[2023-10-07 11:16:23,474] {taskinstance.py:1569} INFO - Exporting the following env vars:
AIRFLOW_CTX_DAG_EMAIL=student@example.com
AIRFLOW_CTX_DAG_OWNER=student
AIRFLOW_CTX_DAG_ID=sales_mart
AIRFLOW_CTX_TASK_ID=get_increment
AIRFLOW_CTX_EXECUTION_DATE=2023-10-03T11:12:45.809445+00:00
AIRFLOW_CTX_TRY_NUMBER=1
AIRFLOW_CTX_DAG_RUN_ID=scheduled__2023-10-03T11:12:45.809445+00:00
[2023-10-07 11:16:23,475] {logging_mixin.py:115} INFO - Making request get_increment
[2023-10-07 11:16:25,469] {logging_mixin.py:115} INFO - Response is b'{"report_id":"TWpBeU15MHhNQzB3TjFReE1Ub3hORG94TWdsc2EyNWZjRzl3YjNZPQ==","date":"2023-10-03 00:00:00","status":"SUCCESS","data":{"increment_id":"MjAyMy0xMC0wM1QwMDowMDowMAlUV3BCZVUxNU1IaE5RekIzVGpGUmVFMVViM2hPUkc5NFRXZHNjMkV5TldaalJ6bDNZak5aUFE9PQ==","s3_path":{"customer_research_inc":"https://storage.yandexcloud.net/s3-sprint3/cohort_18/lkn_popov/project/MjAyMy0xMC0wM1QwMDowMDowMAlUV3BCZVUxNU1IaE5RekIzVGpGUmVFMVViM2hPUkc5NFRXZHNjMkV5TldaalJ6bDNZak5aUFE9PQ==/customer_research_inc.csv","user_order_log_inc":"https://storage.yandexcloud.net/s3-sprint3/cohort_18/lkn_popov/project/MjAyMy0xMC0wM1QwMDowMDowMAlUV3BCZVUxNU1IaE5RekIzVGpGUmVFMVViM2hPUkc5NFRXZHNjMkV5TldaalJ6bDNZak5aUFE9PQ==/user_order_log_inc.csv","user_activity_log_inc":"https://storage.yandexcloud.net/s3-sprint3/cohort_18/lkn_popov/project/MjAyMy0xMC0wM1QwMDowMDowMAlUV3BCZVUxNU1IaE5RekIzVGpGUmVFMVViM2hPUkc5NFRXZHNjMkV5TldaalJ6bDNZak5aUFE9PQ==/user_activity_log_inc.csv","price_log_inc":"https://storage.yandexcloud.net/s3-sprint3/cohort_18/lkn_popov/project/TWpBeU15MHhNQzB3TjFReE1Ub3hORG94TWdsc2EyNWZjRzl3YjNZPQ==/price_log_inc.csv"}}}'
[2023-10-07 11:16:25,481] {logging_mixin.py:115} INFO - increment_id=MjAyMy0xMC0wM1QwMDowMDowMAlUV3BCZVUxNU1IaE5RekIzVGpGUmVFMVViM2hPUkc5NFRXZHNjMkV5TldaalJ6bDNZak5aUFE9PQ==
[2023-10-07 11:16:25,482] {python.py:173} INFO - Done. Returned value was: None
[2023-10-07 11:16:25,490] {taskinstance.py:1395} INFO - Marking task as SUCCESS. dag_id=sales_mart, task_id=get_increment, execution_date=20231003T111245, start_date=20231007T111623, end_date=20231007T111625
[2023-10-07 11:16:25,502] {local_task_job.py:156} INFO - Task exited with return code 0
[2023-10-07 11:16:25,529] {local_task_job.py:273} INFO - 1 downstream tasks scheduled from follow-on schedule check
