[2023-10-07 12:19:57,897] {taskinstance.py:1159} INFO - Dependencies all met for <TaskInstance: sales_mart.generate_report manual__2023-10-07T12:19:53.777693+00:00 [queued]>
[2023-10-07 12:19:57,903] {taskinstance.py:1159} INFO - Dependencies all met for <TaskInstance: sales_mart.generate_report manual__2023-10-07T12:19:53.777693+00:00 [queued]>
[2023-10-07 12:19:57,904] {taskinstance.py:1356} INFO - 
--------------------------------------------------------------------------------
[2023-10-07 12:19:57,905] {taskinstance.py:1357} INFO - Starting attempt 1 of 1
[2023-10-07 12:19:57,906] {taskinstance.py:1358} INFO - 
--------------------------------------------------------------------------------
[2023-10-07 12:19:57,914] {taskinstance.py:1377} INFO - Executing <Task(PythonOperator): generate_report> on 2023-10-07 12:19:53.777693+00:00
[2023-10-07 12:19:57,917] {standard_task_runner.py:52} INFO - Started process 615 to run task
[2023-10-07 12:19:57,918] {standard_task_runner.py:79} INFO - Running: ['airflow', 'tasks', 'run', 'sales_mart', 'generate_report', 'manual__2023-10-07T12:19:53.777693+00:00', '--job-id', '4', '--raw', '--subdir', 'DAGS_FOLDER/sprint3.py', '--cfg-path', '/tmp/tmpck1_3tge', '--error-file', '/tmp/tmpi55c25ev']
[2023-10-07 12:19:57,919] {standard_task_runner.py:80} INFO - Job 4: Subtask generate_report
[2023-10-07 12:19:57,953] {task_command.py:369} INFO - Running <TaskInstance: sales_mart.generate_report manual__2023-10-07T12:19:53.777693+00:00 [running]> on host d964b2b568e5
[2023-10-07 12:19:57,989] {taskinstance.py:1569} INFO - Exporting the following env vars:
AIRFLOW_CTX_DAG_EMAIL=student@example.com
AIRFLOW_CTX_DAG_OWNER=student
AIRFLOW_CTX_DAG_ID=sales_mart
AIRFLOW_CTX_TASK_ID=generate_report
AIRFLOW_CTX_EXECUTION_DATE=2023-10-07T12:19:53.777693+00:00
AIRFLOW_CTX_TRY_NUMBER=1
AIRFLOW_CTX_DAG_RUN_ID=manual__2023-10-07T12:19:53.777693+00:00
[2023-10-07 12:19:57,990] {logging_mixin.py:115} INFO - Making request generate_report
[2023-10-07 12:19:58,598] {logging_mixin.py:115} INFO - Response is b'{"task_id":"MjAyMy0xMC0wN1QxMjoxOTo1OAlsa25fcG9wb3Y="}'
[2023-10-07 12:19:58,599] {python.py:173} INFO - Done. Returned value was: None
[2023-10-07 12:19:58,608] {taskinstance.py:1395} INFO - Marking task as SUCCESS. dag_id=sales_mart, task_id=generate_report, execution_date=20231007T121953, start_date=20231007T121957, end_date=20231007T121958
[2023-10-07 12:19:58,655] {local_task_job.py:156} INFO - Task exited with return code 0
[2023-10-07 12:19:58,688] {local_task_job.py:273} INFO - 1 downstream tasks scheduled from follow-on schedule check
