[2023-10-07 12:56:00,703] {taskinstance.py:1159} INFO - Dependencies all met for <TaskInstance: sales_mart.get_report manual__2023-10-07T12:55:56.754911+00:00 [queued]>
[2023-10-07 12:56:00,710] {taskinstance.py:1159} INFO - Dependencies all met for <TaskInstance: sales_mart.get_report manual__2023-10-07T12:55:56.754911+00:00 [queued]>
[2023-10-07 12:56:00,710] {taskinstance.py:1356} INFO - 
--------------------------------------------------------------------------------
[2023-10-07 12:56:00,711] {taskinstance.py:1357} INFO - Starting attempt 1 of 1
[2023-10-07 12:56:00,711] {taskinstance.py:1358} INFO - 
--------------------------------------------------------------------------------
[2023-10-07 12:56:00,719] {taskinstance.py:1377} INFO - Executing <Task(PythonOperator): get_report> on 2023-10-07 12:55:56.754911+00:00
[2023-10-07 12:56:00,722] {standard_task_runner.py:52} INFO - Started process 3734 to run task
[2023-10-07 12:56:00,723] {standard_task_runner.py:79} INFO - Running: ['airflow', 'tasks', 'run', 'sales_mart', 'get_report', 'manual__2023-10-07T12:55:56.754911+00:00', '--job-id', '102', '--raw', '--subdir', 'DAGS_FOLDER/sprint3.py', '--cfg-path', '/tmp/tmps1tireyy', '--error-file', '/tmp/tmp8_6qc1hh']
[2023-10-07 12:56:00,724] {standard_task_runner.py:80} INFO - Job 102: Subtask get_report
[2023-10-07 12:56:00,762] {task_command.py:369} INFO - Running <TaskInstance: sales_mart.get_report manual__2023-10-07T12:55:56.754911+00:00 [running]> on host d964b2b568e5
[2023-10-07 12:56:00,809] {taskinstance.py:1569} INFO - Exporting the following env vars:
AIRFLOW_CTX_DAG_EMAIL=student@example.com
AIRFLOW_CTX_DAG_OWNER=student
AIRFLOW_CTX_DAG_ID=sales_mart
AIRFLOW_CTX_TASK_ID=get_report
AIRFLOW_CTX_EXECUTION_DATE=2023-10-07T12:55:56.754911+00:00
AIRFLOW_CTX_TRY_NUMBER=1
AIRFLOW_CTX_DAG_RUN_ID=manual__2023-10-07T12:55:56.754911+00:00
[2023-10-07 12:56:00,810] {logging_mixin.py:115} INFO - Making request get_report
[2023-10-07 12:56:01,129] {logging_mixin.py:115} INFO - Response is b'{"task_id":"MjAyMy0xMC0wN1QxMjo1NTo1OQlsa25fcG9wb3Y=","status":"RUNNING","data":{"report_id":null,"start_day":null,"end_date":null,"s3_path":{}}}'
[2023-10-07 12:56:11,764] {logging_mixin.py:115} INFO - Response is b'{"task_id":"MjAyMy0xMC0wN1QxMjo1NTo1OQlsa25fcG9wb3Y=","status":"RUNNING","data":{"report_id":null,"start_day":null,"end_date":null,"s3_path":{}}}'
[2023-10-07 12:56:22,259] {logging_mixin.py:115} INFO - Response is b'{"task_id":"MjAyMy0xMC0wN1QxMjo1NTo1OQlsa25fcG9wb3Y=","status":"RUNNING","data":{"report_id":null,"start_day":null,"end_date":null,"s3_path":{}}}'
[2023-10-07 12:56:32,523] {logging_mixin.py:115} INFO - Response is b'{"task_id":"MjAyMy0xMC0wN1QxMjo1NTo1OQlsa25fcG9wb3Y=","status":"RUNNING","data":{"report_id":null,"start_day":null,"end_date":null,"s3_path":{}}}'
[2023-10-07 12:56:43,196] {logging_mixin.py:115} INFO - Response is b'{"task_id":"MjAyMy0xMC0wN1QxMjo1NTo1OQlsa25fcG9wb3Y=","status":"RUNNING","data":{"report_id":null,"start_day":null,"end_date":null,"s3_path":{}}}'
[2023-10-07 12:56:53,403] {logging_mixin.py:115} INFO - Response is b'{"task_id":"MjAyMy0xMC0wN1QxMjo1NTo1OQlsa25fcG9wb3Y=","status":"RUNNING","data":{"report_id":null,"start_day":null,"end_date":null,"s3_path":{}}}'
[2023-10-07 12:57:06,493] {logging_mixin.py:115} INFO - Response is b'{"task_id":"MjAyMy0xMC0wN1QxMjo1NTo1OQlsa25fcG9wb3Y=","status":"SUCCESS","data":{"report_id":"TWpBeU15MHhNQzB3TjFReE1qbzFOVG8xT1Fsc2EyNWZjRzl3YjNZPQ==","start_day":"2023-09-07 00:00:00","end_date":"2023-09-29 00:00:00","s3_path":{"customer_research":"https://storage.yandexcloud.net/s3-sprint3/cohort_18/lkn_popov/project/TWpBeU15MHhNQzB3TjFReE1qbzFOVG8xT1Fsc2EyNWZjRzl3YjNZPQ==/customer_research.csv","user_order_log":"https://storage.yandexcloud.net/s3-sprint3/cohort_18/lkn_popov/project/TWpBeU15MHhNQzB3TjFReE1qbzFOVG8xT1Fsc2EyNWZjRzl3YjNZPQ==/user_order_log.csv","user_activity_log":"https://storage.yandexcloud.net/s3-sprint3/cohort_18/lkn_popov/project/TWpBeU15MHhNQzB3TjFReE1qbzFOVG8xT1Fsc2EyNWZjRzl3YjNZPQ==/user_activity_log.csv","price_log":"https://storage.yandexcloud.net/s3-sprint3/cohort_18/lkn_popov/project/TWpBeU15MHhNQzB3TjFReE1qbzFOVG8xT1Fsc2EyNWZjRzl3YjNZPQ==/price_log.csv"}}}'
[2023-10-07 12:57:06,507] {logging_mixin.py:115} INFO - Report_id=TWpBeU15MHhNQzB3TjFReE1qbzFOVG8xT1Fsc2EyNWZjRzl3YjNZPQ==
[2023-10-07 12:57:06,507] {python.py:173} INFO - Done. Returned value was: None
[2023-10-07 12:57:06,516] {taskinstance.py:1395} INFO - Marking task as SUCCESS. dag_id=sales_mart, task_id=get_report, execution_date=20231007T125556, start_date=20231007T125600, end_date=20231007T125706
[2023-10-07 12:57:06,555] {local_task_job.py:156} INFO - Task exited with return code 0
[2023-10-07 12:57:06,581] {local_task_job.py:273} INFO - 1 downstream tasks scheduled from follow-on schedule check
