[2023-10-07 11:16:26,710] {taskinstance.py:1159} INFO - Dependencies all met for <TaskInstance: sales_mart.check_incr scheduled__2023-10-02T11:12:45.809445+00:00 [queued]>
[2023-10-07 11:16:26,716] {taskinstance.py:1159} INFO - Dependencies all met for <TaskInstance: sales_mart.check_incr scheduled__2023-10-02T11:12:45.809445+00:00 [queued]>
[2023-10-07 11:16:26,717] {taskinstance.py:1356} INFO - 
--------------------------------------------------------------------------------
[2023-10-07 11:16:26,718] {taskinstance.py:1357} INFO - Starting attempt 1 of 1
[2023-10-07 11:16:26,718] {taskinstance.py:1358} INFO - 
--------------------------------------------------------------------------------
[2023-10-07 11:16:26,726] {taskinstance.py:1377} INFO - Executing <Task(BranchPythonOperator): check_incr> on 2023-10-02 11:12:45.809445+00:00
[2023-10-07 11:16:26,729] {standard_task_runner.py:52} INFO - Started process 1276 to run task
[2023-10-07 11:16:26,731] {standard_task_runner.py:79} INFO - Running: ['airflow', 'tasks', 'run', 'sales_mart', 'check_incr', 'scheduled__2023-10-02T11:12:45.809445+00:00', '--job-id', '21', '--raw', '--subdir', 'DAGS_FOLDER/sprint3.py', '--cfg-path', '/tmp/tmpifugfbbi', '--error-file', '/tmp/tmpifqlviuq']
[2023-10-07 11:16:26,732] {standard_task_runner.py:80} INFO - Job 21: Subtask check_incr
[2023-10-07 11:16:26,767] {task_command.py:369} INFO - Running <TaskInstance: sales_mart.check_incr scheduled__2023-10-02T11:12:45.809445+00:00 [running]> on host 24f54d2755a2
[2023-10-07 11:16:26,803] {taskinstance.py:1569} INFO - Exporting the following env vars:
AIRFLOW_CTX_DAG_EMAIL=student@example.com
AIRFLOW_CTX_DAG_OWNER=student
AIRFLOW_CTX_DAG_ID=sales_mart
AIRFLOW_CTX_TASK_ID=check_incr
AIRFLOW_CTX_EXECUTION_DATE=2023-10-02T11:12:45.809445+00:00
AIRFLOW_CTX_TRY_NUMBER=1
AIRFLOW_CTX_DAG_RUN_ID=scheduled__2023-10-02T11:12:45.809445+00:00
[2023-10-07 11:16:26,810] {python.py:173} INFO - Done. Returned value was: upload_user_order_inc
[2023-10-07 11:16:26,811] {skipmixin.py:140} INFO - Following branch upload_user_order_inc
[2023-10-07 11:16:26,812] {skipmixin.py:175} INFO - Skipping tasks ['dummy_t']
[2023-10-07 11:16:26,842] {taskinstance.py:1395} INFO - Marking task as SUCCESS. dag_id=sales_mart, task_id=check_incr, execution_date=20231002T111245, start_date=20231007T111626, end_date=20231007T111626
[2023-10-07 11:16:26,864] {local_task_job.py:156} INFO - Task exited with return code 0
[2023-10-07 11:16:26,893] {local_task_job.py:273} INFO - 1 downstream tasks scheduled from follow-on schedule check
