[2023-10-07 08:19:25,114] {taskinstance.py:1159} INFO - Dependencies all met for <TaskInstance: sales_mart.generate_report scheduled__2023-10-02T08:17:37.691037+00:00 [queued]>
[2023-10-07 08:19:25,120] {taskinstance.py:1159} INFO - Dependencies all met for <TaskInstance: sales_mart.generate_report scheduled__2023-10-02T08:17:37.691037+00:00 [queued]>
[2023-10-07 08:19:25,121] {taskinstance.py:1356} INFO - 
--------------------------------------------------------------------------------
[2023-10-07 08:19:25,122] {taskinstance.py:1357} INFO - Starting attempt 1 of 1
[2023-10-07 08:19:25,122] {taskinstance.py:1358} INFO - 
--------------------------------------------------------------------------------
[2023-10-07 08:19:25,131] {taskinstance.py:1377} INFO - Executing <Task(PythonOperator): generate_report> on 2023-10-02 08:17:37.691037+00:00
[2023-10-07 08:19:25,133] {standard_task_runner.py:52} INFO - Started process 773 to run task
[2023-10-07 08:19:25,135] {standard_task_runner.py:79} INFO - Running: ['airflow', 'tasks', 'run', 'sales_mart', 'generate_report', 'scheduled__2023-10-02T08:17:37.691037+00:00', '--job-id', '8', '--raw', '--subdir', 'DAGS_FOLDER/sprint3.py', '--cfg-path', '/tmp/tmp9vi0vcwh', '--error-file', '/tmp/tmpq1d9770v']
[2023-10-07 08:19:25,136] {standard_task_runner.py:80} INFO - Job 8: Subtask generate_report
[2023-10-07 08:19:25,171] {task_command.py:369} INFO - Running <TaskInstance: sales_mart.generate_report scheduled__2023-10-02T08:17:37.691037+00:00 [running]> on host 36d9c57a9c84
[2023-10-07 08:19:25,209] {taskinstance.py:1569} INFO - Exporting the following env vars:
AIRFLOW_CTX_DAG_EMAIL=student@example.com
AIRFLOW_CTX_DAG_OWNER=student
AIRFLOW_CTX_DAG_ID=sales_mart
AIRFLOW_CTX_TASK_ID=generate_report
AIRFLOW_CTX_EXECUTION_DATE=2023-10-02T08:17:37.691037+00:00
AIRFLOW_CTX_TRY_NUMBER=1
AIRFLOW_CTX_DAG_RUN_ID=scheduled__2023-10-02T08:17:37.691037+00:00
[2023-10-07 08:19:25,210] {logging_mixin.py:115} INFO - Making request generate_report
[2023-10-07 08:19:25,681] {logging_mixin.py:115} INFO - Response is b'{"task_id":"MjAyMy0xMC0wN1QwODoxOToyNQlsa25fcG9wb3Y="}'
[2023-10-07 08:19:25,682] {python.py:173} INFO - Done. Returned value was: None
[2023-10-07 08:19:25,692] {taskinstance.py:1395} INFO - Marking task as SUCCESS. dag_id=sales_mart, task_id=generate_report, execution_date=20231002T081737, start_date=20231007T081925, end_date=20231007T081925
[2023-10-07 08:19:25,710] {local_task_job.py:156} INFO - Task exited with return code 0
[2023-10-07 08:19:25,738] {local_task_job.py:273} INFO - 1 downstream tasks scheduled from follow-on schedule check
