[2023-10-05 19:37:23,864] {taskinstance.py:1159} INFO - Dependencies all met for <TaskInstance: sales_mart.get_report scheduled__2023-10-03T19:32:37.598184+00:00 [queued]>
[2023-10-05 19:37:23,879] {taskinstance.py:1159} INFO - Dependencies all met for <TaskInstance: sales_mart.get_report scheduled__2023-10-03T19:32:37.598184+00:00 [queued]>
[2023-10-05 19:37:23,879] {taskinstance.py:1356} INFO - 
--------------------------------------------------------------------------------
[2023-10-05 19:37:23,880] {taskinstance.py:1357} INFO - Starting attempt 1 of 1
[2023-10-05 19:37:23,880] {taskinstance.py:1358} INFO - 
--------------------------------------------------------------------------------
[2023-10-05 19:37:23,895] {taskinstance.py:1377} INFO - Executing <Task(PythonOperator): get_report> on 2023-10-03 19:32:37.598184+00:00
[2023-10-05 19:37:23,898] {standard_task_runner.py:52} INFO - Started process 1647 to run task
[2023-10-05 19:37:23,901] {standard_task_runner.py:79} INFO - Running: ['airflow', 'tasks', 'run', 'sales_mart', 'get_report', 'scheduled__2023-10-03T19:32:37.598184+00:00', '--job-id', '35', '--raw', '--subdir', 'DAGS_FOLDER/sprint3.py', '--cfg-path', '/tmp/tmplierwvu4', '--error-file', '/tmp/tmplx1mo59g']
[2023-10-05 19:37:23,902] {standard_task_runner.py:80} INFO - Job 35: Subtask get_report
[2023-10-05 19:37:23,963] {task_command.py:369} INFO - Running <TaskInstance: sales_mart.get_report scheduled__2023-10-03T19:32:37.598184+00:00 [running]> on host 8305c4468fa5
[2023-10-05 19:37:24,053] {taskinstance.py:1569} INFO - Exporting the following env vars:
AIRFLOW_CTX_DAG_EMAIL=student@example.com
AIRFLOW_CTX_DAG_OWNER=student
AIRFLOW_CTX_DAG_ID=sales_mart
AIRFLOW_CTX_TASK_ID=get_report
AIRFLOW_CTX_EXECUTION_DATE=2023-10-03T19:32:37.598184+00:00
AIRFLOW_CTX_TRY_NUMBER=1
AIRFLOW_CTX_DAG_RUN_ID=scheduled__2023-10-03T19:32:37.598184+00:00
[2023-10-05 19:37:24,085] {logging_mixin.py:115} INFO - Making request get_report
[2023-10-05 19:37:24,266] {logging_mixin.py:115} INFO - Response is b'{"task_id":"MjAyMy0xMC0wNVQxOTozNjozOAlsa25fcG9wb3Y=","status":"RUNNING","data":{"report_id":null,"start_day":null,"end_date":null,"s3_path":{}}}'
[2023-10-05 19:37:34,493] {logging_mixin.py:115} INFO - Response is b'{"task_id":"MjAyMy0xMC0wNVQxOTozNjozOAlsa25fcG9wb3Y=","status":"RUNNING","data":{"report_id":null,"start_day":null,"end_date":null,"s3_path":{}}}'
[2023-10-05 19:37:47,700] {logging_mixin.py:115} INFO - Response is b'{"task_id":"MjAyMy0xMC0wNVQxOTozNjozOAlsa25fcG9wb3Y=","status":"SUCCESS","data":{"report_id":"TWpBeU15MHhNQzB3TlZReE9Ub3pOam96T0Fsc2EyNWZjRzl3YjNZPQ==","start_day":"2023-09-05 00:00:00","end_date":"2023-09-27 00:00:00","s3_path":{"customer_research":"https://storage.yandexcloud.net/s3-sprint3/cohort_18/lkn_popov/project/TWpBeU15MHhNQzB3TlZReE9Ub3pOam96T0Fsc2EyNWZjRzl3YjNZPQ==/customer_research.csv","user_order_log":"https://storage.yandexcloud.net/s3-sprint3/cohort_18/lkn_popov/project/TWpBeU15MHhNQzB3TlZReE9Ub3pOam96T0Fsc2EyNWZjRzl3YjNZPQ==/user_order_log.csv","user_activity_log":"https://storage.yandexcloud.net/s3-sprint3/cohort_18/lkn_popov/project/TWpBeU15MHhNQzB3TlZReE9Ub3pOam96T0Fsc2EyNWZjRzl3YjNZPQ==/user_activity_log.csv","price_log":"https://storage.yandexcloud.net/s3-sprint3/cohort_18/lkn_popov/project/TWpBeU15MHhNQzB3TlZReE9Ub3pOam96T0Fsc2EyNWZjRzl3YjNZPQ==/price_log.csv"}}}'
[2023-10-05 19:37:47,727] {logging_mixin.py:115} INFO - Report_id=TWpBeU15MHhNQzB3TlZReE9Ub3pOam96T0Fsc2EyNWZjRzl3YjNZPQ==
[2023-10-05 19:37:47,729] {python.py:173} INFO - Done. Returned value was: None
[2023-10-05 19:37:47,747] {taskinstance.py:1395} INFO - Marking task as SUCCESS. dag_id=sales_mart, task_id=get_report, execution_date=20231003T193237, start_date=20231005T193723, end_date=20231005T193747
[2023-10-05 19:37:47,772] {local_task_job.py:156} INFO - Task exited with return code 0
[2023-10-05 19:37:47,824] {local_task_job.py:273} INFO - 1 downstream tasks scheduled from follow-on schedule check
