[2023-10-07 11:56:44,260] {taskinstance.py:1159} INFO - Dependencies all met for <TaskInstance: sales_mart.check_incr manual__2023-10-07T11:55:32.985405+00:00 [queued]>
[2023-10-07 11:56:44,266] {taskinstance.py:1159} INFO - Dependencies all met for <TaskInstance: sales_mart.check_incr manual__2023-10-07T11:55:32.985405+00:00 [queued]>
[2023-10-07 11:56:44,267] {taskinstance.py:1356} INFO - 
--------------------------------------------------------------------------------
[2023-10-07 11:56:44,267] {taskinstance.py:1357} INFO - Starting attempt 1 of 1
[2023-10-07 11:56:44,268] {taskinstance.py:1358} INFO - 
--------------------------------------------------------------------------------
[2023-10-07 11:56:44,276] {taskinstance.py:1377} INFO - Executing <Task(BranchPythonOperator): check_incr> on 2023-10-07 11:55:32.985405+00:00
[2023-10-07 11:56:44,279] {standard_task_runner.py:52} INFO - Started process 2857 to run task
[2023-10-07 11:56:44,280] {standard_task_runner.py:79} INFO - Running: ['airflow', 'tasks', 'run', 'sales_mart', 'check_incr', 'manual__2023-10-07T11:55:32.985405+00:00', '--job-id', '65', '--raw', '--subdir', 'DAGS_FOLDER/sprint3.py', '--cfg-path', '/tmp/tmp189s8cbh', '--error-file', '/tmp/tmp0m6a1wii']
[2023-10-07 11:56:44,282] {standard_task_runner.py:80} INFO - Job 65: Subtask check_incr
[2023-10-07 11:56:44,316] {task_command.py:369} INFO - Running <TaskInstance: sales_mart.check_incr manual__2023-10-07T11:55:32.985405+00:00 [running]> on host 70ec72ace0d7
[2023-10-07 11:56:44,362] {taskinstance.py:1569} INFO - Exporting the following env vars:
AIRFLOW_CTX_DAG_EMAIL=student@example.com
AIRFLOW_CTX_DAG_OWNER=student
AIRFLOW_CTX_DAG_ID=sales_mart
AIRFLOW_CTX_TASK_ID=check_incr
AIRFLOW_CTX_EXECUTION_DATE=2023-10-07T11:55:32.985405+00:00
AIRFLOW_CTX_TRY_NUMBER=1
AIRFLOW_CTX_DAG_RUN_ID=manual__2023-10-07T11:55:32.985405+00:00
[2023-10-07 11:56:44,371] {python.py:173} INFO - Done. Returned value was: ['dummy_l', 'update_d_item', 'update_d_customer', 'update_d_city', 'update_f_sales', 'update_f_customer_retention']
[2023-10-07 11:56:44,372] {skipmixin.py:140} INFO - Following branch ['dummy_l', 'update_d_item', 'update_d_customer', 'update_d_city', 'update_f_sales', 'update_f_customer_retention']
[2023-10-07 11:56:44,373] {skipmixin.py:175} INFO - Skipping tasks ['dummy', 'upload_user_order_inc']
[2023-10-07 11:56:44,406] {taskinstance.py:1395} INFO - Marking task as SUCCESS. dag_id=sales_mart, task_id=check_incr, execution_date=20231007T115532, start_date=20231007T115644, end_date=20231007T115644
[2023-10-07 11:56:44,454] {local_task_job.py:156} INFO - Task exited with return code 0
[2023-10-07 11:56:44,483] {local_task_job.py:273} INFO - 0 downstream tasks scheduled from follow-on schedule check
