[2023-10-07 12:15:53,919] {taskinstance.py:1159} INFO - Dependencies all met for <TaskInstance: sales_mart.get_increment manual__2023-10-07T12:14:42.741836+00:00 [queued]>
[2023-10-07 12:15:53,925] {taskinstance.py:1159} INFO - Dependencies all met for <TaskInstance: sales_mart.get_increment manual__2023-10-07T12:14:42.741836+00:00 [queued]>
[2023-10-07 12:15:53,926] {taskinstance.py:1356} INFO - 
--------------------------------------------------------------------------------
[2023-10-07 12:15:53,927] {taskinstance.py:1357} INFO - Starting attempt 1 of 1
[2023-10-07 12:15:53,928] {taskinstance.py:1358} INFO - 
--------------------------------------------------------------------------------
[2023-10-07 12:15:53,936] {taskinstance.py:1377} INFO - Executing <Task(PythonOperator): get_increment> on 2023-10-07 12:14:42.741836+00:00
[2023-10-07 12:15:53,938] {standard_task_runner.py:52} INFO - Started process 4040 to run task
[2023-10-07 12:15:53,940] {standard_task_runner.py:79} INFO - Running: ['airflow', 'tasks', 'run', 'sales_mart', 'get_increment', 'manual__2023-10-07T12:14:42.741836+00:00', '--job-id', '93', '--raw', '--subdir', 'DAGS_FOLDER/sprint3.py', '--cfg-path', '/tmp/tmpdj2cykjh', '--error-file', '/tmp/tmpeatngcjn']
[2023-10-07 12:15:53,941] {standard_task_runner.py:80} INFO - Job 93: Subtask get_increment
[2023-10-07 12:15:53,976] {task_command.py:369} INFO - Running <TaskInstance: sales_mart.get_increment manual__2023-10-07T12:14:42.741836+00:00 [running]> on host 70ec72ace0d7
[2023-10-07 12:15:54,016] {taskinstance.py:1569} INFO - Exporting the following env vars:
AIRFLOW_CTX_DAG_EMAIL=student@example.com
AIRFLOW_CTX_DAG_OWNER=student
AIRFLOW_CTX_DAG_ID=sales_mart
AIRFLOW_CTX_TASK_ID=get_increment
AIRFLOW_CTX_EXECUTION_DATE=2023-10-07T12:14:42.741836+00:00
AIRFLOW_CTX_TRY_NUMBER=1
AIRFLOW_CTX_DAG_RUN_ID=manual__2023-10-07T12:14:42.741836+00:00
[2023-10-07 12:15:54,017] {logging_mixin.py:115} INFO - Making request get_increment
[2023-10-07 12:15:54,158] {logging_mixin.py:115} INFO - Response is b'{"report_id":"TWpBeU15MHhNQzB3TjFReE1qb3hORG8wTkFsc2EyNWZjRzl3YjNZPQ==","date":"2023-10-07 00:00:00","status":"NOT FOUND","data":{"increment_id":null}}'
[2023-10-07 12:15:54,169] {logging_mixin.py:115} INFO - increment_id=None
[2023-10-07 12:15:54,170] {python.py:173} INFO - Done. Returned value was: None
[2023-10-07 12:15:54,178] {taskinstance.py:1395} INFO - Marking task as SUCCESS. dag_id=sales_mart, task_id=get_increment, execution_date=20231007T121442, start_date=20231007T121553, end_date=20231007T121554
[2023-10-07 12:15:54,194] {local_task_job.py:156} INFO - Task exited with return code 0
[2023-10-07 12:15:54,222] {local_task_job.py:273} INFO - 1 downstream tasks scheduled from follow-on schedule check
