[2023-10-05 19:04:52,329] {taskinstance.py:1159} INFO - Dependencies all met for <TaskInstance: sales_mart.get_report manual__2023-10-05T19:04:45.800965+00:00 [queued]>
[2023-10-05 19:04:52,339] {taskinstance.py:1159} INFO - Dependencies all met for <TaskInstance: sales_mart.get_report manual__2023-10-05T19:04:45.800965+00:00 [queued]>
[2023-10-05 19:04:52,340] {taskinstance.py:1356} INFO - 
--------------------------------------------------------------------------------
[2023-10-05 19:04:52,340] {taskinstance.py:1357} INFO - Starting attempt 1 of 1
[2023-10-05 19:04:52,341] {taskinstance.py:1358} INFO - 
--------------------------------------------------------------------------------
[2023-10-05 19:04:52,363] {taskinstance.py:1377} INFO - Executing <Task(PythonOperator): get_report> on 2023-10-05 19:04:45.800965+00:00
[2023-10-05 19:04:52,367] {standard_task_runner.py:52} INFO - Started process 2405 to run task
[2023-10-05 19:04:52,369] {standard_task_runner.py:79} INFO - Running: ['airflow', 'tasks', 'run', 'sales_mart', 'get_report', 'manual__2023-10-05T19:04:45.800965+00:00', '--job-id', '33', '--raw', '--subdir', 'DAGS_FOLDER/sprint3.py', '--cfg-path', '/tmp/tmpdef2hvok', '--error-file', '/tmp/tmpu_laxgxb']
[2023-10-05 19:04:52,371] {standard_task_runner.py:80} INFO - Job 33: Subtask get_report
[2023-10-05 19:04:52,454] {task_command.py:369} INFO - Running <TaskInstance: sales_mart.get_report manual__2023-10-05T19:04:45.800965+00:00 [running]> on host 2026d982a63a
[2023-10-05 19:04:52,542] {taskinstance.py:1569} INFO - Exporting the following env vars:
AIRFLOW_CTX_DAG_EMAIL=student@example.com
AIRFLOW_CTX_DAG_OWNER=student
AIRFLOW_CTX_DAG_ID=sales_mart
AIRFLOW_CTX_TASK_ID=get_report
AIRFLOW_CTX_EXECUTION_DATE=2023-10-05T19:04:45.800965+00:00
AIRFLOW_CTX_TRY_NUMBER=1
AIRFLOW_CTX_DAG_RUN_ID=manual__2023-10-05T19:04:45.800965+00:00
[2023-10-05 19:04:52,544] {logging_mixin.py:115} INFO - Making request get_report
[2023-10-05 19:04:53,337] {logging_mixin.py:115} INFO - Response is b'{"task_id":"MjAyMy0xMC0wNVQxOTowNDo0OQlsa25fcG9wb3Y=","status":"RUNNING","data":{"report_id":null,"start_day":null,"end_date":null,"s3_path":{}}}'
[2023-10-05 19:05:04,236] {logging_mixin.py:115} INFO - Response is b'{"task_id":"MjAyMy0xMC0wNVQxOTowNDo0OQlsa25fcG9wb3Y=","status":"RUNNING","data":{"report_id":null,"start_day":null,"end_date":null,"s3_path":{}}}'
[2023-10-05 19:05:14,379] {logging_mixin.py:115} INFO - Response is b'{"task_id":"MjAyMy0xMC0wNVQxOTowNDo0OQlsa25fcG9wb3Y=","status":"RUNNING","data":{"report_id":null,"start_day":null,"end_date":null,"s3_path":{}}}'
[2023-10-05 19:05:25,683] {logging_mixin.py:115} INFO - Response is b'{"task_id":"MjAyMy0xMC0wNVQxOTowNDo0OQlsa25fcG9wb3Y=","status":"RUNNING","data":{"report_id":null,"start_day":null,"end_date":null,"s3_path":{}}}'
[2023-10-05 19:05:35,884] {logging_mixin.py:115} INFO - Response is b'{"task_id":"MjAyMy0xMC0wNVQxOTowNDo0OQlsa25fcG9wb3Y=","status":"RUNNING","data":{"report_id":null,"start_day":null,"end_date":null,"s3_path":{}}}'
[2023-10-05 19:05:46,142] {logging_mixin.py:115} INFO - Response is b'{"task_id":"MjAyMy0xMC0wNVQxOTowNDo0OQlsa25fcG9wb3Y=","status":"RUNNING","data":{"report_id":null,"start_day":null,"end_date":null,"s3_path":{}}}'
[2023-10-05 19:05:59,470] {logging_mixin.py:115} INFO - Response is b'{"task_id":"MjAyMy0xMC0wNVQxOTowNDo0OQlsa25fcG9wb3Y=","status":"SUCCESS","data":{"report_id":"TWpBeU15MHhNQzB3TlZReE9Ub3dORG8wT1Fsc2EyNWZjRzl3YjNZPQ==","start_day":"2023-09-05 00:00:00","end_date":"2023-09-27 00:00:00","s3_path":{"customer_research":"https://storage.yandexcloud.net/s3-sprint3/cohort_18/lkn_popov/project/TWpBeU15MHhNQzB3TlZReE9Ub3dORG8wT1Fsc2EyNWZjRzl3YjNZPQ==/customer_research.csv","user_order_log":"https://storage.yandexcloud.net/s3-sprint3/cohort_18/lkn_popov/project/TWpBeU15MHhNQzB3TlZReE9Ub3dORG8wT1Fsc2EyNWZjRzl3YjNZPQ==/user_order_log.csv","user_activity_log":"https://storage.yandexcloud.net/s3-sprint3/cohort_18/lkn_popov/project/TWpBeU15MHhNQzB3TlZReE9Ub3dORG8wT1Fsc2EyNWZjRzl3YjNZPQ==/user_activity_log.csv","price_log":"https://storage.yandexcloud.net/s3-sprint3/cohort_18/lkn_popov/project/TWpBeU15MHhNQzB3TlZReE9Ub3dORG8wT1Fsc2EyNWZjRzl3YjNZPQ==/price_log.csv"}}}'
[2023-10-05 19:05:59,529] {logging_mixin.py:115} INFO - Report_id=TWpBeU15MHhNQzB3TlZReE9Ub3dORG8wT1Fsc2EyNWZjRzl3YjNZPQ==
[2023-10-05 19:05:59,532] {python.py:173} INFO - Done. Returned value was: None
[2023-10-05 19:05:59,553] {taskinstance.py:1395} INFO - Marking task as SUCCESS. dag_id=sales_mart, task_id=get_report, execution_date=20231005T190445, start_date=20231005T190452, end_date=20231005T190559
[2023-10-05 19:05:59,607] {local_task_job.py:156} INFO - Task exited with return code 0
[2023-10-05 19:05:59,679] {local_task_job.py:273} INFO - 1 downstream tasks scheduled from follow-on schedule check
