[2023-10-07 12:01:21,339] {taskinstance.py:1159} INFO - Dependencies all met for <TaskInstance: sales_mart.generate_report manual__2023-10-07T12:01:19.539211+00:00 [queued]>
[2023-10-07 12:01:21,345] {taskinstance.py:1159} INFO - Dependencies all met for <TaskInstance: sales_mart.generate_report manual__2023-10-07T12:01:19.539211+00:00 [queued]>
[2023-10-07 12:01:21,345] {taskinstance.py:1356} INFO - 
--------------------------------------------------------------------------------
[2023-10-07 12:01:21,346] {taskinstance.py:1357} INFO - Starting attempt 1 of 1
[2023-10-07 12:01:21,347] {taskinstance.py:1358} INFO - 
--------------------------------------------------------------------------------
[2023-10-07 12:01:21,356] {taskinstance.py:1377} INFO - Executing <Task(PythonOperator): generate_report> on 2023-10-07 12:01:19.539211+00:00
[2023-10-07 12:01:21,358] {standard_task_runner.py:52} INFO - Started process 3086 to run task
[2023-10-07 12:01:21,360] {standard_task_runner.py:79} INFO - Running: ['airflow', 'tasks', 'run', 'sales_mart', 'generate_report', 'manual__2023-10-07T12:01:19.539211+00:00', '--job-id', '70', '--raw', '--subdir', 'DAGS_FOLDER/sprint3.py', '--cfg-path', '/tmp/tmp8vqpn0rg', '--error-file', '/tmp/tmprxc_8h_i']
[2023-10-07 12:01:21,361] {standard_task_runner.py:80} INFO - Job 70: Subtask generate_report
[2023-10-07 12:01:21,400] {task_command.py:369} INFO - Running <TaskInstance: sales_mart.generate_report manual__2023-10-07T12:01:19.539211+00:00 [running]> on host 70ec72ace0d7
[2023-10-07 12:01:21,440] {taskinstance.py:1569} INFO - Exporting the following env vars:
AIRFLOW_CTX_DAG_EMAIL=student@example.com
AIRFLOW_CTX_DAG_OWNER=student
AIRFLOW_CTX_DAG_ID=sales_mart
AIRFLOW_CTX_TASK_ID=generate_report
AIRFLOW_CTX_EXECUTION_DATE=2023-10-07T12:01:19.539211+00:00
AIRFLOW_CTX_TRY_NUMBER=1
AIRFLOW_CTX_DAG_RUN_ID=manual__2023-10-07T12:01:19.539211+00:00
[2023-10-07 12:01:21,441] {logging_mixin.py:115} INFO - Making request generate_report
[2023-10-07 12:01:22,633] {logging_mixin.py:115} INFO - Response is b'{"task_id":"MjAyMy0xMC0wN1QxMjowMToyMglsa25fcG9wb3Y="}'
[2023-10-07 12:01:22,634] {python.py:173} INFO - Done. Returned value was: None
[2023-10-07 12:01:22,644] {taskinstance.py:1395} INFO - Marking task as SUCCESS. dag_id=sales_mart, task_id=generate_report, execution_date=20231007T120119, start_date=20231007T120121, end_date=20231007T120122
[2023-10-07 12:01:22,660] {local_task_job.py:156} INFO - Task exited with return code 0
[2023-10-07 12:01:22,687] {local_task_job.py:273} INFO - 1 downstream tasks scheduled from follow-on schedule check
