[2023-10-05 19:29:31,898] {taskinstance.py:1159} INFO - Dependencies all met for <TaskInstance: sales_mart.generate_report scheduled__2023-10-02T19:26:20.389129+00:00 [queued]>
[2023-10-05 19:29:31,914] {taskinstance.py:1159} INFO - Dependencies all met for <TaskInstance: sales_mart.generate_report scheduled__2023-10-02T19:26:20.389129+00:00 [queued]>
[2023-10-05 19:29:31,914] {taskinstance.py:1356} INFO - 
--------------------------------------------------------------------------------
[2023-10-05 19:29:31,915] {taskinstance.py:1357} INFO - Starting attempt 1 of 1
[2023-10-05 19:29:31,916] {taskinstance.py:1358} INFO - 
--------------------------------------------------------------------------------
[2023-10-05 19:29:31,940] {taskinstance.py:1377} INFO - Executing <Task(PythonOperator): generate_report> on 2023-10-02 19:26:20.389129+00:00
[2023-10-05 19:29:31,945] {standard_task_runner.py:52} INFO - Started process 1194 to run task
[2023-10-05 19:29:31,948] {standard_task_runner.py:79} INFO - Running: ['airflow', 'tasks', 'run', 'sales_mart', 'generate_report', 'scheduled__2023-10-02T19:26:20.389129+00:00', '--job-id', '19', '--raw', '--subdir', 'DAGS_FOLDER/sprint3.py', '--cfg-path', '/tmp/tmpnemo8z4_', '--error-file', '/tmp/tmpat_xa7do']
[2023-10-05 19:29:31,950] {standard_task_runner.py:80} INFO - Job 19: Subtask generate_report
[2023-10-05 19:29:32,037] {task_command.py:369} INFO - Running <TaskInstance: sales_mart.generate_report scheduled__2023-10-02T19:26:20.389129+00:00 [running]> on host 329f0cdeb700
[2023-10-05 19:29:32,146] {taskinstance.py:1569} INFO - Exporting the following env vars:
AIRFLOW_CTX_DAG_EMAIL=student@example.com
AIRFLOW_CTX_DAG_OWNER=student
AIRFLOW_CTX_DAG_ID=sales_mart
AIRFLOW_CTX_TASK_ID=generate_report
AIRFLOW_CTX_EXECUTION_DATE=2023-10-02T19:26:20.389129+00:00
AIRFLOW_CTX_TRY_NUMBER=1
AIRFLOW_CTX_DAG_RUN_ID=scheduled__2023-10-02T19:26:20.389129+00:00
[2023-10-05 19:29:32,152] {logging_mixin.py:115} INFO - Making request generate_report
[2023-10-05 19:29:32,308] {logging_mixin.py:115} INFO - Response is b'{"task_id":"MjAyMy0xMC0wNVQxOToyOTozMQlsa25fcG9wb3Y="}'
[2023-10-05 19:29:32,308] {python.py:173} INFO - Done. Returned value was: None
[2023-10-05 19:29:32,325] {taskinstance.py:1395} INFO - Marking task as SUCCESS. dag_id=sales_mart, task_id=generate_report, execution_date=20231002T192620, start_date=20231005T192931, end_date=20231005T192932
[2023-10-05 19:29:32,366] {local_task_job.py:156} INFO - Task exited with return code 0
[2023-10-05 19:29:32,426] {local_task_job.py:273} INFO - 1 downstream tasks scheduled from follow-on schedule check
