[2023-10-07 08:19:31,569] {taskinstance.py:1159} INFO - Dependencies all met for <TaskInstance: sales_mart.get_increment scheduled__2023-09-30T08:17:37.691037+00:00 [queued]>
[2023-10-07 08:19:31,577] {taskinstance.py:1159} INFO - Dependencies all met for <TaskInstance: sales_mart.get_increment scheduled__2023-09-30T08:17:37.691037+00:00 [queued]>
[2023-10-07 08:19:31,577] {taskinstance.py:1356} INFO - 
--------------------------------------------------------------------------------
[2023-10-07 08:19:31,577] {taskinstance.py:1357} INFO - Starting attempt 1 of 1
[2023-10-07 08:19:31,578] {taskinstance.py:1358} INFO - 
--------------------------------------------------------------------------------
[2023-10-07 08:19:31,585] {taskinstance.py:1377} INFO - Executing <Task(PythonOperator): get_increment> on 2023-09-30 08:17:37.691037+00:00
[2023-10-07 08:19:31,587] {standard_task_runner.py:52} INFO - Started process 821 to run task
[2023-10-07 08:19:31,589] {standard_task_runner.py:79} INFO - Running: ['airflow', 'tasks', 'run', 'sales_mart', 'get_increment', 'scheduled__2023-09-30T08:17:37.691037+00:00', '--job-id', '10', '--raw', '--subdir', 'DAGS_FOLDER/sprint3.py', '--cfg-path', '/tmp/tmp3q942tn6', '--error-file', '/tmp/tmp0jdy67e1']
[2023-10-07 08:19:31,590] {standard_task_runner.py:80} INFO - Job 10: Subtask get_increment
[2023-10-07 08:19:31,625] {task_command.py:369} INFO - Running <TaskInstance: sales_mart.get_increment scheduled__2023-09-30T08:17:37.691037+00:00 [running]> on host 36d9c57a9c84
[2023-10-07 08:19:31,663] {taskinstance.py:1569} INFO - Exporting the following env vars:
AIRFLOW_CTX_DAG_EMAIL=student@example.com
AIRFLOW_CTX_DAG_OWNER=student
AIRFLOW_CTX_DAG_ID=sales_mart
AIRFLOW_CTX_TASK_ID=get_increment
AIRFLOW_CTX_EXECUTION_DATE=2023-09-30T08:17:37.691037+00:00
AIRFLOW_CTX_TRY_NUMBER=1
AIRFLOW_CTX_DAG_RUN_ID=scheduled__2023-09-30T08:17:37.691037+00:00
[2023-10-07 08:19:31,664] {logging_mixin.py:115} INFO - Making request get_increment
[2023-10-07 08:19:33,588] {logging_mixin.py:115} INFO - Response is b'{"report_id":"TWpBeU15MHhNQzB3TjFRd09Eb3hPRG93Tmdsc2EyNWZjRzl3YjNZPQ==","date":"2023-09-30 00:00:00","status":"SUCCESS","data":{"increment_id":"MjAyMy0wOS0zMFQwMDowMDowMAlUV3BCZVUxNU1IaE5RekIzVGpGUmQwOUViM2hQUkc5M1RtZHNjMkV5TldaalJ6bDNZak5aUFE9PQ==","s3_path":{"customer_research_inc":"https://storage.yandexcloud.net/s3-sprint3/cohort_18/lkn_popov/project/MjAyMy0wOS0zMFQwMDowMDowMAlUV3BCZVUxNU1IaE5RekIzVGpGUmQwOUViM2hQUkc5M1RtZHNjMkV5TldaalJ6bDNZak5aUFE9PQ==/customer_research_inc.csv","user_order_log_inc":"https://storage.yandexcloud.net/s3-sprint3/cohort_18/lkn_popov/project/MjAyMy0wOS0zMFQwMDowMDowMAlUV3BCZVUxNU1IaE5RekIzVGpGUmQwOUViM2hQUkc5M1RtZHNjMkV5TldaalJ6bDNZak5aUFE9PQ==/user_order_log_inc.csv","user_activity_log_inc":"https://storage.yandexcloud.net/s3-sprint3/cohort_18/lkn_popov/project/MjAyMy0wOS0zMFQwMDowMDowMAlUV3BCZVUxNU1IaE5RekIzVGpGUmQwOUViM2hQUkc5M1RtZHNjMkV5TldaalJ6bDNZak5aUFE9PQ==/user_activity_log_inc.csv","price_log_inc":"https://storage.yandexcloud.net/s3-sprint3/cohort_18/lkn_popov/project/TWpBeU15MHhNQzB3TjFRd09Eb3hPRG93Tmdsc2EyNWZjRzl3YjNZPQ==/price_log_inc.csv"}}}'
[2023-10-07 08:19:33,600] {logging_mixin.py:115} INFO - increment_id=MjAyMy0wOS0zMFQwMDowMDowMAlUV3BCZVUxNU1IaE5RekIzVGpGUmQwOUViM2hQUkc5M1RtZHNjMkV5TldaalJ6bDNZak5aUFE9PQ==
[2023-10-07 08:19:33,601] {python.py:173} INFO - Done. Returned value was: None
[2023-10-07 08:19:33,609] {taskinstance.py:1395} INFO - Marking task as SUCCESS. dag_id=sales_mart, task_id=get_increment, execution_date=20230930T081737, start_date=20231007T081931, end_date=20231007T081933
[2023-10-07 08:19:33,656] {local_task_job.py:156} INFO - Task exited with return code 0
[2023-10-07 08:19:33,689] {local_task_job.py:273} INFO - 1 downstream tasks scheduled from follow-on schedule check
