[2023-10-07 08:09:38,369] {taskinstance.py:1159} INFO - Dependencies all met for <TaskInstance: sales_mart.get_report scheduled__2023-10-06T08:05:25.664213+00:00 [queued]>
[2023-10-07 08:09:38,375] {taskinstance.py:1159} INFO - Dependencies all met for <TaskInstance: sales_mart.get_report scheduled__2023-10-06T08:05:25.664213+00:00 [queued]>
[2023-10-07 08:09:38,376] {taskinstance.py:1356} INFO - 
--------------------------------------------------------------------------------
[2023-10-07 08:09:38,377] {taskinstance.py:1357} INFO - Starting attempt 1 of 1
[2023-10-07 08:09:38,377] {taskinstance.py:1358} INFO - 
--------------------------------------------------------------------------------
[2023-10-07 08:09:38,386] {taskinstance.py:1377} INFO - Executing <Task(PythonOperator): get_report> on 2023-10-06 08:05:25.664213+00:00
[2023-10-07 08:09:38,389] {standard_task_runner.py:52} INFO - Started process 1473 to run task
[2023-10-07 08:09:38,391] {standard_task_runner.py:79} INFO - Running: ['airflow', 'tasks', 'run', 'sales_mart', 'get_report', 'scheduled__2023-10-06T08:05:25.664213+00:00', '--job-id', '28', '--raw', '--subdir', 'DAGS_FOLDER/sprint3.py', '--cfg-path', '/tmp/tmpg8z6cd5_', '--error-file', '/tmp/tmpk5892ydc']
[2023-10-07 08:09:38,392] {standard_task_runner.py:80} INFO - Job 28: Subtask get_report
[2023-10-07 08:09:38,428] {task_command.py:369} INFO - Running <TaskInstance: sales_mart.get_report scheduled__2023-10-06T08:05:25.664213+00:00 [running]> on host 219fbcc16ca0
[2023-10-07 08:09:38,467] {taskinstance.py:1569} INFO - Exporting the following env vars:
AIRFLOW_CTX_DAG_EMAIL=student@example.com
AIRFLOW_CTX_DAG_OWNER=student
AIRFLOW_CTX_DAG_ID=sales_mart
AIRFLOW_CTX_TASK_ID=get_report
AIRFLOW_CTX_EXECUTION_DATE=2023-10-06T08:05:25.664213+00:00
AIRFLOW_CTX_TRY_NUMBER=1
AIRFLOW_CTX_DAG_RUN_ID=scheduled__2023-10-06T08:05:25.664213+00:00
[2023-10-07 08:09:38,468] {logging_mixin.py:115} INFO - Making request get_report
[2023-10-07 08:09:38,598] {logging_mixin.py:115} INFO - Response is b'{"task_id":"MjAyMy0xMC0wN1QwODowOToyNwlsa25fcG9wb3Y=","status":"RUNNING","data":{"report_id":null,"start_day":null,"end_date":null,"s3_path":{}}}'
[2023-10-07 08:09:48,745] {logging_mixin.py:115} INFO - Response is b'{"task_id":"MjAyMy0xMC0wN1QwODowOToyNwlsa25fcG9wb3Y=","status":"RUNNING","data":{"report_id":null,"start_day":null,"end_date":null,"s3_path":{}}}'
[2023-10-07 08:09:58,865] {logging_mixin.py:115} INFO - Response is b'{"task_id":"MjAyMy0xMC0wN1QwODowOToyNwlsa25fcG9wb3Y=","status":"RUNNING","data":{"report_id":null,"start_day":null,"end_date":null,"s3_path":{}}}'
[2023-10-07 08:10:09,158] {logging_mixin.py:115} INFO - Response is b'{"task_id":"MjAyMy0xMC0wN1QwODowOToyNwlsa25fcG9wb3Y=","status":"RUNNING","data":{"report_id":null,"start_day":null,"end_date":null,"s3_path":{}}}'
[2023-10-07 08:10:19,656] {logging_mixin.py:115} INFO - Response is b'{"task_id":"MjAyMy0xMC0wN1QwODowOToyNwlsa25fcG9wb3Y=","status":"RUNNING","data":{"report_id":null,"start_day":null,"end_date":null,"s3_path":{}}}'
[2023-10-07 08:10:32,760] {logging_mixin.py:115} INFO - Response is b'{"task_id":"MjAyMy0xMC0wN1QwODowOToyNwlsa25fcG9wb3Y=","status":"SUCCESS","data":{"report_id":"TWpBeU15MHhNQzB3TjFRd09Eb3dPVG95Tndsc2EyNWZjRzl3YjNZPQ==","start_day":"2023-09-07 00:00:00","end_date":"2023-09-29 00:00:00","s3_path":{"customer_research":"https://storage.yandexcloud.net/s3-sprint3/cohort_18/lkn_popov/project/TWpBeU15MHhNQzB3TjFRd09Eb3dPVG95Tndsc2EyNWZjRzl3YjNZPQ==/customer_research.csv","user_order_log":"https://storage.yandexcloud.net/s3-sprint3/cohort_18/lkn_popov/project/TWpBeU15MHhNQzB3TjFRd09Eb3dPVG95Tndsc2EyNWZjRzl3YjNZPQ==/user_order_log.csv","user_activity_log":"https://storage.yandexcloud.net/s3-sprint3/cohort_18/lkn_popov/project/TWpBeU15MHhNQzB3TjFRd09Eb3dPVG95Tndsc2EyNWZjRzl3YjNZPQ==/user_activity_log.csv","price_log":"https://storage.yandexcloud.net/s3-sprint3/cohort_18/lkn_popov/project/TWpBeU15MHhNQzB3TjFRd09Eb3dPVG95Tndsc2EyNWZjRzl3YjNZPQ==/price_log.csv"}}}'
[2023-10-07 08:10:32,772] {logging_mixin.py:115} INFO - Report_id=TWpBeU15MHhNQzB3TjFRd09Eb3dPVG95Tndsc2EyNWZjRzl3YjNZPQ==
[2023-10-07 08:10:32,773] {python.py:173} INFO - Done. Returned value was: None
[2023-10-07 08:10:32,782] {taskinstance.py:1395} INFO - Marking task as SUCCESS. dag_id=sales_mart, task_id=get_report, execution_date=20231006T080525, start_date=20231007T080938, end_date=20231007T081032
[2023-10-07 08:10:32,793] {local_task_job.py:156} INFO - Task exited with return code 0
[2023-10-07 08:10:32,816] {local_task_job.py:273} INFO - 1 downstream tasks scheduled from follow-on schedule check
