[2023-10-07 11:52:47,098] {taskinstance.py:1159} INFO - Dependencies all met for <TaskInstance: sales_mart.generate_report manual__2023-10-07T11:52:45.815453+00:00 [queued]>
[2023-10-07 11:52:47,106] {taskinstance.py:1159} INFO - Dependencies all met for <TaskInstance: sales_mart.generate_report manual__2023-10-07T11:52:45.815453+00:00 [queued]>
[2023-10-07 11:52:47,106] {taskinstance.py:1356} INFO - 
--------------------------------------------------------------------------------
[2023-10-07 11:52:47,107] {taskinstance.py:1357} INFO - Starting attempt 1 of 1
[2023-10-07 11:52:47,107] {taskinstance.py:1358} INFO - 
--------------------------------------------------------------------------------
[2023-10-07 11:52:47,116] {taskinstance.py:1377} INFO - Executing <Task(PythonOperator): generate_report> on 2023-10-07 11:52:45.815453+00:00
[2023-10-07 11:52:47,118] {standard_task_runner.py:52} INFO - Started process 2570 to run task
[2023-10-07 11:52:47,120] {standard_task_runner.py:79} INFO - Running: ['airflow', 'tasks', 'run', 'sales_mart', 'generate_report', 'manual__2023-10-07T11:52:45.815453+00:00', '--job-id', '58', '--raw', '--subdir', 'DAGS_FOLDER/sprint3.py', '--cfg-path', '/tmp/tmp5h4vl6vp', '--error-file', '/tmp/tmp1o1bei2_']
[2023-10-07 11:52:47,121] {standard_task_runner.py:80} INFO - Job 58: Subtask generate_report
[2023-10-07 11:52:47,163] {task_command.py:369} INFO - Running <TaskInstance: sales_mart.generate_report manual__2023-10-07T11:52:45.815453+00:00 [running]> on host 70ec72ace0d7
[2023-10-07 11:52:47,202] {taskinstance.py:1569} INFO - Exporting the following env vars:
AIRFLOW_CTX_DAG_EMAIL=student@example.com
AIRFLOW_CTX_DAG_OWNER=student
AIRFLOW_CTX_DAG_ID=sales_mart
AIRFLOW_CTX_TASK_ID=generate_report
AIRFLOW_CTX_EXECUTION_DATE=2023-10-07T11:52:45.815453+00:00
AIRFLOW_CTX_TRY_NUMBER=1
AIRFLOW_CTX_DAG_RUN_ID=manual__2023-10-07T11:52:45.815453+00:00
[2023-10-07 11:52:47,203] {logging_mixin.py:115} INFO - Making request generate_report
[2023-10-07 11:52:47,354] {logging_mixin.py:115} INFO - Response is b'{"task_id":"MjAyMy0xMC0wN1QxMTo1Mjo0Nwlsa25fcG9wb3Y="}'
[2023-10-07 11:52:47,354] {python.py:173} INFO - Done. Returned value was: None
[2023-10-07 11:52:47,364] {taskinstance.py:1395} INFO - Marking task as SUCCESS. dag_id=sales_mart, task_id=generate_report, execution_date=20231007T115245, start_date=20231007T115247, end_date=20231007T115247
[2023-10-07 11:52:47,373] {local_task_job.py:156} INFO - Task exited with return code 0
[2023-10-07 11:52:47,405] {local_task_job.py:273} INFO - 1 downstream tasks scheduled from follow-on schedule check
