[2023-10-07 12:25:51,672] {taskinstance.py:1159} INFO - Dependencies all met for <TaskInstance: sales_mart.update_d_city scheduled__2023-10-06T12:19:33.489881+00:00 [queued]>
[2023-10-07 12:25:51,680] {taskinstance.py:1159} INFO - Dependencies all met for <TaskInstance: sales_mart.update_d_city scheduled__2023-10-06T12:19:33.489881+00:00 [queued]>
[2023-10-07 12:25:51,680] {taskinstance.py:1356} INFO - 
--------------------------------------------------------------------------------
[2023-10-07 12:25:51,681] {taskinstance.py:1357} INFO - Starting attempt 1 of 1
[2023-10-07 12:25:51,681] {taskinstance.py:1358} INFO - 
--------------------------------------------------------------------------------
[2023-10-07 12:25:51,690] {taskinstance.py:1377} INFO - Executing <Task(PostgresOperator): update_d_city> on 2023-10-06 12:19:33.489881+00:00
[2023-10-07 12:25:51,694] {standard_task_runner.py:52} INFO - Started process 2543 to run task
[2023-10-07 12:25:51,695] {standard_task_runner.py:79} INFO - Running: ['airflow', 'tasks', 'run', 'sales_mart', 'update_d_city', 'scheduled__2023-10-06T12:19:33.489881+00:00', '--job-id', '76', '--raw', '--subdir', 'DAGS_FOLDER/sprint3.py', '--cfg-path', '/tmp/tmp5izvsv29', '--error-file', '/tmp/tmp5sisygy9']
[2023-10-07 12:25:51,696] {standard_task_runner.py:80} INFO - Job 76: Subtask update_d_city
[2023-10-07 12:25:51,738] {task_command.py:369} INFO - Running <TaskInstance: sales_mart.update_d_city scheduled__2023-10-06T12:19:33.489881+00:00 [running]> on host d964b2b568e5
[2023-10-07 12:25:51,785] {taskinstance.py:1569} INFO - Exporting the following env vars:
AIRFLOW_CTX_DAG_EMAIL=student@example.com
AIRFLOW_CTX_DAG_OWNER=student
AIRFLOW_CTX_DAG_ID=sales_mart
AIRFLOW_CTX_TASK_ID=update_d_city
AIRFLOW_CTX_EXECUTION_DATE=2023-10-06T12:19:33.489881+00:00
AIRFLOW_CTX_TRY_NUMBER=1
AIRFLOW_CTX_DAG_RUN_ID=scheduled__2023-10-06T12:19:33.489881+00:00
[2023-10-07 12:25:51,793] {base.py:68} INFO - Using connection ID 'postgresql_de' for task execution.
[2023-10-07 12:25:51,798] {sql.py:315} INFO - Running statement: insert into mart.d_city (city_id, city_name)
select city_id, city_name from staging.user_order_log
where city_id not in (select city_id from mart.d_city)
group by city_id, city_name;, parameters: None
[2023-10-07 12:25:51,800] {sql.py:324} INFO - Rows affected: 0
[2023-10-07 12:25:51,811] {taskinstance.py:1395} INFO - Marking task as SUCCESS. dag_id=sales_mart, task_id=update_d_city, execution_date=20231006T121933, start_date=20231007T122551, end_date=20231007T122551
[2023-10-07 12:25:51,829] {local_task_job.py:156} INFO - Task exited with return code 0
[2023-10-07 12:25:51,858] {local_task_job.py:273} INFO - 1 downstream tasks scheduled from follow-on schedule check
