[2023-10-07 12:22:39,007] {taskinstance.py:1159} INFO - Dependencies all met for <TaskInstance: sales_mart.generate_report scheduled__2023-10-05T12:19:33.489881+00:00 [queued]>
[2023-10-07 12:22:39,014] {taskinstance.py:1159} INFO - Dependencies all met for <TaskInstance: sales_mart.generate_report scheduled__2023-10-05T12:19:33.489881+00:00 [queued]>
[2023-10-07 12:22:39,015] {taskinstance.py:1356} INFO - 
--------------------------------------------------------------------------------
[2023-10-07 12:22:39,016] {taskinstance.py:1357} INFO - Starting attempt 1 of 1
[2023-10-07 12:22:39,016] {taskinstance.py:1358} INFO - 
--------------------------------------------------------------------------------
[2023-10-07 12:22:39,026] {taskinstance.py:1377} INFO - Executing <Task(PythonOperator): generate_report> on 2023-10-05 12:19:33.489881+00:00
[2023-10-07 12:22:39,029] {standard_task_runner.py:52} INFO - Started process 1142 to run task
[2023-10-07 12:22:39,030] {standard_task_runner.py:79} INFO - Running: ['airflow', 'tasks', 'run', 'sales_mart', 'generate_report', 'scheduled__2023-10-05T12:19:33.489881+00:00', '--job-id', '22', '--raw', '--subdir', 'DAGS_FOLDER/sprint3.py', '--cfg-path', '/tmp/tmpr_a0isdl', '--error-file', '/tmp/tmp8s89p7nf']
[2023-10-07 12:22:39,031] {standard_task_runner.py:80} INFO - Job 22: Subtask generate_report
[2023-10-07 12:22:39,069] {task_command.py:369} INFO - Running <TaskInstance: sales_mart.generate_report scheduled__2023-10-05T12:19:33.489881+00:00 [running]> on host d964b2b568e5
[2023-10-07 12:22:39,122] {taskinstance.py:1569} INFO - Exporting the following env vars:
AIRFLOW_CTX_DAG_EMAIL=student@example.com
AIRFLOW_CTX_DAG_OWNER=student
AIRFLOW_CTX_DAG_ID=sales_mart
AIRFLOW_CTX_TASK_ID=generate_report
AIRFLOW_CTX_EXECUTION_DATE=2023-10-05T12:19:33.489881+00:00
AIRFLOW_CTX_TRY_NUMBER=1
AIRFLOW_CTX_DAG_RUN_ID=scheduled__2023-10-05T12:19:33.489881+00:00
[2023-10-07 12:22:39,123] {logging_mixin.py:115} INFO - Making request generate_report
[2023-10-07 12:22:39,260] {logging_mixin.py:115} INFO - Response is b'{"task_id":"MjAyMy0xMC0wN1QxMjoyMjozOQlsa25fcG9wb3Y="}'
[2023-10-07 12:22:39,261] {python.py:173} INFO - Done. Returned value was: None
[2023-10-07 12:22:39,270] {taskinstance.py:1395} INFO - Marking task as SUCCESS. dag_id=sales_mart, task_id=generate_report, execution_date=20231005T121933, start_date=20231007T122239, end_date=20231007T122239
[2023-10-07 12:22:39,284] {local_task_job.py:156} INFO - Task exited with return code 0
[2023-10-07 12:22:39,314] {local_task_job.py:273} INFO - 1 downstream tasks scheduled from follow-on schedule check
