[2023-10-07 08:23:14,453] {taskinstance.py:1159} INFO - Dependencies all met for <TaskInstance: sales_mart.check_incr scheduled__2023-10-04T08:17:37.691037+00:00 [queued]>
[2023-10-07 08:23:14,459] {taskinstance.py:1159} INFO - Dependencies all met for <TaskInstance: sales_mart.check_incr scheduled__2023-10-04T08:17:37.691037+00:00 [queued]>
[2023-10-07 08:23:14,460] {taskinstance.py:1356} INFO - 
--------------------------------------------------------------------------------
[2023-10-07 08:23:14,461] {taskinstance.py:1357} INFO - Starting attempt 1 of 1
[2023-10-07 08:23:14,462] {taskinstance.py:1358} INFO - 
--------------------------------------------------------------------------------
[2023-10-07 08:23:14,470] {taskinstance.py:1377} INFO - Executing <Task(BranchPythonOperator): check_incr> on 2023-10-04 08:17:37.691037+00:00
[2023-10-07 08:23:14,473] {standard_task_runner.py:52} INFO - Started process 1811 to run task
[2023-10-07 08:23:14,475] {standard_task_runner.py:79} INFO - Running: ['airflow', 'tasks', 'run', 'sales_mart', 'check_incr', 'scheduled__2023-10-04T08:17:37.691037+00:00', '--job-id', '46', '--raw', '--subdir', 'DAGS_FOLDER/sprint3.py', '--cfg-path', '/tmp/tmp57rgg6rj', '--error-file', '/tmp/tmpxwy_te1s']
[2023-10-07 08:23:14,476] {standard_task_runner.py:80} INFO - Job 46: Subtask check_incr
[2023-10-07 08:23:14,513] {task_command.py:369} INFO - Running <TaskInstance: sales_mart.check_incr scheduled__2023-10-04T08:17:37.691037+00:00 [running]> on host 36d9c57a9c84
[2023-10-07 08:23:14,555] {taskinstance.py:1569} INFO - Exporting the following env vars:
AIRFLOW_CTX_DAG_EMAIL=student@example.com
AIRFLOW_CTX_DAG_OWNER=student
AIRFLOW_CTX_DAG_ID=sales_mart
AIRFLOW_CTX_TASK_ID=check_incr
AIRFLOW_CTX_EXECUTION_DATE=2023-10-04T08:17:37.691037+00:00
AIRFLOW_CTX_TRY_NUMBER=1
AIRFLOW_CTX_DAG_RUN_ID=scheduled__2023-10-04T08:17:37.691037+00:00
[2023-10-07 08:23:14,562] {python.py:173} INFO - Done. Returned value was: upload_user_order_inc
[2023-10-07 08:23:14,562] {skipmixin.py:140} INFO - Following branch upload_user_order_inc
[2023-10-07 08:23:14,563] {skipmixin.py:175} INFO - Skipping tasks ['dummy_t']
[2023-10-07 08:23:14,591] {taskinstance.py:1395} INFO - Marking task as SUCCESS. dag_id=sales_mart, task_id=check_incr, execution_date=20231004T081737, start_date=20231007T082314, end_date=20231007T082314
[2023-10-07 08:23:14,608] {local_task_job.py:156} INFO - Task exited with return code 0
[2023-10-07 08:23:14,635] {local_task_job.py:273} INFO - 1 downstream tasks scheduled from follow-on schedule check
