[2023-10-07 12:04:53,135] {taskinstance.py:1159} INFO - Dependencies all met for <TaskInstance: sales_mart.check_incr manual__2023-10-07T12:03:41.766037+00:00 [queued]>
[2023-10-07 12:04:53,141] {taskinstance.py:1159} INFO - Dependencies all met for <TaskInstance: sales_mart.check_incr manual__2023-10-07T12:03:41.766037+00:00 [queued]>
[2023-10-07 12:04:53,142] {taskinstance.py:1356} INFO - 
--------------------------------------------------------------------------------
[2023-10-07 12:04:53,143] {taskinstance.py:1357} INFO - Starting attempt 1 of 1
[2023-10-07 12:04:53,143] {taskinstance.py:1358} INFO - 
--------------------------------------------------------------------------------
[2023-10-07 12:04:53,151] {taskinstance.py:1377} INFO - Executing <Task(BranchPythonOperator): check_incr> on 2023-10-07 12:03:41.766037+00:00
[2023-10-07 12:04:53,154] {standard_task_runner.py:52} INFO - Started process 3368 to run task
[2023-10-07 12:04:53,155] {standard_task_runner.py:79} INFO - Running: ['airflow', 'tasks', 'run', 'sales_mart', 'check_incr', 'manual__2023-10-07T12:03:41.766037+00:00', '--job-id', '77', '--raw', '--subdir', 'DAGS_FOLDER/sprint3.py', '--cfg-path', '/tmp/tmpdqzk0cdc', '--error-file', '/tmp/tmp4atmm4nv']
[2023-10-07 12:04:53,156] {standard_task_runner.py:80} INFO - Job 77: Subtask check_incr
[2023-10-07 12:04:53,193] {task_command.py:369} INFO - Running <TaskInstance: sales_mart.check_incr manual__2023-10-07T12:03:41.766037+00:00 [running]> on host 70ec72ace0d7
[2023-10-07 12:04:53,231] {taskinstance.py:1569} INFO - Exporting the following env vars:
AIRFLOW_CTX_DAG_EMAIL=student@example.com
AIRFLOW_CTX_DAG_OWNER=student
AIRFLOW_CTX_DAG_ID=sales_mart
AIRFLOW_CTX_TASK_ID=check_incr
AIRFLOW_CTX_EXECUTION_DATE=2023-10-07T12:03:41.766037+00:00
AIRFLOW_CTX_TRY_NUMBER=1
AIRFLOW_CTX_DAG_RUN_ID=manual__2023-10-07T12:03:41.766037+00:00
[2023-10-07 12:04:53,239] {python.py:173} INFO - Done. Returned value was: ['dummy_l', 'update_d_item', 'update_d_customer', 'update_d_city', 'update_f_sales', 'update_f_customer_retention', 'dummy']
[2023-10-07 12:04:53,239] {skipmixin.py:140} INFO - Following branch ['dummy_l', 'update_d_item', 'update_d_customer', 'update_d_city', 'update_f_sales', 'update_f_customer_retention', 'dummy']
[2023-10-07 12:04:53,240] {skipmixin.py:175} INFO - Skipping tasks ['upload_user_order_inc']
[2023-10-07 12:04:53,269] {taskinstance.py:1395} INFO - Marking task as SUCCESS. dag_id=sales_mart, task_id=check_incr, execution_date=20231007T120341, start_date=20231007T120453, end_date=20231007T120453
[2023-10-07 12:04:53,288] {local_task_job.py:156} INFO - Task exited with return code 0
[2023-10-07 12:04:53,318] {local_task_job.py:273} INFO - 1 downstream tasks scheduled from follow-on schedule check
