[2023-10-07 08:23:36,103] {taskinstance.py:1159} INFO - Dependencies all met for <TaskInstance: sales_mart.generate_report manual__2023-10-07T08:23:34.489254+00:00 [queued]>
[2023-10-07 08:23:36,108] {taskinstance.py:1159} INFO - Dependencies all met for <TaskInstance: sales_mart.generate_report manual__2023-10-07T08:23:34.489254+00:00 [queued]>
[2023-10-07 08:23:36,109] {taskinstance.py:1356} INFO - 
--------------------------------------------------------------------------------
[2023-10-07 08:23:36,109] {taskinstance.py:1357} INFO - Starting attempt 1 of 1
[2023-10-07 08:23:36,110] {taskinstance.py:1358} INFO - 
--------------------------------------------------------------------------------
[2023-10-07 08:23:36,117] {taskinstance.py:1377} INFO - Executing <Task(PythonOperator): generate_report> on 2023-10-07 08:23:34.489254+00:00
[2023-10-07 08:23:36,120] {standard_task_runner.py:52} INFO - Started process 1968 to run task
[2023-10-07 08:23:36,121] {standard_task_runner.py:79} INFO - Running: ['airflow', 'tasks', 'run', 'sales_mart', 'generate_report', 'manual__2023-10-07T08:23:34.489254+00:00', '--job-id', '52', '--raw', '--subdir', 'DAGS_FOLDER/sprint3.py', '--cfg-path', '/tmp/tmp7a11rjxu', '--error-file', '/tmp/tmpyr_qcv_d']
[2023-10-07 08:23:36,122] {standard_task_runner.py:80} INFO - Job 52: Subtask generate_report
[2023-10-07 08:23:36,158] {task_command.py:369} INFO - Running <TaskInstance: sales_mart.generate_report manual__2023-10-07T08:23:34.489254+00:00 [running]> on host 36d9c57a9c84
[2023-10-07 08:23:36,195] {taskinstance.py:1569} INFO - Exporting the following env vars:
AIRFLOW_CTX_DAG_EMAIL=student@example.com
AIRFLOW_CTX_DAG_OWNER=student
AIRFLOW_CTX_DAG_ID=sales_mart
AIRFLOW_CTX_TASK_ID=generate_report
AIRFLOW_CTX_EXECUTION_DATE=2023-10-07T08:23:34.489254+00:00
AIRFLOW_CTX_TRY_NUMBER=1
AIRFLOW_CTX_DAG_RUN_ID=manual__2023-10-07T08:23:34.489254+00:00
[2023-10-07 08:23:36,196] {logging_mixin.py:115} INFO - Making request generate_report
[2023-10-07 08:23:36,477] {logging_mixin.py:115} INFO - Response is b'{"task_id":"MjAyMy0xMC0wN1QwODoyMzozNglsa25fcG9wb3Y="}'
[2023-10-07 08:23:36,478] {python.py:173} INFO - Done. Returned value was: None
[2023-10-07 08:23:36,487] {taskinstance.py:1395} INFO - Marking task as SUCCESS. dag_id=sales_mart, task_id=generate_report, execution_date=20231007T082334, start_date=20231007T082336, end_date=20231007T082336
[2023-10-07 08:23:36,496] {local_task_job.py:156} INFO - Task exited with return code 0
[2023-10-07 08:23:36,523] {local_task_job.py:273} INFO - 1 downstream tasks scheduled from follow-on schedule check
