[2023-10-05 18:59:12,410] {taskinstance.py:1159} INFO - Dependencies all met for <TaskInstance: sales_mart.generate_report manual__2023-10-05T18:59:09.203975+00:00 [queued]>
[2023-10-05 18:59:12,428] {taskinstance.py:1159} INFO - Dependencies all met for <TaskInstance: sales_mart.generate_report manual__2023-10-05T18:59:09.203975+00:00 [queued]>
[2023-10-05 18:59:12,429] {taskinstance.py:1356} INFO - 
--------------------------------------------------------------------------------
[2023-10-05 18:59:12,429] {taskinstance.py:1357} INFO - Starting attempt 1 of 1
[2023-10-05 18:59:12,430] {taskinstance.py:1358} INFO - 
--------------------------------------------------------------------------------
[2023-10-05 18:59:12,457] {taskinstance.py:1377} INFO - Executing <Task(PythonOperator): generate_report> on 2023-10-05 18:59:09.203975+00:00
[2023-10-05 18:59:12,462] {standard_task_runner.py:52} INFO - Started process 2212 to run task
[2023-10-05 18:59:12,470] {standard_task_runner.py:79} INFO - Running: ['airflow', 'tasks', 'run', 'sales_mart', 'generate_report', 'manual__2023-10-05T18:59:09.203975+00:00', '--job-id', '29', '--raw', '--subdir', 'DAGS_FOLDER/sprint3.py', '--cfg-path', '/tmp/tmpc3lrvnlx', '--error-file', '/tmp/tmp6g718qjn']
[2023-10-05 18:59:12,472] {standard_task_runner.py:80} INFO - Job 29: Subtask generate_report
[2023-10-05 18:59:12,601] {task_command.py:369} INFO - Running <TaskInstance: sales_mart.generate_report manual__2023-10-05T18:59:09.203975+00:00 [running]> on host 2026d982a63a
[2023-10-05 18:59:12,698] {taskinstance.py:1569} INFO - Exporting the following env vars:
AIRFLOW_CTX_DAG_EMAIL=student@example.com
AIRFLOW_CTX_DAG_OWNER=student
AIRFLOW_CTX_DAG_ID=sales_mart
AIRFLOW_CTX_TASK_ID=generate_report
AIRFLOW_CTX_EXECUTION_DATE=2023-10-05T18:59:09.203975+00:00
AIRFLOW_CTX_TRY_NUMBER=1
AIRFLOW_CTX_DAG_RUN_ID=manual__2023-10-05T18:59:09.203975+00:00
[2023-10-05 18:59:12,700] {logging_mixin.py:115} INFO - Making request generate_report
[2023-10-05 18:59:13,414] {logging_mixin.py:115} INFO - Response is b'{"task_id":"MjAyMy0xMC0wNVQxODo1OToxMwlsa25fcG9wb3Y="}'
[2023-10-05 18:59:13,416] {python.py:173} INFO - Done. Returned value was: None
[2023-10-05 18:59:13,436] {taskinstance.py:1395} INFO - Marking task as SUCCESS. dag_id=sales_mart, task_id=generate_report, execution_date=20231005T185909, start_date=20231005T185912, end_date=20231005T185913
[2023-10-05 18:59:13,489] {local_task_job.py:156} INFO - Task exited with return code 0
[2023-10-05 18:59:13,567] {local_task_job.py:273} INFO - 1 downstream tasks scheduled from follow-on schedule check
