[2023-10-07 12:21:07,984] {taskinstance.py:1159} INFO - Dependencies all met for <TaskInstance: sales_mart.get_report manual__2023-10-07T12:19:53.777693+00:00 [queued]>
[2023-10-07 12:21:07,990] {taskinstance.py:1159} INFO - Dependencies all met for <TaskInstance: sales_mart.get_report manual__2023-10-07T12:19:53.777693+00:00 [queued]>
[2023-10-07 12:21:07,991] {taskinstance.py:1356} INFO - 
--------------------------------------------------------------------------------
[2023-10-07 12:21:07,991] {taskinstance.py:1357} INFO - Starting attempt 1 of 1
[2023-10-07 12:21:07,992] {taskinstance.py:1358} INFO - 
--------------------------------------------------------------------------------
[2023-10-07 12:21:08,000] {taskinstance.py:1377} INFO - Executing <Task(PythonOperator): get_report> on 2023-10-07 12:19:53.777693+00:00
[2023-10-07 12:21:08,002] {standard_task_runner.py:52} INFO - Started process 734 to run task
[2023-10-07 12:21:08,004] {standard_task_runner.py:79} INFO - Running: ['airflow', 'tasks', 'run', 'sales_mart', 'get_report', 'manual__2023-10-07T12:19:53.777693+00:00', '--job-id', '7', '--raw', '--subdir', 'DAGS_FOLDER/sprint3.py', '--cfg-path', '/tmp/tmpef9y8u8z', '--error-file', '/tmp/tmp1y6jxd_s']
[2023-10-07 12:21:08,005] {standard_task_runner.py:80} INFO - Job 7: Subtask get_report
[2023-10-07 12:21:08,039] {task_command.py:369} INFO - Running <TaskInstance: sales_mart.get_report manual__2023-10-07T12:19:53.777693+00:00 [running]> on host d964b2b568e5
[2023-10-07 12:21:08,077] {taskinstance.py:1569} INFO - Exporting the following env vars:
AIRFLOW_CTX_DAG_EMAIL=student@example.com
AIRFLOW_CTX_DAG_OWNER=student
AIRFLOW_CTX_DAG_ID=sales_mart
AIRFLOW_CTX_TASK_ID=get_report
AIRFLOW_CTX_EXECUTION_DATE=2023-10-07T12:19:53.777693+00:00
AIRFLOW_CTX_TRY_NUMBER=1
AIRFLOW_CTX_DAG_RUN_ID=manual__2023-10-07T12:19:53.777693+00:00
[2023-10-07 12:21:08,079] {logging_mixin.py:115} INFO - Making request get_report
[2023-10-07 12:21:11,466] {logging_mixin.py:115} INFO - Response is b'{"task_id":"MjAyMy0xMC0wN1QxMjoxOTo1OAlsa25fcG9wb3Y=","status":"SUCCESS","data":{"report_id":"TWpBeU15MHhNQzB3TjFReE1qb3hPVG8xT0Fsc2EyNWZjRzl3YjNZPQ==","start_day":"2023-09-07 00:00:00","end_date":"2023-09-29 00:00:00","s3_path":{"customer_research":"https://storage.yandexcloud.net/s3-sprint3/cohort_18/lkn_popov/project/TWpBeU15MHhNQzB3TjFReE1qb3hPVG8xT0Fsc2EyNWZjRzl3YjNZPQ==/customer_research.csv","user_order_log":"https://storage.yandexcloud.net/s3-sprint3/cohort_18/lkn_popov/project/TWpBeU15MHhNQzB3TjFReE1qb3hPVG8xT0Fsc2EyNWZjRzl3YjNZPQ==/user_order_log.csv","user_activity_log":"https://storage.yandexcloud.net/s3-sprint3/cohort_18/lkn_popov/project/TWpBeU15MHhNQzB3TjFReE1qb3hPVG8xT0Fsc2EyNWZjRzl3YjNZPQ==/user_activity_log.csv","price_log":"https://storage.yandexcloud.net/s3-sprint3/cohort_18/lkn_popov/project/TWpBeU15MHhNQzB3TjFReE1qb3hPVG8xT0Fsc2EyNWZjRzl3YjNZPQ==/price_log.csv"}}}'
[2023-10-07 12:21:11,477] {logging_mixin.py:115} INFO - Report_id=TWpBeU15MHhNQzB3TjFReE1qb3hPVG8xT0Fsc2EyNWZjRzl3YjNZPQ==
[2023-10-07 12:21:11,478] {python.py:173} INFO - Done. Returned value was: None
[2023-10-07 12:21:11,486] {taskinstance.py:1395} INFO - Marking task as SUCCESS. dag_id=sales_mart, task_id=get_report, execution_date=20231007T121953, start_date=20231007T122107, end_date=20231007T122111
[2023-10-07 12:21:11,518] {local_task_job.py:156} INFO - Task exited with return code 0
[2023-10-07 12:21:11,545] {local_task_job.py:273} INFO - 1 downstream tasks scheduled from follow-on schedule check
