[2023-10-07 08:20:55,659] {taskinstance.py:1159} INFO - Dependencies all met for <TaskInstance: sales_mart.get_report scheduled__2023-10-04T08:17:37.691037+00:00 [queued]>
[2023-10-07 08:20:55,665] {taskinstance.py:1159} INFO - Dependencies all met for <TaskInstance: sales_mart.get_report scheduled__2023-10-04T08:17:37.691037+00:00 [queued]>
[2023-10-07 08:20:55,666] {taskinstance.py:1356} INFO - 
--------------------------------------------------------------------------------
[2023-10-07 08:20:55,666] {taskinstance.py:1357} INFO - Starting attempt 1 of 1
[2023-10-07 08:20:55,667] {taskinstance.py:1358} INFO - 
--------------------------------------------------------------------------------
[2023-10-07 08:20:55,675] {taskinstance.py:1377} INFO - Executing <Task(PythonOperator): get_report> on 2023-10-04 08:17:37.691037+00:00
[2023-10-07 08:20:55,678] {standard_task_runner.py:52} INFO - Started process 1194 to run task
[2023-10-07 08:20:55,680] {standard_task_runner.py:79} INFO - Running: ['airflow', 'tasks', 'run', 'sales_mart', 'get_report', 'scheduled__2023-10-04T08:17:37.691037+00:00', '--job-id', '24', '--raw', '--subdir', 'DAGS_FOLDER/sprint3.py', '--cfg-path', '/tmp/tmpsgbhi7co', '--error-file', '/tmp/tmp8ypwdju3']
[2023-10-07 08:20:55,681] {standard_task_runner.py:80} INFO - Job 24: Subtask get_report
[2023-10-07 08:20:55,714] {task_command.py:369} INFO - Running <TaskInstance: sales_mart.get_report scheduled__2023-10-04T08:17:37.691037+00:00 [running]> on host 36d9c57a9c84
[2023-10-07 08:20:55,750] {taskinstance.py:1569} INFO - Exporting the following env vars:
AIRFLOW_CTX_DAG_EMAIL=student@example.com
AIRFLOW_CTX_DAG_OWNER=student
AIRFLOW_CTX_DAG_ID=sales_mart
AIRFLOW_CTX_TASK_ID=get_report
AIRFLOW_CTX_EXECUTION_DATE=2023-10-04T08:17:37.691037+00:00
AIRFLOW_CTX_TRY_NUMBER=1
AIRFLOW_CTX_DAG_RUN_ID=scheduled__2023-10-04T08:17:37.691037+00:00
[2023-10-07 08:20:55,751] {logging_mixin.py:115} INFO - Making request get_report
[2023-10-07 08:20:55,879] {logging_mixin.py:115} INFO - Response is b'{"task_id":"MjAyMy0xMC0wN1QwODoyMDozOQlsa25fcG9wb3Y=","status":"RUNNING","data":{"report_id":null,"start_day":null,"end_date":null,"s3_path":{}}}'
[2023-10-07 08:21:06,042] {logging_mixin.py:115} INFO - Response is b'{"task_id":"MjAyMy0xMC0wN1QwODoyMDozOQlsa25fcG9wb3Y=","status":"RUNNING","data":{"report_id":null,"start_day":null,"end_date":null,"s3_path":{}}}'
[2023-10-07 08:21:16,151] {logging_mixin.py:115} INFO - Response is b'{"task_id":"MjAyMy0xMC0wN1QwODoyMDozOQlsa25fcG9wb3Y=","status":"RUNNING","data":{"report_id":null,"start_day":null,"end_date":null,"s3_path":{}}}'
[2023-10-07 08:21:26,307] {logging_mixin.py:115} INFO - Response is b'{"task_id":"MjAyMy0xMC0wN1QwODoyMDozOQlsa25fcG9wb3Y=","status":"RUNNING","data":{"report_id":null,"start_day":null,"end_date":null,"s3_path":{}}}'
[2023-10-07 08:21:36,768] {logging_mixin.py:115} INFO - Response is b'{"task_id":"MjAyMy0xMC0wN1QwODoyMDozOQlsa25fcG9wb3Y=","status":"RUNNING","data":{"report_id":null,"start_day":null,"end_date":null,"s3_path":{}}}'
[2023-10-07 08:21:49,974] {logging_mixin.py:115} INFO - Response is b'{"task_id":"MjAyMy0xMC0wN1QwODoyMDozOQlsa25fcG9wb3Y=","status":"SUCCESS","data":{"report_id":"TWpBeU15MHhNQzB3TjFRd09Eb3lNRG96T1Fsc2EyNWZjRzl3YjNZPQ==","start_day":"2023-09-07 00:00:00","end_date":"2023-09-29 00:00:00","s3_path":{"customer_research":"https://storage.yandexcloud.net/s3-sprint3/cohort_18/lkn_popov/project/TWpBeU15MHhNQzB3TjFRd09Eb3lNRG96T1Fsc2EyNWZjRzl3YjNZPQ==/customer_research.csv","user_order_log":"https://storage.yandexcloud.net/s3-sprint3/cohort_18/lkn_popov/project/TWpBeU15MHhNQzB3TjFRd09Eb3lNRG96T1Fsc2EyNWZjRzl3YjNZPQ==/user_order_log.csv","user_activity_log":"https://storage.yandexcloud.net/s3-sprint3/cohort_18/lkn_popov/project/TWpBeU15MHhNQzB3TjFRd09Eb3lNRG96T1Fsc2EyNWZjRzl3YjNZPQ==/user_activity_log.csv","price_log":"https://storage.yandexcloud.net/s3-sprint3/cohort_18/lkn_popov/project/TWpBeU15MHhNQzB3TjFRd09Eb3lNRG96T1Fsc2EyNWZjRzl3YjNZPQ==/price_log.csv"}}}'
[2023-10-07 08:21:49,985] {logging_mixin.py:115} INFO - Report_id=TWpBeU15MHhNQzB3TjFRd09Eb3lNRG96T1Fsc2EyNWZjRzl3YjNZPQ==
[2023-10-07 08:21:49,985] {python.py:173} INFO - Done. Returned value was: None
[2023-10-07 08:21:49,995] {taskinstance.py:1395} INFO - Marking task as SUCCESS. dag_id=sales_mart, task_id=get_report, execution_date=20231004T081737, start_date=20231007T082055, end_date=20231007T082149
[2023-10-07 08:21:50,005] {local_task_job.py:156} INFO - Task exited with return code 0
[2023-10-07 08:21:50,030] {local_task_job.py:273} INFO - 1 downstream tasks scheduled from follow-on schedule check
