[2023-10-07 12:59:41,281] {taskinstance.py:1159} INFO - Dependencies all met for <TaskInstance: sales_mart.get_report scheduled__2023-10-02T12:57:59.807942+00:00 [queued]>
[2023-10-07 12:59:41,288] {taskinstance.py:1159} INFO - Dependencies all met for <TaskInstance: sales_mart.get_report scheduled__2023-10-02T12:57:59.807942+00:00 [queued]>
[2023-10-07 12:59:41,289] {taskinstance.py:1356} INFO - 
--------------------------------------------------------------------------------
[2023-10-07 12:59:41,290] {taskinstance.py:1357} INFO - Starting attempt 1 of 1
[2023-10-07 12:59:41,290] {taskinstance.py:1358} INFO - 
--------------------------------------------------------------------------------
[2023-10-07 12:59:41,299] {taskinstance.py:1377} INFO - Executing <Task(PythonOperator): get_report> on 2023-10-02 12:57:59.807942+00:00
[2023-10-07 12:59:41,302] {standard_task_runner.py:52} INFO - Started process 805 to run task
[2023-10-07 12:59:41,304] {standard_task_runner.py:79} INFO - Running: ['airflow', 'tasks', 'run', 'sales_mart', 'get_report', 'scheduled__2023-10-02T12:57:59.807942+00:00', '--job-id', '10', '--raw', '--subdir', 'DAGS_FOLDER/sprint3 old.py', '--cfg-path', '/tmp/tmppdlx10pk', '--error-file', '/tmp/tmp6l2lutbk']
[2023-10-07 12:59:41,305] {standard_task_runner.py:80} INFO - Job 10: Subtask get_report
[2023-10-07 12:59:41,363] {task_command.py:369} INFO - Running <TaskInstance: sales_mart.get_report scheduled__2023-10-02T12:57:59.807942+00:00 [running]> on host 1af476629d92
[2023-10-07 12:59:41,412] {taskinstance.py:1569} INFO - Exporting the following env vars:
AIRFLOW_CTX_DAG_EMAIL=student@example.com
AIRFLOW_CTX_DAG_OWNER=student
AIRFLOW_CTX_DAG_ID=sales_mart
AIRFLOW_CTX_TASK_ID=get_report
AIRFLOW_CTX_EXECUTION_DATE=2023-10-02T12:57:59.807942+00:00
AIRFLOW_CTX_TRY_NUMBER=1
AIRFLOW_CTX_DAG_RUN_ID=scheduled__2023-10-02T12:57:59.807942+00:00
[2023-10-07 12:59:41,413] {logging_mixin.py:115} INFO - Making request get_report
[2023-10-07 12:59:41,560] {logging_mixin.py:115} INFO - Response is b'{"task_id":"MjAyMy0xMC0wN1QxMjo1OToyOQlsa25fcG9wb3Y=","status":"RUNNING","data":{"report_id":null,"start_day":null,"end_date":null,"s3_path":{}}}'
[2023-10-07 12:59:51,873] {logging_mixin.py:115} INFO - Response is b'{"task_id":"MjAyMy0xMC0wN1QxMjo1OToyOQlsa25fcG9wb3Y=","status":"RUNNING","data":{"report_id":null,"start_day":null,"end_date":null,"s3_path":{}}}'
[2023-10-07 13:00:02,109] {logging_mixin.py:115} INFO - Response is b'{"task_id":"MjAyMy0xMC0wN1QxMjo1OToyOQlsa25fcG9wb3Y=","status":"RUNNING","data":{"report_id":null,"start_day":null,"end_date":null,"s3_path":{}}}'
[2023-10-07 13:00:12,412] {logging_mixin.py:115} INFO - Response is b'{"task_id":"MjAyMy0xMC0wN1QxMjo1OToyOQlsa25fcG9wb3Y=","status":"RUNNING","data":{"report_id":null,"start_day":null,"end_date":null,"s3_path":{}}}'
[2023-10-07 13:00:22,801] {logging_mixin.py:115} INFO - Response is b'{"task_id":"MjAyMy0xMC0wN1QxMjo1OToyOQlsa25fcG9wb3Y=","status":"RUNNING","data":{"report_id":null,"start_day":null,"end_date":null,"s3_path":{}}}'
[2023-10-07 13:00:36,099] {logging_mixin.py:115} INFO - Response is b'{"task_id":"MjAyMy0xMC0wN1QxMjo1OToyOQlsa25fcG9wb3Y=","status":"SUCCESS","data":{"report_id":"TWpBeU15MHhNQzB3TjFReE1qbzFPVG95T1Fsc2EyNWZjRzl3YjNZPQ==","start_day":"2023-09-07 00:00:00","end_date":"2023-09-29 00:00:00","s3_path":{"customer_research":"https://storage.yandexcloud.net/s3-sprint3/cohort_18/lkn_popov/project/TWpBeU15MHhNQzB3TjFReE1qbzFPVG95T1Fsc2EyNWZjRzl3YjNZPQ==/customer_research.csv","user_order_log":"https://storage.yandexcloud.net/s3-sprint3/cohort_18/lkn_popov/project/TWpBeU15MHhNQzB3TjFReE1qbzFPVG95T1Fsc2EyNWZjRzl3YjNZPQ==/user_order_log.csv","user_activity_log":"https://storage.yandexcloud.net/s3-sprint3/cohort_18/lkn_popov/project/TWpBeU15MHhNQzB3TjFReE1qbzFPVG95T1Fsc2EyNWZjRzl3YjNZPQ==/user_activity_log.csv","price_log":"https://storage.yandexcloud.net/s3-sprint3/cohort_18/lkn_popov/project/TWpBeU15MHhNQzB3TjFReE1qbzFPVG95T1Fsc2EyNWZjRzl3YjNZPQ==/price_log.csv"}}}'
[2023-10-07 13:00:36,110] {logging_mixin.py:115} INFO - Report_id=TWpBeU15MHhNQzB3TjFReE1qbzFPVG95T1Fsc2EyNWZjRzl3YjNZPQ==
[2023-10-07 13:00:36,110] {python.py:173} INFO - Done. Returned value was: None
[2023-10-07 13:00:36,119] {taskinstance.py:1395} INFO - Marking task as SUCCESS. dag_id=sales_mart, task_id=get_report, execution_date=20231002T125759, start_date=20231007T125941, end_date=20231007T130036
[2023-10-07 13:00:36,145] {local_task_job.py:156} INFO - Task exited with return code 0
[2023-10-07 13:00:36,171] {local_task_job.py:273} INFO - 1 downstream tasks scheduled from follow-on schedule check
