[2023-10-07 13:00:54,914] {taskinstance.py:1159} INFO - Dependencies all met for <TaskInstance: sales_mart.check_incr scheduled__2023-10-01T12:57:59.807942+00:00 [queued]>
[2023-10-07 13:00:54,921] {taskinstance.py:1159} INFO - Dependencies all met for <TaskInstance: sales_mart.check_incr scheduled__2023-10-01T12:57:59.807942+00:00 [queued]>
[2023-10-07 13:00:54,921] {taskinstance.py:1356} INFO - 
--------------------------------------------------------------------------------
[2023-10-07 13:00:54,922] {taskinstance.py:1357} INFO - Starting attempt 1 of 1
[2023-10-07 13:00:54,922] {taskinstance.py:1358} INFO - 
--------------------------------------------------------------------------------
[2023-10-07 13:00:54,931] {taskinstance.py:1377} INFO - Executing <Task(BranchPythonOperator): check_incr> on 2023-10-01 12:57:59.807942+00:00
[2023-10-07 13:00:54,934] {standard_task_runner.py:52} INFO - Started process 1025 to run task
[2023-10-07 13:00:54,936] {standard_task_runner.py:79} INFO - Running: ['airflow', 'tasks', 'run', 'sales_mart', 'check_incr', 'scheduled__2023-10-01T12:57:59.807942+00:00', '--job-id', '17', '--raw', '--subdir', 'DAGS_FOLDER/sprint3 old.py', '--cfg-path', '/tmp/tmpi84cvs9h', '--error-file', '/tmp/tmp15n10pz0']
[2023-10-07 13:00:54,937] {standard_task_runner.py:80} INFO - Job 17: Subtask check_incr
[2023-10-07 13:00:54,972] {task_command.py:369} INFO - Running <TaskInstance: sales_mart.check_incr scheduled__2023-10-01T12:57:59.807942+00:00 [running]> on host 1af476629d92
[2023-10-07 13:00:55,014] {taskinstance.py:1569} INFO - Exporting the following env vars:
AIRFLOW_CTX_DAG_EMAIL=student@example.com
AIRFLOW_CTX_DAG_OWNER=student
AIRFLOW_CTX_DAG_ID=sales_mart
AIRFLOW_CTX_TASK_ID=check_incr
AIRFLOW_CTX_EXECUTION_DATE=2023-10-01T12:57:59.807942+00:00
AIRFLOW_CTX_TRY_NUMBER=1
AIRFLOW_CTX_DAG_RUN_ID=scheduled__2023-10-01T12:57:59.807942+00:00
[2023-10-07 13:00:55,021] {python.py:173} INFO - Done. Returned value was: ['dummy_l', 'update_d_item', 'update_d_customer', 'update_d_city', 'update_f_sales', 'update_f_customer_retention', 'upload_user_order_inc']
[2023-10-07 13:00:55,022] {skipmixin.py:140} INFO - Following branch ['dummy_l', 'update_d_item', 'update_d_customer', 'update_d_city', 'update_f_sales', 'update_f_customer_retention', 'upload_user_order_inc']
[2023-10-07 13:00:55,022] {skipmixin.py:175} INFO - Skipping tasks ['dummy']
[2023-10-07 13:00:55,055] {taskinstance.py:1395} INFO - Marking task as SUCCESS. dag_id=sales_mart, task_id=check_incr, execution_date=20231001T125759, start_date=20231007T130054, end_date=20231007T130055
[2023-10-07 13:00:55,069] {local_task_job.py:156} INFO - Task exited with return code 0
[2023-10-07 13:00:55,100] {local_task_job.py:273} INFO - 1 downstream tasks scheduled from follow-on schedule check
