[2023-10-07 12:23:52,842] {taskinstance.py:1159} INFO - Dependencies all met for <TaskInstance: sales_mart.get_report scheduled__2023-10-05T12:19:33.489881+00:00 [queued]>
[2023-10-07 12:23:52,849] {taskinstance.py:1159} INFO - Dependencies all met for <TaskInstance: sales_mart.get_report scheduled__2023-10-05T12:19:33.489881+00:00 [queued]>
[2023-10-07 12:23:52,851] {taskinstance.py:1356} INFO - 
--------------------------------------------------------------------------------
[2023-10-07 12:23:52,852] {taskinstance.py:1357} INFO - Starting attempt 1 of 1
[2023-10-07 12:23:52,853] {taskinstance.py:1358} INFO - 
--------------------------------------------------------------------------------
[2023-10-07 12:23:52,862] {taskinstance.py:1377} INFO - Executing <Task(PythonOperator): get_report> on 2023-10-05 12:19:33.489881+00:00
[2023-10-07 12:23:52,865] {standard_task_runner.py:52} INFO - Started process 1478 to run task
[2023-10-07 12:23:52,867] {standard_task_runner.py:79} INFO - Running: ['airflow', 'tasks', 'run', 'sales_mart', 'get_report', 'scheduled__2023-10-05T12:19:33.489881+00:00', '--job-id', '34', '--raw', '--subdir', 'DAGS_FOLDER/sprint3.py', '--cfg-path', '/tmp/tmpxvh9tmje', '--error-file', '/tmp/tmprul98m6b']
[2023-10-07 12:23:52,868] {standard_task_runner.py:80} INFO - Job 34: Subtask get_report
[2023-10-07 12:23:52,908] {task_command.py:369} INFO - Running <TaskInstance: sales_mart.get_report scheduled__2023-10-05T12:19:33.489881+00:00 [running]> on host d964b2b568e5
[2023-10-07 12:23:52,950] {taskinstance.py:1569} INFO - Exporting the following env vars:
AIRFLOW_CTX_DAG_EMAIL=student@example.com
AIRFLOW_CTX_DAG_OWNER=student
AIRFLOW_CTX_DAG_ID=sales_mart
AIRFLOW_CTX_TASK_ID=get_report
AIRFLOW_CTX_EXECUTION_DATE=2023-10-05T12:19:33.489881+00:00
AIRFLOW_CTX_TRY_NUMBER=1
AIRFLOW_CTX_DAG_RUN_ID=scheduled__2023-10-05T12:19:33.489881+00:00
[2023-10-07 12:23:52,951] {logging_mixin.py:115} INFO - Making request get_report
[2023-10-07 12:23:55,669] {logging_mixin.py:115} INFO - Response is b'{"task_id":"MjAyMy0xMC0wN1QxMjoyMjozOQlsa25fcG9wb3Y=","status":"SUCCESS","data":{"report_id":"TWpBeU15MHhNQzB3TjFReE1qb3lNam96T1Fsc2EyNWZjRzl3YjNZPQ==","start_day":"2023-09-07 00:00:00","end_date":"2023-09-29 00:00:00","s3_path":{"customer_research":"https://storage.yandexcloud.net/s3-sprint3/cohort_18/lkn_popov/project/TWpBeU15MHhNQzB3TjFReE1qb3lNam96T1Fsc2EyNWZjRzl3YjNZPQ==/customer_research.csv","user_order_log":"https://storage.yandexcloud.net/s3-sprint3/cohort_18/lkn_popov/project/TWpBeU15MHhNQzB3TjFReE1qb3lNam96T1Fsc2EyNWZjRzl3YjNZPQ==/user_order_log.csv","user_activity_log":"https://storage.yandexcloud.net/s3-sprint3/cohort_18/lkn_popov/project/TWpBeU15MHhNQzB3TjFReE1qb3lNam96T1Fsc2EyNWZjRzl3YjNZPQ==/user_activity_log.csv","price_log":"https://storage.yandexcloud.net/s3-sprint3/cohort_18/lkn_popov/project/TWpBeU15MHhNQzB3TjFReE1qb3lNam96T1Fsc2EyNWZjRzl3YjNZPQ==/price_log.csv"}}}'
[2023-10-07 12:23:55,682] {logging_mixin.py:115} INFO - Report_id=TWpBeU15MHhNQzB3TjFReE1qb3lNam96T1Fsc2EyNWZjRzl3YjNZPQ==
[2023-10-07 12:23:55,683] {python.py:173} INFO - Done. Returned value was: None
[2023-10-07 12:23:55,691] {taskinstance.py:1395} INFO - Marking task as SUCCESS. dag_id=sales_mart, task_id=get_report, execution_date=20231005T121933, start_date=20231007T122352, end_date=20231007T122355
[2023-10-07 12:23:55,704] {local_task_job.py:156} INFO - Task exited with return code 0
[2023-10-07 12:23:55,731] {local_task_job.py:273} INFO - 1 downstream tasks scheduled from follow-on schedule check
