[2023-10-07 12:55:58,053] {taskinstance.py:1159} INFO - Dependencies all met for <TaskInstance: sales_mart.generate_report manual__2023-10-07T12:55:56.754911+00:00 [queued]>
[2023-10-07 12:55:58,060] {taskinstance.py:1159} INFO - Dependencies all met for <TaskInstance: sales_mart.generate_report manual__2023-10-07T12:55:56.754911+00:00 [queued]>
[2023-10-07 12:55:58,060] {taskinstance.py:1356} INFO - 
--------------------------------------------------------------------------------
[2023-10-07 12:55:58,061] {taskinstance.py:1357} INFO - Starting attempt 1 of 1
[2023-10-07 12:55:58,061] {taskinstance.py:1358} INFO - 
--------------------------------------------------------------------------------
[2023-10-07 12:55:58,070] {taskinstance.py:1377} INFO - Executing <Task(PythonOperator): generate_report> on 2023-10-07 12:55:56.754911+00:00
[2023-10-07 12:55:58,073] {standard_task_runner.py:52} INFO - Started process 3711 to run task
[2023-10-07 12:55:58,075] {standard_task_runner.py:79} INFO - Running: ['airflow', 'tasks', 'run', 'sales_mart', 'generate_report', 'manual__2023-10-07T12:55:56.754911+00:00', '--job-id', '101', '--raw', '--subdir', 'DAGS_FOLDER/sprint3.py', '--cfg-path', '/tmp/tmp1_kf8wa3', '--error-file', '/tmp/tmpdsvjy0wa']
[2023-10-07 12:55:58,076] {standard_task_runner.py:80} INFO - Job 101: Subtask generate_report
[2023-10-07 12:55:58,117] {task_command.py:369} INFO - Running <TaskInstance: sales_mart.generate_report manual__2023-10-07T12:55:56.754911+00:00 [running]> on host d964b2b568e5
[2023-10-07 12:55:58,161] {taskinstance.py:1569} INFO - Exporting the following env vars:
AIRFLOW_CTX_DAG_EMAIL=student@example.com
AIRFLOW_CTX_DAG_OWNER=student
AIRFLOW_CTX_DAG_ID=sales_mart
AIRFLOW_CTX_TASK_ID=generate_report
AIRFLOW_CTX_EXECUTION_DATE=2023-10-07T12:55:56.754911+00:00
AIRFLOW_CTX_TRY_NUMBER=1
AIRFLOW_CTX_DAG_RUN_ID=manual__2023-10-07T12:55:56.754911+00:00
[2023-10-07 12:55:58,162] {logging_mixin.py:115} INFO - Making request generate_report
[2023-10-07 12:55:59,289] {logging_mixin.py:115} INFO - Response is b'{"task_id":"MjAyMy0xMC0wN1QxMjo1NTo1OQlsa25fcG9wb3Y="}'
[2023-10-07 12:55:59,290] {python.py:173} INFO - Done. Returned value was: None
[2023-10-07 12:55:59,300] {taskinstance.py:1395} INFO - Marking task as SUCCESS. dag_id=sales_mart, task_id=generate_report, execution_date=20231007T125556, start_date=20231007T125558, end_date=20231007T125559
[2023-10-07 12:55:59,333] {local_task_job.py:156} INFO - Task exited with return code 0
[2023-10-07 12:55:59,362] {local_task_job.py:273} INFO - 1 downstream tasks scheduled from follow-on schedule check
