[2023-10-07 08:22:05,760] {taskinstance.py:1159} INFO - Dependencies all met for <TaskInstance: sales_mart.generate_report scheduled__2023-10-06T08:17:37.691037+00:00 [queued]>
[2023-10-07 08:22:05,765] {taskinstance.py:1159} INFO - Dependencies all met for <TaskInstance: sales_mart.generate_report scheduled__2023-10-06T08:17:37.691037+00:00 [queued]>
[2023-10-07 08:22:05,766] {taskinstance.py:1356} INFO - 
--------------------------------------------------------------------------------
[2023-10-07 08:22:05,767] {taskinstance.py:1357} INFO - Starting attempt 1 of 1
[2023-10-07 08:22:05,768] {taskinstance.py:1358} INFO - 
--------------------------------------------------------------------------------
[2023-10-07 08:22:05,776] {taskinstance.py:1377} INFO - Executing <Task(PythonOperator): generate_report> on 2023-10-06 08:17:37.691037+00:00
[2023-10-07 08:22:05,779] {standard_task_runner.py:52} INFO - Started process 1482 to run task
[2023-10-07 08:22:05,781] {standard_task_runner.py:79} INFO - Running: ['airflow', 'tasks', 'run', 'sales_mart', 'generate_report', 'scheduled__2023-10-06T08:17:37.691037+00:00', '--job-id', '34', '--raw', '--subdir', 'DAGS_FOLDER/sprint3.py', '--cfg-path', '/tmp/tmplvts80i1', '--error-file', '/tmp/tmpzws0uncf']
[2023-10-07 08:22:05,781] {standard_task_runner.py:80} INFO - Job 34: Subtask generate_report
[2023-10-07 08:22:05,815] {task_command.py:369} INFO - Running <TaskInstance: sales_mart.generate_report scheduled__2023-10-06T08:17:37.691037+00:00 [running]> on host 36d9c57a9c84
[2023-10-07 08:22:05,850] {taskinstance.py:1569} INFO - Exporting the following env vars:
AIRFLOW_CTX_DAG_EMAIL=student@example.com
AIRFLOW_CTX_DAG_OWNER=student
AIRFLOW_CTX_DAG_ID=sales_mart
AIRFLOW_CTX_TASK_ID=generate_report
AIRFLOW_CTX_EXECUTION_DATE=2023-10-06T08:17:37.691037+00:00
AIRFLOW_CTX_TRY_NUMBER=1
AIRFLOW_CTX_DAG_RUN_ID=scheduled__2023-10-06T08:17:37.691037+00:00
[2023-10-07 08:22:05,851] {logging_mixin.py:115} INFO - Making request generate_report
[2023-10-07 08:22:05,986] {logging_mixin.py:115} INFO - Response is b'{"task_id":"MjAyMy0xMC0wN1QwODoyMjowNQlsa25fcG9wb3Y="}'
[2023-10-07 08:22:05,987] {python.py:173} INFO - Done. Returned value was: None
[2023-10-07 08:22:05,995] {taskinstance.py:1395} INFO - Marking task as SUCCESS. dag_id=sales_mart, task_id=generate_report, execution_date=20231006T081737, start_date=20231007T082205, end_date=20231007T082205
[2023-10-07 08:22:06,034] {local_task_job.py:156} INFO - Task exited with return code 0
[2023-10-07 08:22:06,064] {local_task_job.py:273} INFO - 1 downstream tasks scheduled from follow-on schedule check
