[2023-10-05 19:26:45,474] {taskinstance.py:1159} INFO - Dependencies all met for <TaskInstance: sales_mart.generate_report scheduled__2023-09-28T19:26:20.389129+00:00 [queued]>
[2023-10-05 19:26:45,495] {taskinstance.py:1159} INFO - Dependencies all met for <TaskInstance: sales_mart.generate_report scheduled__2023-09-28T19:26:20.389129+00:00 [queued]>
[2023-10-05 19:26:45,497] {taskinstance.py:1356} INFO - 
--------------------------------------------------------------------------------
[2023-10-05 19:26:45,498] {taskinstance.py:1357} INFO - Starting attempt 1 of 1
[2023-10-05 19:26:45,499] {taskinstance.py:1358} INFO - 
--------------------------------------------------------------------------------
[2023-10-05 19:26:45,541] {taskinstance.py:1377} INFO - Executing <Task(PythonOperator): generate_report> on 2023-09-28 19:26:20.389129+00:00
[2023-10-05 19:26:45,547] {standard_task_runner.py:52} INFO - Started process 739 to run task
[2023-10-05 19:26:45,552] {standard_task_runner.py:79} INFO - Running: ['airflow', 'tasks', 'run', 'sales_mart', 'generate_report', 'scheduled__2023-09-28T19:26:20.389129+00:00', '--job-id', '5', '--raw', '--subdir', 'DAGS_FOLDER/sprint3.py', '--cfg-path', '/tmp/tmp9h012ctj', '--error-file', '/tmp/tmpbxnt_nv3']
[2023-10-05 19:26:45,554] {standard_task_runner.py:80} INFO - Job 5: Subtask generate_report
[2023-10-05 19:26:45,641] {task_command.py:369} INFO - Running <TaskInstance: sales_mart.generate_report scheduled__2023-09-28T19:26:20.389129+00:00 [running]> on host 329f0cdeb700
[2023-10-05 19:26:45,722] {taskinstance.py:1569} INFO - Exporting the following env vars:
AIRFLOW_CTX_DAG_EMAIL=student@example.com
AIRFLOW_CTX_DAG_OWNER=student
AIRFLOW_CTX_DAG_ID=sales_mart
AIRFLOW_CTX_TASK_ID=generate_report
AIRFLOW_CTX_EXECUTION_DATE=2023-09-28T19:26:20.389129+00:00
AIRFLOW_CTX_TRY_NUMBER=1
AIRFLOW_CTX_DAG_RUN_ID=scheduled__2023-09-28T19:26:20.389129+00:00
[2023-10-05 19:26:45,723] {logging_mixin.py:115} INFO - Making request generate_report
[2023-10-05 19:26:46,343] {logging_mixin.py:115} INFO - Response is b'{"task_id":"MjAyMy0xMC0wNVQxOToyNjo0NQlsa25fcG9wb3Y="}'
[2023-10-05 19:26:46,344] {python.py:173} INFO - Done. Returned value was: None
[2023-10-05 19:26:46,373] {taskinstance.py:1395} INFO - Marking task as SUCCESS. dag_id=sales_mart, task_id=generate_report, execution_date=20230928T192620, start_date=20231005T192645, end_date=20231005T192646
[2023-10-05 19:26:46,414] {local_task_job.py:156} INFO - Task exited with return code 0
[2023-10-05 19:26:46,502] {local_task_job.py:273} INFO - 1 downstream tasks scheduled from follow-on schedule check
