[2023-10-07 12:23:39,565] {taskinstance.py:1159} INFO - Dependencies all met for <TaskInstance: sales_mart.check_incr scheduled__2023-10-02T12:19:33.489881+00:00 [queued]>
[2023-10-07 12:23:39,571] {taskinstance.py:1159} INFO - Dependencies all met for <TaskInstance: sales_mart.check_incr scheduled__2023-10-02T12:19:33.489881+00:00 [queued]>
[2023-10-07 12:23:39,572] {taskinstance.py:1356} INFO - 
--------------------------------------------------------------------------------
[2023-10-07 12:23:39,573] {taskinstance.py:1357} INFO - Starting attempt 1 of 1
[2023-10-07 12:23:39,574] {taskinstance.py:1358} INFO - 
--------------------------------------------------------------------------------
[2023-10-07 12:23:39,582] {taskinstance.py:1377} INFO - Executing <Task(BranchPythonOperator): check_incr> on 2023-10-02 12:19:33.489881+00:00
[2023-10-07 12:23:39,585] {standard_task_runner.py:52} INFO - Started process 1257 to run task
[2023-10-07 12:23:39,587] {standard_task_runner.py:79} INFO - Running: ['airflow', 'tasks', 'run', 'sales_mart', 'check_incr', 'scheduled__2023-10-02T12:19:33.489881+00:00', '--job-id', '25', '--raw', '--subdir', 'DAGS_FOLDER/sprint3.py', '--cfg-path', '/tmp/tmpt8mujhw9', '--error-file', '/tmp/tmpqb2xdv_f']
[2023-10-07 12:23:39,588] {standard_task_runner.py:80} INFO - Job 25: Subtask check_incr
[2023-10-07 12:23:39,622] {task_command.py:369} INFO - Running <TaskInstance: sales_mart.check_incr scheduled__2023-10-02T12:19:33.489881+00:00 [running]> on host d964b2b568e5
[2023-10-07 12:23:39,663] {taskinstance.py:1569} INFO - Exporting the following env vars:
AIRFLOW_CTX_DAG_EMAIL=student@example.com
AIRFLOW_CTX_DAG_OWNER=student
AIRFLOW_CTX_DAG_ID=sales_mart
AIRFLOW_CTX_TASK_ID=check_incr
AIRFLOW_CTX_EXECUTION_DATE=2023-10-02T12:19:33.489881+00:00
AIRFLOW_CTX_TRY_NUMBER=1
AIRFLOW_CTX_DAG_RUN_ID=scheduled__2023-10-02T12:19:33.489881+00:00
[2023-10-07 12:23:39,671] {python.py:173} INFO - Done. Returned value was: ['dummy_l', 'update_d_item', 'update_d_customer', 'update_d_city', 'update_f_sales', 'update_f_customer_retention', 'upload_user_order_inc']
[2023-10-07 12:23:39,672] {skipmixin.py:140} INFO - Following branch ['dummy_l', 'update_d_item', 'update_d_customer', 'update_d_city', 'update_f_sales', 'update_f_customer_retention', 'upload_user_order_inc']
[2023-10-07 12:23:39,673] {skipmixin.py:175} INFO - Skipping tasks ['dummy']
[2023-10-07 12:23:39,709] {taskinstance.py:1395} INFO - Marking task as SUCCESS. dag_id=sales_mart, task_id=check_incr, execution_date=20231002T121933, start_date=20231007T122339, end_date=20231007T122339
[2023-10-07 12:23:39,721] {local_task_job.py:156} INFO - Task exited with return code 0
[2023-10-07 12:23:39,751] {local_task_job.py:273} INFO - 1 downstream tasks scheduled from follow-on schedule check
