[2023-10-07 11:40:10,234] {taskinstance.py:1159} INFO - Dependencies all met for <TaskInstance: sales_mart.get_report manual__2023-10-07T11:40:06.345182+00:00 [queued]>
[2023-10-07 11:40:10,239] {taskinstance.py:1159} INFO - Dependencies all met for <TaskInstance: sales_mart.get_report manual__2023-10-07T11:40:06.345182+00:00 [queued]>
[2023-10-07 11:40:10,240] {taskinstance.py:1356} INFO - 
--------------------------------------------------------------------------------
[2023-10-07 11:40:10,241] {taskinstance.py:1357} INFO - Starting attempt 1 of 1
[2023-10-07 11:40:10,242] {taskinstance.py:1358} INFO - 
--------------------------------------------------------------------------------
[2023-10-07 11:40:10,250] {taskinstance.py:1377} INFO - Executing <Task(PythonOperator): get_report> on 2023-10-07 11:40:06.345182+00:00
[2023-10-07 11:40:10,253] {standard_task_runner.py:52} INFO - Started process 1864 to run task
[2023-10-07 11:40:10,254] {standard_task_runner.py:79} INFO - Running: ['airflow', 'tasks', 'run', 'sales_mart', 'get_report', 'manual__2023-10-07T11:40:06.345182+00:00', '--job-id', '43', '--raw', '--subdir', 'DAGS_FOLDER/sprint3.py', '--cfg-path', '/tmp/tmpgd6l2z_5', '--error-file', '/tmp/tmphk55_11w']
[2023-10-07 11:40:10,255] {standard_task_runner.py:80} INFO - Job 43: Subtask get_report
[2023-10-07 11:40:10,293] {task_command.py:369} INFO - Running <TaskInstance: sales_mart.get_report manual__2023-10-07T11:40:06.345182+00:00 [running]> on host 70ec72ace0d7
[2023-10-07 11:40:10,332] {taskinstance.py:1569} INFO - Exporting the following env vars:
AIRFLOW_CTX_DAG_EMAIL=student@example.com
AIRFLOW_CTX_DAG_OWNER=student
AIRFLOW_CTX_DAG_ID=sales_mart
AIRFLOW_CTX_TASK_ID=get_report
AIRFLOW_CTX_EXECUTION_DATE=2023-10-07T11:40:06.345182+00:00
AIRFLOW_CTX_TRY_NUMBER=1
AIRFLOW_CTX_DAG_RUN_ID=manual__2023-10-07T11:40:06.345182+00:00
[2023-10-07 11:40:10,333] {logging_mixin.py:115} INFO - Making request get_report
[2023-10-07 11:40:10,588] {logging_mixin.py:115} INFO - Response is b'{"task_id":"MjAyMy0xMC0wN1QxMTo0MDowOAlsa25fcG9wb3Y=","status":"RUNNING","data":{"report_id":null,"start_day":null,"end_date":null,"s3_path":{}}}'
[2023-10-07 11:40:20,709] {logging_mixin.py:115} INFO - Response is b'{"task_id":"MjAyMy0xMC0wN1QxMTo0MDowOAlsa25fcG9wb3Y=","status":"RUNNING","data":{"report_id":null,"start_day":null,"end_date":null,"s3_path":{}}}'
[2023-10-07 11:40:31,206] {logging_mixin.py:115} INFO - Response is b'{"task_id":"MjAyMy0xMC0wN1QxMTo0MDowOAlsa25fcG9wb3Y=","status":"RUNNING","data":{"report_id":null,"start_day":null,"end_date":null,"s3_path":{}}}'
[2023-10-07 11:40:41,710] {logging_mixin.py:115} INFO - Response is b'{"task_id":"MjAyMy0xMC0wN1QxMTo0MDowOAlsa25fcG9wb3Y=","status":"RUNNING","data":{"report_id":null,"start_day":null,"end_date":null,"s3_path":{}}}'
[2023-10-07 11:40:51,840] {logging_mixin.py:115} INFO - Response is b'{"task_id":"MjAyMy0xMC0wN1QxMTo0MDowOAlsa25fcG9wb3Y=","status":"RUNNING","data":{"report_id":null,"start_day":null,"end_date":null,"s3_path":{}}}'
[2023-10-07 11:41:01,953] {logging_mixin.py:115} INFO - Response is b'{"task_id":"MjAyMy0xMC0wN1QxMTo0MDowOAlsa25fcG9wb3Y=","status":"RUNNING","data":{"report_id":null,"start_day":null,"end_date":null,"s3_path":{}}}'
[2023-10-07 11:41:15,463] {logging_mixin.py:115} INFO - Response is b'{"task_id":"MjAyMy0xMC0wN1QxMTo0MDowOAlsa25fcG9wb3Y=","status":"SUCCESS","data":{"report_id":"TWpBeU15MHhNQzB3TjFReE1UbzBNRG93T0Fsc2EyNWZjRzl3YjNZPQ==","start_day":"2023-09-07 00:00:00","end_date":"2023-09-29 00:00:00","s3_path":{"customer_research":"https://storage.yandexcloud.net/s3-sprint3/cohort_18/lkn_popov/project/TWpBeU15MHhNQzB3TjFReE1UbzBNRG93T0Fsc2EyNWZjRzl3YjNZPQ==/customer_research.csv","user_order_log":"https://storage.yandexcloud.net/s3-sprint3/cohort_18/lkn_popov/project/TWpBeU15MHhNQzB3TjFReE1UbzBNRG93T0Fsc2EyNWZjRzl3YjNZPQ==/user_order_log.csv","user_activity_log":"https://storage.yandexcloud.net/s3-sprint3/cohort_18/lkn_popov/project/TWpBeU15MHhNQzB3TjFReE1UbzBNRG93T0Fsc2EyNWZjRzl3YjNZPQ==/user_activity_log.csv","price_log":"https://storage.yandexcloud.net/s3-sprint3/cohort_18/lkn_popov/project/TWpBeU15MHhNQzB3TjFReE1UbzBNRG93T0Fsc2EyNWZjRzl3YjNZPQ==/price_log.csv"}}}'
[2023-10-07 11:41:15,477] {logging_mixin.py:115} INFO - Report_id=TWpBeU15MHhNQzB3TjFReE1UbzBNRG93T0Fsc2EyNWZjRzl3YjNZPQ==
[2023-10-07 11:41:15,477] {python.py:173} INFO - Done. Returned value was: None
[2023-10-07 11:41:15,487] {taskinstance.py:1395} INFO - Marking task as SUCCESS. dag_id=sales_mart, task_id=get_report, execution_date=20231007T114006, start_date=20231007T114010, end_date=20231007T114115
[2023-10-07 11:41:15,501] {local_task_job.py:156} INFO - Task exited with return code 0
[2023-10-07 11:41:15,524] {local_task_job.py:273} INFO - 1 downstream tasks scheduled from follow-on schedule check
