[2023-10-05 19:11:56,525] {taskinstance.py:1159} INFO - Dependencies all met for <TaskInstance: sales_mart.get_report manual__2023-10-05T19:11:50.641972+00:00 [queued]>
[2023-10-05 19:11:56,537] {taskinstance.py:1159} INFO - Dependencies all met for <TaskInstance: sales_mart.get_report manual__2023-10-05T19:11:50.641972+00:00 [queued]>
[2023-10-05 19:11:56,538] {taskinstance.py:1356} INFO - 
--------------------------------------------------------------------------------
[2023-10-05 19:11:56,538] {taskinstance.py:1357} INFO - Starting attempt 1 of 1
[2023-10-05 19:11:56,539] {taskinstance.py:1358} INFO - 
--------------------------------------------------------------------------------
[2023-10-05 19:11:56,562] {taskinstance.py:1377} INFO - Executing <Task(PythonOperator): get_report> on 2023-10-05 19:11:50.641972+00:00
[2023-10-05 19:11:56,569] {standard_task_runner.py:52} INFO - Started process 2814 to run task
[2023-10-05 19:11:56,572] {standard_task_runner.py:79} INFO - Running: ['airflow', 'tasks', 'run', 'sales_mart', 'get_report', 'manual__2023-10-05T19:11:50.641972+00:00', '--job-id', '42', '--raw', '--subdir', 'DAGS_FOLDER/sprint3.py', '--cfg-path', '/tmp/tmplfxy5721', '--error-file', '/tmp/tmpksqzfu2j']
[2023-10-05 19:11:56,574] {standard_task_runner.py:80} INFO - Job 42: Subtask get_report
[2023-10-05 19:11:56,656] {task_command.py:369} INFO - Running <TaskInstance: sales_mart.get_report manual__2023-10-05T19:11:50.641972+00:00 [running]> on host 2026d982a63a
[2023-10-05 19:11:56,749] {taskinstance.py:1569} INFO - Exporting the following env vars:
AIRFLOW_CTX_DAG_EMAIL=student@example.com
AIRFLOW_CTX_DAG_OWNER=student
AIRFLOW_CTX_DAG_ID=sales_mart
AIRFLOW_CTX_TASK_ID=get_report
AIRFLOW_CTX_EXECUTION_DATE=2023-10-05T19:11:50.641972+00:00
AIRFLOW_CTX_TRY_NUMBER=1
AIRFLOW_CTX_DAG_RUN_ID=manual__2023-10-05T19:11:50.641972+00:00
[2023-10-05 19:11:56,750] {logging_mixin.py:115} INFO - Making request get_report
[2023-10-05 19:11:57,246] {logging_mixin.py:115} INFO - Response is b'{"task_id":"MjAyMy0xMC0wNVQxOToxMTo1Mwlsa25fcG9wb3Y=","status":"RUNNING","data":{"report_id":null,"start_day":null,"end_date":null,"s3_path":{}}}'
[2023-10-05 19:12:07,908] {logging_mixin.py:115} INFO - Response is b'{"task_id":"MjAyMy0xMC0wNVQxOToxMTo1Mwlsa25fcG9wb3Y=","status":"RUNNING","data":{"report_id":null,"start_day":null,"end_date":null,"s3_path":{}}}'
[2023-10-05 19:12:18,092] {logging_mixin.py:115} INFO - Response is b'{"task_id":"MjAyMy0xMC0wNVQxOToxMTo1Mwlsa25fcG9wb3Y=","status":"RUNNING","data":{"report_id":null,"start_day":null,"end_date":null,"s3_path":{}}}'
[2023-10-05 19:12:28,350] {logging_mixin.py:115} INFO - Response is b'{"task_id":"MjAyMy0xMC0wNVQxOToxMTo1Mwlsa25fcG9wb3Y=","status":"RUNNING","data":{"report_id":null,"start_day":null,"end_date":null,"s3_path":{}}}'
[2023-10-05 19:12:38,546] {logging_mixin.py:115} INFO - Response is b'{"task_id":"MjAyMy0xMC0wNVQxOToxMTo1Mwlsa25fcG9wb3Y=","status":"RUNNING","data":{"report_id":null,"start_day":null,"end_date":null,"s3_path":{}}}'
[2023-10-05 19:12:48,707] {logging_mixin.py:115} INFO - Response is b'{"task_id":"MjAyMy0xMC0wNVQxOToxMTo1Mwlsa25fcG9wb3Y=","status":"RUNNING","data":{"report_id":null,"start_day":null,"end_date":null,"s3_path":{}}}'
[2023-10-05 19:13:02,793] {logging_mixin.py:115} INFO - Response is b'{"task_id":"MjAyMy0xMC0wNVQxOToxMTo1Mwlsa25fcG9wb3Y=","status":"SUCCESS","data":{"report_id":"TWpBeU15MHhNQzB3TlZReE9Ub3hNVG8xTXdsc2EyNWZjRzl3YjNZPQ==","start_day":"2023-09-05 00:00:00","end_date":"2023-09-27 00:00:00","s3_path":{"customer_research":"https://storage.yandexcloud.net/s3-sprint3/cohort_18/lkn_popov/project/TWpBeU15MHhNQzB3TlZReE9Ub3hNVG8xTXdsc2EyNWZjRzl3YjNZPQ==/customer_research.csv","user_order_log":"https://storage.yandexcloud.net/s3-sprint3/cohort_18/lkn_popov/project/TWpBeU15MHhNQzB3TlZReE9Ub3hNVG8xTXdsc2EyNWZjRzl3YjNZPQ==/user_order_log.csv","user_activity_log":"https://storage.yandexcloud.net/s3-sprint3/cohort_18/lkn_popov/project/TWpBeU15MHhNQzB3TlZReE9Ub3hNVG8xTXdsc2EyNWZjRzl3YjNZPQ==/user_activity_log.csv","price_log":"https://storage.yandexcloud.net/s3-sprint3/cohort_18/lkn_popov/project/TWpBeU15MHhNQzB3TlZReE9Ub3hNVG8xTXdsc2EyNWZjRzl3YjNZPQ==/price_log.csv"}}}'
[2023-10-05 19:13:02,837] {logging_mixin.py:115} INFO - Report_id=TWpBeU15MHhNQzB3TlZReE9Ub3hNVG8xTXdsc2EyNWZjRzl3YjNZPQ==
[2023-10-05 19:13:02,839] {python.py:173} INFO - Done. Returned value was: None
[2023-10-05 19:13:02,864] {taskinstance.py:1395} INFO - Marking task as SUCCESS. dag_id=sales_mart, task_id=get_report, execution_date=20231005T191150, start_date=20231005T191156, end_date=20231005T191302
[2023-10-05 19:13:02,913] {local_task_job.py:156} INFO - Task exited with return code 0
[2023-10-05 19:13:02,983] {local_task_job.py:273} INFO - 1 downstream tasks scheduled from follow-on schedule check
