[2023-10-07 12:59:35,635] {taskinstance.py:1159} INFO - Dependencies all met for <TaskInstance: sales_mart.get_increment scheduled__2023-09-30T12:57:59.807942+00:00 [queued]>
[2023-10-07 12:59:35,642] {taskinstance.py:1159} INFO - Dependencies all met for <TaskInstance: sales_mart.get_increment scheduled__2023-09-30T12:57:59.807942+00:00 [queued]>
[2023-10-07 12:59:35,642] {taskinstance.py:1356} INFO - 
--------------------------------------------------------------------------------
[2023-10-07 12:59:35,643] {taskinstance.py:1357} INFO - Starting attempt 1 of 1
[2023-10-07 12:59:35,643] {taskinstance.py:1358} INFO - 
--------------------------------------------------------------------------------
[2023-10-07 12:59:35,652] {taskinstance.py:1377} INFO - Executing <Task(PythonOperator): get_increment> on 2023-09-30 12:57:59.807942+00:00
[2023-10-07 12:59:35,655] {standard_task_runner.py:52} INFO - Started process 758 to run task
[2023-10-07 12:59:35,657] {standard_task_runner.py:79} INFO - Running: ['airflow', 'tasks', 'run', 'sales_mart', 'get_increment', 'scheduled__2023-09-30T12:57:59.807942+00:00', '--job-id', '8', '--raw', '--subdir', 'DAGS_FOLDER/sprint3.py', '--cfg-path', '/tmp/tmpzdxzw8c6', '--error-file', '/tmp/tmpwt647u_0']
[2023-10-07 12:59:35,658] {standard_task_runner.py:80} INFO - Job 8: Subtask get_increment
[2023-10-07 12:59:35,695] {task_command.py:369} INFO - Running <TaskInstance: sales_mart.get_increment scheduled__2023-09-30T12:57:59.807942+00:00 [running]> on host 1af476629d92
[2023-10-07 12:59:35,738] {taskinstance.py:1569} INFO - Exporting the following env vars:
AIRFLOW_CTX_DAG_EMAIL=student@example.com
AIRFLOW_CTX_DAG_OWNER=student
AIRFLOW_CTX_DAG_ID=sales_mart
AIRFLOW_CTX_TASK_ID=get_increment
AIRFLOW_CTX_EXECUTION_DATE=2023-09-30T12:57:59.807942+00:00
AIRFLOW_CTX_TRY_NUMBER=1
AIRFLOW_CTX_DAG_RUN_ID=scheduled__2023-09-30T12:57:59.807942+00:00
[2023-10-07 12:59:35,739] {logging_mixin.py:115} INFO - Making request get_increment
[2023-10-07 12:59:38,085] {logging_mixin.py:115} INFO - Response is b'{"report_id":"TWpBeU15MHhNQzB3TjFReE1qbzFPRG94T0Fsc2EyNWZjRzl3YjNZPQ==","date":"2023-09-30 00:00:00","status":"SUCCESS","data":{"increment_id":"MjAyMy0wOS0zMFQwMDowMDowMAlUV3BCZVUxNU1IaE5RekIzVGpGUmVFMXFiekZQUkc5NFQwRnNjMkV5TldaalJ6bDNZak5aUFE9PQ==","s3_path":{"customer_research_inc":"https://storage.yandexcloud.net/s3-sprint3/cohort_18/lkn_popov/project/MjAyMy0wOS0zMFQwMDowMDowMAlUV3BCZVUxNU1IaE5RekIzVGpGUmVFMXFiekZQUkc5NFQwRnNjMkV5TldaalJ6bDNZak5aUFE9PQ==/customer_research_inc.csv","user_order_log_inc":"https://storage.yandexcloud.net/s3-sprint3/cohort_18/lkn_popov/project/MjAyMy0wOS0zMFQwMDowMDowMAlUV3BCZVUxNU1IaE5RekIzVGpGUmVFMXFiekZQUkc5NFQwRnNjMkV5TldaalJ6bDNZak5aUFE9PQ==/user_order_log_inc.csv","user_activity_log_inc":"https://storage.yandexcloud.net/s3-sprint3/cohort_18/lkn_popov/project/MjAyMy0wOS0zMFQwMDowMDowMAlUV3BCZVUxNU1IaE5RekIzVGpGUmVFMXFiekZQUkc5NFQwRnNjMkV5TldaalJ6bDNZak5aUFE9PQ==/user_activity_log_inc.csv","price_log_inc":"https://storage.yandexcloud.net/s3-sprint3/cohort_18/lkn_popov/project/TWpBeU15MHhNQzB3TjFReE1qbzFPRG94T0Fsc2EyNWZjRzl3YjNZPQ==/price_log_inc.csv"}}}'
[2023-10-07 12:59:38,111] {logging_mixin.py:115} INFO - increment_id=MjAyMy0wOS0zMFQwMDowMDowMAlUV3BCZVUxNU1IaE5RekIzVGpGUmVFMXFiekZQUkc5NFQwRnNjMkV5TldaalJ6bDNZak5aUFE9PQ==
[2023-10-07 12:59:38,111] {python.py:173} INFO - Done. Returned value was: None
[2023-10-07 12:59:38,121] {taskinstance.py:1395} INFO - Marking task as SUCCESS. dag_id=sales_mart, task_id=get_increment, execution_date=20230930T125759, start_date=20231007T125935, end_date=20231007T125938
[2023-10-07 12:59:38,159] {local_task_job.py:156} INFO - Task exited with return code 0
[2023-10-07 12:59:38,186] {local_task_job.py:273} INFO - 1 downstream tasks scheduled from follow-on schedule check
