[2023-10-07 11:28:47,027] {taskinstance.py:1159} INFO - Dependencies all met for <TaskInstance: sales_mart.generate_report scheduled__2023-10-01T11:28:42.370831+00:00 [queued]>
[2023-10-07 11:28:47,032] {taskinstance.py:1159} INFO - Dependencies all met for <TaskInstance: sales_mart.generate_report scheduled__2023-10-01T11:28:42.370831+00:00 [queued]>
[2023-10-07 11:28:47,033] {taskinstance.py:1356} INFO - 
--------------------------------------------------------------------------------
[2023-10-07 11:28:47,033] {taskinstance.py:1357} INFO - Starting attempt 1 of 1
[2023-10-07 11:28:47,034] {taskinstance.py:1358} INFO - 
--------------------------------------------------------------------------------
[2023-10-07 11:28:47,041] {taskinstance.py:1377} INFO - Executing <Task(PythonOperator): generate_report> on 2023-10-01 11:28:42.370831+00:00
[2023-10-07 11:28:47,043] {standard_task_runner.py:52} INFO - Started process 644 to run task
[2023-10-07 11:28:47,045] {standard_task_runner.py:79} INFO - Running: ['airflow', 'tasks', 'run', 'sales_mart', 'generate_report', 'scheduled__2023-10-01T11:28:42.370831+00:00', '--job-id', '5', '--raw', '--subdir', 'DAGS_FOLDER/sprint3.py', '--cfg-path', '/tmp/tmp2h1q81wp', '--error-file', '/tmp/tmpc35r1qr3']
[2023-10-07 11:28:47,046] {standard_task_runner.py:80} INFO - Job 5: Subtask generate_report
[2023-10-07 11:28:47,080] {task_command.py:369} INFO - Running <TaskInstance: sales_mart.generate_report scheduled__2023-10-01T11:28:42.370831+00:00 [running]> on host 70ec72ace0d7
[2023-10-07 11:28:47,117] {taskinstance.py:1569} INFO - Exporting the following env vars:
AIRFLOW_CTX_DAG_EMAIL=student@example.com
AIRFLOW_CTX_DAG_OWNER=student
AIRFLOW_CTX_DAG_ID=sales_mart
AIRFLOW_CTX_TASK_ID=generate_report
AIRFLOW_CTX_EXECUTION_DATE=2023-10-01T11:28:42.370831+00:00
AIRFLOW_CTX_TRY_NUMBER=1
AIRFLOW_CTX_DAG_RUN_ID=scheduled__2023-10-01T11:28:42.370831+00:00
[2023-10-07 11:28:47,118] {logging_mixin.py:115} INFO - Making request generate_report
[2023-10-07 11:28:47,245] {logging_mixin.py:115} INFO - Response is b'{"task_id":"MjAyMy0xMC0wN1QxMToyODo0Nwlsa25fcG9wb3Y="}'
[2023-10-07 11:28:47,245] {python.py:173} INFO - Done. Returned value was: None
[2023-10-07 11:28:47,256] {taskinstance.py:1395} INFO - Marking task as SUCCESS. dag_id=sales_mart, task_id=generate_report, execution_date=20231001T112842, start_date=20231007T112847, end_date=20231007T112847
[2023-10-07 11:28:47,298] {local_task_job.py:156} INFO - Task exited with return code 0
[2023-10-07 11:28:47,326] {local_task_job.py:273} INFO - 1 downstream tasks scheduled from follow-on schedule check
