[2023-10-05 19:29:35,246] {taskinstance.py:1159} INFO - Dependencies all met for <TaskInstance: sales_mart.get_report scheduled__2023-10-01T19:26:20.389129+00:00 [queued]>
[2023-10-05 19:29:35,261] {taskinstance.py:1159} INFO - Dependencies all met for <TaskInstance: sales_mart.get_report scheduled__2023-10-01T19:26:20.389129+00:00 [queued]>
[2023-10-05 19:29:35,262] {taskinstance.py:1356} INFO - 
--------------------------------------------------------------------------------
[2023-10-05 19:29:35,263] {taskinstance.py:1357} INFO - Starting attempt 1 of 1
[2023-10-05 19:29:35,264] {taskinstance.py:1358} INFO - 
--------------------------------------------------------------------------------
[2023-10-05 19:29:35,290] {taskinstance.py:1377} INFO - Executing <Task(PythonOperator): get_report> on 2023-10-01 19:26:20.389129+00:00
[2023-10-05 19:29:35,298] {standard_task_runner.py:52} INFO - Started process 1217 to run task
[2023-10-05 19:29:35,302] {standard_task_runner.py:79} INFO - Running: ['airflow', 'tasks', 'run', 'sales_mart', 'get_report', 'scheduled__2023-10-01T19:26:20.389129+00:00', '--job-id', '20', '--raw', '--subdir', 'DAGS_FOLDER/sprint3.py', '--cfg-path', '/tmp/tmpyt_299uc', '--error-file', '/tmp/tmpob5z59ak']
[2023-10-05 19:29:35,304] {standard_task_runner.py:80} INFO - Job 20: Subtask get_report
[2023-10-05 19:29:35,402] {task_command.py:369} INFO - Running <TaskInstance: sales_mart.get_report scheduled__2023-10-01T19:26:20.389129+00:00 [running]> on host 329f0cdeb700
[2023-10-05 19:29:35,525] {taskinstance.py:1569} INFO - Exporting the following env vars:
AIRFLOW_CTX_DAG_EMAIL=student@example.com
AIRFLOW_CTX_DAG_OWNER=student
AIRFLOW_CTX_DAG_ID=sales_mart
AIRFLOW_CTX_TASK_ID=get_report
AIRFLOW_CTX_EXECUTION_DATE=2023-10-01T19:26:20.389129+00:00
AIRFLOW_CTX_TRY_NUMBER=1
AIRFLOW_CTX_DAG_RUN_ID=scheduled__2023-10-01T19:26:20.389129+00:00
[2023-10-05 19:29:35,526] {logging_mixin.py:115} INFO - Making request get_report
[2023-10-05 19:29:35,719] {logging_mixin.py:115} INFO - Response is b'{"task_id":"MjAyMy0xMC0wNVQxOToyOToxNAlsa25fcG9wb3Y=","status":"RUNNING","data":{"report_id":null,"start_day":null,"end_date":null,"s3_path":{}}}'
[2023-10-05 19:29:45,922] {logging_mixin.py:115} INFO - Response is b'{"task_id":"MjAyMy0xMC0wNVQxOToyOToxNAlsa25fcG9wb3Y=","status":"RUNNING","data":{"report_id":null,"start_day":null,"end_date":null,"s3_path":{}}}'
[2023-10-05 19:29:56,122] {logging_mixin.py:115} INFO - Response is b'{"task_id":"MjAyMy0xMC0wNVQxOToyOToxNAlsa25fcG9wb3Y=","status":"RUNNING","data":{"report_id":null,"start_day":null,"end_date":null,"s3_path":{}}}'
[2023-10-05 19:30:06,266] {logging_mixin.py:115} INFO - Response is b'{"task_id":"MjAyMy0xMC0wNVQxOToyOToxNAlsa25fcG9wb3Y=","status":"RUNNING","data":{"report_id":null,"start_day":null,"end_date":null,"s3_path":{}}}'
[2023-10-05 19:30:19,700] {logging_mixin.py:115} INFO - Response is b'{"task_id":"MjAyMy0xMC0wNVQxOToyOToxNAlsa25fcG9wb3Y=","status":"SUCCESS","data":{"report_id":"TWpBeU15MHhNQzB3TlZReE9Ub3lPVG94TkFsc2EyNWZjRzl3YjNZPQ==","start_day":"2023-09-05 00:00:00","end_date":"2023-09-27 00:00:00","s3_path":{"customer_research":"https://storage.yandexcloud.net/s3-sprint3/cohort_18/lkn_popov/project/TWpBeU15MHhNQzB3TlZReE9Ub3lPVG94TkFsc2EyNWZjRzl3YjNZPQ==/customer_research.csv","user_order_log":"https://storage.yandexcloud.net/s3-sprint3/cohort_18/lkn_popov/project/TWpBeU15MHhNQzB3TlZReE9Ub3lPVG94TkFsc2EyNWZjRzl3YjNZPQ==/user_order_log.csv","user_activity_log":"https://storage.yandexcloud.net/s3-sprint3/cohort_18/lkn_popov/project/TWpBeU15MHhNQzB3TlZReE9Ub3lPVG94TkFsc2EyNWZjRzl3YjNZPQ==/user_activity_log.csv","price_log":"https://storage.yandexcloud.net/s3-sprint3/cohort_18/lkn_popov/project/TWpBeU15MHhNQzB3TlZReE9Ub3lPVG94TkFsc2EyNWZjRzl3YjNZPQ==/price_log.csv"}}}'
[2023-10-05 19:30:19,743] {logging_mixin.py:115} INFO - Report_id=TWpBeU15MHhNQzB3TlZReE9Ub3lPVG94TkFsc2EyNWZjRzl3YjNZPQ==
[2023-10-05 19:30:19,744] {python.py:173} INFO - Done. Returned value was: None
[2023-10-05 19:30:19,769] {taskinstance.py:1395} INFO - Marking task as SUCCESS. dag_id=sales_mart, task_id=get_report, execution_date=20231001T192620, start_date=20231005T192935, end_date=20231005T193019
[2023-10-05 19:30:19,822] {local_task_job.py:156} INFO - Task exited with return code 0
[2023-10-05 19:30:19,896] {local_task_job.py:273} INFO - 1 downstream tasks scheduled from follow-on schedule check
