[2023-10-07 12:14:44,220] {taskinstance.py:1159} INFO - Dependencies all met for <TaskInstance: sales_mart.generate_report manual__2023-10-07T12:14:42.741836+00:00 [queued]>
[2023-10-07 12:14:44,227] {taskinstance.py:1159} INFO - Dependencies all met for <TaskInstance: sales_mart.generate_report manual__2023-10-07T12:14:42.741836+00:00 [queued]>
[2023-10-07 12:14:44,228] {taskinstance.py:1356} INFO - 
--------------------------------------------------------------------------------
[2023-10-07 12:14:44,229] {taskinstance.py:1357} INFO - Starting attempt 1 of 1
[2023-10-07 12:14:44,229] {taskinstance.py:1358} INFO - 
--------------------------------------------------------------------------------
[2023-10-07 12:14:44,238] {taskinstance.py:1377} INFO - Executing <Task(PythonOperator): generate_report> on 2023-10-07 12:14:42.741836+00:00
[2023-10-07 12:14:44,241] {standard_task_runner.py:52} INFO - Started process 3943 to run task
[2023-10-07 12:14:44,243] {standard_task_runner.py:79} INFO - Running: ['airflow', 'tasks', 'run', 'sales_mart', 'generate_report', 'manual__2023-10-07T12:14:42.741836+00:00', '--job-id', '91', '--raw', '--subdir', 'DAGS_FOLDER/sprint3.py', '--cfg-path', '/tmp/tmpq7gr8yc6', '--error-file', '/tmp/tmpw9ebj3ir']
[2023-10-07 12:14:44,244] {standard_task_runner.py:80} INFO - Job 91: Subtask generate_report
[2023-10-07 12:14:44,283] {task_command.py:369} INFO - Running <TaskInstance: sales_mart.generate_report manual__2023-10-07T12:14:42.741836+00:00 [running]> on host 70ec72ace0d7
[2023-10-07 12:14:44,324] {taskinstance.py:1569} INFO - Exporting the following env vars:
AIRFLOW_CTX_DAG_EMAIL=student@example.com
AIRFLOW_CTX_DAG_OWNER=student
AIRFLOW_CTX_DAG_ID=sales_mart
AIRFLOW_CTX_TASK_ID=generate_report
AIRFLOW_CTX_EXECUTION_DATE=2023-10-07T12:14:42.741836+00:00
AIRFLOW_CTX_TRY_NUMBER=1
AIRFLOW_CTX_DAG_RUN_ID=manual__2023-10-07T12:14:42.741836+00:00
[2023-10-07 12:14:44,325] {logging_mixin.py:115} INFO - Making request generate_report
[2023-10-07 12:14:44,794] {logging_mixin.py:115} INFO - Response is b'{"task_id":"MjAyMy0xMC0wN1QxMjoxNDo0NAlsa25fcG9wb3Y="}'
[2023-10-07 12:14:44,795] {python.py:173} INFO - Done. Returned value was: None
[2023-10-07 12:14:44,805] {taskinstance.py:1395} INFO - Marking task as SUCCESS. dag_id=sales_mart, task_id=generate_report, execution_date=20231007T121442, start_date=20231007T121444, end_date=20231007T121444
[2023-10-07 12:14:44,819] {local_task_job.py:156} INFO - Task exited with return code 0
[2023-10-07 12:14:44,850] {local_task_job.py:273} INFO - 1 downstream tasks scheduled from follow-on schedule check
