[2023-10-05 19:11:53,028] {taskinstance.py:1159} INFO - Dependencies all met for <TaskInstance: sales_mart.generate_report manual__2023-10-05T19:11:50.641972+00:00 [queued]>
[2023-10-05 19:11:53,046] {taskinstance.py:1159} INFO - Dependencies all met for <TaskInstance: sales_mart.generate_report manual__2023-10-05T19:11:50.641972+00:00 [queued]>
[2023-10-05 19:11:53,047] {taskinstance.py:1356} INFO - 
--------------------------------------------------------------------------------
[2023-10-05 19:11:53,048] {taskinstance.py:1357} INFO - Starting attempt 1 of 1
[2023-10-05 19:11:53,048] {taskinstance.py:1358} INFO - 
--------------------------------------------------------------------------------
[2023-10-05 19:11:53,072] {taskinstance.py:1377} INFO - Executing <Task(PythonOperator): generate_report> on 2023-10-05 19:11:50.641972+00:00
[2023-10-05 19:11:53,077] {standard_task_runner.py:52} INFO - Started process 2790 to run task
[2023-10-05 19:11:53,080] {standard_task_runner.py:79} INFO - Running: ['airflow', 'tasks', 'run', 'sales_mart', 'generate_report', 'manual__2023-10-05T19:11:50.641972+00:00', '--job-id', '41', '--raw', '--subdir', 'DAGS_FOLDER/sprint3.py', '--cfg-path', '/tmp/tmpeldfz4r9', '--error-file', '/tmp/tmp7nc44iqz']
[2023-10-05 19:11:53,082] {standard_task_runner.py:80} INFO - Job 41: Subtask generate_report
[2023-10-05 19:11:53,159] {task_command.py:369} INFO - Running <TaskInstance: sales_mart.generate_report manual__2023-10-05T19:11:50.641972+00:00 [running]> on host 2026d982a63a
[2023-10-05 19:11:53,245] {taskinstance.py:1569} INFO - Exporting the following env vars:
AIRFLOW_CTX_DAG_EMAIL=student@example.com
AIRFLOW_CTX_DAG_OWNER=student
AIRFLOW_CTX_DAG_ID=sales_mart
AIRFLOW_CTX_TASK_ID=generate_report
AIRFLOW_CTX_EXECUTION_DATE=2023-10-05T19:11:50.641972+00:00
AIRFLOW_CTX_TRY_NUMBER=1
AIRFLOW_CTX_DAG_RUN_ID=manual__2023-10-05T19:11:50.641972+00:00
[2023-10-05 19:11:53,247] {logging_mixin.py:115} INFO - Making request generate_report
[2023-10-05 19:11:53,741] {logging_mixin.py:115} INFO - Response is b'{"task_id":"MjAyMy0xMC0wNVQxOToxMTo1Mwlsa25fcG9wb3Y="}'
[2023-10-05 19:11:53,742] {python.py:173} INFO - Done. Returned value was: None
[2023-10-05 19:11:53,764] {taskinstance.py:1395} INFO - Marking task as SUCCESS. dag_id=sales_mart, task_id=generate_report, execution_date=20231005T191150, start_date=20231005T191153, end_date=20231005T191153
[2023-10-05 19:11:53,818] {local_task_job.py:156} INFO - Task exited with return code 0
[2023-10-05 19:11:53,884] {local_task_job.py:273} INFO - 1 downstream tasks scheduled from follow-on schedule check
