[2023-10-07 11:31:12,750] {taskinstance.py:1159} INFO - Dependencies all met for <TaskInstance: sales_mart.check_incr manual__2023-10-07T11:28:41.764823+00:00 [queued]>
[2023-10-07 11:31:12,756] {taskinstance.py:1159} INFO - Dependencies all met for <TaskInstance: sales_mart.check_incr manual__2023-10-07T11:28:41.764823+00:00 [queued]>
[2023-10-07 11:31:12,756] {taskinstance.py:1356} INFO - 
--------------------------------------------------------------------------------
[2023-10-07 11:31:12,757] {taskinstance.py:1357} INFO - Starting attempt 1 of 1
[2023-10-07 11:31:12,758] {taskinstance.py:1358} INFO - 
--------------------------------------------------------------------------------
[2023-10-07 11:31:12,765] {taskinstance.py:1377} INFO - Executing <Task(BranchPythonOperator): check_incr> on 2023-10-07 11:28:41.764823+00:00
[2023-10-07 11:31:12,767] {standard_task_runner.py:52} INFO - Started process 995 to run task
[2023-10-07 11:31:12,769] {standard_task_runner.py:79} INFO - Running: ['airflow', 'tasks', 'run', 'sales_mart', 'check_incr', 'manual__2023-10-07T11:28:41.764823+00:00', '--job-id', '16', '--raw', '--subdir', 'DAGS_FOLDER/sprint3.py', '--cfg-path', '/tmp/tmpr4h3afbw', '--error-file', '/tmp/tmp8a0o_xb8']
[2023-10-07 11:31:12,770] {standard_task_runner.py:80} INFO - Job 16: Subtask check_incr
[2023-10-07 11:31:12,805] {task_command.py:369} INFO - Running <TaskInstance: sales_mart.check_incr manual__2023-10-07T11:28:41.764823+00:00 [running]> on host 70ec72ace0d7
[2023-10-07 11:31:12,843] {taskinstance.py:1569} INFO - Exporting the following env vars:
AIRFLOW_CTX_DAG_EMAIL=student@example.com
AIRFLOW_CTX_DAG_OWNER=student
AIRFLOW_CTX_DAG_ID=sales_mart
AIRFLOW_CTX_TASK_ID=check_incr
AIRFLOW_CTX_EXECUTION_DATE=2023-10-07T11:28:41.764823+00:00
AIRFLOW_CTX_TRY_NUMBER=1
AIRFLOW_CTX_DAG_RUN_ID=manual__2023-10-07T11:28:41.764823+00:00
[2023-10-07 11:31:12,850] {python.py:173} INFO - Done. Returned value was: dummy_t
[2023-10-07 11:31:12,851] {skipmixin.py:140} INFO - Following branch dummy_t
[2023-10-07 11:31:12,852] {skipmixin.py:175} INFO - Skipping tasks ['upload_user_order_inc']
[2023-10-07 11:31:12,882] {taskinstance.py:1395} INFO - Marking task as SUCCESS. dag_id=sales_mart, task_id=check_incr, execution_date=20231007T112841, start_date=20231007T113112, end_date=20231007T113112
[2023-10-07 11:31:12,902] {local_task_job.py:156} INFO - Task exited with return code 0
[2023-10-07 11:31:12,932] {local_task_job.py:273} INFO - 1 downstream tasks scheduled from follow-on schedule check
