[2023-10-07 08:24:47,781] {taskinstance.py:1159} INFO - Dependencies all met for <TaskInstance: sales_mart.update_d_item manual__2023-10-07T08:23:34.489254+00:00 [queued]>
[2023-10-07 08:24:47,788] {taskinstance.py:1159} INFO - Dependencies all met for <TaskInstance: sales_mart.update_d_item manual__2023-10-07T08:23:34.489254+00:00 [queued]>
[2023-10-07 08:24:47,789] {taskinstance.py:1356} INFO - 
--------------------------------------------------------------------------------
[2023-10-07 08:24:47,789] {taskinstance.py:1357} INFO - Starting attempt 1 of 1
[2023-10-07 08:24:47,790] {taskinstance.py:1358} INFO - 
--------------------------------------------------------------------------------
[2023-10-07 08:24:47,797] {taskinstance.py:1377} INFO - Executing <Task(PostgresOperator): update_d_item> on 2023-10-07 08:23:34.489254+00:00
[2023-10-07 08:24:47,799] {standard_task_runner.py:52} INFO - Started process 2112 to run task
[2023-10-07 08:24:47,801] {standard_task_runner.py:79} INFO - Running: ['airflow', 'tasks', 'run', 'sales_mart', 'update_d_item', 'manual__2023-10-07T08:23:34.489254+00:00', '--job-id', '56', '--raw', '--subdir', 'DAGS_FOLDER/sprint3.py', '--cfg-path', '/tmp/tmpzrtdcdyd', '--error-file', '/tmp/tmpyaido9h2']
[2023-10-07 08:24:47,802] {standard_task_runner.py:80} INFO - Job 56: Subtask update_d_item
[2023-10-07 08:24:47,839] {task_command.py:369} INFO - Running <TaskInstance: sales_mart.update_d_item manual__2023-10-07T08:23:34.489254+00:00 [running]> on host 36d9c57a9c84
[2023-10-07 08:24:47,877] {taskinstance.py:1569} INFO - Exporting the following env vars:
AIRFLOW_CTX_DAG_EMAIL=student@example.com
AIRFLOW_CTX_DAG_OWNER=student
AIRFLOW_CTX_DAG_ID=sales_mart
AIRFLOW_CTX_TASK_ID=update_d_item
AIRFLOW_CTX_EXECUTION_DATE=2023-10-07T08:23:34.489254+00:00
AIRFLOW_CTX_TRY_NUMBER=1
AIRFLOW_CTX_DAG_RUN_ID=manual__2023-10-07T08:23:34.489254+00:00
[2023-10-07 08:24:47,885] {base.py:68} INFO - Using connection ID 'postgresql_de' for task execution.
[2023-10-07 08:24:47,888] {sql.py:315} INFO - Running statement: insert into mart.d_item (item_id, item_name)
select item_id, item_name from staging.user_order_log
where item_id not in (select item_id from mart.d_item)
group by item_id, item_name, parameters: None
[2023-10-07 08:24:47,890] {sql.py:324} INFO - Rows affected: 0
[2023-10-07 08:24:47,900] {taskinstance.py:1395} INFO - Marking task as SUCCESS. dag_id=sales_mart, task_id=update_d_item, execution_date=20231007T082334, start_date=20231007T082447, end_date=20231007T082447
[2023-10-07 08:24:47,934] {local_task_job.py:156} INFO - Task exited with return code 0
[2023-10-07 08:24:47,960] {local_task_job.py:273} INFO - 0 downstream tasks scheduled from follow-on schedule check
