[2023-10-07 12:51:20,953] {taskinstance.py:1159} INFO - Dependencies all met for <TaskInstance: sales_mart.generate_report manual__2023-10-07T12:51:19.432801+00:00 [queued]>
[2023-10-07 12:51:20,959] {taskinstance.py:1159} INFO - Dependencies all met for <TaskInstance: sales_mart.generate_report manual__2023-10-07T12:51:19.432801+00:00 [queued]>
[2023-10-07 12:51:20,959] {taskinstance.py:1356} INFO - 
--------------------------------------------------------------------------------
[2023-10-07 12:51:20,960] {taskinstance.py:1357} INFO - Starting attempt 1 of 1
[2023-10-07 12:51:20,960] {taskinstance.py:1358} INFO - 
--------------------------------------------------------------------------------
[2023-10-07 12:51:20,969] {taskinstance.py:1377} INFO - Executing <Task(PythonOperator): generate_report> on 2023-10-07 12:51:19.432801+00:00
[2023-10-07 12:51:20,971] {standard_task_runner.py:52} INFO - Started process 3345 to run task
[2023-10-07 12:51:20,973] {standard_task_runner.py:79} INFO - Running: ['airflow', 'tasks', 'run', 'sales_mart', 'generate_report', 'manual__2023-10-07T12:51:19.432801+00:00', '--job-id', '91', '--raw', '--subdir', 'DAGS_FOLDER/sprint3 old.py', '--cfg-path', '/tmp/tmpod048o6q', '--error-file', '/tmp/tmp2_1ldoo3']
[2023-10-07 12:51:20,974] {standard_task_runner.py:80} INFO - Job 91: Subtask generate_report
[2023-10-07 12:51:21,012] {task_command.py:369} INFO - Running <TaskInstance: sales_mart.generate_report manual__2023-10-07T12:51:19.432801+00:00 [running]> on host d964b2b568e5
[2023-10-07 12:51:21,061] {taskinstance.py:1569} INFO - Exporting the following env vars:
AIRFLOW_CTX_DAG_EMAIL=student@example.com
AIRFLOW_CTX_DAG_OWNER=student
AIRFLOW_CTX_DAG_ID=sales_mart
AIRFLOW_CTX_TASK_ID=generate_report
AIRFLOW_CTX_EXECUTION_DATE=2023-10-07T12:51:19.432801+00:00
AIRFLOW_CTX_TRY_NUMBER=1
AIRFLOW_CTX_DAG_RUN_ID=manual__2023-10-07T12:51:19.432801+00:00
[2023-10-07 12:51:21,062] {logging_mixin.py:115} INFO - Making request generate_report
[2023-10-07 12:51:22,169] {logging_mixin.py:115} INFO - Response is b'{"task_id":"MjAyMy0xMC0wN1QxMjo1MToyMQlsa25fcG9wb3Y="}'
[2023-10-07 12:51:22,170] {python.py:173} INFO - Done. Returned value was: None
[2023-10-07 12:51:22,179] {taskinstance.py:1395} INFO - Marking task as SUCCESS. dag_id=sales_mart, task_id=generate_report, execution_date=20231007T125119, start_date=20231007T125120, end_date=20231007T125122
[2023-10-07 12:51:22,190] {local_task_job.py:156} INFO - Task exited with return code 0
[2023-10-07 12:51:22,219] {local_task_job.py:273} INFO - 1 downstream tasks scheduled from follow-on schedule check
