[2023-10-05 19:38:27,084] {taskinstance.py:1159} INFO - Dependencies all met for <TaskInstance: sales_mart.get_increment scheduled__2023-10-03T19:32:37.598184+00:00 [queued]>
[2023-10-05 19:38:27,124] {taskinstance.py:1159} INFO - Dependencies all met for <TaskInstance: sales_mart.get_increment scheduled__2023-10-03T19:32:37.598184+00:00 [queued]>
[2023-10-05 19:38:27,125] {taskinstance.py:1356} INFO - 
--------------------------------------------------------------------------------
[2023-10-05 19:38:27,126] {taskinstance.py:1357} INFO - Starting attempt 1 of 1
[2023-10-05 19:38:27,127] {taskinstance.py:1358} INFO - 
--------------------------------------------------------------------------------
[2023-10-05 19:38:27,152] {taskinstance.py:1377} INFO - Executing <Task(PythonOperator): get_increment> on 2023-10-03 19:32:37.598184+00:00
[2023-10-05 19:38:27,158] {standard_task_runner.py:52} INFO - Started process 1868 to run task
[2023-10-05 19:38:27,162] {standard_task_runner.py:79} INFO - Running: ['airflow', 'tasks', 'run', 'sales_mart', 'get_increment', 'scheduled__2023-10-03T19:32:37.598184+00:00', '--job-id', '43', '--raw', '--subdir', 'DAGS_FOLDER/sprint3.py', '--cfg-path', '/tmp/tmp99rvhdbt', '--error-file', '/tmp/tmpy8_yjm6s']
[2023-10-05 19:38:27,163] {standard_task_runner.py:80} INFO - Job 43: Subtask get_increment
[2023-10-05 19:38:27,257] {task_command.py:369} INFO - Running <TaskInstance: sales_mart.get_increment scheduled__2023-10-03T19:32:37.598184+00:00 [running]> on host 8305c4468fa5
[2023-10-05 19:38:27,358] {taskinstance.py:1569} INFO - Exporting the following env vars:
AIRFLOW_CTX_DAG_EMAIL=student@example.com
AIRFLOW_CTX_DAG_OWNER=student
AIRFLOW_CTX_DAG_ID=sales_mart
AIRFLOW_CTX_TASK_ID=get_increment
AIRFLOW_CTX_EXECUTION_DATE=2023-10-03T19:32:37.598184+00:00
AIRFLOW_CTX_TRY_NUMBER=1
AIRFLOW_CTX_DAG_RUN_ID=scheduled__2023-10-03T19:32:37.598184+00:00
[2023-10-05 19:38:27,360] {logging_mixin.py:115} INFO - Making request get_increment
[2023-10-05 19:38:29,385] {logging_mixin.py:115} INFO - Response is b'{"report_id":"TWpBeU15MHhNQzB3TlZReE9Ub3pOam96T0Fsc2EyNWZjRzl3YjNZPQ==","date":"2023-10-03 00:00:00","status":"SUCCESS","data":{"increment_id":"MjAyMy0xMC0wM1QwMDowMDowMAlUV3BCZVUxNU1IaE5RekIzVGxaUmVFOVViM3BPYW05NlQwRnNjMkV5TldaalJ6bDNZak5aUFE9PQ==","s3_path":{"customer_research_inc":"https://storage.yandexcloud.net/s3-sprint3/cohort_18/lkn_popov/project/MjAyMy0xMC0wM1QwMDowMDowMAlUV3BCZVUxNU1IaE5RekIzVGxaUmVFOVViM3BPYW05NlQwRnNjMkV5TldaalJ6bDNZak5aUFE9PQ==/customer_research_inc.csv","user_order_log_inc":"https://storage.yandexcloud.net/s3-sprint3/cohort_18/lkn_popov/project/MjAyMy0xMC0wM1QwMDowMDowMAlUV3BCZVUxNU1IaE5RekIzVGxaUmVFOVViM3BPYW05NlQwRnNjMkV5TldaalJ6bDNZak5aUFE9PQ==/user_order_log_inc.csv","user_activity_log_inc":"https://storage.yandexcloud.net/s3-sprint3/cohort_18/lkn_popov/project/MjAyMy0xMC0wM1QwMDowMDowMAlUV3BCZVUxNU1IaE5RekIzVGxaUmVFOVViM3BPYW05NlQwRnNjMkV5TldaalJ6bDNZak5aUFE9PQ==/user_activity_log_inc.csv","price_log_inc":"https://storage.yandexcloud.net/s3-sprint3/cohort_18/lkn_popov/project/TWpBeU15MHhNQzB3TlZReE9Ub3pOam96T0Fsc2EyNWZjRzl3YjNZPQ==/price_log_inc.csv"}}}'
[2023-10-05 19:38:29,423] {logging_mixin.py:115} INFO - increment_id=MjAyMy0xMC0wM1QwMDowMDowMAlUV3BCZVUxNU1IaE5RekIzVGxaUmVFOVViM3BPYW05NlQwRnNjMkV5TldaalJ6bDNZak5aUFE9PQ==
[2023-10-05 19:38:29,424] {python.py:173} INFO - Done. Returned value was: None
[2023-10-05 19:38:29,447] {taskinstance.py:1395} INFO - Marking task as SUCCESS. dag_id=sales_mart, task_id=get_increment, execution_date=20231003T193237, start_date=20231005T193827, end_date=20231005T193829
[2023-10-05 19:38:29,512] {local_task_job.py:156} INFO - Task exited with return code 0
[2023-10-05 19:38:29,610] {local_task_job.py:273} INFO - 1 downstream tasks scheduled from follow-on schedule check
