[2023-10-05 19:35:13,884] {taskinstance.py:1159} INFO - Dependencies all met for <TaskInstance: sales_mart.generate_report scheduled__2023-10-01T19:32:37.598184+00:00 [queued]>
[2023-10-05 19:35:13,897] {taskinstance.py:1159} INFO - Dependencies all met for <TaskInstance: sales_mart.generate_report scheduled__2023-10-01T19:32:37.598184+00:00 [queued]>
[2023-10-05 19:35:13,898] {taskinstance.py:1356} INFO - 
--------------------------------------------------------------------------------
[2023-10-05 19:35:13,899] {taskinstance.py:1357} INFO - Starting attempt 1 of 1
[2023-10-05 19:35:13,899] {taskinstance.py:1358} INFO - 
--------------------------------------------------------------------------------
[2023-10-05 19:35:13,922] {taskinstance.py:1377} INFO - Executing <Task(PythonOperator): generate_report> on 2023-10-01 19:32:37.598184+00:00
[2023-10-05 19:35:13,926] {standard_task_runner.py:52} INFO - Started process 1114 to run task
[2023-10-05 19:35:13,930] {standard_task_runner.py:79} INFO - Running: ['airflow', 'tasks', 'run', 'sales_mart', 'generate_report', 'scheduled__2023-10-01T19:32:37.598184+00:00', '--job-id', '15', '--raw', '--subdir', 'DAGS_FOLDER/sprint3.py', '--cfg-path', '/tmp/tmpxy858ei3', '--error-file', '/tmp/tmp95p3z9kh']
[2023-10-05 19:35:13,931] {standard_task_runner.py:80} INFO - Job 15: Subtask generate_report
[2023-10-05 19:35:14,011] {task_command.py:369} INFO - Running <TaskInstance: sales_mart.generate_report scheduled__2023-10-01T19:32:37.598184+00:00 [running]> on host 8305c4468fa5
[2023-10-05 19:35:14,092] {taskinstance.py:1569} INFO - Exporting the following env vars:
AIRFLOW_CTX_DAG_EMAIL=student@example.com
AIRFLOW_CTX_DAG_OWNER=student
AIRFLOW_CTX_DAG_ID=sales_mart
AIRFLOW_CTX_TASK_ID=generate_report
AIRFLOW_CTX_EXECUTION_DATE=2023-10-01T19:32:37.598184+00:00
AIRFLOW_CTX_TRY_NUMBER=1
AIRFLOW_CTX_DAG_RUN_ID=scheduled__2023-10-01T19:32:37.598184+00:00
[2023-10-05 19:35:14,094] {logging_mixin.py:115} INFO - Making request generate_report
[2023-10-05 19:35:14,297] {logging_mixin.py:115} INFO - Response is b'{"task_id":"MjAyMy0xMC0wNVQxOTozNToxMwlsa25fcG9wb3Y="}'
[2023-10-05 19:35:14,298] {python.py:173} INFO - Done. Returned value was: None
[2023-10-05 19:35:14,323] {taskinstance.py:1395} INFO - Marking task as SUCCESS. dag_id=sales_mart, task_id=generate_report, execution_date=20231001T193237, start_date=20231005T193513, end_date=20231005T193514
[2023-10-05 19:35:14,384] {local_task_job.py:156} INFO - Task exited with return code 0
[2023-10-05 19:35:14,467] {local_task_job.py:273} INFO - 1 downstream tasks scheduled from follow-on schedule check
