[2023-10-05 18:49:03,685] {taskinstance.py:1159} INFO - Dependencies all met for <TaskInstance: sales_mart.generate_report scheduled__2023-09-30T18:47:26.124137+00:00 [queued]>
[2023-10-05 18:49:03,699] {taskinstance.py:1159} INFO - Dependencies all met for <TaskInstance: sales_mart.generate_report scheduled__2023-09-30T18:47:26.124137+00:00 [queued]>
[2023-10-05 18:49:03,700] {taskinstance.py:1356} INFO - 
--------------------------------------------------------------------------------
[2023-10-05 18:49:03,701] {taskinstance.py:1357} INFO - Starting attempt 1 of 1
[2023-10-05 18:49:03,701] {taskinstance.py:1358} INFO - 
--------------------------------------------------------------------------------
[2023-10-05 18:49:03,729] {taskinstance.py:1377} INFO - Executing <Task(PythonOperator): generate_report> on 2023-09-30 18:47:26.124137+00:00
[2023-10-05 18:49:03,734] {standard_task_runner.py:52} INFO - Started process 1415 to run task
[2023-10-05 18:49:03,738] {standard_task_runner.py:79} INFO - Running: ['airflow', 'tasks', 'run', 'sales_mart', 'generate_report', 'scheduled__2023-09-30T18:47:26.124137+00:00', '--job-id', '6', '--raw', '--subdir', 'DAGS_FOLDER/sprint3.py', '--cfg-path', '/tmp/tmpu4u1j0dl', '--error-file', '/tmp/tmp_i96m6pn']
[2023-10-05 18:49:03,740] {standard_task_runner.py:80} INFO - Job 6: Subtask generate_report
[2023-10-05 18:49:03,826] {task_command.py:369} INFO - Running <TaskInstance: sales_mart.generate_report scheduled__2023-09-30T18:47:26.124137+00:00 [running]> on host 2026d982a63a
[2023-10-05 18:49:03,936] {taskinstance.py:1569} INFO - Exporting the following env vars:
AIRFLOW_CTX_DAG_EMAIL=student@example.com
AIRFLOW_CTX_DAG_OWNER=student
AIRFLOW_CTX_DAG_ID=sales_mart
AIRFLOW_CTX_TASK_ID=generate_report
AIRFLOW_CTX_EXECUTION_DATE=2023-09-30T18:47:26.124137+00:00
AIRFLOW_CTX_TRY_NUMBER=1
AIRFLOW_CTX_DAG_RUN_ID=scheduled__2023-09-30T18:47:26.124137+00:00
[2023-10-05 18:49:03,937] {logging_mixin.py:115} INFO - Making request generate_report
[2023-10-05 18:49:04,247] {logging_mixin.py:115} INFO - Response is b'{"task_id":"MjAyMy0xMC0wNVQxODo0OTowMwlsa25fcG9wb3Y="}'
[2023-10-05 18:49:04,256] {python.py:173} INFO - Done. Returned value was: None
[2023-10-05 18:49:04,282] {taskinstance.py:1395} INFO - Marking task as SUCCESS. dag_id=sales_mart, task_id=generate_report, execution_date=20230930T184726, start_date=20231005T184903, end_date=20231005T184904
[2023-10-05 18:49:04,314] {local_task_job.py:156} INFO - Task exited with return code 0
[2023-10-05 18:49:04,386] {local_task_job.py:273} INFO - 1 downstream tasks scheduled from follow-on schedule check
