[2023-10-07 12:29:58,601] {taskinstance.py:1159} INFO - Dependencies all met for <TaskInstance: sales_mart.check_incr manual__2023-10-07T12:28:45.671748+00:00 [queued]>
[2023-10-07 12:29:58,608] {taskinstance.py:1159} INFO - Dependencies all met for <TaskInstance: sales_mart.check_incr manual__2023-10-07T12:28:45.671748+00:00 [queued]>
[2023-10-07 12:29:58,609] {taskinstance.py:1356} INFO - 
--------------------------------------------------------------------------------
[2023-10-07 12:29:58,610] {taskinstance.py:1357} INFO - Starting attempt 1 of 1
[2023-10-07 12:29:58,610] {taskinstance.py:1358} INFO - 
--------------------------------------------------------------------------------
[2023-10-07 12:29:58,618] {taskinstance.py:1377} INFO - Executing <Task(BranchPythonOperator): check_incr> on 2023-10-07 12:28:45.671748+00:00
[2023-10-07 12:29:58,621] {standard_task_runner.py:52} INFO - Started process 2850 to run task
[2023-10-07 12:29:58,623] {standard_task_runner.py:79} INFO - Running: ['airflow', 'tasks', 'run', 'sales_mart', 'check_incr', 'manual__2023-10-07T12:28:45.671748+00:00', '--job-id', '85', '--raw', '--subdir', 'DAGS_FOLDER/sprint3.py', '--cfg-path', '/tmp/tmpw2xdoscd', '--error-file', '/tmp/tmp5d9yul0p']
[2023-10-07 12:29:58,624] {standard_task_runner.py:80} INFO - Job 85: Subtask check_incr
[2023-10-07 12:29:58,664] {task_command.py:369} INFO - Running <TaskInstance: sales_mart.check_incr manual__2023-10-07T12:28:45.671748+00:00 [running]> on host d964b2b568e5
[2023-10-07 12:29:58,709] {taskinstance.py:1569} INFO - Exporting the following env vars:
AIRFLOW_CTX_DAG_EMAIL=student@example.com
AIRFLOW_CTX_DAG_OWNER=student
AIRFLOW_CTX_DAG_ID=sales_mart
AIRFLOW_CTX_TASK_ID=check_incr
AIRFLOW_CTX_EXECUTION_DATE=2023-10-07T12:28:45.671748+00:00
AIRFLOW_CTX_TRY_NUMBER=1
AIRFLOW_CTX_DAG_RUN_ID=manual__2023-10-07T12:28:45.671748+00:00
[2023-10-07 12:29:58,717] {python.py:173} INFO - Done. Returned value was: ['dummy_l', 'update_d_item', 'update_d_customer', 'update_d_city', 'update_f_sales', 'update_f_customer_retention', 'dummy']
[2023-10-07 12:29:58,718] {skipmixin.py:140} INFO - Following branch ['dummy_l', 'update_d_item', 'update_d_customer', 'update_d_city', 'update_f_sales', 'update_f_customer_retention', 'dummy']
[2023-10-07 12:29:58,719] {skipmixin.py:175} INFO - Skipping tasks ['upload_user_order_inc']
[2023-10-07 12:29:58,752] {taskinstance.py:1395} INFO - Marking task as SUCCESS. dag_id=sales_mart, task_id=check_incr, execution_date=20231007T122845, start_date=20231007T122958, end_date=20231007T122958
[2023-10-07 12:29:58,796] {local_task_job.py:156} INFO - Task exited with return code 0
[2023-10-07 12:29:58,827] {local_task_job.py:273} INFO - 1 downstream tasks scheduled from follow-on schedule check
